2021/02/04 14:16:[https://f.w24.rocks/viewthread.php?tid=407872&extra=page%3D1%26amp%3Borderby%3Ddateline%26amp%3Bfilter%3Ddigest,立春公园人前露出（申精） ]
2021/02/04 14:16:[https://f.w24.rocks/viewthread.php?tid=407659&extra=page%3D1%26amp%3Borderby%3Ddateline%26amp%3Bfilter%3Ddigest,024青青 宾馆楼道内激情 ]
2021/02/04 14:16:[https://f.w24.rocks/viewthread.php?tid=407748&extra=page%3D1%26amp%3Borderby%3Ddateline%26amp%3Bfilter%3Ddigest,JK少女的冬日献礼]
2021/02/04 14:19:[https://f.w24.rocks/viewthread.php?tid=407887&extra=page%3D1%26amp%3Borderby%3Ddateline%26amp%3Bfilter%3Ddigest,茶色玻璃公司领导出差灌醉黑丝熟女拍下艳照 ]
2021/02/04 14:19:[https://f.w24.rocks/viewthread.php?tid=407872&extra=page%3D1%26amp%3Borderby%3Ddateline%26amp%3Bfilter%3Ddigest,立春公园人前露出（申精） ]
2021/02/04 14:19:[https://f.w24.rocks/viewthread.php?tid=407655&extra=page%3D1%26amp%3Borderby%3Ddateline%26amp%3Bfilter%3Ddigest,70后熟女的18般技艺，深喉吸蛋毒龙 ]
2021/02/04 14:19:[https://f.w24.rocks/viewthread.php?tid=407597&extra=page%3D1%26amp%3Borderby%3Ddateline%26amp%3Bfilter%3Ddigest,Dong（東）SPA 之雨林山间的一抹春色（宁波岚山行） ]
2021/02/04 14:19:[https://f.w24.rocks/viewthread.php?tid=407649&extra=page%3D1%26amp%3Borderby%3Ddateline%26amp%3Bfilter%3Ddigest,群英荟年底小聚——人妻少妇和打工人 ]
2021/02/04 14:20:[https://f.w24.rocks/viewthread.php?tid=407518&extra=page%3D1%26amp%3Borderby%3Ddateline%26amp%3Bfilter%3Ddigest,LinaAcy第三弹！哺乳期人妻饥渴难耐，渴望插入！福利！ ]
2021/02/04 14:20:[https://f.w24.rocks/viewthread.php?tid=407516&extra=page%3D1%26amp%3Borderby%3Ddateline%26amp%3Bfilter%3Ddigest,《广东SPA技师》与极品身材瑜伽老师的邂逅，申精 ]
2021/02/04 14:28:[https://f.w24.rocks/viewthread.php?tid=407496&extra=page%3D1%26amp%3Borderby%3Ddateline%26amp%3Bfilter%3Ddigest,91阿聪常州招募优质单，加精999 ]
2021/02/04 14:50:[https://f.w24.rocks/viewthread.php?tid=407496&extra=page%3D1%26amp%3Borderby%3Ddateline%26amp%3Bfilter%3Ddigest,91阿聪常州招募优质单，加精999 ]
2021/02/04 14:50:[https://f.w24.rocks/viewthread.php?tid=407515&extra=page%3D1%26amp%3Borderby%3Ddateline%26amp%3Bfilter%3Ddigest,老婆高挑长腿，美腿玉足坐标0574 ]
2021/02/04 14:57:[https://f.w24.rocks/viewthread.php?tid=407481&extra=page%3D1%26amp%3Borderby%3Ddateline%26amp%3Bfilter%3Ddigest,徐州蝙蝠侠 2020回顾 世间美好与你十指紧扣 求精华 ]
2021/02/04 15:00:[https://f.w24.rocks/viewthread.php?tid=407424&extra=page%3D1%26amp%3Borderby%3Ddateline%26amp%3Bfilter%3Ddigest,萧哥撩妹代撩勾引大肚孕妇 ]
2021/02/04 15:02:[https://f.w24.rocks/viewthread.php?tid=407424&extra=page%3D1%26amp%3Borderby%3Ddateline%26amp%3Bfilter%3Ddigest,萧哥撩妹代撩勾引大肚孕妇 ]
2021/02/04 15:09:[https://f.w24.rocks/viewthread.php?tid=407414&extra=page%3D1%26amp%3Borderby%3Ddateline%26amp%3Bfilter%3Ddigest,长沙0731哈哈哈笑酱5贴，人妻小姐姐的丝袜美腿盛宴。 ]
2021/02/04 15:16:[https://f.w24.rocks/viewthread.php?tid=407184&extra=page%3D1%26amp%3Borderby%3Ddateline%26amp%3Bfilter%3Ddigest,感谢楼主加精！淫妻老婆约会单男，多图露脸口爆求加精(一) ]
2021/02/04 15:17:[https://f.w24.rocks/viewthread.php?tid=407154&extra=page%3D2%26amp%3Borderby%3Ddateline%26amp%3Bfilter%3Ddigest,发情贱母狗大白奶子吸精穴 饥渴难耐开始发骚 欠操了 ]
2021/02/04 15:17:[https://f.w24.rocks/viewthread.php?tid=407086&extra=page%3D2%26amp%3Borderby%3Ddateline%26amp%3Bfilter%3Ddigest,（钢炮美食）00后巨乳萝莉 ]
2021/02/04 15:17:[https://f.w24.rocks/viewthread.php?tid=407107&extra=page%3D2%26amp%3Borderby%3Ddateline%26amp%3Bfilter%3Ddigest,Dong（東）SPA 之水润多汁的瑜伽老师SPA和激情3p ]
2021/02/04 15:23:[https://f.w24.rocks/viewthread.php?tid=407400&extra=page%3D1%26amp%3Borderby%3Ddateline%26amp%3Bfilter%3Ddigest,0574又是一场愉快的3p（4100）百人斩 ]
2021/02/04 15:26:[https://f.w24.rocks/viewthread.php?tid=407184&extra=page%3D1%26amp%3Borderby%3Ddateline%26amp%3Bfilter%3Ddigest,感谢楼主加精！淫妻老婆约会单男，多图露脸口爆求加精(一) ]
2021/02/04 15:31:[https://f.w24.rocks/viewthread.php?tid=407144&extra=page%3D2%26amp%3Borderby%3Ddateline%26amp%3Bfilter%3Ddigest,TbajiT三女一男光影与肉体的初次碰撞 ]
2021/02/04 15:32:[https://f.w24.rocks/viewthread.php?tid=407086&extra=page%3D2%26amp%3Borderby%3Ddateline%26amp%3Bfilter%3Ddigest,（钢炮美食）00后巨乳萝莉 ]
2021/02/04 15:33:[https://f.w24.rocks/viewthread.php?tid=407019&extra=page%3D2%26amp%3Borderby%3Ddateline%26amp%3Bfilter%3Ddigest,（四川]
2021/02/04 15:34:[https://f.w24.rocks/viewthread.php?tid=406994&extra=page%3D2%26amp%3Borderby%3Ddateline%26amp%3Bfilter%3Ddigest,JK少女的冬日献礼]
2021/02/04 15:44:[https://f.w24.rocks/viewthread.php?tid=406951&extra=page%3D2%26amp%3Borderby%3Ddateline%26amp%3Bfilter%3Ddigest,在校大学生的自我介绍，玩弄我的肉体希望你能快乐。 ]
2021/02/04 15:44:[https://f.w24.rocks/viewthread.php?tid=406929&extra=page%3D2%26amp%3Borderby%3Ddateline%26amp%3Bfilter%3Ddigest,小仙儿战三男 ]
2021/02/04 15:45:[https://f.w24.rocks/viewthread.php?tid=406915&extra=page%3D2%26amp%3Borderby%3Ddateline%26amp%3Bfilter%3Ddigest,2021带老婆全国游——黑色诱惑 ]
2021/02/05 09:05:[https://f.w24.rocks/viewthread.php?tid=407982&extra=page%3D1%26amp%3Borderby%3Ddateline%26amp%3Bfilter%3Ddigest,一人一张成名作 ]
2021/02/05 09:05:[https://f.w24.rocks/viewthread.php?tid=408005&extra=page%3D1%26amp%3Borderby%3Ddateline%26amp%3Bfilter%3Ddigest,028骚嫩娇妻自述日记 激情氛围角色扮演 ]
