2020/02/25 17:34:[https://f.w24.rocks/viewthread.php?tid=366473&extra=page%3D1%26amp%3Borderby%3Ddateline%26amp%3Bfilter%3Ddigest,2020大吉[沐沐子呀]私约哥哥天台操逼挑战生人露出 ]
2020/02/26 13:59:[https://f.w24.rocks/viewthread.php?tid=366577&extra=page%3D1%26amp%3Borderby%3Ddateline%26amp%3Bfilter%3Ddigest,巨乳人妻民国风骚妻化身小母狗,期待你的调教—申精 ]
2020/02/27 09:43:[https://f.w24.rocks/viewthread.php?tid=366709&extra=page%3D1%26amp%3Borderby%3Ddateline%26amp%3Bfilter%3Ddigest,3P初调教，征集好玩剧情和舔B小年轻 ]
2020/02/27 13:52:[https://f.w24.rocks/viewthread.php?tid=365413&extra=page%3D1%26amp%3Borderby%3Ddateline%26amp%3Bfilter%3Ddigest,烟台芷嫣vva2020夫人的白色性感+瑜伽（申精）回归贴 ]
2020/02/27 13:54:[https://f.w24.rocks/viewthread.php?tid=365400&extra=page%3D1%26amp%3Borderby%3Ddateline%26amp%3Bfilter%3Ddigest,秀色可餐！大集结 ]
2020/02/27 13:56:[https://f.w24.rocks/viewthread.php?tid=365381&extra=page%3D1%26amp%3Borderby%3Ddateline%26amp%3Bfilter%3Ddigest,028成都重庆长腿黑丝高跟]
2020/02/27 13:59:[https://f.w24.rocks/viewthread.php?tid=365349&extra=page%3D1%26amp%3Borderby%3Ddateline%26amp%3Bfilter%3Ddigest,★宁波超级剧情3P（影院+男厕+居家+手游P）+图文并茂 ]
2020/02/27 14:00:[https://f.w24.rocks/viewthread.php?tid=365311&extra=page%3D1%26amp%3Borderby%3Ddateline%26amp%3Bfilter%3Ddigest,短款蕾丝+肉丝+灰丝无缝丝袜]
2020/02/27 14:00:[https://f.w24.rocks/viewthread.php?tid=365295&extra=page%3D1%26amp%3Borderby%3Ddateline%26amp%3Bfilter%3Ddigest,已删 ]
2020/02/27 23:15:[https://f.w24.rocks/viewthread.php?tid=366796&extra=page%3D1%26amp%3Borderby%3Ddateline%26amp%3Bfilter%3Ddigest,郑州Rosy 第六期 我是单男 人妻小猫很萌 91验证（多图） ]
2020/02/27 23:16:[https://f.w24.rocks/viewthread.php?tid=366793&extra=page%3D1%26amp%3Borderby%3Ddateline%26amp%3Bfilter%3Ddigest,0755（SZ乔先生）头次发帖验证 ]
2020/02/29 00:51:[https://f.w24.rocks/viewthread.php?tid=366898&extra=page%3D1%26amp%3Borderby%3Ddateline%26amp%3Bfilter%3Ddigest,花哥申精！楼道无内肉丝内射 ]
2020/02/29 10:03:[https://f.w24.rocks/viewthread.php?tid=366930&extra=page%3D1%26amp%3Borderby%3Ddateline%26amp%3Bfilter%3Ddigest,南风玉足系列0745湖南长腿美女肌肉猛男36P+GIF ]
2020/02/29 10:05:[https://f.w24.rocks/viewthread.php?tid=366917&extra=page%3D1%26amp%3Borderby%3Ddateline%26amp%3Bfilter%3Ddigest,翘臀小萝莉等待你疫情结束后的性爱马拉松（68p 申精） ]
2020/03/02 09:45:[https://f.w24.rocks/viewthread.php?tid=367125&extra=page%3D1%26amp%3Borderby%3Ddateline%26amp%3Bfilter%3Ddigest,小鹿女3p4p活动超多的动图大全 ]
2020/03/02 09:45:[https://f.w24.rocks/viewthread.php?tid=367115&extra=page%3D1%26amp%3Borderby%3Ddateline%26amp%3Bfilter%3Ddigest,粉嫩女友之红色诱惑，多图申精！ ]
2020/03/02 09:45:[https://f.w24.rocks/viewthread.php?tid=367096&extra=page%3D1%26amp%3Borderby%3Ddateline%26amp%3Bfilter%3Ddigest,0531东汉末年女神娇妻的3p初体验肉丝高跟申精 ]
2020/03/02 09:46:[https://f.w24.rocks/viewthread.php?tid=367086&extra=page%3D1%26amp%3Borderby%3Ddateline%26amp%3Bfilter%3Ddigest,居家生活照]
2020/03/02 09:46:[https://f.w24.rocks/viewthread.php?tid=367068&extra=page%3D1%26amp%3Borderby%3Ddateline%26amp%3Bfilter%3Ddigest,终篇给你萧娅轩的快乐——172美女3通4P极致性爱 ]
2020/03/02 09:47:[https://f.w24.rocks/viewthread.php?tid=367026&extra=page%3D1%26amp%3Borderby%3Ddateline%26amp%3Bfilter%3Ddigest,檀越志·肆听说孩子是我的？那就约在今夏~ （附聊天） ]
2020/03/02 09:47:[https://f.w24.rocks/viewthread.php?tid=367008&extra=page%3D1%26amp%3Borderby%3Ddateline%26amp%3Bfilter%3Ddigest,ண粤港澳大波区ღ巨乳丝袜人妻3P吸精利器❥❥38P☻ ]
2020/03/02 09:48:[https://f.w24.rocks/viewthread.php?tid=366977&extra=page%3D1%26amp%3Borderby%3Ddateline%26amp%3Bfilter%3Ddigest,（0660地区寻M）宅在宿舍的乐趣！黑白双丝！（二） ]
2020/03/02 09:48:[https://f.w24.rocks/viewthread.php?tid=366949&extra=page%3D1%26amp%3Borderby%3Ddateline%26amp%3Bfilter%3Ddigest,黑衣S疫情期间调教雪白美人 招募优质情侣 0316廊坊地区 ]
2020/03/03 09:16:[https://f.w24.rocks/viewthread.php?tid=367139&extra=page%3D1%26amp%3Borderby%3Ddateline%26amp%3Bfilter%3Ddigest,与 丰臀细腰的嫩妻洞房花烛➕内射特写 ]
2020/03/03 21:48:[https://f.w24.rocks/viewthread.php?tid=367233&extra=page%3D1%26amp%3Borderby%3Ddateline%26amp%3Bfilter%3Ddigest,宅在家久了，口罩出去工地拍摄露出作品 ]
2020/03/03 22:01:[https://f.w24.rocks/viewthread.php?tid=367230&extra=page%3D1%26amp%3Borderby%3Ddateline%26amp%3Bfilter%3Ddigest,路飞大量动图4P互换女友，女生舔弄结合处 ]
