2020/02/27 14:00:[https://f.w24.rocks/viewthread.php?tid=365295&extra=page%3D1%26amp%3Borderby%3Ddateline%26amp%3Bfilter%3Ddigest,已删 ]
2020/03/02 09:45:[https://f.w24.rocks/viewthread.php?tid=367115&extra=page%3D1%26amp%3Borderby%3Ddateline%26amp%3Bfilter%3Ddigest,粉嫩女友之红色诱惑，多图申精！ ]
2020/05/05 19:30:[https://f.w24.rocks/viewthread.php?tid=373616&extra=page%3D1%26amp%3Borderby%3Ddateline%26amp%3Bfilter%3Ddigest,删除删除 ]
2020/05/09 08:56:[https://f.w24.rocks/viewthread.php?tid=374098&extra=page%3D1%26amp%3Borderby%3Ddateline%26amp%3Bfilter%3Ddigest,91自拍论坛  ]
2020/05/09 08:56:[https://f.w24.rocks/viewthread.php?tid=374053&extra=page%3D1%26amp%3Borderby%3Ddateline%26amp%3Bfilter%3Ddigest,91自拍论坛  ]
2020/05/09 08:56:[https://f.w24.rocks/viewthread.php?tid=374051&extra=page%3D1%26amp%3Borderby%3Ddateline%26amp%3Bfilter%3Ddigest,91自拍论坛  ]
2020/05/09 08:56:[https://f.w24.rocks/viewthread.php?tid=374037&extra=page%3D1%26amp%3Borderby%3Ddateline%26amp%3Bfilter%3Ddigest,91自拍论坛  ]
2020/05/09 08:56:[https://f.w24.rocks/viewthread.php?tid=374021&extra=page%3D1%26amp%3Borderby%3Ddateline%26amp%3Bfilter%3Ddigest,91自拍论坛  ]
2020/05/09 08:56:[https://f.w24.rocks/viewthread.php?tid=374010&extra=page%3D1%26amp%3Borderby%3Ddateline%26amp%3Bfilter%3Ddigest,91自拍论坛  ]
2020/05/09 08:56:[https://f.w24.rocks/viewthread.php?tid=373979&extra=page%3D1%26amp%3Borderby%3Ddateline%26amp%3Bfilter%3Ddigest,91自拍论坛  ]
2020/05/09 08:56:[https://f.w24.rocks/viewthread.php?tid=373943&extra=page%3D1%26amp%3Borderby%3Ddateline%26amp%3Bfilter%3Ddigest,91自拍论坛  ]
2020/05/12 08:44:[https://f.w24.rocks/viewthread.php?tid=374392&extra=page%3D1%26amp%3Borderby%3Ddateline%26amp%3Bfilter%3Ddigest,删除删除删除，， ]
2020/05/17 09:36:[https://f.w24.rocks/viewthread.php?tid=375096&extra=page%3D1%26amp%3Borderby%3Ddateline%26amp%3Bfilter%3Ddigest,none]
2020/05/17 09:37:[https://f.w24.rocks/viewthread.php?tid=375064&extra=page%3D1%26amp%3Borderby%3Ddateline%26amp%3Bfilter%3Ddigest,none]
2020/05/17 09:38:[https://f.w24.rocks/viewthread.php?tid=375060&extra=page%3D1%26amp%3Borderby%3Ddateline%26amp%3Bfilter%3Ddigest,none]
2020/05/23 13:50:[https://f.w24.rocks/viewthread.php?tid=375773&extra=page%3D1%26amp%3Borderby%3Ddateline%26amp%3Bfilter%3Ddigest,none]
2020/06/17 12:02:[http://f.wonderfulday25.live/viewthread.php?tid=378803&extra=page%3D1%26amp%3Borderby%3Ddateline%26amp%3Bfilter%3Ddigest,fwonderfulday25live  504 Gateway time]
2020/06/17 12:03:[http://f.wonderfulday25.live/viewthread.php?tid=378783&extra=page%3D1%26amp%3Borderby%3Ddateline%26amp%3Bfilter%3Ddigest,fwonderfulday25live  504 Gateway time]
2020/06/17 12:04:[http://f.wonderfulday25.live/viewthread.php?tid=378781&extra=page%3D1%26amp%3Borderby%3Ddateline%26amp%3Bfilter%3Ddigest,fwonderfulday25live  504 Gateway time]
2020/07/01 08:57:[http://f.w24.rocks/viewthread.php?tid=380041&extra=page%3D1%26amp%3Borderby%3Ddateline%26amp%3Bfilter%3Ddigest,0311[申精]多图170颜值超高，长腿首秀，删帖 ]
2020/07/01 08:58:[http://f.w24.rocks/viewthread.php?tid=379964&extra=page%3D1%26amp%3Borderby%3Ddateline%26amp%3Bfilter%3Ddigest,端午快乐老婆太诱人单男术后不顾恢复还未进期洞就射一脸 ]
2020/07/01 09:12:[http://f.w24.rocks/viewthread.php?tid=380371&extra=page%3D1%26amp%3Borderby%3Ddateline%26amp%3Bfilter%3Ddigest,none]
2020/07/18 13:55:[https://f.w24.rocks/viewthread.php?tid=382359&extra=page%3D1%26amp%3Borderby%3Ddateline%26amp%3Bfilter%3Ddigest,none]
2020/07/18 13:55:[https://f.w24.rocks/viewthread.php?tid=382354&extra=page%3D1%26amp%3Borderby%3Ddateline%26amp%3Bfilter%3Ddigest,none]
2020/07/18 13:55:[https://f.w24.rocks/viewthread.php?tid=382341&extra=page%3D1%26amp%3Borderby%3Ddateline%26amp%3Bfilter%3Ddigest,none]
2020/07/24 14:44:[https://f.w24.rocks/viewthread.php?tid=382992&extra=page%3D1%26amp%3Borderby%3Ddateline%26amp%3Bfilter%3Ddigest,none]
2020/07/24 14:45:[https://f.w24.rocks/viewthread.php?tid=382965&extra=page%3D1%26amp%3Borderby%3Ddateline%26amp%3Bfilter%3Ddigest,none]
2020/07/24 14:46:[https://f.w24.rocks/viewthread.php?tid=382961&extra=page%3D1%26amp%3Borderby%3Ddateline%26amp%3Bfilter%3Ddigest,none]
2020/07/24 14:47:[https://f.w24.rocks/viewthread.php?tid=382938&extra=page%3D1%26amp%3Borderby%3Ddateline%26amp%3Bfilter%3Ddigest,none]
2020/08/16 11:29:[https://f.w24.rocks/viewthread.php?tid=385450&extra=page%3D1%26amp%3Borderby%3Ddateline%26amp%3Bfilter%3Ddigest,删帖删帖，给我举报的够够的了 ]
2020/08/16 14:30:[https://f.w24.rocks/viewthread.php?tid=384906&extra=page%3D2%26amp%3Borderby%3Ddateline%26amp%3Bfilter%3Ddigest,none]
2020/11/02 08:57:[https://f.w24.rocks/viewthread.php?tid=396127&extra=page%3D1%26amp%3Borderby%3Ddateline%26amp%3Bfilter%3Ddigest,原创申精情趣服下的小母狗 ]
2020/11/19 14:22:[https://f.w24.rocks/viewthread.php?tid=398126&extra=page%3D2%26amp%3Borderby%3Ddateline%26amp%3Bfilter%3Ddigest,[ECHO]记录170高颜长腿尤物浴室甜美约会招情侣单男和M ]
2020/11/19 14:23:[https://f.w24.rocks/viewthread.php?tid=398126&extra=page%3D2%26amp%3Borderby%3Ddateline%26amp%3Bfilter%3Ddigest,[ECHO]记录170高颜长腿尤物浴室甜美约会招情侣单男和M ]
2020/11/19 14:26:[https://f.w24.rocks/viewthread.php?tid=398030&extra=page%3D2%26amp%3Borderby%3Ddateline%26amp%3Bfilter%3Ddigest,[猴纸先森]此贴已删,谢谢观赏 ]
2020/11/19 14:26:[https://f.w24.rocks/viewthread.php?tid=398030&extra=page%3D2%26amp%3Borderby%3Ddateline%26amp%3Bfilter%3Ddigest,[猴纸先森]此贴已删,谢谢观赏 ]
2020/11/19 14:27:[https://f.w24.rocks/viewthread.php?tid=398030&extra=page%3D2%26amp%3Borderby%3Ddateline%26amp%3Bfilter%3Ddigest,[猴纸先森]此贴已删,谢谢观赏 ]
2020/11/19 14:28:[https://f.w24.rocks/viewthread.php?tid=398030&extra=page%3D2%26amp%3Borderby%3Ddateline%26amp%3Bfilter%3Ddigest,[猴纸先森]此贴已删,谢谢观赏 ]
2020/11/19 14:59:[https://f.w24.rocks/viewthread.php?tid=397341&extra=page%3D3%26amp%3Borderby%3Ddateline%26amp%3Bfilter%3Ddigest,删帖 ]
2020/11/19 15:02:[https://f.w24.rocks/viewthread.php?tid=397011&extra=page%3D3%26amp%3Borderby%3Ddateline%26amp%3Bfilter%3Ddigest,记录魔都少女第一次4p ]
2020/11/19 15:11:[https://f.w24.rocks/viewthread.php?tid=397007&extra=page%3D3%26amp%3Borderby%3Ddateline%26amp%3Bfilter%3Ddigest,猴纸先森此贴已删,谢谢观赏 ]
2020/11/19 15:14:[https://f.w24.rocks/viewthread.php?tid=397007&extra=page%3D3%26amp%3Borderby%3Ddateline%26amp%3Bfilter%3Ddigest,猴纸先森此贴已删,谢谢观赏 ]
2020/11/19 15:26:[https://f.w24.rocks/viewthread.php?tid=396783&extra=page%3D4%26amp%3Borderby%3Ddateline%26amp%3Bfilter%3Ddigest,剪破●牛仔裤 ]
2020/11/19 15:31:[https://f.w24.rocks/viewthread.php?tid=396471&extra=page%3D4%26amp%3Borderby%3Ddateline%26amp%3Bfilter%3Ddigest,删删 ]
2020/11/19 15:52:[https://f.w24.rocks/viewthread.php?tid=396127&extra=page%3D4%26amp%3Borderby%3Ddateline%26amp%3Bfilter%3Ddigest,原创申精情趣服下的小母狗 ]
2020/11/19 16:06:[https://f.w24.rocks/viewthread.php?tid=395574&extra=page%3D5%26amp%3Borderby%3Ddateline%26amp%3Bfilter%3Ddigest,请版主删帖 ]
2020/11/19 16:09:[https://f.w24.rocks/viewthread.php?tid=395574&extra=page%3D5%26amp%3Borderby%3Ddateline%26amp%3Bfilter%3Ddigest,请版主删帖 ]
2020/11/19 16:47:[https://f.w24.rocks/viewthread.php?tid=395186&extra=page%3D5%26amp%3Borderby%3Ddateline%26amp%3Bfilter%3Ddigest,none]
2020/11/19 16:56:[https://f.w24.rocks/viewthread.php?tid=394932&extra=page%3D5%26amp%3Borderby%3Ddateline%26amp%3Bfilter%3Ddigest,G奶少妇，蜜桃臀，你喜欢吗，摄影师出片！ ]
2020/11/19 17:07:[https://f.w24.rocks/viewthread.php?tid=394722&extra=page%3D6%26amp%3Borderby%3Ddateline%26amp%3Bfilter%3Ddigest,1111111 ]
2020/11/19 17:07:[https://f.w24.rocks/viewthread.php?tid=394488&extra=page%3D6%26amp%3Borderby%3Ddateline%26amp%3Bfilter%3Ddigest,全裸做瑜伽 ]
2021/01/11 14:49:[https://f.w24.rocks/viewthread.php?tid=404840&extra=page%3D1%26amp%3Borderby%3Ddateline%26amp%3Bfilter%3Ddigest,（极品）娇妻粉嫩的小穴 翘翘的屁股 ]
