2021/03/01 09:51:[https://f.w24.rocks/viewthread.php?tid=411637&extra=page%3D1%26amp%3Borderby%3Ddateline%26amp%3Bfilter%3D2592000,最爱老婆的白浆嫩穴]
2021/03/01 09:51:[https://f.w24.rocks/viewthread.php?tid=411627&extra=page%3D1%26amp%3Borderby%3Ddateline%26amp%3Bfilter%3D2592000,坐标0755，极品萝莉母狗在线等“金主爸爸”！]
2021/03/01 09:51:[https://f.w24.rocks/viewthread.php?tid=411626&extra=page%3D1%26amp%3Borderby%3Ddateline%26amp%3Bfilter%3D2592000,做爱做到一半的嫩B]
2021/03/01 09:52:[https://f.w24.rocks/viewthread.php?tid=411613&extra=page%3D1%26amp%3Borderby%3Ddateline%26amp%3Bfilter%3D2592000,丝袜熟女野外露出，寻江浙沪地区小奶狗单男]
2021/03/01 09:52:[https://f.w24.rocks/viewthread.php?tid=411605&extra=page%3D2%26amp%3Borderby%3Ddateline%26amp%3Bfilter%3D2592000,[代发]09]
2021/03/01 09:52:[https://f.w24.rocks/viewthread.php?tid=411600&extra=page%3D2%26amp%3Borderby%3Ddateline%26amp%3Bfilter%3D2592000,深圳，安庆  网调22岁反差女大学生]
2021/03/01 09:52:[https://f.w24.rocks/viewthread.php?tid=411596&extra=page%3D2%26amp%3Borderby%3Ddateline%26amp%3Bfilter%3D2592000,第一次通过陌陌约炮成功]
2021/03/01 09:52:[https://f.w24.rocks/viewthread.php?tid=411586&extra=page%3D2%26amp%3Borderby%3Ddateline%26amp%3Bfilter%3D2592000,一次活动，快乐水手服]
2021/03/01 09:53:[https://f.w24.rocks/viewthread.php?tid=411582&extra=page%3D2%26amp%3Borderby%3Ddateline%26amp%3Bfilter%3D2592000,带客发，0572湖州地区寻找专业spa技师]
2021/03/01 09:53:[https://f.w24.rocks/viewthread.php?tid=411578&extra=page%3D2%26amp%3Borderby%3Ddateline%26amp%3Bfilter%3D2592000,开工了，上班的上班，上学的上学，洗洗睡了，晚安！]
2021/03/01 09:53:[https://f.w24.rocks/viewthread.php?tid=411575&extra=page%3D2%26amp%3Borderby%3Ddateline%26amp%3Bfilter%3D2592000,贵阳寻会SPA单男]
2021/03/01 09:53:[https://f.w24.rocks/viewthread.php?tid=411573&extra=page%3D2%26amp%3Borderby%3Ddateline%26amp%3Bfilter%3D2592000,网调听话黑a大三g奶胖母狗]
2021/03/01 09:53:[https://f.w24.rocks/viewthread.php?tid=411571&extra=page%3D2%26amp%3Borderby%3Ddateline%26amp%3Bfilter%3D2592000,有没有太原的朋友]
2021/03/01 09:53:[https://f.w24.rocks/viewthread.php?tid=411570&extra=page%3D2%26amp%3Borderby%3Ddateline%26amp%3Bfilter%3D2592000,老婆美穴的第一次贡献，欢迎大家点评]
2021/03/01 09:53:[https://f.w24.rocks/viewthread.php?tid=411568&extra=page%3D2%26amp%3Borderby%3Ddateline%26amp%3Bfilter%3D2592000,闲来无事发一贴，2016（3），包臀灰丝门口窗前诱惑]
2021/03/01 09:53:[https://f.w24.rocks/viewthread.php?tid=411566&extra=page%3D2%26amp%3Borderby%3Ddateline%26amp%3Bfilter%3D2592000,老婆的泳装]
2021/03/01 09:53:[https://f.w24.rocks/viewthread.php?tid=411563&extra=page%3D2%26amp%3Borderby%3Ddateline%26amp%3Bfilter%3D2592000,绝对是你见过最漂亮的鲍鱼，黑丝女神绝对极品]
2021/03/01 09:53:[https://f.w24.rocks/viewthread.php?tid=411567&extra=page%3D2%26amp%3Borderby%3Ddateline%26amp%3Bfilter%3D2592000,3月3  4号，南昌的夫妻情侣加，单男勿扰]
2021/03/01 09:53:[https://f.w24.rocks/viewthread.php?tid=411558&extra=page%3D3%26amp%3Borderby%3Ddateline%26amp%3Bfilter%3D2592000,三亚!]
2021/03/01 09:54:[https://f.w24.rocks/viewthread.php?tid=411557&extra=page%3D3%26amp%3Borderby%3Ddateline%26amp%3Bfilter%3D2592000,武汉交友小圈子]
2021/03/01 09:54:[https://f.w24.rocks/viewthread.php?tid=411552&extra=page%3D3%26amp%3Borderby%3Ddateline%26amp%3Bfilter%3D2592000,0516徐州睢宁，素质男S寻找女伴]
2021/03/01 09:54:[https://f.w24.rocks/viewthread.php?tid=411551&extra=page%3D3%26amp%3Borderby%3Ddateline%26amp%3Bfilter%3D2592000,山西太原 寻长期固定的高素质优秀单男（别人号代发）]
2021/03/01 09:54:[https://f.w24.rocks/viewthread.php?tid=411550&extra=page%3D3%26amp%3Borderby%3Ddateline%26amp%3Bfilter%3D2592000,温馨而诱人的气氛]
2021/03/01 09:54:[https://f.w24.rocks/viewthread.php?tid=411546&extra=page%3D3%26amp%3Borderby%3Ddateline%26amp%3Bfilter%3D2592000,（36E娇妻）0898 海口 寻夫妻单男～ 口嗨的勿扰～]
2021/03/01 09:54:[https://f.w24.rocks/viewthread.php?tid=411545&extra=page%3D3%26amp%3Borderby%3Ddateline%26amp%3Bfilter%3D2592000,0510无锡单男]
2021/03/01 09:54:[https://f.w24.rocks/viewthread.php?tid=411538&extra=page%3D3%26amp%3Borderby%3Ddateline%26amp%3Bfilter%3D2592000,福州情侣寻找同城交换]
2021/03/01 09:54:[https://f.w24.rocks/viewthread.php?tid=411536&extra=page%3D3%26amp%3Borderby%3Ddateline%26amp%3Bfilter%3D2592000,性感少女、寻求刺激]
2021/03/01 09:55:[https://f.w24.rocks/viewthread.php?tid=411534&extra=page%3D3%26amp%3Borderby%3Ddateline%26amp%3Bfilter%3D2592000,老婆假日酒店异性按摩真实激情]
2021/03/01 09:55:[https://f.w24.rocks/viewthread.php?tid=411525&extra=page%3D3%26amp%3Borderby%3Ddateline%26amp%3Bfilter%3D2592000,西安姐姐露出 附近的小乖乖喜欢吗]
2021/03/01 09:55:[https://f.w24.rocks/viewthread.php?tid=411524&extra=page%3D3%26amp%3Borderby%3Ddateline%26amp%3Bfilter%3D2592000,0370小夫妻，骚妓女来袭。大黑丁入口。]
2021/03/01 09:55:[https://f.w24.rocks/viewthread.php?tid=411520&extra=page%3D3%26amp%3Borderby%3Ddateline%26amp%3Bfilter%3D2592000,0595的沟通交流]
2021/03/01 09:55:[https://f.w24.rocks/viewthread.php?tid=411518&extra=page%3D3%26amp%3Borderby%3Ddateline%26amp%3Bfilter%3D2592000,福建泉州3月67号活动！！拒单]
2021/03/01 09:55:[https://f.w24.rocks/viewthread.php?tid=411516&extra=page%3D3%26amp%3Borderby%3Ddateline%26amp%3Bfilter%3D2592000,00年原味丝袜女友]
2021/03/01 09:55:[https://f.w24.rocks/viewthread.php?tid=411512&extra=page%3D3%26amp%3Borderby%3Ddateline%26amp%3Bfilter%3D2592000,寻天津夫妻3月6、7号（周六日）一起活动！]
2021/03/01 09:55:[https://f.w24.rocks/viewthread.php?tid=411507&extra=page%3D3%26amp%3Borderby%3Ddateline%26amp%3Bfilter%3D2592000,十五的月亮十六圆，与骚妻酒店过个二人世界]
2021/03/01 09:56:[https://f.w24.rocks/viewthread.php?tid=411509&extra=page%3D3%26amp%3Borderby%3Ddateline%26amp%3Bfilter%3D2592000,我敢说这是你见过最漂亮的B，黑丝身材颜值绝对极品]
2021/03/01 09:56:[https://f.w24.rocks/viewthread.php?tid=411490&extra=page%3D4%26amp%3Borderby%3Ddateline%26amp%3Bfilter%3D2592000,0574娇小萝莉死库水，寻夫妻情侣，单男活动]
2021/03/01 09:56:[https://f.w24.rocks/viewthread.php?tid=411492&extra=page%3D4%26amp%3Borderby%3Ddateline%26amp%3Bfilter%3D2592000,（代发）上海寻有缘人交流，长期稳定固定发展]
2021/03/01 09:56:[https://f.w24.rocks/viewthread.php?tid=411493&extra=page%3D4%26amp%3Borderby%3Ddateline%26amp%3Bfilter%3D2592000,昆山时尚性感小娇妻寻夫妻活动]
2021/03/01 09:56:[https://f.w24.rocks/viewthread.php?tid=411489&extra=page%3D4%26amp%3Borderby%3Ddateline%26amp%3Bfilter%3D2592000,021高学历，收绿奴、女m和母狗]
2021/03/01 09:56:[https://f.w24.rocks/viewthread.php?tid=411488&extra=page%3D4%26amp%3Borderby%3Ddateline%26amp%3Bfilter%3D2592000,0319寻单男]
2021/03/01 09:56:[https://f.w24.rocks/viewthread.php?tid=411478&extra=page%3D4%26amp%3Borderby%3Ddateline%26amp%3Bfilter%3D2592000,0531 逗叔 巨乳白虎人妻]
2021/03/01 09:57:[https://f.w24.rocks/viewthread.php?tid=411486&extra=page%3D4%26amp%3Borderby%3Ddateline%26amp%3Bfilter%3D2592000,027爱是两个人不断的探索 ！]
2021/03/01 09:57:[https://f.w24.rocks/viewthread.php?tid=411472&extra=page%3D4%26amp%3Borderby%3Ddateline%26amp%3Bfilter%3D2592000,第一次发帖，想问下有没有恋物的同好]
2021/03/01 09:57:[https://f.w24.rocks/viewthread.php?tid=411473&extra=page%3D4%26amp%3Borderby%3Ddateline%26amp%3Bfilter%3D2592000,广州020，那些年倒追我的20+女生]
2021/03/01 09:57:[https://f.w24.rocks/viewthread.php?tid=411470&extra=page%3D4%26amp%3Borderby%3Ddateline%26amp%3Bfilter%3D2592000,喜提验证码，发老婆自拍两枚]
2021/03/01 09:57:[https://f.w24.rocks/viewthread.php?tid=411461&extra=page%3D4%26amp%3Borderby%3Ddateline%26amp%3Bfilter%3D2592000,帝都夫妻招募贴]
2021/03/01 09:57:[https://f.w24.rocks/viewthread.php?tid=411460&extra=page%3D4%26amp%3Borderby%3Ddateline%26amp%3Bfilter%3D2592000,寻、一夜情]
2021/03/01 09:57:[https://f.w24.rocks/viewthread.php?tid=411459&extra=page%3D4%26amp%3Borderby%3Ddateline%26amp%3Bfilter%3D2592000,闲来无事发一贴，2016（2），包臀灰丝袜床边震动棒诱惑]
2021/03/01 09:57:[https://f.w24.rocks/viewthread.php?tid=411458&extra=page%3D5%26amp%3Borderby%3Ddateline%26amp%3Bfilter%3D2592000,杭州或周边找有共同爱好的夫妻或单男]
2021/03/01 09:57:[https://f.w24.rocks/viewthread.php?tid=411456&extra=page%3D5%26amp%3Borderby%3Ddateline%26amp%3Bfilter%3D2592000,020广州，终于驯服绿帽奴之妻，另寻夫妻情侣交流]
2021/03/01 09:57:[https://f.w24.rocks/viewthread.php?tid=411455&extra=page%3D5%26amp%3Borderby%3Ddateline%26amp%3Bfilter%3D2592000,[代发]07]
2021/03/01 09:57:[https://f.w24.rocks/viewthread.php?tid=411447&extra=page%3D5%26amp%3Borderby%3Ddateline%26amp%3Bfilter%3D2592000,大屁股M奴( 网调M奴)    MM可加！  多图]
2021/03/01 09:57:[https://f.w24.rocks/viewthread.php?tid=411452&extra=page%3D5%26amp%3Borderby%3Ddateline%26amp%3Bfilter%3D2592000,020大学体育生单男  寻白虎！单女情侣小夫妻都可]
2021/03/01 09:58:[https://f.w24.rocks/viewthread.php?tid=411441&extra=page%3D5%26amp%3Borderby%3Ddateline%26amp%3Bfilter%3D2592000,寻金华朋友 老哥们 你们有足控嘛，]
2021/03/01 09:58:[https://f.w24.rocks/viewthread.php?tid=411436&extra=page%3D5%26amp%3Borderby%3Ddateline%26amp%3Bfilter%3D2592000,023重庆主城90后颜值夫妻寻优质夫妻情侣交换活动]
2021/03/01 09:58:[https://f.w24.rocks/viewthread.php?tid=411427&extra=page%3D5%26amp%3Borderby%3Ddateline%26amp%3Bfilter%3D2592000,全裸、舔肛、沙发摆拍]
2021/03/01 09:58:[https://f.w24.rocks/viewthread.php?tid=411421&extra=page%3D5%26amp%3Borderby%3Ddateline%26amp%3Bfilter%3D2592000,3月份能活动的河南区域的单，注意啦。。]
2021/03/01 09:58:[https://f.w24.rocks/viewthread.php?tid=411417&extra=page%3D5%26amp%3Borderby%3Ddateline%26amp%3Bfilter%3D2592000,0594莆田寻真诚夫妻交流]
2021/03/01 09:58:[https://f.w24.rocks/viewthread.php?tid=411414&extra=page%3D5%26amp%3Borderby%3Ddateline%26amp%3Bfilter%3D2592000,我的乖狗狗真棒]
2021/03/01 09:58:[https://f.w24.rocks/viewthread.php?tid=411411&extra=page%3D5%26amp%3Borderby%3Ddateline%26amp%3Bfilter%3D2592000,露出大奶奶，来吸允口舌]
2021/03/01 09:58:[https://f.w24.rocks/viewthread.php?tid=411410&extra=page%3D5%26amp%3Borderby%3Ddateline%26amp%3Bfilter%3D2592000,020广州  这两天活动有空的夫妻情侣可以约一下 非诚勿扰]
2021/03/01 09:58:[https://f.w24.rocks/viewthread.php?tid=411402&extra=page%3D6%26amp%3Borderby%3Ddateline%26amp%3Bfilter%3D2592000,绍兴人妻活动集锦]
2021/03/01 09:58:[https://f.w24.rocks/viewthread.php?tid=411400&extra=page%3D6%26amp%3Borderby%3Ddateline%26amp%3Bfilter%3D2592000,删帖]
2021/03/01 09:58:[https://f.w24.rocks/viewthread.php?tid=411398&extra=page%3D6%26amp%3Borderby%3Ddateline%26amp%3Bfilter%3D2592000,我的女友是免费妓女]
2021/03/01 09:58:[https://f.w24.rocks/viewthread.php?tid=411386&extra=page%3D6%26amp%3Borderby%3Ddateline%26amp%3Bfilter%3D2592000,干货2年内约200多个炮友，套路方法分享。持续更新ing]
2021/03/01 09:58:[https://f.w24.rocks/viewthread.php?tid=411385&extra=page%3D6%26amp%3Borderby%3Ddateline%26amp%3Bfilter%3D2592000,0710萝莉妻 死库水上身化身小母狗]
2021/03/01 09:58:[https://f.w24.rocks/viewthread.php?tid=411380&extra=page%3D6%26amp%3Borderby%3Ddateline%26amp%3Bfilter%3D2592000,代发 浙江极品身材高跟网袜翘臀诱惑人妻寻单男]
2021/03/01 09:58:[https://f.w24.rocks/viewthread.php?tid=411378&extra=page%3D6%26amp%3Borderby%3Ddateline%26amp%3Bfilter%3D2592000,和天津极品人妻的激情一夜！]
2021/03/01 09:58:[https://f.w24.rocks/viewthread.php?tid=411376&extra=page%3D6%26amp%3Borderby%3Ddateline%26amp%3Bfilter%3D2592000,今晚南京！年轻单男寻00后单女网红五星酒店活动打卡]
2021/03/01 09:59:[https://f.w24.rocks/viewthread.php?tid=411374&extra=page%3D6%26amp%3Borderby%3Ddateline%26amp%3Bfilter%3D2592000,寻河北唐山夫妻活动或唐山优质单男给老婆当情人]
2021/03/01 09:59:[https://f.w24.rocks/viewthread.php?tid=411365&extra=page%3D6%26amp%3Borderby%3Ddateline%26amp%3Bfilter%3D2592000,0532夫妻，希望结识有情调的你]
2021/03/01 09:59:[https://f.w24.rocks/viewthread.php?tid=411373&extra=page%3D6%26amp%3Borderby%3Ddateline%26amp%3Bfilter%3D2592000,[代发]06]
2021/03/01 09:59:[https://f.w24.rocks/viewthread.php?tid=411353&extra=page%3D6%26amp%3Borderby%3Ddateline%26amp%3Bfilter%3D2592000,0531 逗叔 调教绿狗的骚人妻]
2021/03/01 09:59:[https://f.w24.rocks/viewthread.php?tid=411357&extra=page%3D6%26amp%3Borderby%3Ddateline%26amp%3Bfilter%3D2592000,0531]
2021/03/01 09:59:[https://f.w24.rocks/viewthread.php?tid=411351&extra=page%3D6%26amp%3Borderby%3Ddateline%26amp%3Bfilter%3D2592000,0571 昨晚刚喂饱的小骚货，今早又想要]
2021/03/01 09:59:[https://f.w24.rocks/viewthread.php?tid=411352&extra=page%3D6%26amp%3Borderby%3Ddateline%26amp%3Bfilter%3D2592000,0451有能认出我们的吗，有熟人吗]
2021/03/01 10:00:[https://f.w24.rocks/viewthread.php?tid=411361&extra=page%3D6%26amp%3Borderby%3Ddateline%26amp%3Bfilter%3D2592000,时隔半年再发人妻调教]
2021/03/01 10:00:[https://f.w24.rocks/viewthread.php?tid=411344&extra=page%3D6%26amp%3Borderby%3Ddateline%26amp%3Bfilter%3D2592000,人妻情人居家自拍]
2021/03/01 10:00:[https://f.w24.rocks/viewthread.php?tid=411339&extra=page%3D7%26amp%3Borderby%3Ddateline%26amp%3Bfilter%3D2592000,美女露三点]
2021/03/01 10:00:[https://f.w24.rocks/viewthread.php?tid=411336&extra=page%3D7%26amp%3Borderby%3Ddateline%26amp%3Bfilter%3D2592000,人妻情趣内衣2]
2021/03/01 10:00:[https://f.w24.rocks/viewthread.php?tid=411335&extra=page%3D7%26amp%3Borderby%3Ddateline%26amp%3Bfilter%3D2592000,人妻情趣内衣]
2021/03/01 10:00:[https://f.w24.rocks/viewthread.php?tid=411337&extra=page%3D7%26amp%3Borderby%3Ddateline%26amp%3Bfilter%3D2592000,人妻情趣内衣2]
2021/03/01 10:00:[https://f.w24.rocks/viewthread.php?tid=411315&extra=page%3D7%26amp%3Borderby%3Ddateline%26amp%3Bfilter%3D2592000,调教母狗]
2021/03/01 10:00:[https://f.w24.rocks/viewthread.php?tid=411314&extra=page%3D7%26amp%3Borderby%3Ddateline%26amp%3Bfilter%3D2592000,南京！年轻单男寻00后单女明日网红五星酒店打卡]
2021/03/01 10:00:[https://f.w24.rocks/viewthread.php?tid=411312&extra=page%3D7%26amp%3Borderby%3Ddateline%26amp%3Bfilter%3D2592000,[代发]05]
2021/03/01 10:00:[https://f.w24.rocks/viewthread.php?tid=411303&extra=page%3D7%26amp%3Borderby%3Ddateline%26amp%3Bfilter%3D2592000,实诚单男找夫妻诚找注重单男实诚的长沙夫妻和武汉夫妻]
2021/03/01 10:00:[https://f.w24.rocks/viewthread.php?tid=411290&extra=page%3D7%26amp%3Borderby%3Ddateline%26amp%3Bfilter%3D2592000,迷人妖艳巨乳美女性感露出照]
2021/03/01 10:01:[https://f.w24.rocks/viewthread.php?tid=411288&extra=page%3D7%26amp%3Borderby%3Ddateline%26amp%3Bfilter%3D2592000,丰满母狗的释放之夜]
2021/03/01 10:01:[https://f.w24.rocks/viewthread.php?tid=411287&extra=page%3D7%26amp%3Borderby%3Ddateline%26amp%3Bfilter%3D2592000,南京！年轻单男招募00后单女明天网红五星酒店打卡]
2021/03/01 10:01:[https://f.w24.rocks/viewthread.php?tid=411283&extra=page%3D8%26amp%3Borderby%3Ddateline%26amp%3Bfilter%3D2592000,酒店高层携黑丝小母狗祝大家元宵快乐]
2021/03/01 10:01:[https://f.w24.rocks/viewthread.php?tid=411282&extra=page%3D8%26amp%3Borderby%3Ddateline%26amp%3Bfilter%3D2592000,常州90后夫妻年前两次活动小结，另寻夫妻]
2021/03/01 10:01:[https://f.w24.rocks/viewthread.php?tid=411272&extra=page%3D8%26amp%3Borderby%3Ddateline%26amp%3Bfilter%3D2592000,0771首次活动纪念贴]
2021/03/01 10:01:[https://f.w24.rocks/viewthread.php?tid=411265&extra=page%3D8%26amp%3Borderby%3Ddateline%26amp%3Bfilter%3D2592000,真实家里老婆，还未开发]
2021/03/01 10:01:[https://f.w24.rocks/viewthread.php?tid=411264&extra=page%3D8%26amp%3Borderby%3Ddateline%26amp%3Bfilter%3D2592000,夫妻交友]
2021/03/01 10:01:[https://f.w24.rocks/viewthread.php?tid=411261&extra=page%3D8%26amp%3Borderby%3Ddateline%26amp%3Bfilter%3D2592000,苏G 坐标江苏连云港 徐州地区]
2021/03/01 10:01:[https://f.w24.rocks/viewthread.php?tid=411257&extra=page%3D8%26amp%3Borderby%3Ddateline%26amp%3Bfilter%3D2592000,大二女友速约探探小哥调教]
2021/03/01 10:01:[https://f.w24.rocks/viewthread.php?tid=411256&extra=page%3D8%26amp%3Borderby%3Ddateline%26amp%3Bfilter%3D2592000,0575新年报道，群聚活动，调教美女！]
2021/03/01 10:01:[https://f.w24.rocks/viewthread.php?tid=411252&extra=page%3D8%26amp%3Borderby%3Ddateline%26amp%3Bfilter%3D2592000,老婆被单男搞出白色的是什么。坐标东莞可以交流]
2021/03/01 10:01:[https://f.w24.rocks/viewthread.php?tid=411248&extra=page%3D8%26amp%3Borderby%3Ddateline%26amp%3Bfilter%3D2592000,元宵之夜成都夫妻寻同房不换]
2021/03/01 10:01:[https://f.w24.rocks/viewthread.php?tid=411240&extra=page%3D8%26amp%3Borderby%3Ddateline%26amp%3Bfilter%3D2592000,[代发]04]
2021/03/01 10:01:[https://f.w24.rocks/viewthread.php?tid=411238&extra=page%3D8%26amp%3Borderby%3Ddateline%26amp%3Bfilter%3D2592000,蝴蝶逼吃鸡巴]
2021/03/01 10:01:[https://f.w24.rocks/viewthread.php?tid=411237&extra=page%3D9%26amp%3Borderby%3Ddateline%26amp%3Bfilter%3D2592000,洛阳少妇，喜欢蝴蝶逼吗期待交换。]
2021/03/01 10:02:[https://f.w24.rocks/viewthread.php?tid=411225&extra=page%3D9%26amp%3Borderby%3Ddateline%26amp%3Bfilter%3D2592000,无聊自拍吃鸡蛋]
