2021/02/04 11:23:[https://f.w24.rocks/viewthread.php?tid=407909&extra=page%3D1%26amp%3Borderby%3Ddateline%26amp%3Bfilter%3D2592000,028童颜巨乳小骚货约成都及附近男M ]
2021/02/04 11:23:[https://f.w24.rocks/viewthread.php?tid=407918&extra=page%3D1%26amp%3Borderby%3Ddateline%26amp%3Bfilter%3D2592000,0514骚气冲天圆润饱满（寻夫妻或者奴） ]
2021/02/04 11:23:[https://f.w24.rocks/viewthread.php?tid=407894&extra=page%3D1%26amp%3Borderby%3Ddateline%26amp%3Bfilter%3D2592000,0532青岛约蜜桃臀妹子楼道刺激野战  收单女、女M ]
2021/02/04 11:23:[https://f.w24.rocks/viewthread.php?tid=407883&extra=page%3D1%26amp%3Borderby%3Ddateline%26amp%3Bfilter%3D2592000,湘0743 #M# 收小胖妞M 大奶微胖妹 绿帽 ]
2021/02/04 11:24:[https://f.w24.rocks/viewthread.php?tid=407881&extra=page%3D1%26amp%3Borderby%3Ddateline%26amp%3Bfilter%3D2592000,云南霸主来一波高跟丝袜 ]
2021/02/04 11:24:[https://f.w24.rocks/viewthread.php?tid=407889&extra=page%3D1%26amp%3Borderby%3Ddateline%26amp%3Bfilter%3D2592000,绿妻的心又骚动了，有没有同好淫妻交流交流（敢露脸吗） ]
2021/02/04 11:24:[https://f.w24.rocks/viewthread.php?tid=407870&extra=page%3D1%26amp%3Borderby%3Ddateline%26amp%3Bfilter%3D2592000,500人斩教你如何聊骚约p之偶遇翘臀小美人 ]
2021/02/04 11:24:[https://f.w24.rocks/viewthread.php?tid=407867&extra=page%3D2%26amp%3Borderby%3Ddateline%26amp%3Bfilter%3D2592000,漂亮女神也有恋足癖 ]
2021/02/04 11:25:[https://f.w24.rocks/viewthread.php?tid=407866&extra=page%3D2%26amp%3Borderby%3Ddateline%26amp%3Bfilter%3D2592000,上海、苏州素质单男，有颜值，有经济基础 ]
2021/02/04 11:25:[https://f.w24.rocks/viewthread.php?tid=407861&extra=page%3D2%26amp%3Borderby%3Ddateline%26amp%3Bfilter%3D2592000,0531]
2021/02/04 11:25:[https://f.w24.rocks/viewthread.php?tid=407863&extra=page%3D2%26amp%3Borderby%3Ddateline%26amp%3Bfilter%3D2592000,500人斩教你如何聊骚约p之与178大美女聊sm约p ]
2021/02/04 11:25:[https://f.w24.rocks/viewthread.php?tid=407840&extra=page%3D2%26amp%3Borderby%3Ddateline%26amp%3Bfilter%3D2592000,大二女友与探探小哥的激情 ]
2021/02/04 11:26:[https://f.w24.rocks/viewthread.php?tid=407858&extra=page%3D2%26amp%3Borderby%3Ddateline%26amp%3Bfilter%3D2592000,0531捡到得小骚货小奈 ]
2021/02/04 11:31:[https://f.w24.rocks/viewthread.php?tid=407858&extra=page%3D2%26amp%3Borderby%3Ddateline%26amp%3Bfilter%3D2592000,0531捡到得小骚货小奈 ]
2021/02/04 11:33:[https://f.w24.rocks/viewthread.php?tid=407837&extra=page%3D2%26amp%3Borderby%3Ddateline%26amp%3Bfilter%3D2592000,帮忙评论这种浓密的逼毛和肥厚的阴唇属于什么类型的逼 ]
2021/02/04 11:33:[https://f.w24.rocks/viewthread.php?tid=407856&extra=page%3D2%26amp%3Borderby%3Ddateline%26amp%3Bfilter%3D2592000,代发0512夫妻找成熟稳重单男 ]
2021/02/04 11:33:[https://f.w24.rocks/viewthread.php?tid=407826&extra=page%3D2%26amp%3Borderby%3Ddateline%26amp%3Bfilter%3D2592000,申精，坐标021，捆绑调教人妻，异性spa ]
2021/02/04 11:40:[https://f.w24.rocks/viewthread.php?tid=407813&extra=page%3D2%26amp%3Borderby%3Ddateline%26amp%3Bfilter%3D2592000,原创长沙满足诚意单男请求，让老婆穿ol制服跟他活动 ]
2021/02/05 09:02:[https://f.w24.rocks/viewthread.php?tid=408029&extra=page%3D1%26amp%3Borderby%3Ddateline%26amp%3Bfilter%3D2592000,广州]
2021/02/05 09:02:[https://f.w24.rocks/viewthread.php?tid=408025&extra=page%3D1%26amp%3Borderby%3Ddateline%26amp%3Bfilter%3D2592000,舟山90后夫妻交换、交流夫妻自拍照片、自拍视频，可露脸。 ]
2021/02/05 09:02:[https://f.w24.rocks/viewthread.php?tid=408030&extra=page%3D1%26amp%3Borderby%3Ddateline%26amp%3Bfilter%3D2592000,2021长三角地区招募夫妻、情侣、单女 ]
2021/02/05 09:02:[https://f.w24.rocks/viewthread.php?tid=408012&extra=page%3D1%26amp%3Borderby%3Ddateline%26amp%3Bfilter%3D2592000,大神们看看这骚逼给多少人操过，还嫩吗 ]
2021/02/05 09:02:[https://f.w24.rocks/viewthread.php?tid=408010&extra=page%3D1%26amp%3Borderby%3Ddateline%26amp%3Bfilter%3D2592000,020广州一场猝不及防的3p大战 ]
2021/02/05 09:02:[https://f.w24.rocks/viewthread.php?tid=408001&extra=page%3D1%26amp%3Borderby%3Ddateline%26amp%3Bfilter%3D2592000,蜜桃臀开启的第二次SPA 3P ]
2021/02/05 09:02:[https://f.w24.rocks/viewthread.php?tid=407987&extra=page%3D1%26amp%3Borderby%3Ddateline%26amp%3Bfilter%3D2592000,淫妻爱幸福，喜欢带绿的进来 ]
2021/02/05 09:02:[https://f.w24.rocks/viewthread.php?tid=407985&extra=page%3D1%26amp%3Borderby%3Ddateline%26amp%3Bfilter%3D2592000,jk小妹西昌旅游，寻夫妻情侣朋友 ]
2021/02/05 09:02:[https://f.w24.rocks/viewthread.php?tid=407983&extra=page%3D1%26amp%3Borderby%3Ddateline%26amp%3Bfilter%3D2592000,寻找洛阳（0379）情侣一起活动 ]
2021/02/05 09:02:[https://f.w24.rocks/viewthread.php?tid=407980&extra=page%3D2%26amp%3Borderby%3Ddateline%26amp%3Bfilter%3D2592000,魔都年轻高颜值情侣求交换代友发 ]
2021/02/05 09:03:[https://f.w24.rocks/viewthread.php?tid=407979&extra=page%3D2%26amp%3Borderby%3Ddateline%26amp%3Bfilter%3D2592000,珠三角情侣地区寻单男一，女友斯文，颜值95+，要求如下 ]
2021/02/05 09:03:[https://f.w24.rocks/viewthread.php?tid=407966&extra=page%3D2%26amp%3Borderby%3Ddateline%26amp%3Bfilter%3D2592000,我希望我的老婆成为大鸡吧的玩物（绿帽心声）欢迎评论 ]
2021/02/05 09:03:[https://f.w24.rocks/viewthread.php?tid=407965&extra=page%3D2%26amp%3Borderby%3Ddateline%26amp%3Bfilter%3D2592000,厉先生第五帖～杭州绿帽情侣已经将游戏玩法升级 ]
2021/02/05 09:03:[https://f.w24.rocks/viewthread.php?tid=407960&extra=page%3D2%26amp%3Borderby%3Ddateline%26amp%3Bfilter%3D2592000,0531 逗叔 喜欢偷情的蝴蝶逼少妇 ]
2021/02/05 09:03:[https://f.w24.rocks/viewthread.php?tid=407946&extra=page%3D2%26amp%3Borderby%3Ddateline%26amp%3Bfilter%3D2592000,大二女友探探速约大叔 ]
2021/02/05 09:03:[https://f.w24.rocks/viewthread.php?tid=407956&extra=page%3D2%26amp%3Borderby%3Ddateline%26amp%3Bfilter%3D2592000,这样的骚B你觉得怎么样有没有床上游戏推荐 ]
2021/02/05 09:03:[https://f.w24.rocks/viewthread.php?tid=407941&extra=page%3D2%26amp%3Borderby%3Ddateline%26amp%3Bfilter%3D2592000,湖南0734丰乳肥臀  寻夫妻 单女 ]
2021/02/05 09:03:[https://f.w24.rocks/viewthread.php?tid=407940&extra=page%3D2%26amp%3Borderby%3Ddateline%26amp%3Bfilter%3D2592000,二月底或三月初寻单男3p ]
2021/02/05 09:03:[https://f.w24.rocks/viewthread.php?tid=407939&extra=page%3D2%26amp%3Borderby%3Ddateline%26amp%3Bfilter%3D2592000,0531]
2021/02/05 09:03:[https://f.w24.rocks/viewthread.php?tid=407933&extra=page%3D2%26amp%3Borderby%3Ddateline%26amp%3Bfilter%3D2592000,20210203公交车上碰到的女人 ]
2021/02/06 11:57:[https://f.w24.rocks/viewthread.php?tid=408155&extra=page%3D1%26amp%3Borderby%3Ddateline%26amp%3Bfilter%3D2592000,0745 ]
2021/02/06 11:58:[https://f.w24.rocks/viewthread.php?tid=408152&extra=page%3D1%26amp%3Borderby%3Ddateline%26amp%3Bfilter%3D2592000,0531 逗叔 母狗的露出任务 ]
2021/02/06 11:58:[https://f.w24.rocks/viewthread.php?tid=408150&extra=page%3D1%26amp%3Borderby%3Ddateline%26amp%3Bfilter%3D2592000,坐标江苏。老婆越来越开放了。。 ]
2021/02/06 11:58:[https://f.w24.rocks/viewthread.php?tid=408149&extra=page%3D1%26amp%3Borderby%3Ddateline%26amp%3Bfilter%3D2592000,028高颜值情情侣近期寻同房，交流 ]
2021/02/06 11:58:[https://f.w24.rocks/viewthread.php?tid=408144&extra=page%3D1%26amp%3Borderby%3Ddateline%26amp%3Bfilter%3D2592000,汪汪汪 小母狗来发发图 ]
2021/02/06 11:58:[https://f.w24.rocks/viewthread.php?tid=408138&extra=page%3D1%26amp%3Borderby%3Ddateline%26amp%3Bfilter%3D2592000,26岁夫妻 春节期间济南地区最近约年轻帅气单 ]
2021/02/06 11:58:[https://f.w24.rocks/viewthread.php?tid=408136&extra=page%3D1%26amp%3Borderby%3Ddateline%26amp%3Bfilter%3D2592000,河北衡水聊到的骚母狗 ]
2021/02/06 11:58:[https://f.w24.rocks/viewthread.php?tid=408131&extra=page%3D1%26amp%3Borderby%3Ddateline%26amp%3Bfilter%3D2592000,023为爱妻寻大叔，知性美媳妇，嫩逼媳妇喜欢强壮大叔！ ]
2021/02/06 11:58:[https://f.w24.rocks/viewthread.php?tid=408117&extra=page%3D1%26amp%3Borderby%3Ddateline%26amp%3Bfilter%3D2592000,（绿帽心声）真实露脸会怎样呢，无非是谁都可以艹。 ]
2021/02/06 11:58:[https://f.w24.rocks/viewthread.php?tid=408116&extra=page%3D2%26amp%3Borderby%3Ddateline%26amp%3Bfilter%3D2592000,河北夫妻，欢迎入群 ]
2021/02/06 11:58:[https://f.w24.rocks/viewthread.php?tid=408113&extra=page%3D2%26amp%3Borderby%3Ddateline%26amp%3Bfilter%3D2592000,福州，年前打算活动，夫妻，高颜值单男进30以内 ]
2021/02/06 11:58:[https://f.w24.rocks/viewthread.php?tid=408111&extra=page%3D2%26amp%3Borderby%3Ddateline%26amp%3Bfilter%3D2592000,学生单男分享一点与骚熟女的聊天记录 ]
2021/02/06 11:58:[https://f.w24.rocks/viewthread.php?tid=408107&extra=page%3D2%26amp%3Borderby%3Ddateline%26amp%3Bfilter%3D2592000,0512索隆大人分享之绿帽奴 ]
2021/02/06 11:58:[https://f.w24.rocks/viewthread.php?tid=408087&extra=page%3D2%26amp%3Borderby%3Ddateline%26amp%3Bfilter%3D2592000,云南霸主高跟来了 ]
2021/02/06 11:58:[https://f.w24.rocks/viewthread.php?tid=408089&extra=page%3D2%26amp%3Borderby%3Ddateline%26amp%3Bfilter%3D2592000,0536单男求年前活动 ]
2021/02/06 11:58:[https://f.w24.rocks/viewthread.php?tid=408093&extra=page%3D2%26amp%3Borderby%3Ddateline%26amp%3Bfilter%3D2592000,重庆魔法盾怀孕前是怎么被人玩的 SM ]
2021/02/06 11:58:[https://f.w24.rocks/viewthread.php?tid=408083&extra=page%3D2%26amp%3Borderby%3Ddateline%26amp%3Bfilter%3D2592000,原创露脸 冒险偷拍截屏美女吃大鸡鸡 ]
2021/02/06 11:59:[https://f.w24.rocks/viewthread.php?tid=408074&extra=page%3D2%26amp%3Borderby%3Ddateline%26amp%3Bfilter%3D2592000,小母狗求群调（带验证） ]
2021/02/06 11:59:[https://f.w24.rocks/viewthread.php?tid=408067&extra=page%3D2%26amp%3Borderby%3Ddateline%26amp%3Bfilter%3D2592000,（绿帽心声）让老婆成为男人鸡巴玩物成为卖屄女 欢迎留精 ]
2021/02/06 11:59:[https://f.w24.rocks/viewthread.php?tid=408069&extra=page%3D2%26amp%3Borderby%3Ddateline%26amp%3Bfilter%3D2592000,云南红河0873 ]
2021/02/06 11:59:[https://f.w24.rocks/viewthread.php?tid=408060&extra=page%3D2%26amp%3Borderby%3Ddateline%26amp%3Bfilter%3D2592000,网调02年处女母狗，从心开发（收网调母狗，反差婊） ]
2021/02/06 11:59:[https://f.w24.rocks/viewthread.php?tid=408056&extra=page%3D2%26amp%3Borderby%3Ddateline%26amp%3Bfilter%3D2592000,3333333 ]
2021/02/06 11:59:[https://f.w24.rocks/viewthread.php?tid=408059&extra=page%3D2%26amp%3Borderby%3Ddateline%26amp%3Bfilter%3D2592000,坐标广州深圳的首贴棒享汝妻开发上海人妻（已征得同意） ]
2021/02/06 11:59:[https://f.w24.rocks/viewthread.php?tid=408052&extra=page%3D2%26amp%3Borderby%3Ddateline%26amp%3Bfilter%3D2592000,真实夫妻交流哈，太多嘴炮了 ]
2021/02/06 11:59:[https://f.w24.rocks/viewthread.php?tid=408048&extra=page%3D3%26amp%3Borderby%3Ddateline%26amp%3Bfilter%3D2592000,代投稿最近好喜欢反差婊 ]
2021/02/06 11:59:[https://f.w24.rocks/viewthread.php?tid=408042&extra=page%3D3%26amp%3Borderby%3Ddateline%26amp%3Bfilter%3D2592000,长春黑丝小女友 ]
2021/02/06 11:59:[https://f.w24.rocks/viewthread.php?tid=408025&extra=page%3D3%26amp%3Borderby%3Ddateline%26amp%3Bfilter%3D2592000,舟山90后夫妻交换、交流夫妻自拍照片、自拍视频，可露脸。 ]
