2020/12/20 11:25:[https://f.w24.rocks/viewthread.php?tid=402484&extra=page%3D1%26amp%3Borderby%3Ddateline%26amp%3Bfilter%3D2592000,有力者耻于伤人，有才者虚怀若谷 ]
2020/12/20 11:25:[https://f.w24.rocks/viewthread.php?tid=402477&extra=page%3D1%26amp%3Borderby%3Ddateline%26amp%3Bfilter%3D2592000,北京承德夫妻 找合适单男 ]
2020/12/20 11:25:[https://f.w24.rocks/viewthread.php?tid=402482&extra=page%3D1%26amp%3Borderby%3Ddateline%26amp%3Bfilter%3D2592000,人妻少妇的美屄 ]
2020/12/20 11:25:[https://f.w24.rocks/viewthread.php?tid=402460&extra=page%3D1%26amp%3Borderby%3Ddateline%26amp%3Bfilter%3D2592000,把现任小女友的嫩穴填满 ]
2020/12/20 11:25:[https://f.w24.rocks/viewthread.php?tid=402459&extra=page%3D1%26amp%3Borderby%3Ddateline%26amp%3Bfilter%3D2592000,悠蓝0773简撩一教师反差女·能口能插水多，一副好炮架 ]
2020/12/20 11:25:[https://f.w24.rocks/viewthread.php?tid=402458&extra=page%3D1%26amp%3Borderby%3Ddateline%26amp%3Bfilter%3D2592000,情侣奴 ]
2020/12/20 11:25:[https://f.w24.rocks/viewthread.php?tid=402457&extra=page%3D1%26amp%3Borderby%3Ddateline%26amp%3Bfilter%3D2592000,良家3p前的淫糜写真（代发） ]
2020/12/20 11:25:[https://f.w24.rocks/viewthread.php?tid=402456&extra=page%3D1%26amp%3Borderby%3Ddateline%26amp%3Bfilter%3D2592000,淫荡母狗，彻底调教(窗边外置，3P，捆绑，内射，申请加精) ]
2020/12/20 11:26:[https://f.w24.rocks/viewthread.php?tid=402449&extra=page%3D1%26amp%3Borderby%3Ddateline%26amp%3Bfilter%3D2592000,娇妻欲送我绿帽（江西） ]
2020/12/20 11:26:[https://f.w24.rocks/viewthread.php?tid=402445&extra=page%3D1%26amp%3Borderby%3Ddateline%26amp%3Bfilter%3D2592000,穿情趣超短旗袍夜店露出勾引男人2 9p ]
2020/12/20 11:26:[https://f.w24.rocks/viewthread.php?tid=402443&extra=page%3D1%26amp%3Borderby%3Ddateline%26amp%3Bfilter%3D2592000,湘0743 #M# 收小胖妞M 大奶微胖妹 绿帽 ]
2020/12/20 11:26:[https://f.w24.rocks/viewthread.php?tid=402439&extra=page%3D1%26amp%3Borderby%3Ddateline%26amp%3Bfilter%3D2592000,内藏乾坤湿漉漉（2） ]
2020/12/20 11:26:[https://f.w24.rocks/viewthread.php?tid=402427&extra=page%3D2%26amp%3Borderby%3Ddateline%26amp%3Bfilter%3D2592000,分享分享，小娇妻的羞羞照 ]
2020/12/20 11:26:[https://f.w24.rocks/viewthread.php?tid=402416&extra=page%3D2%26amp%3Borderby%3Ddateline%26amp%3Bfilter%3D2592000,明天周日帝都东部一女对多男招募单男 ]
2020/12/20 11:26:[https://f.w24.rocks/viewthread.php?tid=402415&extra=page%3D2%26amp%3Borderby%3Ddateline%26amp%3Bfilter%3D2592000,芜湖地区寻今夜优质单男只限今天 ]
2020/12/20 11:26:[https://f.w24.rocks/viewthread.php?tid=402407&extra=page%3D2%26amp%3Borderby%3Ddateline%26amp%3Bfilter%3D2592000,湘0743 #M# 收小胖妞M 大奶微胖妹 绿帽 ]
2020/12/20 11:26:[https://f.w24.rocks/viewthread.php?tid=402413&extra=page%3D2%26amp%3Borderby%3Ddateline%26amp%3Bfilter%3D2592000,（京津冀）010高颜值女神丝袜足交性感照 ]
2020/12/20 11:26:[https://f.w24.rocks/viewthread.php?tid=402403&extra=page%3D2%26amp%3Borderby%3Ddateline%26amp%3Bfilter%3D2592000,南宁FQ一月底去029西安，寻高颜值FQ。 ]
2020/12/20 11:26:[https://f.w24.rocks/viewthread.php?tid=402383&extra=page%3D2%26amp%3Borderby%3Ddateline%26amp%3Bfilter%3D2592000,0791  江西地区，夫妻情侣进 ]
2020/12/20 11:26:[https://f.w24.rocks/viewthread.php?tid=402379&extra=page%3D2%26amp%3Borderby%3Ddateline%26amp%3Bfilter%3D2592000,南京年轻单男寻低龄单女明后天活动，98年后的 ]
2020/12/20 11:26:[https://f.w24.rocks/viewthread.php?tid=402377&extra=page%3D2%26amp%3Borderby%3Ddateline%26amp%3Bfilter%3D2592000,代朋友发贴0311 0317地区寻夫妻情侣单男 ]
2020/12/20 11:26:[https://f.w24.rocks/viewthread.php?tid=402375&extra=page%3D2%26amp%3Borderby%3Ddateline%26amp%3Bfilter%3D2592000,0757 ]
2020/12/20 11:26:[https://f.w24.rocks/viewthread.php?tid=402368&extra=page%3D2%26amp%3Borderby%3Ddateline%26amp%3Bfilter%3D2592000,0532 还是室内运动舒服「黑丝」 ]
2020/12/20 11:26:[https://f.w24.rocks/viewthread.php?tid=402346&extra=page%3D2%26amp%3Borderby%3Ddateline%26amp%3Bfilter%3D2592000,0755 大根单男寻找耐操的她 ]
2020/12/20 11:26:[https://f.w24.rocks/viewthread.php?tid=402357&extra=page%3D2%26amp%3Borderby%3Ddateline%26amp%3Bfilter%3D2592000,欲求不满的小母狗，尝试过的器具 ]
2020/12/20 11:26:[https://f.w24.rocks/viewthread.php?tid=402365&extra=page%3D2%26amp%3Borderby%3Ddateline%26amp%3Bfilter%3D2592000,车震内射176女大学生，等待群P（上）不精无下期 ]
2020/12/20 11:27:[https://f.w24.rocks/viewthread.php?tid=402345&extra=page%3D2%26amp%3Borderby%3Ddateline%26amp%3Bfilter%3D2592000,《广东》极品夫妻慕名体验异性SPA ]
2020/12/20 11:27:[https://f.w24.rocks/viewthread.php?tid=402344&extra=page%3D2%26amp%3Borderby%3Ddateline%26amp%3Bfilter%3D2592000,93年夫妻三亚约高颜值单男 12月20号到26号 ]
2020/12/20 11:27:[https://f.w24.rocks/viewthread.php?tid=402340&extra=page%3D2%26amp%3Borderby%3Ddateline%26amp%3Bfilter%3D2592000,济南0531情侣交友 ]
2020/12/20 11:27:[https://f.w24.rocks/viewthread.php?tid=402338&extra=page%3D2%26amp%3Borderby%3Ddateline%26amp%3Bfilter%3D2592000,淄博有找单男的夫妻么 ]
2020/12/20 11:27:[https://f.w24.rocks/viewthread.php?tid=402333&extra=page%3D2%26amp%3Borderby%3Ddateline%26amp%3Bfilter%3D2592000,享受在校小美女的极品嫩穴，另收女奴小m ]
2020/12/20 11:27:[https://f.w24.rocks/viewthread.php?tid=402323&extra=page%3D3%26amp%3Borderby%3Ddateline%26amp%3Bfilter%3D2592000,分享一组照片，求精 ]
2020/12/20 11:27:[https://f.w24.rocks/viewthread.php?tid=402320&extra=page%3D3%26amp%3Borderby%3Ddateline%26amp%3Bfilter%3D2592000,0591]
2020/12/20 11:27:[https://f.w24.rocks/viewthread.php?tid=402329&extra=page%3D3%26amp%3Borderby%3Ddateline%26amp%3Bfilter%3D2592000,娇妻被肌肉单男无套爆操 ]
2020/12/20 11:27:[https://f.w24.rocks/viewthread.php?tid=402313&extra=page%3D3%26amp%3Borderby%3Ddateline%26amp%3Bfilter%3D2592000,南宁母狗沦陷第三弹 ]
2020/12/20 11:27:[https://f.w24.rocks/viewthread.php?tid=402317&extra=page%3D3%26amp%3Borderby%3Ddateline%26amp%3Bfilter%3D2592000,湘0743 #M# 收小胖妞M 大奶微胖妹 绿帽 ]
2020/12/20 11:27:[https://f.w24.rocks/viewthread.php?tid=402308&extra=page%3D3%26amp%3Borderby%3Ddateline%26amp%3Bfilter%3D2592000,夫妻找合适单男 ]
2020/12/20 11:27:[https://f.w24.rocks/viewthread.php?tid=402311&extra=page%3D3%26amp%3Borderby%3Ddateline%26amp%3Bfilter%3D2592000,南京年轻单男寻低龄单女明后天活动，97年后的 ]
2020/12/20 11:27:[https://f.w24.rocks/viewthread.php?tid=402293&extra=page%3D3%26amp%3Borderby%3Ddateline%26amp%3Bfilter%3D2592000,湘0743 #M# 收小胖妞M 大奶微胖妹 绿帽 ]
2020/12/20 11:27:[https://f.w24.rocks/viewthread.php?tid=402298&extra=page%3D3%26amp%3Borderby%3Ddateline%26amp%3Bfilter%3D2592000,0451哈尔滨夫妻情侣交换 ]
2020/12/20 11:27:[https://f.w24.rocks/viewthread.php?tid=402304&extra=page%3D3%26amp%3Borderby%3Ddateline%26amp%3Bfilter%3D2592000,湘0743 #M# 收小胖妞M 大奶微胖妹 绿帽 ]
2020/12/20 11:27:[https://f.w24.rocks/viewthread.php?tid=402291&extra=page%3D3%26amp%3Borderby%3Ddateline%26amp%3Bfilter%3D2592000,云南霸主s贱母狗爆操系列朦胧感才好。4 ]
2020/12/20 11:28:[https://f.w24.rocks/viewthread.php?tid=402284&extra=page%3D3%26amp%3Borderby%3Ddateline%26amp%3Bfilter%3D2592000,欢迎夫妻情侣一起交流 ]
2020/12/20 11:28:[https://f.w24.rocks/viewthread.php?tid=402285&extra=page%3D3%26amp%3Borderby%3Ddateline%26amp%3Bfilter%3D2592000,0531素质单男]
2020/12/20 11:28:[https://f.w24.rocks/viewthread.php?tid=402282&extra=page%3D3%26amp%3Borderby%3Ddateline%26amp%3Bfilter%3D2592000,北京私房摄影师、欢迎情侣、单女约拍 ]
2020/12/20 11:28:[https://f.w24.rocks/viewthread.php?tid=402286&extra=page%3D3%26amp%3Borderby%3Ddateline%26amp%3Bfilter%3D2592000,6昆明  高颜值女神寻单男第二次活动 ]
2020/12/20 11:28:[https://f.w24.rocks/viewthread.php?tid=402275&extra=page%3D3%26amp%3Borderby%3Ddateline%26amp%3Bfilter%3D2592000,和现实朋友周末在公寓一起陪老婆玩耍 3人 4人 ]
2020/12/20 11:28:[https://f.w24.rocks/viewthread.php?tid=402272&extra=page%3D4%26amp%3Borderby%3Ddateline%26amp%3Bfilter%3D2592000,（起点S收M）苏州地区收母狗反差婊 ]
2020/12/20 11:28:[https://f.w24.rocks/viewthread.php?tid=402263&extra=page%3D4%26amp%3Borderby%3Ddateline%26amp%3Bfilter%3D2592000,0562地区夫妻交友 ]
2020/12/20 11:28:[https://f.w24.rocks/viewthread.php?tid=402260&extra=page%3D4%26amp%3Borderby%3Ddateline%26amp%3Bfilter%3D2592000,粤r大一护士小母狗 ]
2020/12/20 11:28:[https://f.w24.rocks/viewthread.php?tid=402268&extra=page%3D4%26amp%3Borderby%3Ddateline%26amp%3Bfilter%3D2592000,肥逼肥臀骚老婆寻帅大鸡吧 调教辱骂 ]
2020/12/20 11:28:[https://f.w24.rocks/viewthread.php?tid=402269&extra=page%3D4%26amp%3Borderby%3Ddateline%26amp%3Bfilter%3D2592000,0576台州 找单男或情侣夫妻 ]
2020/12/20 11:28:[https://f.w24.rocks/viewthread.php?tid=402248&extra=page%3D4%26amp%3Borderby%3Ddateline%26amp%3Bfilter%3D2592000,0531济南地区，接开发SPA订单。调情SPA订单。养生订单 ]
2020/12/20 11:28:[https://f.w24.rocks/viewthread.php?tid=402257&extra=page%3D4%26amp%3Borderby%3Ddateline%26amp%3Bfilter%3D2592000,坐标成都  真心寻觅一位喜欢一妻二夫的绿帽组成三人家庭 ]
2020/12/20 11:28:[https://f.w24.rocks/viewthread.php?tid=402244&extra=page%3D4%26amp%3Borderby%3Ddateline%26amp%3Bfilter%3D2592000,0757 ]
2020/12/20 11:29:[https://f.w24.rocks/viewthread.php?tid=402243&extra=page%3D4%26amp%3Borderby%3Ddateline%26amp%3Bfilter%3D2592000,云南霸主s贱母狗爆操系列朦胧感才好。3 ]
2020/12/20 11:29:[https://f.w24.rocks/viewthread.php?tid=402241&extra=page%3D4%26amp%3Borderby%3Ddateline%26amp%3Bfilter%3D2592000,京津优质单男在哪里（宁缺勿滥） ]
2020/12/20 11:29:[https://f.w24.rocks/viewthread.php?tid=402239&extra=page%3D4%26amp%3Borderby%3Ddateline%26amp%3Bfilter%3D2592000,0531 逗叔 调教人形母犬 ]
2020/12/20 11:29:[https://f.w24.rocks/viewthread.php?tid=402232&extra=page%3D4%26amp%3Borderby%3Ddateline%26amp%3Bfilter%3D2592000,（0735郴州）长沙郴州！湘南学院大三妹子 ]
2020/12/20 11:29:[https://f.w24.rocks/viewthread.php?tid=402236&extra=page%3D4%26amp%3Borderby%3Ddateline%26amp%3Bfilter%3D2592000,真诚夫妻1231号寻找素质单男一起跨年 ]
2020/12/20 11:30:[https://f.w24.rocks/viewthread.php?tid=402229&extra=page%3D4%26amp%3Borderby%3Ddateline%26amp%3Bfilter%3D2592000,石家庄的小嫩妞，求精！ ]
2020/12/20 11:30:[https://f.w24.rocks/viewthread.php?tid=402230&extra=page%3D4%26amp%3Borderby%3Ddateline%26amp%3Bfilter%3D2592000,福州厦门寻优质单男。 ]
2020/12/20 11:30:[https://f.w24.rocks/viewthread.php?tid=402214&extra=page%3D4%26amp%3Borderby%3Ddateline%26amp%3Bfilter%3D2592000,湘0743 #M# 收小胖妞M 大奶微胖妹 绿帽 ]
2020/12/20 11:30:[https://f.w24.rocks/viewthread.php?tid=402227&extra=page%3D4%26amp%3Borderby%3Ddateline%26amp%3Bfilter%3D2592000,被人妻主动带入她家， ]
2020/12/20 11:30:[https://f.w24.rocks/viewthread.php?tid=402208&extra=page%3D4%26amp%3Borderby%3Ddateline%26amp%3Bfilter%3D2592000,刚操了一个性感小骚货，大家要不要体验一下 ]
2020/12/20 11:30:[https://f.w24.rocks/viewthread.php?tid=402255&extra=page%3D1%26amp%3Borderby%3Ddateline%26amp%3Bfilter%3Ddigest,珠三角学生情侣婚纱性奴学妹被单男3p 多动图 （下 ]
2020/12/20 11:31:[https://f.w24.rocks/viewthread.php?tid=402180&extra=page%3D1%26amp%3Borderby%3Ddateline%26amp%3Bfilter%3Ddigest,0571杭州 学生母狗滴蜡6P轮奸 ]
2020/12/20 11:32:[https://f.w24.rocks/viewthread.php?tid=401950&extra=page%3D1%26amp%3Borderby%3Ddateline%26amp%3Bfilter%3Ddigest,珠三角学生情侣单男哥哥3p性奴JK学妹 多动图 （上 ]
2020/12/20 11:32:[https://f.w24.rocks/viewthread.php?tid=401727&extra=page%3D1%26amp%3Borderby%3Ddateline%26amp%3Bfilter%3Ddigest,江小喬一个4p+5p的小小活动（20p） ]
2020/12/20 11:32:[https://f.w24.rocks/viewthread.php?tid=401638&extra=page%3D1%26amp%3Borderby%3Ddateline%26amp%3Bfilter%3Ddigest,（腕疤哥）无套双飞内射轮插177]
2020/12/20 11:32:[https://f.w24.rocks/viewthread.php?tid=401533&extra=page%3D1%26amp%3Borderby%3Ddateline%26amp%3Bfilter%3Ddigest,小sal首次发帖，5p变两次3p，淫荡的小新娘。无码 ]
2020/12/20 11:32:[https://f.w24.rocks/viewthread.php?tid=401477&extra=page%3D1%26amp%3Borderby%3Ddateline%26amp%3Bfilter%3Ddigest,[漆黑S]魔都六男二女，极限淫乱的下午 ]
2020/12/20 11:33:[https://f.w24.rocks/viewthread.php?tid=401216&extra=page%3D1%26amp%3Borderby%3Ddateline%26amp%3Bfilter%3Ddigest,（2020最后一帖）美少妇与单男的中出活动日记 ]
2020/12/20 11:33:[https://f.w24.rocks/viewthread.php?tid=401363&extra=page%3D1%26amp%3Borderby%3Ddateline%26amp%3Bfilter%3Ddigest,(申精)魔都上海人妻 情趣内衣 黑丝 ]
2020/12/20 11:33:[https://f.w24.rocks/viewthread.php?tid=400783&extra=page%3D1%26amp%3Borderby%3Ddateline%26amp%3Bfilter%3Ddigest,萧哥撩妹——口暴毒龙幼师漂亮妹妹 ]
2020/12/20 11:33:[https://f.w24.rocks/viewthread.php?tid=400997&extra=page%3D1%26amp%3Borderby%3Ddateline%26amp%3Bfilter%3Ddigest,广州]
2020/12/20 11:33:[https://f.w24.rocks/viewthread.php?tid=400696&extra=page%3D1%26amp%3Borderby%3Ddateline%26amp%3Bfilter%3Ddigest,珠三角学生情侣泄欲工具品尝大一女友的粉嫩肉体 ]
2020/12/20 11:33:[https://f.w24.rocks/viewthread.php?tid=400566&extra=page%3D1%26amp%3Borderby%3Ddateline%26amp%3Bfilter%3Ddigest,0752骚逼老婆和情人泡温泉打野战口爆（下）白天篇 ]
2020/12/20 11:34:[https://f.w24.rocks/viewthread.php?tid=400464&extra=page%3D1%26amp%3Borderby%3Ddateline%26amp%3Bfilter%3Ddigest,C小姐电影院情节 第二次3P活动（0574宁波地区及周边） ]
2020/12/20 11:34:[https://f.w24.rocks/viewthread.php?tid=400313&extra=page%3D1%26amp%3Borderby%3Ddateline%26amp%3Bfilter%3Ddigest,重庆约推开门，看着老婆被单男捆绑、SM，冲刺！！ ]
2020/12/20 11:34:[https://f.w24.rocks/viewthread.php?tid=400169&extra=page%3D1%26amp%3Borderby%3Ddateline%26amp%3Bfilter%3Ddigest,极品OL美少妇的沉沦之路———第五次约会（多图） ]
2020/12/20 11:34:[https://f.w24.rocks/viewthread.php?tid=399886&extra=page%3D1%26amp%3Borderby%3Ddateline%26amp%3Bfilter%3Ddigest,珠三角学生QL无套三人行学长vs18岁大一女友附动图 ]
2020/12/20 11:35:[https://f.w24.rocks/viewthread.php?tid=399878&extra=page%3D1%26amp%3Borderby%3Ddateline%26amp%3Bfilter%3Ddigest,帝都老船长，禁不住兄弟央求，帮兄弟调教外企OL性感夫人 ]
2020/12/20 11:35:[https://f.w24.rocks/viewthread.php?tid=399495&extra=page%3D2%26amp%3Borderby%3Ddateline%26amp%3Bfilter%3Ddigest,申精0731地区 长腿骚妻首次3P成功 持续招募中。。。 ]
2020/12/20 11:35:[https://f.w24.rocks/viewthread.php?tid=399369&extra=page%3D2%26amp%3Borderby%3Ddateline%26amp%3Bfilter%3Ddigest,安徽原创夫妻青青公主，11月21继续收割单男 ]
2020/12/21 10:26:[https://f.w24.rocks/viewthread.php?tid=402587&extra=page%3D1%26amp%3Borderby%3Ddateline%26amp%3Bfilter%3D2592000,0371郑州优质小两口 ]
2020/12/21 10:26:[https://f.w24.rocks/viewthread.php?tid=402586&extra=page%3D1%26amp%3Borderby%3Ddateline%26amp%3Bfilter%3D2592000,0531 逗叔 喜肛塞的小骚货 ]
2020/12/21 10:26:[https://f.w24.rocks/viewthread.php?tid=402577&extra=page%3D1%26amp%3Borderby%3Ddateline%26amp%3Bfilter%3D2592000,广东夫妻找spa单男，和夫妻 ]
2020/12/21 10:26:[https://f.w24.rocks/viewthread.php?tid=402575&extra=page%3D1%26amp%3Borderby%3Ddateline%26amp%3Bfilter%3D2592000,90后老婆的蝴蝶逼，欢迎品鉴！请中出灌满！！ ]
2020/12/21 10:27:[https://f.w24.rocks/viewthread.php?tid=402566&extra=page%3D1%26amp%3Borderby%3Ddateline%26amp%3Bfilter%3D2592000,湘0743 #M# 收小胖妞M 大奶微胖妹 绿帽 ]
2020/12/21 10:27:[https://f.w24.rocks/viewthread.php?tid=402560&extra=page%3D1%26amp%3Borderby%3Ddateline%26amp%3Bfilter%3D2592000,川]
2020/12/21 10:27:[https://f.w24.rocks/viewthread.php?tid=402561&extra=page%3D1%26amp%3Borderby%3Ddateline%26amp%3Bfilter%3D2592000,代发地址053405310317，淫妻 ]
2020/12/21 10:27:[https://f.w24.rocks/viewthread.php?tid=402557&extra=page%3D1%26amp%3Borderby%3Ddateline%26amp%3Bfilter%3D2592000,代发，夫妻找福州平潭本地人调教人妻 ]
2020/12/21 10:27:[https://f.w24.rocks/viewthread.php?tid=402545&extra=page%3D1%26amp%3Borderby%3Ddateline%26amp%3Bfilter%3D2592000,申精！029老婆首次持牌认证照，西安丝控夫妻交友贴。 ]
2020/12/21 10:27:[https://f.w24.rocks/viewthread.php?tid=402542&extra=page%3D1%26amp%3Borderby%3Ddateline%26amp%3Bfilter%3D2592000,小骚货人前女神人后婊 ]
2020/12/21 10:27:[https://f.w24.rocks/viewthread.php?tid=402533&extra=page%3D2%26amp%3Borderby%3Ddateline%26amp%3Bfilter%3D2592000,010]
2020/12/21 10:27:[https://f.w24.rocks/viewthread.php?tid=402536&extra=page%3D2%26amp%3Borderby%3Ddateline%26amp%3Bfilter%3D2592000,0557  骚妻交友 ]
2020/12/21 10:27:[https://f.w24.rocks/viewthread.php?tid=402531&extra=page%3D2%26amp%3Borderby%3Ddateline%26amp%3Bfilter%3D2592000,云南人妻 ]
2020/12/21 10:27:[https://f.w24.rocks/viewthread.php?tid=402524&extra=page%3D2%26amp%3Borderby%3Ddateline%26amp%3Bfilter%3D2592000,交换视频相片寻找一下刺激，022夫妻。能验证的加 ]
2020/12/21 10:28:[https://f.w24.rocks/viewthread.php?tid=402523&extra=page%3D2%26amp%3Borderby%3Ddateline%26amp%3Bfilter%3D2592000,0537地区，一次成功的三人行，寻求周边优质夫妻单男 ]
2020/12/21 10:28:[https://f.w24.rocks/viewthread.php?tid=402520&extra=page%3D2%26amp%3Borderby%3Ddateline%26amp%3Bfilter%3D2592000,淫荡母狗，各式调教(捆绑，蒙眼，3p，固定，内射，舔脚) ]
2020/12/21 10:28:[https://f.w24.rocks/viewthread.php?tid=402513&extra=page%3D2%26amp%3Borderby%3Ddateline%26amp%3Bfilter%3D2592000,mcbt空姐口爆滴滴司机]
2020/12/21 10:28:[https://f.w24.rocks/viewthread.php?tid=402504&extra=page%3D2%26amp%3Borderby%3Ddateline%26amp%3Bfilter%3D2592000,坐标0633！绿帽献妻上门，帮老公开发调教贤淑人妻！ ]
2020/12/21 10:28:[https://f.w24.rocks/viewthread.php?tid=402502&extra=page%3D2%26amp%3Borderby%3Ddateline%26amp%3Bfilter%3D2592000,女友答应了!0757寻个专业spa兄弟 ]
2020/12/21 10:28:[https://f.w24.rocks/viewthread.php?tid=402487&extra=page%3D2%26amp%3Borderby%3Ddateline%26amp%3Bfilter%3D2592000,户外露出骚母狗少妇学生单女释放你的羞辱打开你的另一面 ]
2020/12/21 10:28:[https://f.w24.rocks/viewthread.php?tid=402449&extra=page%3D3%26amp%3Borderby%3Ddateline%26amp%3Bfilter%3D2592000,娇妻欲送我绿帽（江西） ]
2020/12/21 10:28:[https://f.w24.rocks/viewthread.php?tid=402375&extra=page%3D3%26amp%3Borderby%3Ddateline%26amp%3Bfilter%3D2592000,0757 ]
2020/12/22 08:59:[https://f.w24.rocks/viewthread.php?tid=402684&extra=page%3D1%26amp%3Borderby%3Ddateline%26amp%3Bfilter%3D2592000,新人，请多关照 ]
2020/12/22 08:59:[https://f.w24.rocks/viewthread.php?tid=402670&extra=page%3D1%26amp%3Borderby%3Ddateline%26amp%3Bfilter%3D2592000,湘0743 #M# 收小胖妞M 大奶微胖妹 绿帽 ]
2020/12/22 09:00:[https://f.w24.rocks/viewthread.php?tid=402673&extra=page%3D1%26amp%3Borderby%3Ddateline%26amp%3Bfilter%3D2592000,骚妻167颜值 身材 需要大众评审 ]
2020/12/22 09:00:[https://f.w24.rocks/viewthread.php?tid=402663&extra=page%3D1%26amp%3Borderby%3Ddateline%26amp%3Bfilter%3D2592000,淫妻大哥找我帮忙，用时2年之久，内射嫂子还有第一次口交 ]
2020/12/22 09:00:[https://f.w24.rocks/viewthread.php?tid=402657&extra=page%3D1%26amp%3Borderby%3Ddateline%26amp%3Bfilter%3D2592000,0631爆操绿奴丝袜人妻 ]
2020/12/22 09:00:[https://f.w24.rocks/viewthread.php?tid=402653&extra=page%3D1%26amp%3Borderby%3Ddateline%26amp%3Bfilter%3D2592000,0531附近的聊聊 ]
2020/12/22 09:00:[https://f.w24.rocks/viewthread.php?tid=402659&extra=page%3D1%26amp%3Borderby%3Ddateline%26amp%3Bfilter%3D2592000,010帝都极品异域美女——哈萨克斯坦美女 ]
2020/12/22 09:00:[https://f.w24.rocks/viewthread.php?tid=402651&extra=page%3D1%26amp%3Borderby%3Ddateline%26amp%3Bfilter%3D2592000,湘0743 #M# 收小胖妞M 大奶微胖妹 绿帽 ]
2020/12/22 09:00:[https://f.w24.rocks/viewthread.php?tid=402644&extra=page%3D1%26amp%3Borderby%3Ddateline%26amp%3Bfilter%3D2592000,聊城夫妻寻夫妻，单男 ]
2020/12/22 09:00:[https://f.w24.rocks/viewthread.php?tid=402642&extra=page%3D1%26amp%3Borderby%3Ddateline%26amp%3Bfilter%3D2592000,南京年轻单男寻单女本周活动，年龄越小越好需成年 ]
2020/12/22 09:00:[https://f.w24.rocks/viewthread.php?tid=402641&extra=page%3D1%26amp%3Borderby%3Ddateline%26amp%3Bfilter%3D2592000,看看骚妻的屄屄 ]
2020/12/22 09:00:[https://f.w24.rocks/viewthread.php?tid=402621&extra=page%3D2%26amp%3Borderby%3Ddateline%26amp%3Bfilter%3D2592000,90后夫妻0754汕头寻附近靠谱优质单男长期 ]
2020/12/22 09:00:[https://f.w24.rocks/viewthread.php?tid=402624&extra=page%3D2%26amp%3Borderby%3Ddateline%26amp%3Bfilter%3D2592000,上海，苏州素质单男，寻靠谱夫妻 ]
2020/12/22 09:01:[https://f.w24.rocks/viewthread.php?tid=402635&extra=page%3D2%26amp%3Borderby%3Ddateline%26amp%3Bfilter%3D2592000,深圳约绿帽老公，请摄影师给娇妻拍照，被咸猪手！ ]
2020/12/22 09:01:[https://f.w24.rocks/viewthread.php?tid=402598&extra=page%3D2%26amp%3Borderby%3Ddateline%26amp%3Bfilter%3D2592000,冬至都到了不吃饺子可以尝尝嫂子的味道么 ]
2020/12/22 09:01:[https://f.w24.rocks/viewthread.php?tid=402603&extra=page%3D2%26amp%3Borderby%3Ddateline%26amp%3Bfilter%3D2592000,90后老婆的蝴蝶骚逼，她问大家喜欢吗招募素质单男夫妻！ ]
2020/12/22 09:01:[https://f.w24.rocks/viewthread.php?tid=402591&extra=page%3D2%26amp%3Borderby%3Ddateline%26amp%3Bfilter%3D2592000,山东  0631爆操绿奴丝袜人妻 ]
2020/12/22 09:01:[https://f.w24.rocks/viewthread.php?tid=402592&extra=page%3D2%26amp%3Borderby%3Ddateline%26amp%3Bfilter%3D2592000,济南优质单男寻单女 情侣 单男勿扰 ]
2020/12/23 09:06:[https://f.w24.rocks/viewthread.php?tid=402808&extra=page%3D1%26amp%3Borderby%3Ddateline%26amp%3Bfilter%3D2592000,辽宁地区0412给高分女友找素质单男(版主大大求加精) ]
2020/12/23 09:07:[https://f.w24.rocks/viewthread.php?tid=402798&extra=page%3D1%26amp%3Borderby%3Ddateline%26amp%3Bfilter%3D2592000,南京月底高颜值情侣活动，更新一下包皮手术 ]
2020/12/23 09:07:[https://f.w24.rocks/viewthread.php?tid=402793&extra=page%3D1%26amp%3Borderby%3Ddateline%26amp%3Bfilter%3D2592000,视频网调听话妹妹 ]
2020/12/23 09:07:[https://f.w24.rocks/viewthread.php?tid=402803&extra=page%3D1%26amp%3Borderby%3Ddateline%26amp%3Bfilter%3D2592000,0745地区，风骚女教师勾引中。。 ]
2020/12/23 09:07:[https://f.w24.rocks/viewthread.php?tid=402773&extra=page%3D1%26amp%3Borderby%3Ddateline%26amp%3Bfilter%3D2592000,急急急！大连工业大学认识她的速度私聊我一起交流。 ]
2020/12/23 09:07:[https://f.w24.rocks/viewthread.php?tid=402791&extra=page%3D1%26amp%3Borderby%3Ddateline%26amp%3Bfilter%3D2592000,分享一下，极品老婆的骚照 ]
2020/12/23 09:07:[https://f.w24.rocks/viewthread.php?tid=402757&extra=page%3D1%26amp%3Borderby%3Ddateline%26amp%3Bfilter%3D2592000,0512苏州3p成单约 ]
2020/12/23 09:07:[https://f.w24.rocks/viewthread.php?tid=402754&extra=page%3D1%26amp%3Borderby%3Ddateline%26amp%3Bfilter%3D2592000,山东  0631爆操绿奴丝袜人妻 ]
2020/12/23 09:07:[https://f.w24.rocks/viewthread.php?tid=402753&extra=page%3D1%26amp%3Borderby%3Ddateline%26amp%3Bfilter%3D2592000,010素质女主招奴 ]
2020/12/23 09:07:[https://f.w24.rocks/viewthread.php?tid=402746&extra=page%3D2%26amp%3Borderby%3Ddateline%26amp%3Bfilter%3D2592000,苏州00后骚货 ]
2020/12/23 09:07:[https://f.w24.rocks/viewthread.php?tid=402749&extra=page%3D2%26amp%3Borderby%3Ddateline%26amp%3Bfilter%3D2592000,天津情侣，无门槛近期活动招募 ]
2020/12/23 09:07:[https://f.w24.rocks/viewthread.php?tid=402745&extra=page%3D2%26amp%3Borderby%3Ddateline%26amp%3Bfilter%3D2592000,湘0743 #M# 收小胖妞M 大奶微胖妹 绿帽 ]
2020/12/23 09:07:[https://f.w24.rocks/viewthread.php?tid=402742&extra=page%3D2%26amp%3Borderby%3Ddateline%26amp%3Bfilter%3D2592000,0755夫妻第一次参加活动 ]
2020/12/23 09:07:[https://f.w24.rocks/viewthread.php?tid=402747&extra=page%3D2%26amp%3Borderby%3Ddateline%26amp%3Bfilter%3D2592000,King 0311地区 老母狗人老变黑才发现年轻时想法多磨幼稚 ]
2020/12/23 09:07:[https://f.w24.rocks/viewthread.php?tid=402741&extra=page%3D2%26amp%3Borderby%3Ddateline%26amp%3Bfilter%3D2592000,深圳  南山 和情侣5P 约会已结束 ]
2020/12/23 09:07:[https://f.w24.rocks/viewthread.php?tid=402738&extra=page%3D2%26amp%3Borderby%3Ddateline%26amp%3Bfilter%3D2592000,人人都爱反差婊 ]
2020/12/23 09:07:[https://f.w24.rocks/viewthread.php?tid=402727&extra=page%3D2%26amp%3Borderby%3Ddateline%26amp%3Bfilter%3D2592000,0759周边寻夫妻或优质单男！ ]
2020/12/23 09:07:[https://f.w24.rocks/viewthread.php?tid=402731&extra=page%3D2%26amp%3Borderby%3Ddateline%26amp%3Bfilter%3D2592000,江苏宁镇扬结交夫妻情侣 ]
2020/12/23 09:08:[https://f.w24.rocks/viewthread.php?tid=402707&extra=page%3D2%26amp%3Borderby%3Ddateline%26amp%3Bfilter%3D2592000,（起点S收女M）苏州地区收反差婊猫奴狗奴，绿奴交友 ]
2020/12/23 09:08:[https://f.w24.rocks/viewthread.php?tid=402691&extra=page%3D2%26amp%3Borderby%3Ddateline%26amp%3Bfilter%3D2592000,安徽阜阳市市区元旦3P寻伴_0558地区 ]
2020/12/23 09:08:[https://f.w24.rocks/viewthread.php?tid=402702&extra=page%3D2%26amp%3Borderby%3Ddateline%26amp%3Bfilter%3D2592000,深圳 0755 夫妻交友联谊 ]
2020/12/23 09:08:[https://f.w24.rocks/viewthread.php?tid=402687&extra=page%3D2%26amp%3Borderby%3Ddateline%26amp%3Bfilter%3D2592000,吉林地区，这次真的是简单的调教。 ]
2020/12/23 09:08:[https://f.w24.rocks/viewthread.php?tid=402713&extra=page%3D2%26amp%3Borderby%3Ddateline%26amp%3Bfilter%3D2592000,坐标0754汕头，召集优秀单男 ]
2020/12/23 09:08:[https://f.w24.rocks/viewthread.php?tid=402591&extra=page%3D3%26amp%3Borderby%3Ddateline%26amp%3Bfilter%3D2592000,山东  0631爆操绿奴丝袜人妻 ]
2020/12/24 08:59:[https://f.w24.rocks/viewthread.php?tid=402946&extra=page%3D1%26amp%3Borderby%3Ddateline%26amp%3Bfilter%3D2592000,黑丝老婆刮毛插入喜欢吗求优质单男3P ]
2020/12/24 08:59:[https://f.w24.rocks/viewthread.php?tid=402942&extra=page%3D1%26amp%3Borderby%3Ddateline%26amp%3Bfilter%3D2592000,成都周末泡个温泉群调人妻贱妇过期删帖 ]
2020/12/24 08:59:[https://f.w24.rocks/viewthread.php?tid=402939&extra=page%3D1%26amp%3Borderby%3Ddateline%26amp%3Bfilter%3D2592000,本周五晚上！常州0519，情侣同房不换！ ]
2020/12/24 08:59:[https://f.w24.rocks/viewthread.php?tid=402943&extra=page%3D1%26amp%3Borderby%3Ddateline%26amp%3Bfilter%3D2592000,0530淫妻 喜提邀请码 分享几张骚妻 ]
2020/12/24 08:59:[https://f.w24.rocks/viewthread.php?tid=402937&extra=page%3D1%26amp%3Borderby%3Ddateline%26amp%3Bfilter%3D2592000,吸粉，请友友们关注关注，不定期更新新的内容 ]
2020/12/24 08:59:[https://f.w24.rocks/viewthread.php?tid=402920&extra=page%3D1%26amp%3Borderby%3Ddateline%26amp%3Bfilter%3D2592000,湘0743 #M# 收小胖妞M 大奶微胖妹 绿帽 ]
2020/12/24 08:59:[https://f.w24.rocks/viewthread.php?tid=402903&extra=page%3D1%26amp%3Borderby%3Ddateline%26amp%3Bfilter%3D2592000,山东  0631爆操绿奴丝袜人妻 ]
2020/12/24 08:59:[https://f.w24.rocks/viewthread.php?tid=402910&extra=page%3D1%26amp%3Borderby%3Ddateline%26amp%3Bfilter%3D2592000,南京年轻单男寻单女近几日活动，年龄越小越好 ]
2020/12/24 08:59:[https://f.w24.rocks/viewthread.php?tid=402911&extra=page%3D1%26amp%3Borderby%3Ddateline%26amp%3Bfilter%3D2592000,小母狗寂寞发骚敞开你的另一面 ]
2020/12/24 08:59:[https://f.w24.rocks/viewthread.php?tid=402897&extra=page%3D2%26amp%3Borderby%3Ddateline%26amp%3Bfilter%3D2592000,King0311地区 穿针引线淫荡母狗 ]
2020/12/24 08:59:[https://f.w24.rocks/viewthread.php?tid=402882&extra=page%3D2%26amp%3Borderby%3Ddateline%26amp%3Bfilter%3D2592000,湘0743 #M# 收小胖妞M 大奶微胖妹 绿帽 ]
2020/12/24 08:59:[https://f.w24.rocks/viewthread.php?tid=402886&extra=page%3D2%26amp%3Borderby%3Ddateline%26amp%3Bfilter%3D2592000,[原创id认证]兄弟历时5天速推单位青睐已久的应届实习生 ]
2020/12/24 08:59:[https://f.w24.rocks/viewthread.php?tid=402878&extra=page%3D2%26amp%3Borderby%3Ddateline%26amp%3Bfilter%3D2592000,0451哈尔滨高颜值情侣 寻素质夫妻 单女 女M ]
2020/12/24 08:59:[https://f.w24.rocks/viewthread.php?tid=402880&extra=page%3D2%26amp%3Borderby%3Ddateline%26amp%3Bfilter%3D2592000,南京年轻单男寻单女本周活动，年龄越小越好需满18 ]
2020/12/24 08:59:[https://f.w24.rocks/viewthread.php?tid=402866&extra=page%3D2%26amp%3Borderby%3Ddateline%26amp%3Bfilter%3D2592000,0772柳州，韦爵爷玩弄白胖肥臀骚逼熟女 ]
2020/12/24 09:00:[https://f.w24.rocks/viewthread.php?tid=402860&extra=page%3D2%26amp%3Borderby%3Ddateline%26amp%3Bfilter%3D2592000,上海 180身高 00后模特 （12月27日前可以交换、分享） ]
2020/12/24 09:00:[https://f.w24.rocks/viewthread.php?tid=402863&extra=page%3D2%26amp%3Borderby%3Ddateline%26amp%3Bfilter%3D2592000,榨汁姬 丝袜脚榨精 丝袜控福利 ]
2020/12/24 09:00:[https://f.w24.rocks/viewthread.php?tid=402859&extra=page%3D2%26amp%3Borderby%3Ddateline%26amp%3Bfilter%3D2592000,绿帽上瘾再次送人妻上门，本主继续调教！坐标山东日照！ ]
2020/12/24 09:00:[https://f.w24.rocks/viewthread.php?tid=402851&extra=page%3D2%26amp%3Borderby%3Ddateline%26amp%3Bfilter%3D2592000,淫妻公園全裸露出做愛 ]
2020/12/24 09:00:[https://f.w24.rocks/viewthread.php?tid=402861&extra=page%3D2%26amp%3Borderby%3Ddateline%26amp%3Bfilter%3D2592000,我的巨臀女神…… ]
2020/12/24 09:00:[https://f.w24.rocks/viewthread.php?tid=402850&extra=page%3D2%26amp%3Borderby%3Ddateline%26amp%3Bfilter%3D2592000,上海、苏州素质单男，有颜值，有经济基础 ]
2020/12/24 09:00:[https://f.w24.rocks/viewthread.php?tid=402843&extra=page%3D2%26amp%3Borderby%3Ddateline%26amp%3Bfilter%3D2592000,寻找志同道合的河南夫妻 ]
2020/12/24 09:00:[https://f.w24.rocks/viewthread.php?tid=402831&extra=page%3D2%26amp%3Borderby%3Ddateline%26amp%3Bfilter%3D2592000,无聊，分享个网调乱伦。 ]
2020/12/24 09:00:[https://f.w24.rocks/viewthread.php?tid=402826&extra=page%3D3%26amp%3Borderby%3Ddateline%26amp%3Bfilter%3D2592000,无锡0510 山东好客 ]
2020/12/24 09:00:[https://f.w24.rocks/viewthread.php?tid=402823&extra=page%3D3%26amp%3Borderby%3Ddateline%26amp%3Bfilter%3D2592000,0754一次SPA，失败的3P ]
2020/12/24 09:00:[https://f.w24.rocks/viewthread.php?tid=402818&extra=page%3D3%26amp%3Borderby%3Ddateline%26amp%3Bfilter%3D2592000,0431吉林长春希望你有趣·不只是纵欲 ]
2020/12/24 09:00:[https://f.w24.rocks/viewthread.php?tid=402707&extra=page%3D4%26amp%3Borderby%3Ddateline%26amp%3Bfilter%3D2592000,（起点S收女M）苏州地区收反差婊猫奴狗奴，绿奴交友 ]
2020/12/25 09:01:[https://f.w24.rocks/viewthread.php?tid=403088&extra=page%3D1%26amp%3Borderby%3Ddateline%26amp%3Bfilter%3D2592000,无锡大哥出差，让我单约嫂子做SPA， ]
2020/12/25 09:01:[https://f.w24.rocks/viewthread.php?tid=403087&extra=page%3D1%26amp%3Borderby%3Ddateline%26amp%3Bfilter%3D2592000,超爱喷水的老婆分享，潮汕地区。 ]
2020/12/25 09:01:[https://f.w24.rocks/viewthread.php?tid=403086&extra=page%3D1%26amp%3Borderby%3Ddateline%26amp%3Bfilter%3D2592000,平安夜里挨操的圣诞小鹿女 ]
2020/12/25 09:01:[https://f.w24.rocks/viewthread.php?tid=403079&extra=page%3D1%26amp%3Borderby%3Ddateline%26amp%3Bfilter%3D2592000,0537贡献十人斩骚妻 招优质单男 ]
2020/12/25 09:01:[https://f.w24.rocks/viewthread.php?tid=403078&extra=page%3D1%26amp%3Borderby%3Ddateline%26amp%3Bfilter%3D2592000,少妇小喵平安夜的放荡 ]
2020/12/25 09:01:[https://f.w24.rocks/viewthread.php?tid=403077&extra=page%3D1%26amp%3Borderby%3Ddateline%26amp%3Bfilter%3D2592000,平安夜 收M 大奶M 大屁股M]
2020/12/25 09:01:[https://f.w24.rocks/viewthread.php?tid=403067&extra=page%3D1%26amp%3Borderby%3Ddateline%26amp%3Bfilter%3D2592000,爱爱找人语音刺激，可现实 ]
2020/12/25 09:01:[https://f.w24.rocks/viewthread.php?tid=403075&extra=page%3D1%26amp%3Borderby%3Ddateline%26amp%3Bfilter%3D2592000,King0311地区 平安夜很平安正在调教中 ]
2020/12/25 09:02:[https://f.w24.rocks/viewthread.php?tid=403076&extra=page%3D1%26amp%3Borderby%3Ddateline%26amp%3Bfilter%3D2592000,苏州夫妻寻初入淫妻同好交流 ]
2020/12/25 09:02:[https://f.w24.rocks/viewthread.php?tid=403066&extra=page%3D1%26amp%3Borderby%3Ddateline%26amp%3Bfilter%3D2592000,上海元旦有没有夫妻情侣一起浪 ]
2020/12/25 09:02:[https://f.w24.rocks/viewthread.php?tid=403065&extra=page%3D2%26amp%3Borderby%3Ddateline%26amp%3Bfilter%3D2592000,0531斯文的外表，火辣的内心 ]
2020/12/25 09:02:[https://f.w24.rocks/viewthread.php?tid=403062&extra=page%3D2%26amp%3Borderby%3Ddateline%26amp%3Bfilter%3D2592000,平安夜 收M 大奶M 大屁股M]
2020/12/25 09:02:[https://f.w24.rocks/viewthread.php?tid=403051&extra=page%3D2%26amp%3Borderby%3Ddateline%26amp%3Bfilter%3D2592000,汕头！交换！顺便组这边的圈子！ ]
2020/12/25 09:02:[https://f.w24.rocks/viewthread.php?tid=403058&extra=page%3D2%26amp%3Borderby%3Ddateline%26amp%3Bfilter%3D2592000,King0311地区 平安夜高冷贱母狗接纳自我淫荡内心 ]
2020/12/25 09:02:[https://f.w24.rocks/viewthread.php?tid=403044&extra=page%3D2%26amp%3Borderby%3Ddateline%26amp%3Bfilter%3D2592000,0533平安夜圣诞节有一起过得夫妻情侣么 ]
2020/12/25 09:02:[https://f.w24.rocks/viewthread.php?tid=403046&extra=page%3D2%26amp%3Borderby%3Ddateline%26amp%3Bfilter%3D2592000,平安夜 收M 大奶M 大屁股M]
2020/12/25 09:02:[https://f.w24.rocks/viewthread.php?tid=403045&extra=page%3D2%26amp%3Borderby%3Ddateline%26amp%3Bfilter%3D2592000,湘0743 #M# 收小胖妞M 大奶微胖妹 绿帽 ]
2020/12/25 09:02:[https://f.w24.rocks/viewthread.php?tid=403050&extra=page%3D2%26amp%3Borderby%3Ddateline%26amp%3Bfilter%3D2592000,穿情趣超短旗袍夜店露出勾引男人3 13p ]
2020/12/25 09:02:[https://f.w24.rocks/viewthread.php?tid=403025&extra=page%3D2%26amp%3Borderby%3Ddateline%26amp%3Bfilter%3D2592000,坐标广东身材火爆，喜欢玉足丝袜吗（可赠送原味！） ]
2020/12/25 09:02:[https://f.w24.rocks/viewthread.php?tid=403016&extra=page%3D2%26amp%3Borderby%3Ddateline%26amp%3Bfilter%3D2592000,023重庆区县夫妻寻黔酉秀情侣夫妻 ]
2020/12/25 09:02:[https://f.w24.rocks/viewthread.php?tid=403013&extra=page%3D2%26amp%3Borderby%3Ddateline%26amp%3Bfilter%3D2592000,长腿黑丝锦儿的美鲍插入大肉棒（海航制服预告）挂某垃圾 ]
2020/12/25 09:02:[https://f.w24.rocks/viewthread.php?tid=403012&extra=page%3D2%26amp%3Borderby%3Ddateline%26amp%3Bfilter%3D2592000,90后夫妻出差上海，娇妻寻大屌单男圣诞3P活动 ]
2020/12/25 09:02:[https://f.w24.rocks/viewthread.php?tid=403004&extra=page%3D2%26amp%3Borderby%3Ddateline%26amp%3Bfilter%3D2592000,江浙沪寻靠谱单男！ ]
2020/12/25 09:02:[https://f.w24.rocks/viewthread.php?tid=402999&extra=page%3D2%26amp%3Borderby%3Ddateline%26amp%3Bfilter%3D2592000,喜欢丝袜的爱好者进来 ]
2020/12/25 09:02:[https://f.w24.rocks/viewthread.php?tid=402998&extra=page%3D2%26amp%3Borderby%3Ddateline%26amp%3Bfilter%3D2592000,广东！汕头！交换！交换！拒单 ]
2020/12/25 09:03:[https://f.w24.rocks/viewthread.php?tid=402983&extra=page%3D3%26amp%3Borderby%3Ddateline%26amp%3Bfilter%3D2592000,管理员，请帮忙删除此贴子 ]
2020/12/25 09:03:[https://f.w24.rocks/viewthread.php?tid=402989&extra=page%3D3%26amp%3Borderby%3Ddateline%26amp%3Bfilter%3D2592000,023小狼整理老照片 ]
2020/12/25 09:03:[https://f.w24.rocks/viewthread.php?tid=402978&extra=page%3D3%26amp%3Borderby%3Ddateline%26amp%3Bfilter%3D2592000,King0311地区 护理学生任务奴]
2020/12/25 09:03:[https://f.w24.rocks/viewthread.php?tid=402975&extra=page%3D3%26amp%3Borderby%3Ddateline%26amp%3Bfilter%3D2592000,0531 逗叔 内射极品短发人妻 ]
2020/12/25 09:03:[https://f.w24.rocks/viewthread.php?tid=402969&extra=page%3D3%26amp%3Borderby%3Ddateline%26amp%3Bfilter%3D2592000,区域露脸接龙，0335骚货一枚，认识的交流一下（蕾） ]
2020/12/25 09:03:[https://f.w24.rocks/viewthread.php?tid=402961&extra=page%3D3%26amp%3Borderby%3Ddateline%26amp%3Bfilter%3D2592000,代发，0536夫妻寻长期颜值素质单男 ]
2020/12/25 09:03:[https://f.w24.rocks/viewthread.php?tid=402956&extra=page%3D3%26amp%3Borderby%3Ddateline%26amp%3Bfilter%3D2592000,mcbt年度大片5p空姐预告]
2020/12/25 09:03:[https://f.w24.rocks/viewthread.php?tid=402942&extra=page%3D3%26amp%3Borderby%3Ddateline%26amp%3Bfilter%3D2592000,成都周末泡个温泉群调人妻贱妇过期删帖 ]
2020/12/25 09:03:[https://f.w24.rocks/viewthread.php?tid=402880&extra=page%3D4%26amp%3Borderby%3Ddateline%26amp%3Bfilter%3D2592000,南京年轻单男寻单女本周活动，年龄越小越好需满18 ]
2020/12/27 10:47:[https://f.w24.rocks/viewthread.php?tid=403334&extra=page%3D1%26amp%3Borderby%3Ddateline%26amp%3Bfilter%3D2592000,00后，认识的交流，药儿无伞吧儿起把无药 ]
2020/12/27 10:47:[https://f.w24.rocks/viewthread.php?tid=403323&extra=page%3D1%26amp%3Borderby%3Ddateline%26amp%3Bfilter%3D2592000,南京小娇妻客串兼职寻金主玩情节 ]
2020/12/27 10:47:[https://f.w24.rocks/viewthread.php?tid=403301&extra=page%3D1%26amp%3Borderby%3Ddateline%26amp%3Bfilter%3D2592000,北京给宝贝娇妻找单男 ]
2020/12/27 10:47:[https://f.w24.rocks/viewthread.php?tid=403286&extra=page%3D1%26amp%3Borderby%3Ddateline%26amp%3Bfilter%3D2592000,（起点S收女M）绿奴的世界一般人不懂 绿奴献妻 ]
2020/12/27 10:47:[https://f.w24.rocks/viewthread.php?tid=403275&extra=page%3D1%26amp%3Borderby%3Ddateline%26amp%3Bfilter%3D2592000,0531性感骚妻黑丝激战单男，高潮不断 ]
2020/12/27 10:47:[https://f.w24.rocks/viewthread.php?tid=403282&extra=page%3D1%26amp%3Borderby%3Ddateline%26amp%3Bfilter%3D2592000,山东  0631爆操绿奴丝袜人妻 ]
2020/12/27 10:47:[https://f.w24.rocks/viewthread.php?tid=403271&extra=page%3D1%26amp%3Borderby%3Ddateline%26amp%3Bfilter%3D2592000,成都夫妻找素质夫妻和单男 ]
2020/12/27 10:47:[https://f.w24.rocks/viewthread.php?tid=403272&extra=page%3D1%26amp%3Borderby%3Ddateline%26amp%3Bfilter%3D2592000,调教帝都170+白虎女M ]
2020/12/27 10:47:[https://f.w24.rocks/viewthread.php?tid=403268&extra=page%3D2%26amp%3Borderby%3Ddateline%26amp%3Bfilter%3D2592000,湘 收M 大奶M 大屁股M]
2020/12/27 10:47:[https://f.w24.rocks/viewthread.php?tid=403252&extra=page%3D2%26amp%3Borderby%3Ddateline%26amp%3Bfilter%3D2592000,接龙游戏，认识的私下交流 ]
2020/12/27 10:47:[https://f.w24.rocks/viewthread.php?tid=403249&extra=page%3D2%26amp%3Borderby%3Ddateline%26amp%3Bfilter%3D2592000,020广州，珠三角地区寻单男一，要求如下 ]
2020/12/27 10:47:[https://f.w24.rocks/viewthread.php?tid=403245&extra=page%3D2%26amp%3Borderby%3Ddateline%26amp%3Bfilter%3D2592000,[昆明]高原拉练 ]
2020/12/27 10:48:[https://f.w24.rocks/viewthread.php?tid=403244&extra=page%3D2%26amp%3Borderby%3Ddateline%26amp%3Bfilter%3D2592000,非常听话的学生女M调教，帝都收女M ]
2020/12/27 10:48:[https://f.w24.rocks/viewthread.php?tid=403229&extra=page%3D2%26amp%3Borderby%3Ddateline%26amp%3Bfilter%3D2592000,023颜值夫妻出差上海，寻大屌单男限今晚活动 ]
2020/12/27 10:48:[https://f.w24.rocks/viewthread.php?tid=403236&extra=page%3D2%26amp%3Borderby%3Ddateline%26amp%3Bfilter%3D2592000,今晚！福建厦门活动！！目前2男1女！不要单了！ ]
2020/12/27 10:48:[https://f.w24.rocks/viewthread.php?tid=403220&extra=page%3D2%26amp%3Borderby%3Ddateline%26amp%3Bfilter%3D2592000,上海 180身高 00后模特 （12月28日前可以交换、分享） ]
2020/12/27 10:48:[https://f.w24.rocks/viewthread.php?tid=403214&extra=page%3D2%26amp%3Borderby%3Ddateline%26amp%3Bfilter%3D2592000,国际庄91大叔，上次约拍还是9月份，女主得来不易 ]
2020/12/27 10:48:[https://f.w24.rocks/viewthread.php?tid=403218&extra=page%3D2%26amp%3Borderby%3Ddateline%26amp%3Bfilter%3D2592000,今天明天！厦门活动！交换！目前2男1女！ ]
2020/12/27 10:48:[https://f.w24.rocks/viewthread.php?tid=403208&extra=page%3D2%26amp%3Borderby%3Ddateline%26amp%3Bfilter%3D2592000,珠三角0769 寻颜值情侣单男活动 ]
2020/12/27 10:48:[https://f.w24.rocks/viewthread.php?tid=403209&extra=page%3D2%26amp%3Borderby%3Ddateline%26amp%3Bfilter%3D2592000,（金主活动）北京疫情，补发年中小约 ]
2020/12/27 10:48:[https://f.w24.rocks/viewthread.php?tid=403211&extra=page%3D2%26amp%3Borderby%3Ddateline%26amp%3Bfilter%3D2592000,大奶妹，我是感觉超值 ]
2020/12/27 10:48:[https://f.w24.rocks/viewthread.php?tid=403206&extra=page%3D2%26amp%3Borderby%3Ddateline%26amp%3Bfilter%3D2592000,0451情侣招找单女 夫妻或情侣活动 ]
2020/12/27 10:48:[https://f.w24.rocks/viewthread.php?tid=403237&extra=page%3D2%26amp%3Borderby%3Ddateline%26amp%3Bfilter%3D2592000,替日照的夫妻朋友寻单男！！！！ ]
2020/12/27 10:48:[https://f.w24.rocks/viewthread.php?tid=403204&extra=page%3D3%26amp%3Borderby%3Ddateline%26amp%3Bfilter%3D2592000,你的老师我的狗，你的女神我的奴 ]
2020/12/27 10:48:[https://f.w24.rocks/viewthread.php?tid=403201&extra=page%3D3%26amp%3Borderby%3Ddateline%26amp%3Bfilter%3D2592000,0312地区招单男 ]
2020/12/27 10:48:[https://f.w24.rocks/viewthread.php?tid=403197&extra=page%3D3%26amp%3Borderby%3Ddateline%26amp%3Bfilter%3D2592000,老哥提前回家只能对着嫂子的照片射屏了 ]
2020/12/27 10:48:[https://f.w24.rocks/viewthread.php?tid=403193&extra=page%3D3%26amp%3Borderby%3Ddateline%26amp%3Bfilter%3D2592000,0755丝袜爱好者交流 ]
2020/12/27 10:48:[https://f.w24.rocks/viewthread.php?tid=403194&extra=page%3D3%26amp%3Borderby%3Ddateline%26amp%3Bfilter%3D2592000,老婆和在一起四年的单男嗨起来了，招0373长期干净素质单男 ]
2020/12/27 10:49:[https://f.w24.rocks/viewthread.php?tid=403188&extra=page%3D3%26amp%3Borderby%3Ddateline%26amp%3Bfilter%3D2592000,人妻母狗反差婊一次全身心的投入 ]
2020/12/27 10:49:[https://f.w24.rocks/viewthread.php?tid=403191&extra=page%3D3%26amp%3Borderby%3Ddateline%26amp%3Bfilter%3D2592000,扬州地区同房不换，不一样的体验尝试。 ]
2020/12/27 10:49:[https://f.w24.rocks/viewthread.php?tid=403187&extra=page%3D3%26amp%3Borderby%3Ddateline%26amp%3Bfilter%3D2592000,小兔女郎江浙沪 ]
2020/12/27 10:49:[https://f.w24.rocks/viewthread.php?tid=403185&extra=page%3D3%26amp%3Borderby%3Ddateline%26amp%3Bfilter%3D2592000,娇小的身体里藏着一头老虎，娇嫩的身体要承受巨大的冲击 ]
2020/12/27 10:49:[https://f.w24.rocks/viewthread.php?tid=403182&extra=page%3D3%26amp%3Borderby%3Ddateline%26amp%3Bfilter%3D2592000,圣诞节 收M 大奶M 大屁股M]
2020/12/27 10:49:[https://f.w24.rocks/viewthread.php?tid=403181&extra=page%3D3%26amp%3Borderby%3Ddateline%26amp%3Bfilter%3D2592000,上海海龟大尺寸武器单男找单女情侣夫妻圣诞周末活动 ]
2020/12/27 10:49:[https://f.w24.rocks/viewthread.php?tid=403179&extra=page%3D3%26amp%3Borderby%3Ddateline%26amp%3Bfilter%3D2592000,重发夫妻平安夜约单男，来几张特写交作业 ]
2020/12/27 10:49:[https://f.w24.rocks/viewthread.php?tid=403176&extra=page%3D3%26amp%3Borderby%3Ddateline%26amp%3Bfilter%3D2592000,魔都附近寻女m，绿帽，可网调可现实 ]
2020/12/27 10:49:[https://f.w24.rocks/viewthread.php?tid=403173&extra=page%3D3%26amp%3Borderby%3Ddateline%26amp%3Bfilter%3D2592000,0551地区，一次计划外的活动，家中首次3p小嫂子 ]
2020/12/27 10:49:[https://f.w24.rocks/viewthread.php?tid=403169&extra=page%3D3%26amp%3Borderby%3Ddateline%26amp%3Bfilter%3D2592000,日益严重的绿帽情节 ]
2020/12/27 10:49:[https://f.w24.rocks/viewthread.php?tid=403146&extra=page%3D4%26amp%3Borderby%3Ddateline%26amp%3Bfilter%3D2592000,素质夫妻交流群欢迎加入，仅限夫妻 ]
2020/12/27 10:49:[https://f.w24.rocks/viewthread.php?tid=403158&extra=page%3D4%26amp%3Borderby%3Ddateline%26amp%3Bfilter%3D2592000,临沂98年女友的大屁屁 ]
2020/12/27 10:49:[https://f.w24.rocks/viewthread.php?tid=403154&extra=page%3D4%26amp%3Borderby%3Ddateline%26amp%3Bfilter%3D2592000,长白夜雨圣诞夜发布 一组唯美一些的私房性感写真 ]
2020/12/27 10:49:[https://f.w24.rocks/viewthread.php?tid=403155&extra=page%3D4%26amp%3Borderby%3Ddateline%26amp%3Bfilter%3D2592000,祝福91的狼友们圣诞快乐！！！ ]
2020/12/27 10:49:[https://f.w24.rocks/viewthread.php?tid=403152&extra=page%3D4%26amp%3Borderby%3Ddateline%26amp%3Bfilter%3D2592000,江浙沪新人]
2020/12/27 10:49:[https://f.w24.rocks/viewthread.php?tid=403136&extra=page%3D4%26amp%3Borderby%3Ddateline%26amp%3Bfilter%3D2592000,（起点S收女M）有苏州大学文正学院的加我 好玩的哦 ]
2020/12/27 10:49:[https://f.w24.rocks/viewthread.php?tid=403139&extra=page%3D4%26amp%3Borderby%3Ddateline%26amp%3Bfilter%3D2592000,肇庆圣诞节，有没有带炮友一起玩的，串门p ]
2020/12/27 10:49:[https://f.w24.rocks/viewthread.php?tid=403134&extra=page%3D4%26amp%3Borderby%3Ddateline%26amp%3Bfilter%3D2592000,上海，苏州素质单男，寻靠谱夫妻 ]
2020/12/27 10:50:[https://f.w24.rocks/viewthread.php?tid=403133&extra=page%3D4%26amp%3Borderby%3Ddateline%26amp%3Bfilter%3D2592000,0631爆操绿奴丝袜人妻 ]
2020/12/27 10:50:[https://f.w24.rocks/viewthread.php?tid=403130&extra=page%3D4%26amp%3Borderby%3Ddateline%26amp%3Bfilter%3D2592000,情人在家勾引我 ]
2020/12/27 10:50:[https://f.w24.rocks/viewthread.php?tid=403121&extra=page%3D4%26amp%3Borderby%3Ddateline%26amp%3Bfilter%3D2592000,King0311地区 网络调教独守空房已婚中年母狗 ]
2020/12/27 10:50:[https://f.w24.rocks/viewthread.php?tid=403117&extra=page%3D4%26amp%3Borderby%3Ddateline%26amp%3Bfilter%3D2592000,大三学生妹的jk制服调教，外加多个精彩动图 ]
2020/12/27 10:50:[https://f.w24.rocks/viewthread.php?tid=403122&extra=page%3D4%26amp%3Borderby%3Ddateline%26amp%3Bfilter%3D2592000,（起点S收女M）绿奴的世界 还在犹豫什么 组织需要你 ]
2020/12/27 10:50:[https://f.w24.rocks/viewthread.php?tid=403115&extra=page%3D4%26amp%3Borderby%3Ddateline%26amp%3Bfilter%3D2592000,[珠三角]翘臀骚妻爱上情趣内衣，寻优质单男 ]
2020/12/27 10:50:[https://f.w24.rocks/viewthread.php?tid=403108&extra=page%3D4%26amp%3Borderby%3Ddateline%26amp%3Bfilter%3D2592000,年底前杭州聚会，诚寻夫妻、情侣、单女 ]
2020/12/27 10:50:[https://f.w24.rocks/viewthread.php?tid=403112&extra=page%3D4%26amp%3Borderby%3Ddateline%26amp%3Bfilter%3D2592000,辽宁软软0412鞍山肉便器人妻兔女郎装 ]
2020/12/28 09:02:[https://f.w24.rocks/viewthread.php?tid=403461&extra=page%3D1%26amp%3Borderby%3Ddateline%26amp%3Bfilter%3D2592000,0319单男约大屁股校友 ]
2020/12/28 09:02:[https://f.w24.rocks/viewthread.php?tid=403445&extra=page%3D1%26amp%3Borderby%3Ddateline%26amp%3Bfilter%3D2592000,这大屁股过瘾 ]
2020/12/28 09:02:[https://f.w24.rocks/viewthread.php?tid=403446&extra=page%3D1%26amp%3Borderby%3Ddateline%26amp%3Bfilter%3D2592000,0871昆明白皙少妇。改天去干她再发后续。附聊天记录 ]
2020/12/28 09:02:[https://f.w24.rocks/viewthread.php?tid=403431&extra=page%3D1%26amp%3Borderby%3Ddateline%26amp%3Bfilter%3D2592000,杭州骚妻黑丝巨臀分享 ]
2020/12/28 09:02:[https://f.w24.rocks/viewthread.php?tid=403427&extra=page%3D1%26amp%3Borderby%3Ddateline%26amp%3Bfilter%3D2592000,泛着微光的古铜色无缝丝袜 ]
2020/12/28 09:02:[https://f.w24.rocks/viewthread.php?tid=403423&extra=page%3D1%26amp%3Borderby%3Ddateline%26amp%3Bfilter%3D2592000,上海夫妻找单男4P ]
2020/12/28 09:02:[https://f.w24.rocks/viewthread.php?tid=403422&extra=page%3D1%26amp%3Borderby%3Ddateline%26amp%3Bfilter%3D2592000,小骚骚开始发浪了，见证一下 ]
2020/12/28 09:02:[https://f.w24.rocks/viewthread.php?tid=403420&extra=page%3D1%26amp%3Borderby%3Ddateline%26amp%3Bfilter%3D2592000,射屏联系!这你能不硬 ]
2020/12/28 09:02:[https://f.w24.rocks/viewthread.php?tid=403406&extra=page%3D1%26amp%3Borderby%3Ddateline%26amp%3Bfilter%3D2592000,寻承德优质单男 ]
2020/12/28 09:02:[https://f.w24.rocks/viewthread.php?tid=403407&extra=page%3D1%26amp%3Borderby%3Ddateline%26amp%3Bfilter%3D2592000,上海羡慕单男给骚妻找单男 喜欢人妻的来 ]
2020/12/28 09:02:[https://f.w24.rocks/viewthread.php?tid=403399&extra=page%3D2%26amp%3Borderby%3Ddateline%26amp%3Bfilter%3D2592000,老婆给单男的福利！！（024） ]
2020/12/28 09:02:[https://f.w24.rocks/viewthread.php?tid=403391&extra=page%3D2%26amp%3Borderby%3Ddateline%26amp%3Bfilter%3D2592000,湘0743 #M# 收小胖妞M 大奶微胖妹 绿帽 ]
2020/12/28 09:02:[https://f.w24.rocks/viewthread.php?tid=403390&extra=page%3D2%26amp%3Borderby%3Ddateline%26amp%3Bfilter%3D2592000,绿帽送性感人妻上门被调教之淫荡厨娘！敬请期待客厅系列 ]
2020/12/28 09:03:[https://f.w24.rocks/viewthread.php?tid=403389&extra=page%3D2%26amp%3Borderby%3Ddateline%26amp%3Bfilter%3D2592000,King0311地区 坦克女展现淫贱风骚一面 ]
2020/12/28 09:03:[https://f.w24.rocks/viewthread.php?tid=403388&extra=page%3D2%26amp%3Borderby%3Ddateline%26amp%3Bfilter%3D2592000,标题大奶私教无套硬怼！ ]
2020/12/28 09:03:[https://f.w24.rocks/viewthread.php?tid=403385&extra=page%3D2%26amp%3Borderby%3Ddateline%26amp%3Bfilter%3D2592000,2021跨年活动 女主多多 同好的来 ]
2020/12/28 09:03:[https://f.w24.rocks/viewthread.php?tid=403373&extra=page%3D2%26amp%3Borderby%3Ddateline%26amp%3Bfilter%3D2592000,坐标0312开车流动，饭店啪啪求关注 ]
2020/12/28 09:03:[https://f.w24.rocks/viewthread.php?tid=403370&extra=page%3D2%26amp%3Borderby%3Ddateline%26amp%3Bfilter%3D2592000,代网友发帖淫妻求射屏 ]
2020/12/29 09:10:[https://f.w24.rocks/viewthread.php?tid=403461&extra=page%3D1%26amp%3Borderby%3Ddateline%26amp%3Bfilter%3D2592000,0319单男约大屁股校友 ]
2020/12/29 09:10:[https://f.w24.rocks/viewthread.php?tid=403445&extra=page%3D1%26amp%3Borderby%3Ddateline%26amp%3Bfilter%3D2592000,这大屁股过瘾 ]
2020/12/29 09:10:[https://f.w24.rocks/viewthread.php?tid=403446&extra=page%3D1%26amp%3Borderby%3Ddateline%26amp%3Bfilter%3D2592000,0871昆明白皙少妇。改天去干她再发后续。附聊天记录 ]
2020/12/31 23:04:[https://f.w24.rocks/viewthread.php?tid=403461&extra=page%3D1%26amp%3Borderby%3Ddateline%26amp%3Bfilter%3D2592000,0319单男约大屁股校友 ]
2020/12/31 23:04:[https://f.w24.rocks/viewthread.php?tid=403445&extra=page%3D1%26amp%3Borderby%3Ddateline%26amp%3Bfilter%3D2592000,这大屁股过瘾 ]
2020/12/31 23:04:[https://f.w24.rocks/viewthread.php?tid=403446&extra=page%3D1%26amp%3Borderby%3Ddateline%26amp%3Bfilter%3D2592000,0871昆明白皙少妇。改天去干她再发后续。附聊天记录 ]
2020/12/31 23:04:[https://f.w24.rocks/viewthread.php?tid=403431&extra=page%3D1%26amp%3Borderby%3Ddateline%26amp%3Bfilter%3D2592000,杭州骚妻黑丝巨臀分享 ]
2020/12/31 23:06:[https://f.w24.rocks/viewthread.php?tid=403461&extra=page%3D1%26amp%3Borderby%3Ddateline%26amp%3Bfilter%3D2592000,0319单男约大屁股校友 ]
2020/12/31 23:06:[https://f.w24.rocks/viewthread.php?tid=403445&extra=page%3D1%26amp%3Borderby%3Ddateline%26amp%3Bfilter%3D2592000,这大屁股过瘾 ]
2020/12/31 23:06:[https://f.w24.rocks/viewthread.php?tid=403446&extra=page%3D1%26amp%3Borderby%3Ddateline%26amp%3Bfilter%3D2592000,0871昆明白皙少妇。改天去干她再发后续。附聊天记录 ]
2020/12/31 23:08:[https://f.w24.rocks/viewthread.php?tid=403461&extra=page%3D1%26amp%3Borderby%3Ddateline%26amp%3Bfilter%3D2592000,0319单男约大屁股校友 ]
2020/12/31 23:08:[https://f.w24.rocks/viewthread.php?tid=403445&extra=page%3D1%26amp%3Borderby%3Ddateline%26amp%3Bfilter%3D2592000,这大屁股过瘾 ]
2020/12/31 23:08:[https://f.w24.rocks/viewthread.php?tid=403446&extra=page%3D1%26amp%3Borderby%3Ddateline%26amp%3Bfilter%3D2592000,0871昆明白皙少妇。改天去干她再发后续。附聊天记录 ]
2020/12/31 23:09:[https://f.w24.rocks/viewthread.php?tid=403461&extra=page%3D1%26amp%3Borderby%3Ddateline%26amp%3Bfilter%3D2592000,0319单男约大屁股校友 ]
2020/12/31 23:11:[https://f.w24.rocks/viewthread.php?tid=403461&extra=page%3D1%26amp%3Borderby%3Ddateline%26amp%3Bfilter%3D2592000,0319单男约大屁股校友 ]
2020/12/31 23:11:[https://f.w24.rocks/viewthread.php?tid=403445&extra=page%3D1%26amp%3Borderby%3Ddateline%26amp%3Bfilter%3D2592000,这大屁股过瘾 ]
2020/12/31 23:11:[https://f.w24.rocks/viewthread.php?tid=403446&extra=page%3D1%26amp%3Borderby%3Ddateline%26amp%3Bfilter%3D2592000,0871昆明白皙少妇。改天去干她再发后续。附聊天记录 ]
2020/12/31 23:11:[https://f.w24.rocks/viewthread.php?tid=403431&extra=page%3D1%26amp%3Borderby%3Ddateline%26amp%3Bfilter%3D2592000,杭州骚妻黑丝巨臀分享 ]
2020/12/31 23:11:[https://f.w24.rocks/viewthread.php?tid=403427&extra=page%3D1%26amp%3Borderby%3Ddateline%26amp%3Bfilter%3D2592000,泛着微光的古铜色无缝丝袜 ]
2020/12/31 23:12:[https://f.w24.rocks/viewthread.php?tid=403423&extra=page%3D1%26amp%3Borderby%3Ddateline%26amp%3Bfilter%3D2592000,上海夫妻找江浙地区单男或者夫妻4P ]
2020/12/31 23:12:[https://f.w24.rocks/viewthread.php?tid=403422&extra=page%3D1%26amp%3Borderby%3Ddateline%26amp%3Bfilter%3D2592000,小骚骚开始发浪了，见证一下 ]
2020/12/31 23:13:[https://f.w24.rocks/viewthread.php?tid=403420&extra=page%3D1%26amp%3Borderby%3Ddateline%26amp%3Bfilter%3D2592000,射屏联系!这你能不硬 ]
2020/12/31 23:13:[https://f.w24.rocks/viewthread.php?tid=403406&extra=page%3D1%26amp%3Borderby%3Ddateline%26amp%3Bfilter%3D2592000,寻承德优质单男 ]
2020/12/31 23:13:[https://f.w24.rocks/viewthread.php?tid=403399&extra=page%3D2%26amp%3Borderby%3Ddateline%26amp%3Bfilter%3D2592000,老婆给单男的福利！！（024） ]
2020/12/31 23:13:[https://f.w24.rocks/viewthread.php?tid=403391&extra=page%3D2%26amp%3Borderby%3Ddateline%26amp%3Bfilter%3D2592000,湘0743 #M# 收小胖妞M 大奶微胖妹 绿帽 ]
2020/12/31 23:13:[https://f.w24.rocks/viewthread.php?tid=403390&extra=page%3D2%26amp%3Borderby%3Ddateline%26amp%3Bfilter%3D2592000,绿帽送性感人妻上门被调教之淫荡厨娘！敬请期待客厅系列 ]
2020/12/31 23:13:[https://f.w24.rocks/viewthread.php?tid=403389&extra=page%3D2%26amp%3Borderby%3Ddateline%26amp%3Bfilter%3D2592000,King0311地区 坦克女展现淫贱风骚一面 ]
2020/12/31 23:13:[https://f.w24.rocks/viewthread.php?tid=403388&extra=page%3D2%26amp%3Borderby%3Ddateline%26amp%3Bfilter%3D2592000,标题大奶私教无套硬怼！ ]
2020/12/31 23:13:[https://f.w24.rocks/viewthread.php?tid=403373&extra=page%3D2%26amp%3Borderby%3Ddateline%26amp%3Bfilter%3D2592000,坐标0312开车流动，饭店啪啪求关注 ]
2020/12/31 23:13:[https://f.w24.rocks/viewthread.php?tid=403370&extra=page%3D2%26amp%3Borderby%3Ddateline%26amp%3Bfilter%3D2592000,代网友发帖淫妻求射屏 ]
2020/12/31 23:14:[https://f.w24.rocks/viewthread.php?tid=403355&extra=page%3D2%26amp%3Borderby%3Ddateline%26amp%3Bfilter%3D2592000,如何评价女朋友最得意的蜜桃臀 ]
2020/12/31 23:14:[https://f.w24.rocks/viewthread.php?tid=403352&extra=page%3D2%26amp%3Borderby%3Ddateline%26amp%3Bfilter%3D2592000,0373阴环骚妻内射灌精动图，下周活动，求加精 ]
2020/12/31 23:14:[https://f.w24.rocks/viewthread.php?tid=403368&extra=page%3D2%26amp%3Borderby%3Ddateline%26amp%3Bfilter%3D2592000,0510无锡  情侣快乐星期日 ]
2020/12/31 23:14:[https://f.w24.rocks/viewthread.php?tid=403350&extra=page%3D2%26amp%3Borderby%3Ddateline%26amp%3Bfilter%3D2592000,好久不见，再次回归 ]
2020/12/31 23:15:[https://f.w24.rocks/viewthread.php?tid=403348&extra=page%3D2%26amp%3Borderby%3Ddateline%26amp%3Bfilter%3D2592000,0312开发的新少妇 ]
2020/12/31 23:15:[https://f.w24.rocks/viewthread.php?tid=403342&extra=page%3D2%26amp%3Borderby%3Ddateline%26amp%3Bfilter%3D2592000,平安夜两炮草爽奢侈品女高管 ]
2020/12/31 23:15:[https://f.w24.rocks/viewthread.php?tid=403340&extra=page%3D2%26amp%3Borderby%3Ddateline%26amp%3Bfilter%3D2592000,山东地区   0536   真实夫妻     单男勿扰 单男勿扰 ]
2020/12/31 23:15:[https://f.w24.rocks/viewthread.php?tid=403579&extra=page%3D1%26amp%3Borderby%3Ddateline%26amp%3Bfilter%3D2592000,曲靖夫妻可换可三，自身条件不行的就不要来练嘴了。 ]
2020/12/31 23:15:[https://f.w24.rocks/viewthread.php?tid=403560&extra=page%3D1%26amp%3Borderby%3Ddateline%26amp%3Bfilter%3D2592000,和 深圳少妇菊姐的一次约会12月28日 ]
2020/12/31 23:15:[https://f.w24.rocks/viewthread.php?tid=403558&extra=page%3D1%26amp%3Borderby%3Ddateline%26amp%3Bfilter%3D2592000,代发苏州情侣找同房不换 ]
2020/12/31 23:15:[https://f.w24.rocks/viewthread.php?tid=403555&extra=page%3D1%26amp%3Borderby%3Ddateline%26amp%3Bfilter%3D2592000,King0311地区 新婚骚少妇家里安排相亲对象阳痿寻找安慰 ]
2020/12/31 23:15:[https://f.w24.rocks/viewthread.php?tid=403551&extra=page%3D1%26amp%3Borderby%3Ddateline%26amp%3Bfilter%3D2592000,国际庄 鹿泉市29号约个颜值夫妻35以下的加 ]
2020/12/31 23:16:[https://f.w24.rocks/viewthread.php?tid=403548&extra=page%3D1%26amp%3Borderby%3Ddateline%26amp%3Bfilter%3D2592000,学生妹发骚收小母狗反差婊开发调教 ]
2020/12/31 23:16:[https://f.w24.rocks/viewthread.php?tid=403538&extra=page%3D2%26amp%3Borderby%3Ddateline%26amp%3Bfilter%3D2592000,《通辽》扎鲁特旗 ]
2020/12/31 23:16:[https://f.w24.rocks/viewthread.php?tid=403518&extra=page%3D2%26amp%3Borderby%3Ddateline%26amp%3Bfilter%3D2592000,豫0379重度绿奴献妻记实]
2020/12/31 23:16:[https://f.w24.rocks/viewthread.php?tid=403516&extra=page%3D2%26amp%3Borderby%3Ddateline%26amp%3Bfilter%3D2592000,0576台州 约过的两个少妇 另寻fq 有手势验证 ]
2020/12/31 23:16:[https://f.w24.rocks/viewthread.php?tid=403513&extra=page%3D2%26amp%3Borderby%3Ddateline%26amp%3Bfilter%3D2592000,扬州 0514地区，求单男调教，前戏辅助。 ]
2020/12/31 23:16:[https://f.w24.rocks/viewthread.php?tid=403512&extra=page%3D2%26amp%3Borderby%3Ddateline%26amp%3Bfilter%3D2592000,豹纹小姐姐 ]
2020/12/31 23:16:[https://f.w24.rocks/viewthread.php?tid=403507&extra=page%3D2%26amp%3Borderby%3Ddateline%26amp%3Bfilter%3D2592000,167 蜜桃臀骚妻 单男的噩梦 ]
2020/12/31 23:16:[https://f.w24.rocks/viewthread.php?tid=403490&extra=page%3D2%26amp%3Borderby%3Ddateline%26amp%3Bfilter%3D2592000,吾妻佳阴 与君共赏 ]
2020/12/31 23:16:[https://f.w24.rocks/viewthread.php?tid=403506&extra=page%3D2%26amp%3Borderby%3Ddateline%26amp%3Bfilter%3D2592000,开发中老婆可以交流一下 ]
2020/12/31 23:16:[https://f.w24.rocks/viewthread.php?tid=403525&extra=page%3D2%26amp%3Borderby%3Ddateline%26amp%3Bfilter%3D2592000,湘0743 收M 大奶M 大屁股M]
2020/12/31 23:17:[https://f.w24.rocks/viewthread.php?tid=403485&extra=page%3D2%26amp%3Borderby%3Ddateline%26amp%3Bfilter%3D2592000,坐标0633调教绿帽人妻系列之，荡妇白浆假鸡巴！ ]
2020/12/31 23:17:[https://f.w24.rocks/viewthread.php?tid=403483&extra=page%3D2%26amp%3Borderby%3Ddateline%26amp%3Bfilter%3D2592000,代发帖，情趣蕾丝女仆小夫妻寻杭州单男 ]
2020/12/31 23:17:[https://f.w24.rocks/viewthread.php?tid=403480&extra=page%3D2%26amp%3Borderby%3Ddateline%26amp%3Bfilter%3D2592000,0951 银川年轻夫妻黑丝高跟论坛首发 ]
2020/12/31 23:17:[https://f.w24.rocks/viewthread.php?tid=403470&extra=page%3D2%26amp%3Borderby%3Ddateline%26amp%3Bfilter%3D2592000,露脸接龙，寻找相识的人 ]
2020/12/31 23:17:[https://f.w24.rocks/viewthread.php?tid=403468&extra=page%3D2%26amp%3Borderby%3Ddateline%26amp%3Bfilter%3D2592000,（代发）0512苏州小夫妻找同城不换 ]
2020/12/31 23:17:[https://f.w24.rocks/viewthread.php?tid=403460&extra=page%3D3%26amp%3Borderby%3Ddateline%26amp%3Bfilter%3D2592000,有没有合适的夫妻群 有的可以介绍一下 ]
2020/12/31 23:17:[https://f.w24.rocks/viewthread.php?tid=403466&extra=page%3D3%26amp%3Borderby%3Ddateline%26amp%3Bfilter%3D2592000,0531 逗叔 偷情哺乳期人妻 ]
2020/12/31 23:17:[https://f.w24.rocks/viewthread.php?tid=403457&extra=page%3D3%26amp%3Borderby%3Ddateline%26amp%3Bfilter%3D2592000,高层酒店私房照 ]
2020/12/31 23:18:[https://f.w24.rocks/viewthread.php?tid=403889&extra=page%3D1%26amp%3Borderby%3Ddateline%26amp%3Bfilter%3D2592000,帝都女M滴蜡和SP调教 ]
2020/12/31 23:18:[https://f.w24.rocks/viewthread.php?tid=403887&extra=page%3D1%26amp%3Borderby%3Ddateline%26amp%3Bfilter%3D2592000,石家庄00后小骚逼 ]
2020/12/31 23:18:[https://f.w24.rocks/viewthread.php?tid=403885&extra=page%3D1%26amp%3Borderby%3Ddateline%26amp%3Bfilter%3D2592000,跨年夜调教大学生骚货喜欢被羞辱调教收母狗欢迎加入 ]
2020/12/31 23:18:[https://f.w24.rocks/viewthread.php?tid=403882&extra=page%3D1%26amp%3Borderby%3Ddateline%26amp%3Bfilter%3D2592000,跨年了我想找个人从我身上跨过去 ]
2020/12/31 23:18:[https://f.w24.rocks/viewthread.php?tid=403881&extra=page%3D1%26amp%3Borderby%3Ddateline%26amp%3Bfilter%3D2592000,2020最后一贴！绿帽献妻绿主调教系列之卧室！后续更精彩！ ]
2020/12/31 23:18:[https://f.w24.rocks/viewthread.php?tid=403878&extra=page%3D1%26amp%3Borderby%3Ddateline%26amp%3Bfilter%3D2592000,今天在衡阳，衡阳周边城市的朋友缺单男吗 ]
2020/12/31 23:19:[https://f.w24.rocks/viewthread.php?tid=403871&extra=page%3D1%26amp%3Borderby%3Ddateline%26amp%3Bfilter%3D2592000,『2020』实鼠不易《2021》牛转乾坤 ]
2020/12/31 23:19:[https://f.w24.rocks/viewthread.php?tid=403870&extra=page%3D1%26amp%3Borderby%3Ddateline%26amp%3Bfilter%3D2592000,好看吗 ]
2020/12/31 23:19:[https://f.w24.rocks/viewthread.php?tid=403867&extra=page%3D1%26amp%3Borderby%3Ddateline%26amp%3Bfilter%3D2592000,新年1]
2020/12/31 23:19:[https://f.w24.rocks/viewthread.php?tid=403866&extra=page%3D1%26amp%3Borderby%3Ddateline%26amp%3Bfilter%3D2592000,《成都攀枝花》旧图新发，别人家的妻子，肉便器 ]
2020/12/31 23:19:[https://f.w24.rocks/viewthread.php?tid=403865&extra=page%3D2%26amp%3Borderby%3Ddateline%26amp%3Bfilter%3D2592000,0755]
2020/12/31 23:19:[https://f.w24.rocks/viewthread.php?tid=403863&extra=page%3D2%26amp%3Borderby%3Ddateline%26amp%3Bfilter%3D2592000,夏天旧照 ]
2020/12/31 23:19:[https://f.w24.rocks/viewthread.php?tid=403851&extra=page%3D2%26amp%3Borderby%3Ddateline%26amp%3Bfilter%3D2592000,悠蓝0773跨年纪念·修长丝袜美腿内射呻吟水多多…… ]
2020/12/31 23:19:[https://f.w24.rocks/viewthread.php?tid=403848&extra=page%3D2%26amp%3Borderby%3Ddateline%26amp%3Bfilter%3D2592000,云南地区95后妹纸上演jk制服诱惑 ]
2020/12/31 23:19:[https://f.w24.rocks/viewthread.php?tid=403844&extra=page%3D2%26amp%3Borderby%3Ddateline%26amp%3Bfilter%3D2592000,潍坊0536成功拿下00后小母狗 ]
2020/12/31 23:20:[https://f.w24.rocks/viewthread.php?tid=403846&extra=page%3D2%26amp%3Borderby%3Ddateline%26amp%3Bfilter%3D2592000,和 深圳少妇菊姐的约会，寻 单女 夫妻 ]
2020/12/31 23:20:[https://f.w24.rocks/viewthread.php?tid=403835&extra=page%3D2%26amp%3Borderby%3Ddateline%26amp%3Bfilter%3D2592000,那些年一起玩耍的技师 ]
2020/12/31 23:20:[https://f.w24.rocks/viewthread.php?tid=403834&extra=page%3D2%26amp%3Borderby%3Ddateline%26amp%3Bfilter%3D2592000,2021新的开始，山东地区收奴，调教极淫少妇 ]
2020/12/31 23:20:[https://f.w24.rocks/viewthread.php?tid=403833&extra=page%3D2%26amp%3Borderby%3Ddateline%26amp%3Bfilter%3D2592000,高质量夫妻找合适单男 ]
2020/12/31 23:20:[https://f.w24.rocks/viewthread.php?tid=403819&extra=page%3D2%26amp%3Borderby%3Ddateline%26amp%3Bfilter%3D2592000,告别2020，喜迎2021 骚母狗hx ]
2020/12/31 23:20:[https://f.w24.rocks/viewthread.php?tid=403828&extra=page%3D2%26amp%3Borderby%3Ddateline%26amp%3Bfilter%3D2592000,（金主活动）北京疫情，第二次补发 ]
2020/12/31 23:20:[https://f.w24.rocks/viewthread.php?tid=403801&extra=page%3D2%26amp%3Borderby%3Ddateline%26amp%3Bfilter%3D2592000,云南曲靖找个摄影师。 ]
2020/12/31 23:20:[https://f.w24.rocks/viewthread.php?tid=403811&extra=page%3D2%26amp%3Borderby%3Ddateline%26amp%3Bfilter%3D2592000,0755]
2020/12/31 23:21:[https://f.w24.rocks/viewthread.php?tid=403813&extra=page%3D2%26amp%3Borderby%3Ddateline%26amp%3Bfilter%3D2592000,[首发  申精]生完孩子三个月的老婆，来猜猜年龄多大吧 ]
2020/12/31 23:21:[https://f.w24.rocks/viewthread.php?tid=403842&extra=page%3D2%26amp%3Borderby%3Ddateline%26amp%3Bfilter%3D2592000,0533淄博 情趣软件上认识的99年姑娘 持续更新（1） ]
2020/12/31 23:21:[https://f.w24.rocks/viewthread.php?tid=403798&extra=page%3D3%26amp%3Borderby%3Ddateline%26amp%3Bfilter%3D2592000,我这叫床声很淫荡的粉逼长腿大奶女友 ]
2020/12/31 23:21:[https://f.w24.rocks/viewthread.php?tid=403800&extra=page%3D3%26amp%3Borderby%3Ddateline%26amp%3Bfilter%3D2592000,魔都没文案看图 ]
2020/12/31 23:21:[https://f.w24.rocks/viewthread.php?tid=403796&extra=page%3D3%26amp%3Borderby%3Ddateline%26amp%3Bfilter%3D2592000,南京年轻单男找单女五星酒店跨年，年龄越小越好 ]
2020/12/31 23:22:[https://f.w24.rocks/viewthread.php?tid=403780&extra=page%3D3%26amp%3Borderby%3Ddateline%26amp%3Bfilter%3D2592000,0871欢迎昆明母狗来骚扰 ]
2020/12/31 23:22:[https://f.w24.rocks/viewthread.php?tid=403779&extra=page%3D3%26amp%3Borderby%3Ddateline%26amp%3Bfilter%3D2592000,湘0743 #M# 收小胖妞M 大奶微胖妹 绿帽 ]
2020/12/31 23:22:[https://f.w24.rocks/viewthread.php?tid=403777&extra=page%3D3%26amp%3Borderby%3Ddateline%26amp%3Bfilter%3D2592000,0377 河南南阳寻有SM经验S ]
2020/12/31 23:22:[https://f.w24.rocks/viewthread.php?tid=403776&extra=page%3D3%26amp%3Borderby%3Ddateline%26amp%3Bfilter%3D2592000,广东跨年啪啪啪，31号肇庆站开始，福奥酒店找串门的 ]
2020/12/31 23:22:[https://f.w24.rocks/viewthread.php?tid=403775&extra=page%3D3%26amp%3Borderby%3Ddateline%26amp%3Bfilter%3D2592000,0510小骚妻还在调教中，欢迎评论肥臀 ]
2020/12/31 23:22:[https://f.w24.rocks/viewthread.php?tid=403774&extra=page%3D3%26amp%3Borderby%3Ddateline%26amp%3Bfilter%3D2592000,南京粗大单男找单女明日五星酒店跨年，年龄越小越好 ]
2020/12/31 23:22:[https://f.w24.rocks/viewthread.php?tid=403772&extra=page%3D3%26amp%3Borderby%3Ddateline%26amp%3Bfilter%3D2592000,招三亚金主单男包养老婆  体验不一样的淫妻 ]
2020/12/31 23:22:[https://f.w24.rocks/viewthread.php?tid=403773&extra=page%3D3%26amp%3Borderby%3Ddateline%26amp%3Bfilter%3D2592000,出门就不知道吃什么，0539临沂夫妻情侣交流 ]
2020/12/31 23:22:[https://f.w24.rocks/viewthread.php?tid=403771&extra=page%3D3%26amp%3Borderby%3Ddateline%26amp%3Bfilter%3D2592000,1231带小奴 杭州 西湖跨年（征优质单男） ]
2020/12/31 23:23:[https://f.w24.rocks/viewthread.php?tid=403759&extra=page%3D3%26amp%3Borderby%3Ddateline%26amp%3Bfilter%3D2592000,完美的3人行 寻找下一位福建素质单在哪里 ]
2020/12/31 23:23:[https://f.w24.rocks/viewthread.php?tid=403758&extra=page%3D3%26amp%3Borderby%3Ddateline%26amp%3Bfilter%3D2592000,上海、苏州素质单男，有颜值，有经济基础 ]
2020/12/31 23:23:[https://f.w24.rocks/viewthread.php?tid=403751&extra=page%3D3%26amp%3Borderby%3Ddateline%26amp%3Bfilter%3D2592000,悠蓝0773尤物美体携米奇性爱·自带内射液体…… ]
2020/12/31 23:23:[https://f.w24.rocks/viewthread.php?tid=403749&extra=page%3D3%26amp%3Borderby%3Ddateline%26amp%3Bfilter%3D2592000,骚老婆日常分享，025 ]
2020/12/31 23:23:[https://f.w24.rocks/viewthread.php?tid=403748&extra=page%3D4%26amp%3Borderby%3Ddateline%26amp%3Bfilter%3D2592000,05370531情侣，新帖近期活动内容集锦 ]
2020/12/31 23:24:[https://f.w24.rocks/viewthread.php?tid=403742&extra=page%3D4%26amp%3Borderby%3Ddateline%26amp%3Bfilter%3D2592000,山东0633，绿帽献妻系列之卧室调教抽插！敬请期待后续！ ]
2020/12/31 23:24:[https://f.w24.rocks/viewthread.php?tid=403746&extra=page%3D4%26amp%3Borderby%3Ddateline%26amp%3Bfilter%3D2592000,（起点S收M）出轨骚逼一枚 要 轮奸交换可私 ]
2020/12/31 23:24:[https://f.w24.rocks/viewthread.php?tid=403736&extra=page%3D4%26amp%3Borderby%3Ddateline%26amp%3Bfilter%3D2592000,023小狼 老图新发 ]
2020/12/31 23:24:[https://f.w24.rocks/viewthread.php?tid=403734&extra=page%3D4%26amp%3Borderby%3Ddateline%26amp%3Bfilter%3D2592000,0371今天活动紧急招募 ]
2020/12/31 23:24:[https://f.w24.rocks/viewthread.php?tid=403732&extra=page%3D4%26amp%3Borderby%3Ddateline%26amp%3Bfilter%3D2592000,香如故招徐州、济南附近优质服务型单男，需配合剧情 ]
2020/12/31 23:25:[https://f.w24.rocks/viewthread.php?tid=403718&extra=page%3D4%26amp%3Borderby%3Ddateline%26amp%3Bfilter%3D2592000,020有无认出小母狗的 ]
2020/12/31 23:25:[https://f.w24.rocks/viewthread.php?tid=403715&extra=page%3D4%26amp%3Borderby%3Ddateline%26amp%3Bfilter%3D2592000,打母狗的屁股 ]
2020/12/31 23:25:[https://f.w24.rocks/viewthread.php?tid=403713&extra=page%3D4%26amp%3Borderby%3Ddateline%26amp%3Bfilter%3D2592000,悠蓝0773美丽尤物享受性爱啪啪啪……征集本地夫妻 ]
2020/12/31 23:26:[https://f.w24.rocks/viewthread.php?tid=403701&extra=page%3D4%26amp%3Borderby%3Ddateline%26amp%3Bfilter%3D2592000,情不自禁的干漂亮长腿女友的小浪穴 ]
