2020/12/20 11:25:[https://f.w24.rocks/viewthread.php?tid=402468&extra=page%3D1%26amp%3Borderby%3Ddateline%26amp%3Bfilter%3D2592000,北京女Baby御姐风有志同道合的吗 ]
2020/12/20 11:26:[https://f.w24.rocks/viewthread.php?tid=402370&extra=page%3D2%26amp%3Borderby%3Ddateline%26amp%3Bfilter%3D2592000,LovELolita是傻逼 ]
2020/12/20 11:27:[https://f.w24.rocks/viewthread.php?tid=402331&extra=page%3D3%26amp%3Borderby%3Ddateline%26amp%3Bfilter%3D2592000,云南保山优质单男 ]
2020/12/20 11:27:[https://f.w24.rocks/viewthread.php?tid=402330&extra=page%3D3%26amp%3Borderby%3Ddateline%26amp%3Bfilter%3D2592000,魔都圣诞Party招募 ]
2020/12/20 11:27:[https://f.w24.rocks/viewthread.php?tid=402316&extra=page%3D3%26amp%3Borderby%3Ddateline%26amp%3Bfilter%3D2592000,删帖 ]
2020/12/20 11:27:[https://f.w24.rocks/viewthread.php?tid=402287&extra=page%3D3%26amp%3Borderby%3Ddateline%26amp%3Bfilter%3D2592000,江浙沪]
2020/12/20 11:30:[https://f.w24.rocks/viewthread.php?tid=402223&extra=page%3D4%26amp%3Borderby%3Ddateline%26amp%3Bfilter%3D2592000,删 ]
2020/12/20 11:31:[https://f.w24.rocks/viewthread.php?tid=401954&extra=page%3D1%26amp%3Borderby%3Ddateline%26amp%3Bfilter%3Ddigest,E奶少妇的情趣丝袜——合作快乐出品 ]
2020/12/20 11:36:[https://f.w24.rocks/viewthread.php?tid=399840&extra=page%3D2%26amp%3Borderby%3Ddateline%26amp%3Bfilter%3Ddigest,删除帖子 ]
2020/12/20 11:38:[https://f.w24.rocks/viewthread.php?tid=396241&extra=page%3D3%26amp%3Borderby%3Ddateline%26amp%3Bfilter%3Ddigest,小母狗的4P现场！有桂林的朋友吗 ]
2020/12/20 11:39:[https://f.w24.rocks/viewthread.php?tid=395730&extra=page%3D3%26amp%3Borderby%3Ddateline%26amp%3Bfilter%3Ddigest,今天的内容是，“口爆普拉提教练” ]
2020/12/20 11:39:[https://f.w24.rocks/viewthread.php?tid=395697&extra=page%3D3%26amp%3Borderby%3Ddateline%26amp%3Bfilter%3Ddigest,无锡0510  露出+3P 玩的不亦乐乎 ]
2020/12/20 11:40:[https://f.w24.rocks/viewthread.php?tid=393558&extra=page%3D3%26amp%3Borderby%3Ddateline%26amp%3Bfilter%3Ddigest,绝美OL私房穿上空姐制服，边脱丝袜边发情 ]
2020/12/20 11:40:[https://f.w24.rocks/viewthread.php?tid=393402&extra=page%3D3%26amp%3Borderby%3Ddateline%26amp%3Bfilter%3Ddigest,]
2020/12/20 11:41:[https://f.w24.rocks/viewthread.php?tid=388869&extra=page%3D4%26amp%3Borderby%3Ddateline%26amp%3Bfilter%3Ddigest,兔兔兔兔兔兔兔兔兔兔兔兔 ]
2020/12/20 11:41:[https://f.w24.rocks/viewthread.php?tid=387567&extra=page%3D4%26amp%3Borderby%3Ddateline%26amp%3Bfilter%3Ddigest,删帖 ]
2020/12/20 11:41:[https://f.w24.rocks/viewthread.php?tid=385987&extra=page%3D4%26amp%3Borderby%3Ddateline%26amp%3Bfilter%3Ddigest,删 ]
2020/12/20 11:42:[https://f.w24.rocks/viewthread.php?tid=383725&extra=page%3D4%26amp%3Borderby%3Ddateline%26amp%3Bfilter%3Ddigest,删了删了 ]
2020/12/20 11:43:[https://f.w24.rocks/viewthread.php?tid=381366&extra=page%3D4%26amp%3Borderby%3Ddateline%26amp%3Bfilter%3Ddigest,(一夜)绝对福利三P之约，帮朋友发贴，申请加精。。。。。 ]
2020/12/20 11:44:[https://f.w24.rocks/viewthread.php?tid=380504&extra=page%3D4%26amp%3Borderby%3Ddateline%26amp%3Bfilter%3Ddigest,闪闪闪删删删贴防狗删删 ]
2020/12/20 11:45:[https://f.w24.rocks/viewthread.php?tid=402501&extra=page%3D1%26amp%3Borderby%3Ddateline%26amp%3Bfilter%3D2592000,夫妻找单男会聊，活好的来，活动 ]
2020/12/20 11:50:[https://f.w24.rocks/viewthread.php?tid=402092&extra=page%3D7%26amp%3Borderby%3Ddateline%26amp%3Bfilter%3D2592000,已删重发 ]
2020/12/20 11:51:[https://f.w24.rocks/viewthread.php?tid=402057&extra=page%3D7%26amp%3Borderby%3Ddateline%26amp%3Bfilter%3D2592000,老婆大奶，有喜欢的吗 ]
2020/12/20 11:52:[https://f.w24.rocks/viewthread.php?tid=402026&extra=page%3D8%26amp%3Borderby%3Ddateline%26amp%3Bfilter%3D2592000,。。。。。 ]
2020/12/20 11:53:[https://f.w24.rocks/viewthread.php?tid=402017&extra=page%3D8%26amp%3Borderby%3Ddateline%26amp%3Bfilter%3D2592000,11 ]
2020/12/20 11:53:[https://f.w24.rocks/viewthread.php?tid=402000&extra=page%3D8%26amp%3Borderby%3Ddateline%26amp%3Bfilter%3D2592000,感恩91 新人皇后第一次发帖！ ]
2020/12/20 11:53:[https://f.w24.rocks/viewthread.php?tid=401993&extra=page%3D8%26amp%3Borderby%3Ddateline%26amp%3Bfilter%3D2592000,坐标北京温柔贤惠的主圣诞节派对 ]
2020/12/20 11:53:[https://f.w24.rocks/viewthread.php?tid=401991&extra=page%3D8%26amp%3Borderby%3Ddateline%26amp%3Bfilter%3D2592000,看着速推妹子穿打底裤的美臀，学员终究还是忍不住来一发 ]
2020/12/20 11:53:[https://f.w24.rocks/viewthread.php?tid=401979&extra=page%3D8%26amp%3Borderby%3Ddateline%26amp%3Bfilter%3D2592000,删帖删帖删帖 ]
2020/12/20 11:53:[https://f.w24.rocks/viewthread.php?tid=401968&extra=page%3D9%26amp%3Borderby%3Ddateline%26amp%3Bfilter%3D2592000,沧州衡水地区的夫妻或情侣 ]
2020/12/20 12:01:[https://f.w24.rocks/viewthread.php?tid=401901&extra=page%3D10%26amp%3Borderby%3Ddateline%26amp%3Bfilter%3D2592000,删贴！删帖！ ]
2020/12/20 12:01:[https://f.w24.rocks/viewthread.php?tid=401905&extra=page%3D10%26amp%3Borderby%3Ddateline%26amp%3Bfilter%3D2592000,99年的黑木耳你见过吗怪不得学员两天就搞定 ]
2020/12/20 12:01:[https://f.w24.rocks/viewthread.php?tid=401874&extra=page%3D10%26amp%3Borderby%3Ddateline%26amp%3Bfilter%3D2592000,00后的小奶狗谁不爱呢，这种听话又懂事的妹妹给我来一沓！ ]
2020/12/20 12:01:[https://f.w24.rocks/viewthread.php?tid=401864&extra=page%3D10%26amp%3Borderby%3Ddateline%26amp%3Bfilter%3D2592000,0317，删删删！ ]
2020/12/20 12:02:[https://f.w24.rocks/viewthread.php?tid=401852&extra=page%3D11%26amp%3Borderby%3Ddateline%26amp%3Bfilter%3D2592000,0533翘臀女友  找夫妻交换 ]
2020/12/20 12:02:[https://f.w24.rocks/viewthread.php?tid=401831&extra=page%3D11%26amp%3Borderby%3Ddateline%26amp%3Bfilter%3D2592000,0571及附近圣诞嗨一嗨 ]
2020/12/20 12:02:[https://f.w24.rocks/viewthread.php?tid=401791&extra=page%3D12%26amp%3Borderby%3Ddateline%26amp%3Bfilter%3D2592000,湘0743 #M# 收小胖妞M 大奶微胖妹 绿帽 ]
2020/12/20 12:02:[https://f.w24.rocks/viewthread.php?tid=401782&extra=page%3D12%26amp%3Borderby%3Ddateline%26amp%3Bfilter%3D2592000,限时计划——大叔援助计划 请享用肥嫩良家女孩 ]
2020/12/20 12:03:[https://f.w24.rocks/viewthread.php?tid=401735&extra=page%3D12%26amp%3Borderby%3Ddateline%26amp%3Bfilter%3D2592000,0755   母狗chiji ]
2020/12/20 12:03:[https://f.w24.rocks/viewthread.php?tid=401731&extra=page%3D12%26amp%3Borderby%3Ddateline%26amp%3Bfilter%3D2592000,速推人前冰山人后淫荡的女神，一点感悟送给大家 ]
2020/12/20 12:04:[https://f.w24.rocks/viewthread.php?tid=401686&extra=page%3D13%26amp%3Borderby%3Ddateline%26amp%3Bfilter%3D2592000,嗨嗨嗨嗨嗨 ]
2020/12/20 12:04:[https://f.w24.rocks/viewthread.php?tid=401676&extra=page%3D13%26amp%3Borderby%3Ddateline%26amp%3Bfilter%3D2592000,坐标魔都 给淫妻找个小鲜肉 ]
2020/12/20 12:04:[https://f.w24.rocks/viewthread.php?tid=401662&extra=page%3D14%26amp%3Borderby%3Ddateline%26amp%3Bfilter%3D2592000,删删删 ]
2020/12/20 12:04:[https://f.w24.rocks/viewthread.php?tid=401658&extra=page%3D14%26amp%3Borderby%3Ddateline%26amp%3Bfilter%3D2592000,萧瑟秋天街头露出的风情，热闹夜市围栏上的那一抹白色。 ]
2020/12/20 12:04:[https://f.w24.rocks/viewthread.php?tid=401659&extra=page%3D14%26amp%3Borderby%3Ddateline%26amp%3Bfilter%3D2592000,代发寻过2天能来杭州的优质单男 ]
2020/12/20 12:05:[https://f.w24.rocks/viewthread.php?tid=401653&extra=page%3D14%26amp%3Borderby%3Ddateline%26amp%3Bfilter%3D2592000,删删删珊珊 ]
2020/12/20 12:05:[https://f.w24.rocks/viewthread.php?tid=401623&extra=page%3D14%26amp%3Borderby%3Ddateline%26amp%3Bfilter%3D2592000,北京淫荡小部长已待命等待你的插入 ]
2020/12/20 12:05:[https://f.w24.rocks/viewthread.php?tid=401622&extra=page%3D15%26amp%3Borderby%3Ddateline%26amp%3Bfilter%3D2592000,诚寻同好夫妻交流桂J优质单 ]
2020/12/20 12:05:[https://f.w24.rocks/viewthread.php?tid=401619&extra=page%3D15%26amp%3Borderby%3Ddateline%26amp%3Bfilter%3D2592000,[申精]地点魔都校长分享自己前段时间调教的终极m人形犬 ]
2020/12/20 12:05:[https://f.w24.rocks/viewthread.php?tid=401612&extra=page%3D15%26amp%3Borderby%3Ddateline%26amp%3Bfilter%3D2592000,删………… ]
2020/12/20 12:05:[https://f.w24.rocks/viewthread.php?tid=401594&extra=page%3D15%26amp%3Borderby%3Ddateline%26amp%3Bfilter%3D2592000,北京闺蜜奶子让你欲罢不能 ]
2020/12/20 12:05:[https://f.w24.rocks/viewthread.php?tid=401611&extra=page%3D15%26amp%3Borderby%3Ddateline%26amp%3Bfilter%3D2592000,淫妻同好交流 ]
2020/12/20 12:06:[https://f.w24.rocks/viewthread.php?tid=401573&extra=page%3D15%26amp%3Borderby%3Ddateline%26amp%3Bfilter%3D2592000,老婆阴道图解 ]
2020/12/20 12:06:[https://f.w24.rocks/viewthread.php?tid=401560&extra=page%3D15%26amp%3Borderby%3Ddateline%26amp%3Bfilter%3D2592000,北京闺蜜丝袜足照 ]
2020/12/20 12:06:[https://f.w24.rocks/viewthread.php?tid=401538&extra=page%3D16%26amp%3Borderby%3Ddateline%26amp%3Bfilter%3D2592000,太原青岛转战太原上的两个妹子，也为2020总结一下 ]
2020/12/20 12:06:[https://f.w24.rocks/viewthread.php?tid=401544&extra=page%3D16%26amp%3Borderby%3Ddateline%26amp%3Bfilter%3D2592000,删帖 ]
2020/12/20 12:06:[https://f.w24.rocks/viewthread.php?tid=401527&extra=page%3D16%26amp%3Borderby%3Ddateline%26amp%3Bfilter%3D2592000,北京淫荡小部长已待命等待你的插入 ]
2020/12/20 12:07:[https://f.w24.rocks/viewthread.php?tid=401472&extra=page%3D16%26amp%3Borderby%3Ddateline%26amp%3Bfilter%3D2592000,坐标江苏可遇不可求 ]
2020/12/20 12:07:[https://f.w24.rocks/viewthread.php?tid=401467&extra=page%3D16%26amp%3Borderby%3Ddateline%26amp%3Bfilter%3D2592000,记录学院的学员从获取联系方式到成功约出来聊天全过程 ]
2020/12/20 12:07:[https://f.w24.rocks/viewthread.php?tid=401459&extra=page%3D17%26amp%3Borderby%3Ddateline%26amp%3Bfilter%3D2592000,0931兰州地区寻spa技师 ]
2020/12/20 12:07:[https://f.w24.rocks/viewthread.php?tid=401428&extra=page%3D17%26amp%3Borderby%3Ddateline%26amp%3Bfilter%3D2592000,删帖 ]
2020/12/20 12:07:[https://f.w24.rocks/viewthread.php?tid=401439&extra=page%3D17%26amp%3Borderby%3Ddateline%26amp%3Bfilter%3D2592000,坐标深圳 新人第一次发帖 ]
2020/12/20 12:07:[https://f.w24.rocks/viewthread.php?tid=401427&extra=page%3D17%26amp%3Borderby%3Ddateline%26amp%3Bfilter%3D2592000,北京淫荡小部长已待命等待你的插入 ]
2020/12/20 12:07:[https://f.w24.rocks/viewthread.php?tid=401409&extra=page%3D17%26amp%3Borderby%3Ddateline%26amp%3Bfilter%3D2592000,删帖，没有合适的 ]
2020/12/20 12:08:[https://f.w24.rocks/viewthread.php?tid=401398&extra=page%3D17%26amp%3Borderby%3Ddateline%26amp%3Bfilter%3D2592000,请求版主删除了。 ]
2020/12/20 12:08:[https://f.w24.rocks/viewthread.php?tid=401396&extra=page%3D17%26amp%3Borderby%3Ddateline%26amp%3Bfilter%3D2592000,删删删 ]
2020/12/20 12:08:[https://f.w24.rocks/viewthread.php?tid=401390&extra=page%3D17%26amp%3Borderby%3Ddateline%26amp%3Bfilter%3D2592000,删删删 ]
2020/12/20 12:08:[https://f.w24.rocks/viewthread.php?tid=401388&extra=page%3D18%26amp%3Borderby%3Ddateline%26amp%3Bfilter%3D2592000,相差十岁的激情性爱 ]
2020/12/20 12:09:[https://f.w24.rocks/viewthread.php?tid=401325&extra=page%3D18%26amp%3Borderby%3Ddateline%26amp%3Bfilter%3D2592000,S删帖 ]
2020/12/20 12:09:[https://f.w24.rocks/viewthread.php?tid=401320&extra=page%3D19%26amp%3Borderby%3Ddateline%26amp%3Bfilter%3D2592000,北京天仙分享一波在家穿情趣内衣发骚的照片 ]
2020/12/20 12:09:[https://f.w24.rocks/viewthread.php?tid=401315&extra=page%3D19%26amp%3Borderby%3Ddateline%26amp%3Bfilter%3D2592000,亮晶晶 ]
2020/12/20 12:09:[https://f.w24.rocks/viewthread.php?tid=401299&extra=page%3D19%26amp%3Borderby%3Ddateline%26amp%3Bfilter%3D2592000,寻华东绿主，骚妻多图（删帖） ]
2020/12/20 12:09:[https://f.w24.rocks/viewthread.php?tid=401276&extra=page%3D19%26amp%3Borderby%3Ddateline%26amp%3Bfilter%3D2592000,删帖…… ]
2020/12/20 12:09:[https://f.w24.rocks/viewthread.php?tid=401270&extra=page%3D19%26amp%3Borderby%3Ddateline%26amp%3Bfilter%3D2592000,淫妻猫哥，我喜欢我的老婆很淫荡发个露脸照求顶 ]
2020/12/20 12:09:[https://f.w24.rocks/viewthread.php?tid=401274&extra=page%3D19%26amp%3Borderby%3Ddateline%26amp%3Bfilter%3D2592000,福州找个高中小处男有没有，要听话的 ]
2020/12/20 12:09:[https://f.w24.rocks/viewthread.php?tid=401267&extra=page%3D19%26amp%3Borderby%3Ddateline%26amp%3Bfilter%3D2592000,删帖 ]
2020/12/20 12:10:[https://f.w24.rocks/viewthread.php?tid=401247&extra=page%3D20%26amp%3Borderby%3Ddateline%26amp%3Bfilter%3D2592000,北京天仙倩儿又来了分享一波本主的沐浴照 ]
2020/12/20 12:10:[https://f.w24.rocks/viewthread.php?tid=401229&extra=page%3D20%26amp%3Borderby%3Ddateline%26amp%3Bfilter%3D2592000,此贴已过期 ]
2020/12/20 12:10:[https://f.w24.rocks/viewthread.php?tid=401209&extra=page%3D20%26amp%3Borderby%3Ddateline%26amp%3Bfilter%3D2592000,坐标0317 寻京津冀颜值夫妻情侣同房不换 ]
2020/12/20 12:10:[https://f.w24.rocks/viewthread.php?tid=401205&extra=page%3D20%26amp%3Borderby%3Ddateline%26amp%3Bfilter%3D2592000,删除 ]
2020/12/20 12:10:[https://f.w24.rocks/viewthread.php?tid=401202&extra=page%3D20%26amp%3Borderby%3Ddateline%26amp%3Bfilter%3D2592000,0477 丝控 闲来无事交流一波 ]
2020/12/20 12:10:[https://f.w24.rocks/viewthread.php?tid=401183&extra=page%3D21%26amp%3Borderby%3Ddateline%26amp%3Bfilter%3D2592000,删帖…… ]
2020/12/20 12:11:[https://f.w24.rocks/viewthread.php?tid=401184&extra=page%3D21%26amp%3Borderby%3Ddateline%26amp%3Bfilter%3D2592000,寻找能来江西的单男，单男一定要会SPA, ]
2020/12/20 12:11:[https://f.w24.rocks/viewthread.php?tid=401156&extra=page%3D21%26amp%3Borderby%3Ddateline%26amp%3Bfilter%3D2592000,新人第一次发帖可爱小仙女 ]
2020/12/20 12:11:[https://f.w24.rocks/viewthread.php?tid=401148&extra=page%3D21%26amp%3Borderby%3Ddateline%26amp%3Bfilter%3D2592000,欢迎010的朋友交流 ]
2020/12/20 12:11:[https://f.w24.rocks/viewthread.php?tid=401143&extra=page%3D21%26amp%3Borderby%3Ddateline%26amp%3Bfilter%3D2592000,025地区或附近诚招单男 34E高颜值 ]
2020/12/20 12:11:[https://f.w24.rocks/viewthread.php?tid=401142&extra=page%3D21%26amp%3Borderby%3Ddateline%26amp%3Bfilter%3D2592000,删帖删帖删帖 ]
2020/12/20 12:11:[https://f.w24.rocks/viewthread.php?tid=401134&extra=page%3D21%26amp%3Borderby%3Ddateline%26amp%3Bfilter%3D2592000,山西—小骚妇肉体羞辱调教 ]
2020/12/20 12:11:[https://f.w24.rocks/viewthread.php?tid=401130&extra=page%3D21%26amp%3Borderby%3Ddateline%26amp%3Bfilter%3D2592000,删删删 ]
2020/12/20 12:11:[https://f.w24.rocks/viewthread.php?tid=401119&extra=page%3D22%26amp%3Borderby%3Ddateline%26amp%3Bfilter%3D2592000,白浆多吗 ]
2020/12/20 12:11:[https://f.w24.rocks/viewthread.php?tid=401114&extra=page%3D22%26amp%3Borderby%3Ddateline%26amp%3Bfilter%3D2592000,北京天仙倩儿等你插入 ]
2020/12/20 12:12:[https://f.w24.rocks/viewthread.php?tid=401103&extra=page%3D22%26amp%3Borderby%3Ddateline%26amp%3Bfilter%3D2592000,每个人都希望有个口活很棒的老婆！ ]
2020/12/20 12:12:[https://f.w24.rocks/viewthread.php?tid=401099&extra=page%3D22%26amp%3Borderby%3Ddateline%26amp%3Bfilter%3D2592000,老婆洗完后，展示骚穴 ]
2020/12/20 12:12:[https://f.w24.rocks/viewthread.php?tid=401071&extra=page%3D22%26amp%3Borderby%3Ddateline%26amp%3Bfilter%3D2592000,0731]
2020/12/20 12:12:[https://f.w24.rocks/viewthread.php?tid=401060&extra=page%3D22%26amp%3Borderby%3Ddateline%26amp%3Bfilter%3D2592000,删除帖子 ]
2020/12/20 12:12:[https://f.w24.rocks/viewthread.php?tid=401039&extra=page%3D23%26amp%3Borderby%3Ddateline%26amp%3Bfilter%3D2592000,淫妻猫哥，我喜欢我的老婆很淫荡发个露脸照求顶 ]
2020/12/20 12:12:[https://f.w24.rocks/viewthread.php?tid=401044&extra=page%3D23%26amp%3Borderby%3Ddateline%26amp%3Bfilter%3D2592000,0538 泰安女大学生情侣交换，不同房！ ]
2020/12/20 12:12:[https://f.w24.rocks/viewthread.php?tid=401036&extra=page%3D23%26amp%3Borderby%3Ddateline%26amp%3Bfilter%3D2592000,删除 ]
2020/12/20 12:13:[https://f.w24.rocks/viewthread.php?tid=401005&extra=page%3D23%26amp%3Borderby%3Ddateline%26amp%3Bfilter%3D2592000,坐标昆明，寻友 ]
2020/12/20 12:13:[https://f.w24.rocks/viewthread.php?tid=400973&extra=page%3D24%26amp%3Borderby%3Ddateline%26amp%3Bfilter%3D2592000,删删删删删 ]
2020/12/20 12:13:[https://f.w24.rocks/viewthread.php?tid=400960&extra=page%3D24%26amp%3Borderby%3Ddateline%26amp%3Bfilter%3D2592000,0376地区优秀单男看过来， ]
2020/12/20 12:13:[https://f.w24.rocks/viewthread.php?tid=400944&extra=page%3D24%26amp%3Borderby%3Ddateline%26amp%3Bfilter%3D2592000,分享一组令人无法抗拒的淫妻情趣照 期待优质男士一起活动 ]
2020/12/20 12:13:[https://f.w24.rocks/viewthread.php?tid=400943&extra=page%3D24%26amp%3Borderby%3Ddateline%26amp%3Bfilter%3D2592000,淫妻癖好的我，还是很幸福的 ]
2020/12/20 12:13:[https://f.w24.rocks/viewthread.php?tid=400942&extra=page%3D24%26amp%3Borderby%3Ddateline%26amp%3Bfilter%3D2592000,0319邢台素质单男寻夫妻情侣小姐姐 ]
2020/12/20 12:14:[https://f.w24.rocks/viewthread.php?tid=400935&extra=page%3D24%26amp%3Borderby%3Ddateline%26amp%3Bfilter%3D2592000,北京天仙倩儿让你欲罢不能 ]
2020/12/20 12:14:[https://f.w24.rocks/viewthread.php?tid=400915&extra=page%3D24%26amp%3Borderby%3Ddateline%26amp%3Bfilter%3D2592000,带女神骚妻享受性福 寻靠谱靠谱优质单男 ]
2020/12/20 12:14:[https://f.w24.rocks/viewthread.php?tid=400904&extra=page%3D25%26amp%3Borderby%3Ddateline%26amp%3Bfilter%3D2592000,我是0875单男，单女夫妻可联系我，可长期合作。会摄影～ ]
2020/12/20 12:14:[https://f.w24.rocks/viewthread.php?tid=400886&extra=page%3D25%26amp%3Borderby%3Ddateline%26amp%3Bfilter%3D2592000,0532约的良家少女 ]
2020/12/20 12:14:[https://f.w24.rocks/viewthread.php?tid=400870&extra=page%3D25%26amp%3Borderby%3Ddateline%26amp%3Bfilter%3D2592000,寻找四川宜宾翠屏五粮液同好 ]
2020/12/20 12:14:[https://f.w24.rocks/viewthread.php?tid=400861&extra=page%3D25%26amp%3Borderby%3Ddateline%26amp%3Bfilter%3D2592000,喵喵叫女神第3季  大长腿  D乳 ]
2020/12/20 12:14:[https://f.w24.rocks/viewthread.php?tid=400850&extra=page%3D25%26amp%3Borderby%3Ddateline%26amp%3Bfilter%3D2592000,删帖！！！！！！！ ]
2020/12/20 12:15:[https://f.w24.rocks/viewthread.php?tid=400817&extra=page%3D26%26amp%3Borderby%3Ddateline%26amp%3Bfilter%3D2592000,杭州情侣新人，进来看看 ]
2020/12/20 12:15:[https://f.w24.rocks/viewthread.php?tid=400805&extra=page%3D26%26amp%3Borderby%3Ddateline%26amp%3Bfilter%3D2592000,(代友发布）寻找优质单男，人间极品，终于开发成功了 ]
2020/12/20 12:15:[https://f.w24.rocks/viewthread.php?tid=400803&extra=page%3D26%26amp%3Borderby%3Ddateline%26amp%3Bfilter%3D2592000,信阳或者能来信阳的优质夫妻情侣单男看过来 ]
2020/12/20 12:15:[https://f.w24.rocks/viewthread.php?tid=400796&extra=page%3D26%26amp%3Borderby%3Ddateline%26amp%3Bfilter%3D2592000,07450731良家人妻寻素质单男活动，也可空降去外地 ]
2020/12/20 12:15:[https://f.w24.rocks/viewthread.php?tid=400792&extra=page%3D26%26amp%3Borderby%3Ddateline%26amp%3Bfilter%3D2592000,回归贴 ]
2020/12/20 12:15:[https://f.w24.rocks/viewthread.php?tid=400789&extra=page%3D26%26amp%3Borderby%3Ddateline%26amp%3Bfilter%3D2592000,删删删删 ]
2020/12/20 12:15:[https://f.w24.rocks/viewthread.php?tid=400787&extra=page%3D26%26amp%3Borderby%3Ddateline%26amp%3Bfilter%3D2592000,开始，即将被插入的骚妻 ]
2020/12/20 12:15:[https://f.w24.rocks/viewthread.php?tid=400767&extra=page%3D27%26amp%3Borderby%3Ddateline%26amp%3Bfilter%3D2592000,河北邯郸的兄弟1v1定制课程拿下自家表姐 ]
2020/12/20 12:15:[https://f.w24.rocks/viewthread.php?tid=400776&extra=page%3D27%26amp%3Borderby%3Ddateline%26amp%3Bfilter%3D2592000,天津的兄弟成功拿下刚结婚的新娘，嘲笑自己的老公不行 ]
2020/12/20 12:15:[https://f.w24.rocks/viewthread.php?tid=400777&extra=page%3D27%26amp%3Borderby%3Ddateline%26amp%3Bfilter%3D2592000,学员速推自己的婶子，一看这大黑穴就知道是个骚货 ]
2020/12/20 12:15:[https://f.w24.rocks/viewthread.php?tid=400765&extra=page%3D27%26amp%3Borderby%3Ddateline%26amp%3Bfilter%3D2592000,删删删 ]
2020/12/20 12:15:[https://f.w24.rocks/viewthread.php?tid=400751&extra=page%3D27%26amp%3Borderby%3Ddateline%26amp%3Bfilter%3D2592000,还珠露主028成都 淫荡女友爱3p，找个小哥哥满足她 ]
2020/12/20 12:16:[https://f.w24.rocks/viewthread.php?tid=400745&extra=page%3D27%26amp%3Borderby%3Ddateline%26amp%3Bfilter%3D2592000,0731]
2020/12/20 12:16:[https://f.w24.rocks/viewthread.php?tid=400742&extra=page%3D27%26amp%3Borderby%3Ddateline%26amp%3Bfilter%3D2592000,随缘收奴+静候佳音 ]
2020/12/20 12:16:[https://f.w24.rocks/viewthread.php?tid=400723&extra=page%3D27%26amp%3Borderby%3Ddateline%26amp%3Bfilter%3D2592000,大屁股骚妻 ]
2020/12/20 12:17:[https://f.w24.rocks/viewthread.php?tid=378393&extra=page%3D5%26amp%3Borderby%3Ddateline%26amp%3Bfilter%3Ddigest,Z小姐南京情侣三亚度假  招同在三亚的朋友活动 ]
2020/12/20 12:21:[https://f.w24.rocks/viewthread.php?tid=375365&extra=page%3D5%26amp%3Borderby%3Ddateline%26amp%3Bfilter%3Ddigest,删删删删删 ]
2020/12/20 12:28:[https://f.w24.rocks/viewthread.php?tid=368214&extra=page%3D6%26amp%3Borderby%3Ddateline%26amp%3Bfilter%3Ddigest,。。。 ]
2020/12/20 12:28:[https://f.w24.rocks/viewthread.php?tid=367244&extra=page%3D6%26amp%3Borderby%3Ddateline%26amp%3Bfilter%3Ddigest,删帖 ]
2020/12/20 12:28:[https://f.w24.rocks/viewthread.php?tid=367050&extra=page%3D7%26amp%3Borderby%3Ddateline%26amp%3Bfilter%3Ddigest,aufwei ]
2020/12/20 12:28:[https://f.w24.rocks/viewthread.php?tid=366663&extra=page%3D7%26amp%3Borderby%3Ddateline%26amp%3Bfilter%3Ddigest,删帖 ]
2020/12/20 12:28:[https://f.w24.rocks/viewthread.php?tid=366530&extra=page%3D7%26amp%3Borderby%3Ddateline%26amp%3Bfilter%3Ddigest,auf ]
2020/12/20 12:30:[https://f.w24.rocks/viewthread.php?tid=362330&extra=page%3D7%26amp%3Borderby%3Ddateline%26amp%3Bfilter%3Ddigest,北京读研小美女SM体验记 ]
2020/12/20 12:30:[https://f.w24.rocks/viewthread.php?tid=362083&extra=page%3D7%26amp%3Borderby%3Ddateline%26amp%3Bfilter%3Ddigest,申精！魔都高端五星酒店与单男的第三次！ 招单男！！！ ]
2020/12/20 12:31:[https://f.w24.rocks/viewthread.php?tid=361173&extra=page%3D8%26amp%3Borderby%3Ddateline%26amp%3Bfilter%3Ddigest,]
2020/12/20 12:32:[https://f.w24.rocks/viewthread.php?tid=360131&extra=page%3D8%26amp%3Borderby%3Ddateline%26amp%3Bfilter%3Ddigest,(坐标武汉）调教凌辱一个出轨小少妇（终极篇）！ ]
2020/12/20 12:32:[https://f.w24.rocks/viewthread.php?tid=357478&extra=page%3D8%26amp%3Borderby%3Ddateline%26amp%3Bfilter%3Ddigest,删帖删帖 ]
2020/12/20 12:32:[https://f.w24.rocks/viewthread.php?tid=357341&extra=page%3D8%26amp%3Borderby%3Ddateline%26amp%3Bfilter%3Ddigest,删除 ]
2020/12/20 12:33:[https://f.w24.rocks/viewthread.php?tid=354474&extra=page%3D9%26amp%3Borderby%3Ddateline%26amp%3Bfilter%3Ddigest,[新人] 空姐小情人，性感黑丝，等待有缘人（上） ]
2020/12/20 12:34:[https://f.w24.rocks/viewthread.php?tid=353276&extra=page%3D9%26amp%3Borderby%3Ddateline%26amp%3Bfilter%3Ddigest,淘宝嫩模，差点告我强奸，170长腿一线天。 [41P] ]
2020/12/20 12:35:[https://f.w24.rocks/viewthread.php?tid=351627&extra=page%3D9%26amp%3Borderby%3Ddateline%26amp%3Bfilter%3Ddigest,编辑了 ]
2020/12/20 12:35:[https://f.w24.rocks/viewthread.php?tid=351262&extra=page%3D9%26amp%3Borderby%3Ddateline%26amp%3Bfilter%3Ddigest,小小脑斧记一次90后娇妻的日常3P 换板块重发 申精 ]
2020/12/20 12:39:[https://f.w24.rocks/viewthread.php?tid=348272&extra=page%3D10%26amp%3Borderby%3Ddateline%26amp%3Bfilter%3Ddigest,再见啦～～ ]
2020/12/20 12:40:[https://f.w24.rocks/viewthread.php?tid=346464&extra=page%3D10%26amp%3Borderby%3Ddateline%26amp%3Bfilter%3Ddigest,一 ]
2020/12/20 12:41:[https://f.w24.rocks/viewthread.php?tid=345674&extra=page%3D11%26amp%3Borderby%3Ddateline%26amp%3Bfilter%3Ddigest,黑白人妻这就是我们喜欢的风格 ]
2020/12/20 12:42:[https://f.w24.rocks/viewthread.php?tid=345036&extra=page%3D11%26amp%3Borderby%3Ddateline%26amp%3Bfilter%3Ddigest,删帖，退出 ]
2020/12/20 12:44:[https://f.w24.rocks/viewthread.php?tid=342305&extra=page%3D11%26amp%3Borderby%3Ddateline%26amp%3Bfilter%3Ddigest,关闭了。。。。 ]
2020/12/20 12:44:[https://f.w24.rocks/viewthread.php?tid=342140&extra=page%3D11%26amp%3Borderby%3Ddateline%26amp%3Bfilter%3Ddigest,。。。。。。。 ]
2020/12/20 12:44:[https://f.w24.rocks/viewthread.php?tid=342010&extra=page%3D12%26amp%3Borderby%3Ddateline%26amp%3Bfilter%3Ddigest,1234 ]
2020/12/20 12:44:[https://f.w24.rocks/viewthread.php?tid=339758&extra=page%3D12%26amp%3Borderby%3Ddateline%26amp%3Bfilter%3Ddigest,（江浙沪）极品身材淫妻，用力过猛干出血 ]
2020/12/20 12:44:[https://f.w24.rocks/viewthread.php?tid=339778&extra=page%3D12%26amp%3Borderby%3Ddateline%26amp%3Bfilter%3Ddigest,北京]
2020/12/20 12:44:[https://f.w24.rocks/viewthread.php?tid=339757&extra=page%3D12%26amp%3Borderby%3Ddateline%26amp%3Bfilter%3Ddigest,（江浙沪）00后母狗 人小奶大可谓极品 多图高清 ]
2020/12/20 12:45:[https://f.w24.rocks/viewthread.php?tid=339077&extra=page%3D12%26amp%3Borderby%3Ddateline%26amp%3Bfilter%3Ddigest,动图6,7号的3P发出来供大家欣赏，寻俩个单玩4P！！！！！！ ]
2020/12/20 12:45:[https://f.w24.rocks/viewthread.php?tid=336316&extra=page%3D12%26amp%3Borderby%3Ddateline%26amp%3Bfilter%3Ddigest,111111 ]
2020/12/20 12:47:[https://f.w24.rocks/viewthread.php?tid=335215&extra=page%3D12%26amp%3Borderby%3Ddateline%26amp%3Bfilter%3Ddigest,上海]
2020/12/20 12:47:[https://f.w24.rocks/viewthread.php?tid=335214&extra=page%3D12%26amp%3Borderby%3Ddateline%26amp%3Bfilter%3Ddigest,{北京}]
2020/12/20 12:47:[https://f.w24.rocks/viewthread.php?tid=334868&extra=page%3D13%26amp%3Borderby%3Ddateline%26amp%3Bfilter%3Ddigest,成都 MixLife AV故事系列  妄想美乳小女仆（简版36P） ]
2020/12/20 12:47:[https://f.w24.rocks/viewthread.php?tid=334058&extra=page%3D13%26amp%3Borderby%3Ddateline%26amp%3Bfilter%3Ddigest,京津冀，白虎单女求互换酸奶灌肠36P申精，优质单男也可以 ]
2020/12/20 12:48:[https://f.w24.rocks/viewthread.php?tid=333286&extra=page%3D13%26amp%3Borderby%3Ddateline%26amp%3Bfilter%3Ddigest,推推退退退 ]
2020/12/20 12:48:[https://f.w24.rocks/viewthread.php?tid=333162&extra=page%3D13%26amp%3Borderby%3Ddateline%26amp%3Bfilter%3Ddigest,北京高素质单男 ]
2020/12/20 12:48:[https://f.w24.rocks/viewthread.php?tid=332648&extra=page%3D13%26amp%3Borderby%3Ddateline%26amp%3Bfilter%3Ddigest,魔术师美腿骚妻露出 ]
2020/12/20 12:49:[https://f.w24.rocks/viewthread.php?tid=331453&extra=page%3D13%26amp%3Borderby%3Ddateline%26amp%3Bfilter%3Ddigest,第2季、不被发现的心意 永远是无疾而终的悲剧！！！！！ ]
2020/12/20 12:49:[https://f.w24.rocks/viewthread.php?tid=330103&extra=page%3D13%26amp%3Borderby%3Ddateline%26amp%3Bfilter%3Ddigest,武汉猫奴——金瓶梅与摄影师的故事下一站三亚或者婚礼 ]
2020/12/20 12:50:[https://f.w24.rocks/viewthread.php?tid=328482&extra=page%3D14%26amp%3Borderby%3Ddateline%26amp%3Bfilter%3Ddigest,唐山地区，双飞单女，两女互动的厉害没我什么事 ]
2020/12/20 12:50:[https://f.w24.rocks/viewthread.php?tid=328673&extra=page%3D14%26amp%3Borderby%3Ddateline%26amp%3Bfilter%3Ddigest,换板块重新发帖敬请期待 ]
2020/12/20 12:50:[https://f.w24.rocks/viewthread.php?tid=328104&extra=page%3D14%26amp%3Borderby%3Ddateline%26amp%3Bfilter%3Ddigest,去年夏天我和你吻别！ ]
2020/12/20 12:50:[https://f.w24.rocks/viewthread.php?tid=326271&extra=page%3D14%26amp%3Borderby%3Ddateline%26amp%3Bfilter%3Ddigest,北京健身单男 ]
2020/12/20 12:50:[https://f.w24.rocks/viewthread.php?tid=325581&extra=page%3D14%26amp%3Borderby%3Ddateline%26amp%3Bfilter%3Ddigest,（坐标天津）胯下的三个小母狗]
2020/12/20 12:51:[https://f.w24.rocks/viewthread.php?tid=323033&extra=page%3D14%26amp%3Borderby%3Ddateline%26amp%3Bfilter%3Ddigest,武汉猫奴猎奇乳胶做你的家具（上）]
2020/12/20 12:52:[https://f.w24.rocks/viewthread.php?tid=322328&extra=page%3D15%26amp%3Borderby%3Ddateline%26amp%3Bfilter%3Ddigest,爱豆微乳翘臀  长腿女神窗前啪   期待突破 ]
2020/12/20 12:52:[https://f.w24.rocks/viewthread.php?tid=320968&extra=page%3D15%26amp%3Borderby%3Ddateline%26amp%3Bfilter%3Ddigest,11111111 ]
2020/12/20 12:52:[https://f.w24.rocks/viewthread.php?tid=320700&extra=page%3D15%26amp%3Borderby%3Ddateline%26amp%3Bfilter%3Ddigest,武汉猫奴带上猫奴闺蜜去成都]
2020/12/20 12:53:[https://f.w24.rocks/viewthread.php?tid=318651&extra=page%3D15%26amp%3Borderby%3Ddateline%26amp%3Bfilter%3Ddigest,突然特瑞特惹人疼 ]
2020/12/20 12:53:[https://f.w24.rocks/viewthread.php?tid=311834&extra=page%3D15%26amp%3Borderby%3Ddateline%26amp%3Bfilter%3Ddigest,马来西亚公干体验D杯印尼鲜鲍 ]
2020/12/20 12:53:[https://f.w24.rocks/viewthread.php?tid=310060&extra=page%3D15%26amp%3Borderby%3Ddateline%26amp%3Bfilter%3Ddigest,鬼 ]
2020/12/20 12:53:[https://f.w24.rocks/viewthread.php?tid=308322&extra=page%3D15%26amp%3Borderby%3Ddateline%26amp%3Bfilter%3Ddigest,0371我是街上的游魂，你是闻到我的人 ]
2020/12/20 12:53:[https://f.w24.rocks/viewthread.php?tid=305605&extra=page%3D16%26amp%3Borderby%3Ddateline%26amp%3Bfilter%3Ddigest,删91Maomaomim ]
2020/12/20 12:54:[https://f.w24.rocks/viewthread.php?tid=305850&extra=page%3D16%26amp%3Borderby%3Ddateline%26amp%3Bfilter%3Ddigest,028《麻辣凤妞儿露出1》52p ]
2020/12/20 12:54:[https://f.w24.rocks/viewthread.php?tid=303840&extra=page%3D16%26amp%3Borderby%3Ddateline%26amp%3Bfilter%3Ddigest,MMMMMMMMMMMMMMMMMMMMMMMMMMM ]
2020/12/20 12:54:[https://f.w24.rocks/viewthread.php?tid=277842&extra=page%3D16%26amp%3Borderby%3Ddateline%26amp%3Bfilter%3Ddigest,绅士风度极品性感女神调教后，亲自备选3P对象！ ]
2020/12/20 12:54:[https://f.w24.rocks/viewthread.php?tid=276704&extra=page%3D16%26amp%3Borderby%3Ddateline%26amp%3Bfilter%3Ddigest,贵州夫妻，愉快4P期待有缘人！ ]
2020/12/20 12:54:[https://f.w24.rocks/viewthread.php?tid=273392&extra=page%3D16%26amp%3Borderby%3Ddateline%26amp%3Bfilter%3Ddigest,从3P玩到4P，老婆心满意足。 ]
2020/12/20 12:55:[https://f.w24.rocks/viewthread.php?tid=272116&extra=page%3D16%26amp%3Borderby%3Ddateline%26amp%3Bfilter%3Ddigest,贵州夫妻3P，帅气单男中场因故离开，略有遗憾。 ]
2020/12/20 12:55:[https://f.w24.rocks/viewthread.php?tid=266900&extra=page%3D16%26amp%3Borderby%3Ddateline%26amp%3Bfilter%3Ddigest,贵州90后夫妻2018年第一战 ]
2020/12/20 12:55:[https://f.w24.rocks/viewthread.php?tid=262413&extra=page%3D16%26amp%3Borderby%3Ddateline%26amp%3Bfilter%3Ddigest,娇妻性感自拍求4p，交换，还请大家对老婆进行评价 ]
2020/12/20 12:55:[https://f.w24.rocks/viewthread.php?tid=261600&extra=page%3D16%26amp%3Borderby%3Ddateline%26amp%3Bfilter%3Ddigest,痴小猫0371老婆的性开发之旅  ]
2020/12/20 12:55:[https://f.w24.rocks/viewthread.php?tid=255687&extra=page%3D16%26amp%3Borderby%3Ddateline%26amp%3Bfilter%3Ddigest,河南我是街上的游魂，你是闻到我的人。 聘单男。 ]
2020/12/20 12:55:[https://f.w24.rocks/viewthread.php?tid=253412&extra=page%3D17%26amp%3Borderby%3Ddateline%26amp%3Bfilter%3Ddigest,11111 ]
2020/12/20 12:55:[https://f.w24.rocks/viewthread.php?tid=252007&extra=page%3D17%26amp%3Borderby%3Ddateline%26amp%3Bfilter%3Ddigest,云淡风轻杨柳岸老婆的第一次活动体验！ ]
2020/12/20 12:55:[https://f.w24.rocks/viewthread.php?tid=252608&extra=page%3D17%26amp%3Borderby%3Ddateline%26amp%3Bfilter%3Ddigest,云淡风轻杨柳岸老婆的活动体验，第二次全记录！ ]
2020/12/20 12:55:[https://f.w24.rocks/viewthread.php?tid=250955&extra=page%3D17%26amp%3Borderby%3Ddateline%26amp%3Bfilter%3Ddigest,河南让灵魂克制身体，让欲望丰富灵魂 ]
2020/12/20 12:55:[https://f.w24.rocks/viewthread.php?tid=244760&extra=page%3D17%26amp%3Borderby%3Ddateline%26amp%3Bfilter%3Ddigest,我爱群劈·魔都3p高冷女神，当老公面被内射 ]
2020/12/20 12:55:[https://f.w24.rocks/viewthread.php?tid=242177&extra=page%3D17%26amp%3Borderby%3Ddateline%26amp%3Bfilter%3Ddigest,➝➞➸   《 洗车女郎 》 $$ ]
2020/12/20 12:55:[https://f.w24.rocks/viewthread.php?tid=239883&extra=page%3D17%26amp%3Borderby%3Ddateline%26amp%3Bfilter%3Ddigest,[湿木]用胶卷相机记录3p，魔都 ]
2020/12/20 12:55:[https://f.w24.rocks/viewthread.php?tid=239440&extra=page%3D17%26amp%3Borderby%3Ddateline%26amp%3Bfilter%3Ddigest,河南招募活动单男～3p成瘾期待4p群p～ ]
2020/12/20 12:55:[https://f.w24.rocks/viewthread.php?tid=238393&extra=page%3D17%26amp%3Borderby%3Ddateline%26amp%3Bfilter%3Ddigest,{邻家女孩来借电脑}18禁  请勿点击 ]
2020/12/20 12:55:[https://f.w24.rocks/viewthread.php?tid=237928&extra=page%3D17%26amp%3Borderby%3Ddateline%26amp%3Bfilter%3Ddigest,终于把邻居的女人强奸了  最后她既然主动配合了 ]
2020/12/20 12:55:[https://f.w24.rocks/viewthread.php?tid=237489&extra=page%3D17%26amp%3Borderby%3Ddateline%26amp%3Bfilter%3Ddigest,{生活在农家竹林的女人} ]
2020/12/20 12:55:[https://f.w24.rocks/viewthread.php?tid=233891&extra=page%3D17%26amp%3Borderby%3Ddateline%26amp%3Bfilter%3Ddigest,1 ]
2020/12/20 12:55:[https://f.w24.rocks/viewthread.php?tid=229653&extra=page%3D17%26amp%3Borderby%3Ddateline%26amp%3Bfilter%3Ddigest,谢谢。 ]
2020/12/20 12:56:[https://f.w24.rocks/viewthread.php?tid=232634&extra=page%3D17%26amp%3Borderby%3Ddateline%26amp%3Bfilter%3Ddigest,1 ]
2020/12/20 12:56:[https://f.w24.rocks/viewthread.php?tid=224028&extra=page%3D18%26amp%3Borderby%3Ddateline%26amp%3Bfilter%3Ddigest,第二贴单男帮拍的AV（百图让你一次看个够） ]
2020/12/20 12:56:[https://f.w24.rocks/viewthread.php?tid=202188&extra=page%3D18%26amp%3Borderby%3Ddateline%26amp%3Bfilter%3Ddigest,lkn ]
2020/12/20 12:56:[https://f.w24.rocks/viewthread.php?tid=199840&extra=page%3D18%26amp%3Borderby%3Ddateline%26amp%3Bfilter%3Ddigest,426广东。跨境3P极品老婆 ]
2020/12/20 12:56:[https://f.w24.rocks/viewthread.php?tid=197746&extra=page%3D18%26amp%3Borderby%3Ddateline%26amp%3Bfilter%3Ddigest,]
2020/12/20 12:56:[https://f.w24.rocks/viewthread.php?tid=196192&extra=page%3D18%26amp%3Borderby%3Ddateline%26amp%3Bfilter%3Ddigest,初次见面可爱肉臀小猫奴的剃毛调教之旅 ]
2020/12/20 12:57:[https://f.w24.rocks/viewthread.php?tid=192158&extra=page%3D18%26amp%3Borderby%3Ddateline%26amp%3Bfilter%3Ddigest,广东骚妻准备圣诞节3P活动 ]
2020/12/20 12:57:[https://f.w24.rocks/viewthread.php?tid=191741&extra=page%3D18%26amp%3Borderby%3Ddateline%26amp%3Bfilter%3Ddigest,标参 ]
2020/12/20 12:57:[https://f.w24.rocks/viewthread.php?tid=182590&extra=page%3D19%26amp%3Borderby%3Ddateline%26amp%3Bfilter%3Ddigest,第一季（更新至第季终）真正 ]
2020/12/20 12:57:[https://f.w24.rocks/viewthread.php?tid=182771&extra=page%3D19%26amp%3Borderby%3Ddateline%26amp%3Bfilter%3Ddigest,（二） ]
2020/12/20 12:58:[https://f.w24.rocks/viewthread.php?tid=181397&extra=page%3D19%26amp%3Borderby%3Ddateline%26amp%3Bfilter%3Ddigest,小狐狸3P系列第二季（二）图文有验证，下季募集中 ]
2020/12/20 12:58:[https://f.w24.rocks/viewthread.php?tid=181319&extra=page%3D19%26amp%3Borderby%3Ddateline%26amp%3Bfilter%3Ddigest,精华小狐狸3P系列第二季（一）图文有验证，下季募集中 ]
2020/12/20 12:58:[https://f.w24.rocks/viewthread.php?tid=181272&extra=page%3D19%26amp%3Borderby%3Ddateline%26amp%3Bfilter%3Ddigest,黑丝高跟，在一次的外拍！ ]
2020/12/20 12:58:[https://f.w24.rocks/viewthread.php?tid=180350&extra=page%3D19%26amp%3Borderby%3Ddateline%26amp%3Bfilter%3Ddigest,黑丝高跟，第一次外拍！ ]
2020/12/20 12:58:[https://f.w24.rocks/viewthread.php?tid=179366&extra=page%3D19%26amp%3Borderby%3Ddateline%26amp%3Bfilter%3Ddigest,红黑视觉。 ]
2020/12/20 12:58:[https://f.w24.rocks/viewthread.php?tid=176877&extra=page%3D19%26amp%3Borderby%3Ddateline%26amp%3Bfilter%3Ddigest,rtyfhre小鱼]
2020/12/20 12:58:[https://f.w24.rocks/viewthread.php?tid=174160&extra=page%3D19%26amp%3Borderby%3Ddateline%26amp%3Bfilter%3Ddigest,金秋十月]
2020/12/20 12:58:[https://f.w24.rocks/viewthread.php?tid=174907&extra=page%3D19%26amp%3Borderby%3Ddateline%26amp%3Bfilter%3Ddigest,骚妻口交，超性感。进来不会失望，求999 ]
2020/12/20 12:59:[https://f.w24.rocks/viewthread.php?tid=175687&extra=page%3D19%26amp%3Borderby%3Ddateline%26amp%3Bfilter%3Ddigest,Assdfghh ]
2020/12/20 12:59:[https://f.w24.rocks/viewthread.php?tid=174137&extra=page%3D19%26amp%3Borderby%3Ddateline%26amp%3Bfilter%3Ddigest,SHAN ]
2020/12/20 12:59:[https://f.w24.rocks/viewthread.php?tid=172910&extra=page%3D20%26amp%3Borderby%3Ddateline%26amp%3Bfilter%3Ddigest,······························· ]
2020/12/20 12:59:[https://f.w24.rocks/viewthread.php?tid=173640&extra=page%3D20%26amp%3Borderby%3Ddateline%26amp%3Bfilter%3Ddigest,。。。。。。 ]
2020/12/20 12:59:[https://f.w24.rocks/viewthread.php?tid=171753&extra=page%3D20%26amp%3Borderby%3Ddateline%26amp%3Bfilter%3Ddigest,123 ]
2020/12/20 12:59:[https://f.w24.rocks/viewthread.php?tid=171669&extra=page%3D20%26amp%3Borderby%3Ddateline%26amp%3Bfilter%3Ddigest,！！！！！！！！ ]
2020/12/20 12:59:[https://f.w24.rocks/viewthread.php?tid=171630&extra=page%3D20%26amp%3Borderby%3Ddateline%26amp%3Bfilter%3Ddigest,··小猫咪 作品··（2）csbsb 91原创验证 ]
2020/12/20 12:59:[https://f.w24.rocks/viewthread.php?tid=171281&extra=page%3D20%26amp%3Borderby%3Ddateline%26amp%3Bfilter%3Ddigest,Fghjkljhf ]
2020/12/20 12:59:[https://f.w24.rocks/viewthread.php?tid=171212&extra=page%3D20%26amp%3Borderby%3Ddateline%26amp%3Bfilter%3Ddigest,刺激一下胃口 ]
2020/12/20 12:59:[https://f.w24.rocks/viewthread.php?tid=170965&extra=page%3D20%26amp%3Borderby%3Ddateline%26amp%3Bfilter%3Ddigest,yao]
2020/12/20 12:59:[https://f.w24.rocks/viewthread.php?tid=170571&extra=page%3D20%26amp%3Borderby%3Ddateline%26amp%3Bfilter%3Ddigest,舌尖上的鲍鱼刚收的微信母狗，还热乎呢 ]
2020/12/20 12:59:[https://f.w24.rocks/viewthread.php?tid=170918&extra=page%3D20%26amp%3Borderby%3Ddateline%26amp%3Bfilter%3Ddigest,风过不留痕 ]
2020/12/20 12:59:[https://f.w24.rocks/viewthread.php?tid=170336&extra=page%3D20%26amp%3Borderby%3Ddateline%26amp%3Bfilter%3Ddigest,94年女友嫩乳美腿，期待狼友凌辱 ]
2020/12/20 13:01:[https://f.w24.rocks/viewthread.php?tid=169709&extra=page%3D21%26amp%3Borderby%3Ddateline%26amp%3Bfilter%3Ddigest,如果还是没有诚心的朋友！那我们会选择离开91！ ]
2020/12/20 13:01:[https://f.w24.rocks/viewthread.php?tid=169567&extra=page%3D21%26amp%3Borderby%3Ddateline%26amp%3Bfilter%3Ddigest,情趣旗袍，长筒白丝高跟！原创模特女友第一季，欢迎意淫 ]
2020/12/20 13:01:[https://f.w24.rocks/viewthread.php?tid=169427&extra=page%3D21%26amp%3Borderby%3Ddateline%26amp%3Bfilter%3Ddigest,…… ]
2020/12/20 13:01:[https://f.w24.rocks/viewthread.php?tid=168574&extra=page%3D21%26amp%3Borderby%3Ddateline%26amp%3Bfilter%3Ddigest,老图新发 希望认识欧洲夫妻 ]
2020/12/20 13:01:[https://f.w24.rocks/viewthread.php?tid=168286&extra=page%3D21%26amp%3Borderby%3Ddateline%26amp%3Bfilter%3Ddigest,]
2020/12/20 13:01:[https://f.w24.rocks/viewthread.php?tid=168204&extra=page%3D21%26amp%3Borderby%3Ddateline%26amp%3Bfilter%3Ddigest,重编辑 ]
2020/12/20 13:01:[https://f.w24.rocks/viewthread.php?tid=168275&extra=page%3D21%26amp%3Borderby%3Ddateline%26amp%3Bfilter%3Ddigest,致丶幻重磅推出系列调教作品，历时十年，人数众多。 ]
2020/12/20 13:02:[https://f.w24.rocks/viewthread.php?tid=167695&extra=page%3D22%26amp%3Borderby%3Ddateline%26amp%3Bfilter%3Ddigest,安然最后一季！！！！ ]
2020/12/20 13:02:[https://f.w24.rocks/viewthread.php?tid=167999&extra=page%3D22%26amp%3Borderby%3Ddateline%26amp%3Bfilter%3Ddigest,和谐低调 ]
2020/12/20 13:03:[https://f.w24.rocks/viewthread.php?tid=163895&extra=page%3D22%26amp%3Borderby%3Ddateline%26amp%3Bfilter%3Ddigest,Miss7柒姑娘私藏小放送，十一轻福利！ ]
2020/12/20 13:03:[https://f.w24.rocks/viewthread.php?tid=163125&extra=page%3D22%26amp%3Borderby%3Ddateline%26amp%3Bfilter%3Ddigest,《娃娃第二季私房诱惑》美穴首次流出期待交流继续求精 ]
2020/12/20 13:03:[https://f.w24.rocks/viewthread.php?tid=163051&extra=page%3D22%26amp%3Borderby%3Ddateline%26amp%3Bfilter%3Ddigest,Miss7柒姑娘初来报道，首贴欣赏，轻喷哦各位！ ]
2020/12/20 13:03:[https://f.w24.rocks/viewthread.php?tid=163023&extra=page%3D22%26amp%3Borderby%3Ddateline%26amp%3Bfilter%3Ddigest,《娃娃第一季性感内衣篇》高清美图期待交流求精 ]
2020/12/20 13:03:[https://f.w24.rocks/viewthread.php?tid=161690&extra=page%3D22%26amp%3Borderby%3Ddateline%26amp%3Bfilter%3Ddigest,刚才老公发的不给力，我再来发一次，坐等哥哥们哦 ]
2020/12/20 13:03:[https://f.w24.rocks/viewthread.php?tid=161911&extra=page%3D22%26amp%3Borderby%3Ddateline%26amp%3Bfilter%3Ddigest,大灰狼户外自慰到高潮 第二季 ]
2020/12/20 13:03:[https://f.w24.rocks/viewthread.php?tid=161331&extra=page%3D22%26amp%3Borderby%3Ddateline%26amp%3Bfilter%3Ddigest,大灰狼户外自慰到高潮 oh～～oh～～ ]
2020/12/20 13:03:[https://f.w24.rocks/viewthread.php?tid=161263&extra=page%3D22%26amp%3Borderby%3Ddateline%26amp%3Bfilter%3Ddigest,,,,,,,,,,,,,,,,,,,, ]
2020/12/20 13:04:[https://f.w24.rocks/viewthread.php?tid=160812&extra=page%3D23%26amp%3Borderby%3Ddateline%26amp%3Bfilter%3Ddigest,xxxxxxxxxxxxxxxxxxxxxx ]
2020/12/20 13:04:[https://f.w24.rocks/viewthread.php?tid=160549&extra=page%3D23%26amp%3Borderby%3Ddateline%26amp%3Bfilter%3Ddigest,你们想看到的骚货 申精 ]
2020/12/20 13:04:[https://f.w24.rocks/viewthread.php?tid=158763&extra=page%3D23%26amp%3Borderby%3Ddateline%26amp%3Bfilter%3Ddigest,赢魅自拍系列火热出炉第四部手机拍摄非专业,娱乐而已 ]
2020/12/20 13:04:[https://f.w24.rocks/viewthread.php?tid=158598&extra=page%3D23%26amp%3Borderby%3Ddateline%26amp%3Bfilter%3Ddigest,、、、、、、、、、、、、、 ]
2020/12/20 13:05:[https://f.w24.rocks/viewthread.php?tid=157660&extra=page%3D23%26amp%3Borderby%3Ddateline%26amp%3Bfilter%3Ddigest,口重自虐  BB拔罐大家喜欢吗（版主来看看吧） ]
2020/12/20 13:05:[https://f.w24.rocks/viewthread.php?tid=157380&extra=page%3D23%26amp%3Borderby%3Ddateline%26amp%3Bfilter%3Ddigest,8 ]
2020/12/20 13:05:[https://f.w24.rocks/viewthread.php?tid=155400&extra=page%3D24%26amp%3Borderby%3Ddateline%26amp%3Bfilter%3Ddigest,元宵快乐。 ]
2020/12/20 13:06:[https://f.w24.rocks/viewthread.php?tid=154583&extra=page%3D24%26amp%3Borderby%3Ddateline%26amp%3Bfilter%3Ddigest,重新整理 ]
2020/12/20 13:06:[https://f.w24.rocks/viewthread.php?tid=153896&extra=page%3D24%26amp%3Borderby%3Ddateline%26amp%3Bfilter%3Ddigest,（涛哥原创第五弹）中美护士装大战验证原创，射精吧大大 ]
2020/12/20 13:07:[https://f.w24.rocks/viewthread.php?tid=152876&extra=page%3D24%26amp%3Borderby%3Ddateline%26amp%3Bfilter%3Ddigest,（原创第四弹）带验证带情趣内衣，大大不用吝啬你的精了 ]
2020/12/20 13:07:[https://f.w24.rocks/viewthread.php?tid=152786&extra=page%3D24%26amp%3Borderby%3Ddateline%26amp%3Bfilter%3Ddigest,（原创第二弹）带验证，与老婆风雨自拍,求大大射精 ]
2020/12/20 13:07:[https://f.w24.rocks/viewthread.php?tid=152191&extra=page%3D25%26amp%3Borderby%3Ddateline%26amp%3Bfilter%3Ddigest,傻逼太多，关贴。！ ]
2020/12/20 13:07:[https://f.w24.rocks/viewthread.php?tid=151938&extra=page%3D25%26amp%3Borderby%3Ddateline%26amp%3Bfilter%3Ddigest,痴女 ]
2020/12/20 13:07:[https://f.w24.rocks/viewthread.php?tid=151586&extra=page%3D25%26amp%3Borderby%3Ddateline%26amp%3Bfilter%3Ddigest,多毛母狗强势回归。。。。。 ]
2020/12/20 13:08:[https://f.w24.rocks/viewthread.php?tid=151580&extra=page%3D25%26amp%3Borderby%3Ddateline%26amp%3Bfilter%3Ddigest,❤lluvia_第七季❤空姐归来☆原创带验证☆ ]
2020/12/20 13:08:[https://f.w24.rocks/viewthread.php?tid=151306&extra=page%3D25%26amp%3Borderby%3Ddateline%26amp%3Bfilter%3Ddigest,私模 宾馆 美乳 連褲襪挑釁SEX(2) ]
2020/12/20 13:08:[https://f.w24.rocks/viewthread.php?tid=150833&extra=page%3D25%26amp%3Borderby%3Ddateline%26amp%3Bfilter%3Ddigest,山庄里(续接《山庄里的色女》) ]
2020/12/20 13:08:[https://f.w24.rocks/viewthread.php?tid=150112&extra=page%3D25%26amp%3Borderby%3Ddateline%26amp%3Bfilter%3Ddigest,初次外拍 老婆不习惯用ID纸片 ]
2020/12/20 13:08:[https://f.w24.rocks/viewthread.php?tid=150052&extra=page%3D25%26amp%3Borderby%3Ddateline%26amp%3Bfilter%3Ddigest,老婆bb吃茄子灯泡和小裤裤秀 ]
2020/12/20 13:08:[https://f.w24.rocks/viewthread.php?tid=150048&extra=page%3D25%26amp%3Borderby%3Ddateline%26amp%3Bfilter%3Ddigest,山庄里的色女 ]
2020/12/20 13:08:[https://f.w24.rocks/viewthread.php?tid=149968&extra=page%3D26%26amp%3Borderby%3Ddateline%26amp%3Bfilter%3Ddigest,傻逼太多，关贴。！ ]
2020/12/20 13:08:[https://f.w24.rocks/viewthread.php?tid=149803&extra=page%3D26%26amp%3Borderby%3Ddateline%26amp%3Bfilter%3Ddigest,R哥原创90后平面模特 二 ]
2020/12/20 13:08:[https://f.w24.rocks/viewthread.php?tid=149317&extra=page%3D26%26amp%3Borderby%3Ddateline%26amp%3Bfilter%3Ddigest,❤lluvia_第四季❤丝袜高跟大肉棒_☆原创带验证☆ ]
2020/12/20 13:08:[https://f.w24.rocks/viewthread.php?tid=149432&extra=page%3D26%26amp%3Borderby%3Ddateline%26amp%3Bfilter%3Ddigest,《帮人代发》大鸡巴出品第四季。。申精20P ]
2020/12/20 13:09:[https://f.w24.rocks/viewthread.php?tid=147604&extra=page%3D26%26amp%3Borderby%3Ddateline%26amp%3Bfilter%3Ddigest,❤福利贴❤小Jr❤小睡衣❤小性感❤ ]
2020/12/20 13:09:[https://f.w24.rocks/viewthread.php?tid=147099&extra=page%3D26%26amp%3Borderby%3Ddateline%26amp%3Bfilter%3Ddigest,原创16P+3P验证杭州读大一的淫荡90后小MM ]
2020/12/20 13:09:[https://f.w24.rocks/viewthread.php?tid=140188&extra=page%3D26%26amp%3Borderby%3Ddateline%26amp%3Bfilter%3Ddigest,]
2020/12/20 13:09:[https://f.w24.rocks/viewthread.php?tid=134489&extra=page%3D27%26amp%3Borderby%3Ddateline%26amp%3Bfilter%3Ddigest,Msjr更新了哦（小心感冒 管理加分）o(∩_∩)o ]
2020/12/20 13:09:[https://f.w24.rocks/viewthread.php?tid=138412&extra=page%3D27%26amp%3Borderby%3Ddateline%26amp%3Bfilter%3Ddigest,789679 ]
2020/12/20 13:10:[https://f.w24.rocks/viewthread.php?tid=120981&extra=page%3D27%26amp%3Borderby%3Ddateline%26amp%3Bfilter%3Ddigest,老婆被草的多是白色液体 ]
2020/12/20 13:10:[https://f.w24.rocks/viewthread.php?tid=116438&extra=page%3D27%26amp%3Borderby%3Ddateline%26amp%3Bfilter%3Ddigest,号外！携女友最新真实自拍来袭91，狼友们准备好手纸！ ]
2020/12/20 13:10:[https://f.w24.rocks/viewthread.php?tid=98861&extra=page%3D27%26amp%3Borderby%3Ddateline%26amp%3Bfilter%3Ddigest,新人首发老婆照片（带91字样）她说想看大家如何评论的 ]
2020/12/20 13:10:[https://f.w24.rocks/viewthread.php?tid=38113&extra=page%3D27%26amp%3Borderby%3Ddateline%26amp%3Bfilter%3Ddigest,内地大胆女街边裸露25P ]
2020/12/20 13:10:[https://f.w24.rocks/viewthread.php?tid=38102&extra=page%3D27%26amp%3Borderby%3Ddateline%26amp%3Bfilter%3Ddigest,我的老婆 申请加精 ]
2020/12/20 13:10:[https://f.w24.rocks/viewthread.php?tid=31518&extra=page%3D27%26amp%3Borderby%3Ddateline%26amp%3Bfilter%3Ddigest,带字原创！刚拍的！ ]
2020/12/21 09:34:[https://f.w24.rocks/viewthread.php?tid=402172&extra=page%3D7%26amp%3Borderby%3Ddateline%26amp%3Bfilter%3D2592000,5删除 ]
2020/12/21 09:35:[https://f.w24.rocks/viewthread.php?tid=402158&extra=page%3D7%26amp%3Borderby%3Ddateline%26amp%3Bfilter%3D2592000,湖北地区看过来 ]
2020/12/21 09:35:[https://f.w24.rocks/viewthread.php?tid=402141&extra=page%3D7%26amp%3Borderby%3Ddateline%26amp%3Bfilter%3D2592000,自拍 ]
2020/12/21 09:35:[https://f.w24.rocks/viewthread.php?tid=402135&extra=page%3D7%26amp%3Borderby%3Ddateline%26amp%3Bfilter%3D2592000,分享 ]
2020/12/21 09:35:[https://f.w24.rocks/viewthread.php?tid=402121&extra=page%3D7%26amp%3Borderby%3Ddateline%26amp%3Bfilter%3D2592000,none]
2020/12/21 09:35:[https://f.w24.rocks/viewthread.php?tid=402130&extra=page%3D7%26amp%3Borderby%3Ddateline%26amp%3Bfilter%3D2592000,none]
2020/12/21 09:35:[https://f.w24.rocks/viewthread.php?tid=402119&extra=page%3D8%26amp%3Borderby%3Ddateline%26amp%3Bfilter%3D2592000,none]
2020/12/21 09:35:[https://f.w24.rocks/viewthread.php?tid=402115&extra=page%3D8%26amp%3Borderby%3Ddateline%26amp%3Bfilter%3D2592000,none]
2020/12/21 09:35:[https://f.w24.rocks/viewthread.php?tid=402118&extra=page%3D8%26amp%3Borderby%3Ddateline%26amp%3Bfilter%3D2592000,none]
2020/12/21 09:35:[https://f.w24.rocks/viewthread.php?tid=402116&extra=page%3D8%26amp%3Borderby%3Ddateline%26amp%3Bfilter%3D2592000,none]
2020/12/21 09:35:[https://f.w24.rocks/viewthread.php?tid=402113&extra=page%3D8%26amp%3Borderby%3Ddateline%26amp%3Bfilter%3D2592000,none]
2020/12/21 09:35:[https://f.w24.rocks/viewthread.php?tid=402088&extra=page%3D8%26amp%3Borderby%3Ddateline%26amp%3Bfilter%3D2592000,none]
2020/12/21 09:35:[https://f.w24.rocks/viewthread.php?tid=402111&extra=page%3D8%26amp%3Borderby%3Ddateline%26amp%3Bfilter%3D2592000,none]
2020/12/21 10:01:[https://f.w24.rocks/viewthread.php?tid=402589&extra=page%3D1%26amp%3Borderby%3Ddateline%26amp%3Bfilter%3D2592000,寻广东优质单 高素质情侣  没有门槛 ]
2020/12/21 10:01:[https://f.w24.rocks/viewthread.php?tid=402567&extra=page%3D1%26amp%3Borderby%3Ddateline%26amp%3Bfilter%3D2592000,深圳  活动  验证  交友  寻M 单女夫妻 ]
2020/12/21 10:02:[https://f.w24.rocks/viewthread.php?tid=402548&extra=page%3D1%26amp%3Borderby%3Ddateline%26amp%3Bfilter%3D2592000,JW9023重庆三天两夜的3P ]
2020/12/21 10:26:[https://f.w24.rocks/viewthread.php?tid=402594&extra=page%3D1%26amp%3Borderby%3Ddateline%26amp%3Bfilter%3D2592000,按摩师27号到广州28号到佛山，需要的请联系。 ]
2020/12/21 10:26:[https://f.w24.rocks/viewthread.php?tid=402579&extra=page%3D1%26amp%3Borderby%3Ddateline%26amp%3Bfilter%3D2592000,删除 ]
2020/12/21 10:27:[https://f.w24.rocks/viewthread.php?tid=402565&extra=page%3D1%26amp%3Borderby%3Ddateline%26amp%3Bfilter%3D2592000,坐标广州    需要妹子线上陪玩可交流 ]
2020/12/21 10:28:[https://f.w24.rocks/viewthread.php?tid=402503&extra=page%3D2%26amp%3Borderby%3Ddateline%26amp%3Bfilter%3D2592000,删帖删帖删帖删帖 ]
2020/12/21 10:28:[https://f.w24.rocks/viewthread.php?tid=402501&extra=page%3D2%26amp%3Borderby%3Ddateline%26amp%3Bfilter%3D2592000,夫妻找单男会聊，活好的来，活动 ]
2020/12/21 10:28:[https://f.w24.rocks/viewthread.php?tid=402486&extra=page%3D2%26amp%3Borderby%3Ddateline%26amp%3Bfilter%3D2592000,寻德国荷兰附近单男情侣 ]
2020/12/22 08:59:[https://f.w24.rocks/viewthread.php?tid=402667&extra=page%3D1%26amp%3Borderby%3Ddateline%26amp%3Bfilter%3D2592000,删除 ]
2020/12/22 08:59:[https://f.w24.rocks/viewthread.php?tid=402662&extra=page%3D1%26amp%3Borderby%3Ddateline%26amp%3Bfilter%3D2592000,虐爱游戏之我见 ]
2020/12/22 09:01:[https://f.w24.rocks/viewthread.php?tid=402617&extra=page%3D2%26amp%3Borderby%3Ddateline%26amp%3Bfilter%3D2592000,有没有人喜欢我老婆的这对大奶子 ]
2020/12/22 09:01:[https://f.w24.rocks/viewthread.php?tid=402632&extra=page%3D2%26amp%3Borderby%3Ddateline%26amp%3Bfilter%3D2592000,极品少妇好风骚哦 ]
2020/12/22 09:01:[https://f.w24.rocks/viewthread.php?tid=402606&extra=page%3D2%26amp%3Borderby%3Ddateline%26amp%3Bfilter%3D2592000,海南三亚 夫妻或单 1224]
2020/12/22 09:01:[https://f.w24.rocks/viewthread.php?tid=402588&extra=page%3D2%26amp%3Borderby%3Ddateline%26amp%3Bfilter%3D2592000,91熟女医生强势回归，穿护士服值班室自拍 ]
2020/12/23 09:07:[https://f.w24.rocks/viewthread.php?tid=402761&extra=page%3D1%26amp%3Borderby%3Ddateline%26amp%3Bfilter%3D2592000,575地区优质单 寻情侣    夫妻   单女  单男勿扰 谢谢 ]
2020/12/23 09:07:[https://f.w24.rocks/viewthread.php?tid=402759&extra=page%3D1%26amp%3Borderby%3Ddateline%26amp%3Bfilter%3D2592000,0512寻m以及志同道合的朋友 ]
2020/12/23 09:07:[https://f.w24.rocks/viewthread.php?tid=402737&extra=page%3D2%26amp%3Borderby%3Ddateline%26amp%3Bfilter%3D2592000,初次发帖，多多关照！ ]
2020/12/23 09:08:[https://f.w24.rocks/viewthread.php?tid=402690&extra=page%3D2%26amp%3Borderby%3Ddateline%26amp%3Bfilter%3D2592000,0532 想给95后骚妻准备跨年礼物 ]
2020/12/24 08:59:[https://f.w24.rocks/viewthread.php?tid=402952&extra=page%3D1%26amp%3Borderby%3Ddateline%26amp%3Bfilter%3D2592000,0532夫妻，希望大家素质交流 ]
2020/12/24 08:59:[https://f.w24.rocks/viewthread.php?tid=402918&extra=page%3D1%26amp%3Borderby%3Ddateline%26amp%3Bfilter%3D2592000,银川夫妻20201224 ]
2020/12/24 08:59:[https://f.w24.rocks/viewthread.php?tid=402901&extra=page%3D1%26amp%3Borderby%3Ddateline%26amp%3Bfilter%3D2592000,0833活动招募计划4男3女 ]
2020/12/24 09:00:[https://f.w24.rocks/viewthread.php?tid=402847&extra=page%3D2%26amp%3Borderby%3Ddateline%26amp%3Bfilter%3D2592000,0574宁波携D奶美女老婆交友 ]
2020/12/24 09:00:[https://f.w24.rocks/viewthread.php?tid=402840&extra=page%3D2%26amp%3Borderby%3Ddateline%26amp%3Bfilter%3D2592000,0531]
2020/12/24 09:00:[https://f.w24.rocks/viewthread.php?tid=402834&extra=page%3D2%26amp%3Borderby%3Ddateline%26amp%3Bfilter%3D2592000,0371情侣交友 ]
2020/12/25 09:01:[https://f.w24.rocks/viewthread.php?tid=403089&extra=page%3D1%26amp%3Borderby%3Ddateline%26amp%3Bfilter%3D2592000,急贴！认识知道大连工业艺术学院的这个女的的进来！ ]
2020/12/25 09:02:[https://f.w24.rocks/viewthread.php?tid=403053&extra=page%3D2%26amp%3Borderby%3Ddateline%26amp%3Bfilter%3D2592000,0533 及附近寻夫妻活动 ]
2020/12/25 09:02:[https://f.w24.rocks/viewthread.php?tid=403028&extra=page%3D2%26amp%3Borderby%3Ddateline%26amp%3Bfilter%3D2592000,再发贴，分享爱妻，爱妻喜欢帅的 ]
2020/12/25 09:02:[https://f.w24.rocks/viewthread.php?tid=403040&extra=page%3D2%26amp%3Borderby%3Ddateline%26amp%3Bfilter%3D2592000,小说集本人欲将淫妻过程以小说形式分享给众人 ]
2020/12/25 09:02:[https://f.w24.rocks/viewthread.php?tid=402996&extra=page%3D2%26amp%3Borderby%3Ddateline%26amp%3Bfilter%3D2592000,010地区真诚交友，寻京城孤独寂寞的你，限女。 ]
2020/12/25 09:02:[https://f.w24.rocks/viewthread.php?tid=402992&extra=page%3D2%26amp%3Borderby%3Ddateline%26amp%3Bfilter%3D2592000,有玩过的交流，03++，药儿无伞吧儿起把无药，VQ同号 ]
2020/12/25 09:02:[https://f.w24.rocks/viewthread.php?tid=402990&extra=page%3D3%26amp%3Borderby%3Ddateline%26amp%3Bfilter%3D2592000,027单 寻夫妻  情侣 单女    单男勿扰 ]
2020/12/25 09:03:[https://f.w24.rocks/viewthread.php?tid=402981&extra=page%3D3%26amp%3Borderby%3Ddateline%26amp%3Bfilter%3D2592000,0771寻找优质单女，夫妻  交换的+ ]
2020/12/25 09:03:[https://f.w24.rocks/viewthread.php?tid=402982&extra=page%3D3%26amp%3Borderby%3Ddateline%26amp%3Bfilter%3D2592000,人妻的约会 ]
2020/12/27 10:47:[https://f.w24.rocks/viewthread.php?tid=403330&extra=page%3D1%26amp%3Borderby%3Ddateline%26amp%3Bfilter%3D2592000,北京素质单男寻长期单女夫妻 ]
2020/12/27 10:47:[https://f.w24.rocks/viewthread.php?tid=403325&extra=page%3D1%26amp%3Borderby%3Ddateline%26amp%3Bfilter%3D2592000,坐标053290后夫妻寻同好交流一起跨年 ]
2020/12/27 10:47:[https://f.w24.rocks/viewthread.php?tid=403300&extra=page%3D1%26amp%3Borderby%3Ddateline%26amp%3Bfilter%3D2592000,删除 ]
2020/12/27 10:47:[https://f.w24.rocks/viewthread.php?tid=403255&extra=page%3D2%26amp%3Borderby%3Ddateline%26amp%3Bfilter%3D2592000,青岛今晚有情侣夫妻一起玩吗 ]
2020/12/27 10:47:[https://f.w24.rocks/viewthread.php?tid=403264&extra=page%3D2%26amp%3Borderby%3Ddateline%26amp%3Bfilter%3D2592000,丝袜老婆酒后发骚 急招素质单男 ]
2020/12/27 10:48:[https://f.w24.rocks/viewthread.php?tid=403219&extra=page%3D2%26amp%3Borderby%3Ddateline%26amp%3Bfilter%3D2592000,广西南宁高颜值FQ寻广西或周边高颜值FQ ]
2020/12/27 10:48:[https://f.w24.rocks/viewthread.php?tid=403217&extra=page%3D2%26amp%3Borderby%3Ddateline%26amp%3Bfilter%3D2592000,哈市0451情侣寻spa技师 ]
2020/12/27 10:48:[https://f.w24.rocks/viewthread.php?tid=403241&extra=page%3D2%26amp%3Borderby%3Ddateline%26amp%3Bfilter%3D2592000,0531]
2020/12/27 10:48:[https://f.w24.rocks/viewthread.php?tid=403196&extra=page%3D3%26amp%3Borderby%3Ddateline%26amp%3Bfilter%3D2592000,大胸老婆招0373长期干净素质单男 ]
2020/12/27 10:48:[https://f.w24.rocks/viewthread.php?tid=403202&extra=page%3D3%26amp%3Borderby%3Ddateline%26amp%3Bfilter%3D2592000,0531济南素质夫妻寻交流 ]
2020/12/27 10:49:[https://f.w24.rocks/viewthread.php?tid=403174&extra=page%3D3%26amp%3Borderby%3Ddateline%26amp%3Bfilter%3D2592000,删删删 ]
2020/12/27 10:49:[https://f.w24.rocks/viewthread.php?tid=403175&extra=page%3D3%26amp%3Borderby%3Ddateline%26amp%3Bfilter%3D2592000,把老婆照片做成抖音挑逗她 ]
2020/12/27 10:49:[https://f.w24.rocks/viewthread.php?tid=403172&extra=page%3D3%26amp%3Borderby%3Ddateline%26amp%3Bfilter%3D2592000,删除 ]
2020/12/27 10:49:[https://f.w24.rocks/viewthread.php?tid=403142&extra=page%3D4%26amp%3Borderby%3Ddateline%26amp%3Bfilter%3D2592000,0531圣诞节有没有要活动的夫妻或者单女。有的话联系我 ]
2020/12/27 10:50:[https://f.w24.rocks/viewthread.php?tid=403105&extra=page%3D4%26amp%3Borderby%3Ddateline%26amp%3Bfilter%3D2592000,平安夜，开坦克，保平安，淫贱的表情，摇晃的巨乳 ]
2020/12/27 10:50:[https://f.w24.rocks/viewthread.php?tid=403113&extra=page%3D4%26amp%3Borderby%3Ddateline%26amp%3Bfilter%3D2592000,哈市0451寻spa技师 ]
2020/12/28 09:02:[https://f.w24.rocks/viewthread.php?tid=403424&extra=page%3D1%26amp%3Borderby%3Ddateline%26amp%3Bfilter%3D2592000,删除 ]
2020/12/28 09:02:[https://f.w24.rocks/viewthread.php?tid=403419&extra=page%3D1%26amp%3Borderby%3Ddateline%26amp%3Bfilter%3D2592000,极品骚逼良家人人操留下想怎么操 获得视频奖励 ]
2020/12/28 09:02:[https://f.w24.rocks/viewthread.php?tid=403401&extra=page%3D1%26amp%3Borderby%3Ddateline%26amp%3Bfilter%3D2592000,白虎小优4P盛宴 ]
2020/12/28 09:03:[https://f.w24.rocks/viewthread.php?tid=403364&extra=page%3D2%26amp%3Borderby%3Ddateline%26amp%3Bfilter%3D2592000,已删重发 ]
2020/12/31 23:11:[https://f.w24.rocks/viewthread.php?tid=403424&extra=page%3D1%26amp%3Borderby%3Ddateline%26amp%3Bfilter%3D2592000,none]
2020/12/31 23:13:[https://f.w24.rocks/viewthread.php?tid=403419&extra=page%3D1%26amp%3Borderby%3Ddateline%26amp%3Bfilter%3D2592000,极品骚逼良家人人操留下想怎么操 获得视频奖励 ]
2020/12/31 23:13:[https://f.w24.rocks/viewthread.php?tid=403407&extra=page%3D1%26amp%3Borderby%3Ddateline%26amp%3Bfilter%3D2592000,上海羡慕单男给骚妻找单男 喜欢人妻的来 ]
2020/12/31 23:13:[https://f.w24.rocks/viewthread.php?tid=403401&extra=page%3D1%26amp%3Borderby%3Ddateline%26amp%3Bfilter%3D2592000,白虎小优4P盛宴 ]
2020/12/31 23:13:[https://f.w24.rocks/viewthread.php?tid=403385&extra=page%3D2%26amp%3Borderby%3Ddateline%26amp%3Bfilter%3D2592000,2021跨年活动 女主多多 同好的来 ]
2020/12/31 23:13:[https://f.w24.rocks/viewthread.php?tid=403364&extra=page%3D2%26amp%3Borderby%3Ddateline%26amp%3Bfilter%3D2592000,已删重发 ]
2020/12/31 23:14:[https://f.w24.rocks/viewthread.php?tid=403344&extra=page%3D2%26amp%3Borderby%3Ddateline%26amp%3Bfilter%3D2592000,0534 0531 00年女神寻优质单男 ]
2020/12/31 23:15:[https://f.w24.rocks/viewthread.php?tid=403582&extra=page%3D1%26amp%3Borderby%3Ddateline%26amp%3Bfilter%3D2592000,none]
2020/12/31 23:15:[https://f.w24.rocks/viewthread.php?tid=403581&extra=page%3D1%26amp%3Borderby%3Ddateline%26amp%3Bfilter%3D2592000,福建龙岩2020年最后活动邀约 ]
2020/12/31 23:15:[https://f.w24.rocks/viewthread.php?tid=403580&extra=page%3D1%26amp%3Borderby%3Ddateline%26amp%3Bfilter%3D2592000,（0755）1V10挑战 ]
2020/12/31 23:15:[https://f.w24.rocks/viewthread.php?tid=403568&extra=page%3D1%26amp%3Borderby%3Ddateline%26amp%3Bfilter%3D2592000,视频互换 ]
2020/12/31 23:15:[https://f.w24.rocks/viewthread.php?tid=403559&extra=page%3D1%26amp%3Borderby%3Ddateline%26amp%3Bfilter%3D2592000,删除 ]
2020/12/31 23:15:[https://f.w24.rocks/viewthread.php?tid=403563&extra=page%3D1%26amp%3Borderby%3Ddateline%26amp%3Bfilter%3D2592000,删除 ]
2020/12/31 23:17:[https://f.w24.rocks/viewthread.php?tid=403487&extra=page%3D2%26amp%3Borderby%3Ddateline%26amp%3Bfilter%3D2592000,0531济南今晚征夫妻或单男 ]
2020/12/31 23:18:[https://f.w24.rocks/viewthread.php?tid=403888&extra=page%3D1%26amp%3Borderby%3Ddateline%26amp%3Bfilter%3D2592000,在线等聊天 ]
2020/12/31 23:18:[https://f.w24.rocks/viewthread.php?tid=403879&extra=page%3D1%26amp%3Borderby%3Ddateline%26amp%3Bfilter%3D2592000,近期上海，江苏周边，有女幕，寻个单男一起调 ]
2020/12/31 23:18:[https://f.w24.rocks/viewthread.php?tid=403876&extra=page%3D1%26amp%3Borderby%3Ddateline%26amp%3Bfilter%3D2592000,近期上海周边，有女幕，寻个单男一起调 ]
2020/12/31 23:19:[https://f.w24.rocks/viewthread.php?tid=403864&extra=page%3D2%26amp%3Borderby%3Ddateline%26amp%3Bfilter%3D2592000,广州的情侣夫妻注意啦！大型互换活动来了 ]
2020/12/31 23:19:[https://f.w24.rocks/viewthread.php?tid=403856&extra=page%3D2%26amp%3Borderby%3Ddateline%26amp%3Bfilter%3D2592000,0551合肥交友中 ]
2020/12/31 23:20:[https://f.w24.rocks/viewthread.php?tid=403831&extra=page%3D2%26amp%3Borderby%3Ddateline%26amp%3Bfilter%3D2592000,在线等聊天 ]
2020/12/31 23:21:[https://f.w24.rocks/viewthread.php?tid=403797&extra=page%3D3%26amp%3Borderby%3Ddateline%26amp%3Bfilter%3D2592000,这屁股有喜欢的吗 ]
2020/12/31 23:23:[https://f.w24.rocks/viewthread.php?tid=403755&extra=page%3D3%26amp%3Borderby%3Ddateline%26amp%3Bfilter%3D2592000,0371，近日欲活动，欢迎参与 ]
2020/12/31 23:24:[https://f.w24.rocks/viewthread.php?tid=403740&extra=page%3D4%26amp%3Borderby%3Ddateline%26amp%3Bfilter%3D2592000,none]
2020/12/31 23:24:[https://f.w24.rocks/viewthread.php?tid=403741&extra=page%3D4%26amp%3Borderby%3Ddateline%26amp%3Bfilter%3D2592000,南京00年在校单男大学生 ]
2020/12/31 23:24:[https://f.w24.rocks/viewthread.php?tid=403733&extra=page%3D4%26amp%3Borderby%3Ddateline%26amp%3Bfilter%3D2592000,]
2020/12/31 23:24:[https://f.w24.rocks/viewthread.php?tid=403721&extra=page%3D4%26amp%3Borderby%3Ddateline%26amp%3Bfilter%3D2592000,none]
2020/12/31 23:25:[https://f.w24.rocks/viewthread.php?tid=403712&extra=page%3D4%26amp%3Borderby%3Ddateline%26amp%3Bfilter%3D2592000,网调M女、反差婊、女儿奴、骚货互不影响现实生活 ]
2020/12/31 23:25:[https://f.w24.rocks/viewthread.php?tid=403700&extra=page%3D4%26amp%3Borderby%3Ddateline%26amp%3Bfilter%3D2592000,骚逼学姐复出 ]
2020/12/31 23:25:[https://f.w24.rocks/viewthread.php?tid=403710&extra=page%3D4%26amp%3Borderby%3Ddateline%26amp%3Bfilter%3D2592000,0871昆明招募活动3男3女 ]
2020/12/31 23:26:[https://f.w24.rocks/viewthread.php?tid=403711&extra=page%3D4%26amp%3Borderby%3Ddateline%26amp%3Bfilter%3D2592000,07711月9日活动征集，夫妻皆可报名！！ ]
2021/01/01 09:34:[https://f.w24.rocks/viewthread.php?tid=403879&extra=page%3D1%26amp%3Borderby%3Ddateline%26amp%3Bfilter%3D2592000,近期上海，江苏周边，有女幕，寻个单男一起调 ]
2021/01/04 09:07:[https://f.w24.rocks/viewthread.php?tid=404292&extra=page%3D1%26amp%3Borderby%3Ddateline%26amp%3Bfilter%3D2592000,温州优质情侣互换 ]
2021/01/04 09:07:[https://f.w24.rocks/viewthread.php?tid=404280&extra=page%3D1%26amp%3Borderby%3Ddateline%26amp%3Bfilter%3D2592000,删除 ]
2021/01/04 09:07:[https://f.w24.rocks/viewthread.php?tid=404268&extra=page%3D1%26amp%3Borderby%3Ddateline%26amp%3Bfilter%3D2592000,027武汉寻夫妻   情侣     单男勿扰 ]
2021/01/04 09:07:[https://f.w24.rocks/viewthread.php?tid=404276&extra=page%3D1%26amp%3Borderby%3Ddateline%26amp%3Bfilter%3D2592000,深圳少妇菊姐的约会，发帖交友寻单女 夫妻 ]
2021/01/04 09:08:[https://f.w24.rocks/viewthread.php?tid=404207&extra=page%3D2%26amp%3Borderby%3Ddateline%26amp%3Bfilter%3D2592000,0357情侣夫妻寻交换 ]
2021/01/04 09:08:[https://f.w24.rocks/viewthread.php?tid=404181&extra=page%3D3%26amp%3Borderby%3Ddateline%26amp%3Bfilter%3D2592000,一张经典舔图 ]
2021/01/04 09:09:[https://f.w24.rocks/viewthread.php?tid=404151&extra=page%3D3%26amp%3Borderby%3Ddateline%26amp%3Bfilter%3D2592000,小女友 ]
2021/01/04 09:09:[https://f.w24.rocks/viewthread.php?tid=404125&extra=page%3D4%26amp%3Borderby%3Ddateline%26amp%3Bfilter%3D2592000,2021潜水多年终于得码，分享骚妻，欢迎评论 ]
2021/01/04 09:09:[https://f.w24.rocks/viewthread.php?tid=404101&extra=page%3D4%26amp%3Borderby%3Ddateline%26amp%3Bfilter%3D2592000,潜水多年，保定京津冀地区，携美妻交友 ]
2021/01/04 09:09:[https://f.w24.rocks/viewthread.php?tid=404092&extra=page%3D4%26amp%3Borderby%3Ddateline%26amp%3Bfilter%3D2592000,已删 ]
2021/01/04 09:09:[https://f.w24.rocks/viewthread.php?tid=404107&extra=page%3D4%26amp%3Borderby%3Ddateline%26amp%3Bfilter%3D2592000,游客上岸，舒服了 ]
2021/01/05 09:02:[https://f.w24.rocks/viewthread.php?tid=404424&extra=page%3D1%26amp%3Borderby%3Ddateline%26amp%3Bfilter%3D2592000,删除 ]
2021/01/05 09:02:[https://f.w24.rocks/viewthread.php?tid=404421&extra=page%3D1%26amp%3Borderby%3Ddateline%26amp%3Bfilter%3D2592000,再偷发一波小女友 ]
2021/01/05 09:02:[https://f.w24.rocks/viewthread.php?tid=404412&extra=page%3D1%26amp%3Borderby%3Ddateline%26amp%3Bfilter%3D2592000,0537济宁夫妻交友真诚的来 ]
2021/01/05 09:02:[https://f.w24.rocks/viewthread.php?tid=404374&extra=page%3D2%26amp%3Borderby%3Ddateline%26amp%3Bfilter%3D2592000,010借用朋友号发招募活动 ]
2021/01/05 09:03:[https://f.w24.rocks/viewthread.php?tid=404354&extra=page%3D2%26amp%3Borderby%3Ddateline%26amp%3Bfilter%3D2592000,济宁夫妻交友 ]
2021/01/05 09:03:[https://f.w24.rocks/viewthread.php?tid=404341&extra=page%3D3%26amp%3Borderby%3Ddateline%26amp%3Bfilter%3D2592000,如何调教老婆 ]
2021/01/05 09:03:[https://f.w24.rocks/viewthread.php?tid=404325&extra=page%3D3%26amp%3Borderby%3Ddateline%26amp%3Bfilter%3D2592000,少妇色瑟黑丝6 ]
2021/01/06 09:42:[https://f.w24.rocks/viewthread.php?tid=404544&extra=page%3D1%26amp%3Borderby%3Ddateline%26amp%3Bfilter%3D2592000,湖北襄阳寻夫妻情侣 ]
2021/01/06 09:42:[https://f.w24.rocks/viewthread.php?tid=404537&extra=page%3D1%26amp%3Borderby%3Ddateline%26amp%3Bfilter%3D2592000,再来一张女友奶照 ]
2021/01/06 09:43:[https://f.w24.rocks/viewthread.php?tid=404514&extra=page%3D2%26amp%3Borderby%3Ddateline%26amp%3Bfilter%3D2592000,江油的少妇熟女有吗 ]
2021/01/06 09:44:[https://f.w24.rocks/viewthread.php?tid=404477&extra=page%3D3%26amp%3Borderby%3Ddateline%26amp%3Bfilter%3D2592000,常州颜值女神寻优质单男近期活动 ]
2021/01/06 09:44:[https://f.w24.rocks/viewthread.php?tid=404468&extra=page%3D3%26amp%3Borderby%3Ddateline%26amp%3Bfilter%3D2592000,深圳 0755 夫妻交友 ]
2021/01/06 09:44:[https://f.w24.rocks/viewthread.php?tid=404444&extra=page%3D3%26amp%3Borderby%3Ddateline%26amp%3Bfilter%3D2592000,删 ]
