2021/02/04 11:23:[https://f.w24.rocks/viewthread.php?tid=407925&extra=page%3D1%26amp%3Borderby%3Ddateline%26amp%3Bfilter%3D2592000,夫妻情侣视频语音 ]
2021/02/04 11:23:[https://f.w24.rocks/viewthread.php?tid=407922&extra=page%3D1%26amp%3Borderby%3Ddateline%26amp%3Bfilter%3D2592000,聊聊出轨的老婆 ]
2021/02/04 11:23:[https://f.w24.rocks/viewthread.php?tid=407898&extra=page%3D1%26amp%3Borderby%3Ddateline%26amp%3Bfilter%3D2592000,帮坛友征2月6日惠州景区单男 ]
2021/02/04 11:23:[https://f.w24.rocks/viewthread.php?tid=407892&extra=page%3D1%26amp%3Borderby%3Ddateline%26amp%3Bfilter%3D2592000,高碑店，路边露出 ]
2021/02/04 11:24:[https://f.w24.rocks/viewthread.php?tid=407869&extra=page%3D1%26amp%3Borderby%3Ddateline%26amp%3Bfilter%3D2592000,发重复了 ]
2021/02/04 11:25:[https://f.w24.rocks/viewthread.php?tid=407865&extra=page%3D2%26amp%3Borderby%3Ddateline%26amp%3Bfilter%3D2592000,川渝地区夫妻交流（单男勿扰） ]
2021/02/05 09:03:[https://f.w24.rocks/viewthread.php?tid=407961&extra=page%3D2%26amp%3Borderby%3Ddateline%26amp%3Bfilter%3D2592000,江苏地区年前招募活动 ]
2021/02/05 09:03:[https://f.w24.rocks/viewthread.php?tid=407938&extra=page%3D2%26amp%3Borderby%3Ddateline%26amp%3Bfilter%3D2592000,26，淄博周6晚上活动，缺3个单男 ]
2021/02/06 11:57:[https://f.w24.rocks/viewthread.php?tid=408164&extra=page%3D1%26amp%3Borderby%3Ddateline%26amp%3Bfilter%3D2592000,今晚有戏，交流的进！！ ]
2021/02/06 11:58:[https://f.w24.rocks/viewthread.php?tid=408127&extra=page%3D1%26amp%3Borderby%3Ddateline%26amp%3Bfilter%3D2592000,0512，征集射屏照 ]
2021/02/06 11:58:[https://f.w24.rocks/viewthread.php?tid=408102&extra=page%3D2%26amp%3Borderby%3Ddateline%26amp%3Bfilter%3D2592000,云南德宏夫妻找附近情侣、夫妻 ]
2021/02/06 11:59:[https://f.w24.rocks/viewthread.php?tid=408053&extra=page%3D2%26amp%3Borderby%3Ddateline%26amp%3Bfilter%3D2592000,删帖 ]
2021/02/06 11:59:[https://f.w24.rocks/viewthread.php?tid=408050&extra=page%3D3%26amp%3Borderby%3Ddateline%26amp%3Bfilter%3D2592000,啊啊啊啊啊啊啊啊啊 ]
2021/02/06 11:59:[https://f.w24.rocks/viewthread.php?tid=408047&extra=page%3D3%26amp%3Borderby%3Ddateline%26amp%3Bfilter%3D2592000,删贴 ]
2021/02/12 09:58:[https://f.w24.rocks/viewthread.php?tid=408560&extra=page%3D5%26amp%3Borderby%3Ddateline%26amp%3Bfilter%3D2592000,祝大家新年快乐，管理员辛苦了 ]
2021/02/12 09:58:[https://f.w24.rocks/viewthread.php?tid=408548&extra=page%3D5%26amp%3Borderby%3Ddateline%26amp%3Bfilter%3D2592000,0317，晒一下 ]
2021/02/12 09:58:[https://f.w24.rocks/viewthread.php?tid=408545&extra=page%3D5%26amp%3Borderby%3Ddateline%26amp%3Bfilter%3D2592000,0595寻spa单男 ]
2021/02/12 09:58:[https://f.w24.rocks/viewthread.php?tid=408533&extra=page%3D5%26amp%3Borderby%3Ddateline%26amp%3Bfilter%3D2592000,双震弄的我受不了 ]
2021/02/12 09:59:[https://f.w24.rocks/viewthread.php?tid=408494&extra=page%3D5%26amp%3Borderby%3Ddateline%26amp%3Bfilter%3D2592000,删帖 ]
2021/02/12 09:59:[https://f.w24.rocks/viewthread.php?tid=408488&extra=page%3D6%26amp%3Borderby%3Ddateline%26amp%3Bfilter%3D2592000,冒着风雪严寒露出大屁股，一图镇楼，欢迎大家接龙 ]
2021/02/12 09:59:[https://f.w24.rocks/viewthread.php?tid=408483&extra=page%3D6%26amp%3Borderby%3Ddateline%26amp%3Bfilter%3D2592000,大奶炮友车震 ]
2021/02/12 09:59:[https://f.w24.rocks/viewthread.php?tid=408479&extra=page%3D6%26amp%3Borderby%3Ddateline%26amp%3Bfilter%3D2592000,分享老婆的骚逼，欢迎射屏 ]
2021/02/12 10:00:[https://f.w24.rocks/viewthread.php?tid=408432&extra=page%3D6%26amp%3Borderby%3Ddateline%26amp%3Bfilter%3D2592000,寻找杭州单男。 ]
2021/02/12 10:00:[https://f.w24.rocks/viewthread.php?tid=408419&extra=page%3D7%26amp%3Borderby%3Ddateline%26amp%3Bfilter%3D2592000,山东地区新年活动征集中！！！！ ]
2021/02/12 10:00:[https://f.w24.rocks/viewthread.php?tid=408394&extra=page%3D7%26amp%3Borderby%3Ddateline%26amp%3Bfilter%3D2592000,高碑店，公交车 ]
2021/02/12 10:01:[https://f.w24.rocks/viewthread.php?tid=408354&extra=page%3D8%26amp%3Borderby%3Ddateline%26amp%3Bfilter%3D2592000,0531素质好小伙 济南地区寻中年夫妻或者绿奴 诚意 ]
2021/02/12 10:01:[https://f.w24.rocks/viewthread.php?tid=408348&extra=page%3D8%26amp%3Borderby%3Ddateline%26amp%3Bfilter%3D2592000,看看这个贱逼货刮毛成白虎，贱比货 ]
2021/02/12 10:01:[https://f.w24.rocks/viewthread.php?tid=408304&extra=page%3D8%26amp%3Borderby%3Ddateline%26amp%3Bfilter%3D2592000,露出，同好交流 ]
2021/02/12 10:02:[https://f.w24.rocks/viewthread.php?tid=408284&extra=page%3D9%26amp%3Borderby%3Ddateline%26amp%3Bfilter%3D2592000,纯情良家少妇上班时间羞涩漏出 ]
2021/02/12 10:02:[https://f.w24.rocks/viewthread.php?tid=408257&extra=page%3D9%26amp%3Borderby%3Ddateline%26amp%3Bfilter%3D2592000,020广州 3P黑丝性感老婆 ]
2021/02/12 10:02:[https://f.w24.rocks/viewthread.php?tid=408241&extra=page%3D9%26amp%3Borderby%3Ddateline%26amp%3Bfilter%3D2592000,新年新愿望，贱内给各位拜年了 ]
2021/02/12 10:03:[https://f.w24.rocks/viewthread.php?tid=408209&extra=page%3D10%26amp%3Borderby%3Ddateline%26amp%3Bfilter%3D2592000,單男找夫妻多人視頻企鵝 ]
2021/02/12 10:03:[https://f.w24.rocks/viewthread.php?tid=408199&extra=page%3D10%26amp%3Borderby%3Ddateline%26amp%3Bfilter%3D2592000,济南0531年前年后想活动的单女小姐姐有么想车震 ]
2021/02/12 10:03:[https://f.w24.rocks/viewthread.php?tid=408207&extra=page%3D10%26amp%3Borderby%3Ddateline%26amp%3Bfilter%3D2592000,（山西晋城）单男寻夫妻情侣或单女 ]
2021/02/12 10:03:[https://f.w24.rocks/viewthread.php?tid=408188&extra=page%3D10%26amp%3Borderby%3Ddateline%26amp%3Bfilter%3D2592000,SSS ]
2021/02/12 10:03:[https://f.w24.rocks/viewthread.php?tid=408172&extra=page%3D10%26amp%3Borderby%3Ddateline%26amp%3Bfilter%3D2592000,广西贵港区域寻找 淫娃 萝莉少女情侣群 ]
