2021/03/01 09:51:[https://f.w24.rocks/viewthread.php?tid=411634&extra=page%3D1%26amp%3Borderby%3Ddateline%26amp%3Bfilter%3D2592000,写错了]
2021/03/01 09:51:[https://f.w24.rocks/viewthread.php?tid=411625&extra=page%3D1%26amp%3Borderby%3Ddateline%26amp%3Bfilter%3D2592000,'BeautySoupTool' object has no attribute 'status_code']
2021/03/01 09:51:[https://f.w24.rocks/viewthread.php?tid=411624&extra=page%3D1%26amp%3Borderby%3Ddateline%26amp%3Bfilter%3D2592000,'BeautySoupTool' object has no attribute 'status_code']
2021/03/01 09:52:[https://f.w24.rocks/viewthread.php?tid=411631&extra=page%3D1%26amp%3Borderby%3Ddateline%26amp%3Bfilter%3D2592000,'BeautySoupTool' object has no attribute 'status_code']
2021/03/01 09:52:[https://f.w24.rocks/viewthread.php?tid=411617&extra=page%3D1%26amp%3Borderby%3Ddateline%26amp%3Bfilter%3D2592000,3月5日0771南宁地区双女活动招募]
2021/03/01 09:52:[https://f.w24.rocks/viewthread.php?tid=411608&extra=page%3D1%26amp%3Borderby%3Ddateline%26amp%3Bfilter%3D2592000,'BeautySoupTool' object has no attribute 'status_code']
2021/03/01 09:52:[https://f.w24.rocks/viewthread.php?tid=411593&extra=page%3D2%26amp%3Borderby%3Ddateline%26amp%3Bfilter%3D2592000,福建泉州36号活动！！拒单！]
2021/03/01 09:53:[https://f.w24.rocks/viewthread.php?tid=411577&extra=page%3D2%26amp%3Borderby%3Ddateline%26amp%3Bfilter%3D2592000,'BeautySoupTool' object has no attribute 'status_code']
2021/03/01 09:53:[https://f.w24.rocks/viewthread.php?tid=411555&extra=page%3D3%26amp%3Borderby%3Ddateline%26amp%3Bfilter%3D2592000,浪白骚 性感大长腿波涛汹涌的妈妈 广州明珠]
2021/03/01 09:56:[https://f.w24.rocks/viewthread.php?tid=411506&extra=page%3D4%26amp%3Borderby%3Ddateline%26amp%3Bfilter%3D2592000,2月28日活动帝都招单男]
2021/03/01 09:56:[https://f.w24.rocks/viewthread.php?tid=411485&extra=page%3D4%26amp%3Borderby%3Ddateline%26amp%3Bfilter%3D2592000,'BeautySoupTool' object has no attribute 'status_code']
2021/03/01 09:57:[https://f.w24.rocks/viewthread.php?tid=411466&extra=page%3D4%26amp%3Borderby%3Ddateline%26amp%3Bfilter%3D2592000,东方夜珠下性感黑丝姐姐]
2021/03/01 09:57:[https://f.w24.rocks/viewthread.php?tid=411465&extra=page%3D4%26amp%3Borderby%3Ddateline%26amp%3Bfilter%3D2592000,陕西029素质大jb单男找周边夫妻一起活动]
2021/03/01 09:58:[https://f.w24.rocks/viewthread.php?tid=411426&extra=page%3D5%26amp%3Borderby%3Ddateline%26amp%3Bfilter%3D2592000,公园现实求肉偿]
2021/03/01 09:58:[https://f.w24.rocks/viewthread.php?tid=411406&extra=page%3D5%26amp%3Borderby%3Ddateline%26amp%3Bfilter%3D2592000,潍坊夫妻钟爱后入，寻找90后夫妻交流]
2021/03/01 09:58:[https://f.w24.rocks/viewthread.php?tid=411389&extra=page%3D6%26amp%3Borderby%3Ddateline%26amp%3Bfilter%3D2592000,依思依，女人的嫁衣，男人的怜惜]
2021/03/01 09:58:[https://f.w24.rocks/viewthread.php?tid=411384&extra=page%3D6%26amp%3Borderby%3Ddateline%26amp%3Bfilter%3D2592000,夫妻交流。]
2021/03/01 10:00:[https://f.w24.rocks/viewthread.php?tid=411332&extra=page%3D7%26amp%3Borderby%3Ddateline%26amp%3Bfilter%3D2592000,黑丝妖媚姐姐制服诱惑]
2021/03/01 10:00:[https://f.w24.rocks/viewthread.php?tid=411302&extra=page%3D7%26amp%3Borderby%3Ddateline%26amp%3Bfilter%3D2592000,黄石地区有愿意活动的单男吗]
2021/03/01 10:00:[https://f.w24.rocks/viewthread.php?tid=411299&extra=page%3D7%26amp%3Borderby%3Ddateline%26amp%3Bfilter%3D2592000,兽性狂野的妈妈 兽性大发 激情释放]
2021/03/01 10:00:[https://f.w24.rocks/viewthread.php?tid=411292&extra=page%3D7%26amp%3Borderby%3Ddateline%26amp%3Bfilter%3D2592000,让我头疼的淫妻爱好者]
2021/03/01 10:01:[https://f.w24.rocks/viewthread.php?tid=411284&extra=page%3D7%26amp%3Borderby%3Ddateline%26amp%3Bfilter%3D2592000,我的最爱]
2021/03/01 10:01:[https://f.w24.rocks/viewthread.php?tid=411281&extra=page%3D8%26amp%3Borderby%3Ddateline%26amp%3Bfilter%3D2592000,0371寻颜值单男急约]
2021/03/01 10:01:[https://f.w24.rocks/viewthread.php?tid=411263&extra=page%3D8%26amp%3Borderby%3Ddateline%26amp%3Bfilter%3D2592000,找江苏苏中同好]
2021/03/01 10:01:[https://f.w24.rocks/viewthread.php?tid=411260&extra=page%3D8%26amp%3Borderby%3Ddateline%26amp%3Bfilter%3D2592000,东莞地区找夫妻情侣，素质单男一起交流。]
2021/03/01 10:01:[https://f.w24.rocks/viewthread.php?tid=411259&extra=page%3D8%26amp%3Borderby%3Ddateline%26amp%3Bfilter%3D2592000,064    DS 让你感觉无线的快乐一直坚持自己的梦想]
2021/03/01 10:01:[https://f.w24.rocks/viewthread.php?tid=411250&extra=page%3D8%26amp%3Borderby%3Ddateline%26amp%3Bfilter%3D2592000,上海性感美腿黑丝姐姐]
