2021/02/04 11:40:[https://f.w24.rocks/viewthread.php?tid=407908&extra=page%3D1%26amp%3Borderby%3Ddateline%26amp%3Bfilter%3Ddigest,[京津冀情侣]JK少女被单男3p ]
2021/02/04 11:42:[https://f.w24.rocks/viewthread.php?tid=406974&extra=page%3D1%26amp%3Borderby%3Ddateline%26amp%3Bfilter%3Ddigest,深圳的夜空，一次畅快淋漓的3P，持续高潮潮喷打湿了沙发 ]
2021/02/04 11:44:[https://f.w24.rocks/viewthread.php?tid=407908&extra=page%3D1%26amp%3Borderby%3Ddateline%26amp%3Bfilter%3Ddigest,[京津冀情侣]JK少女被单男3p ]
2021/02/05 09:03:[https://f.w24.rocks/viewthread.php?tid=407954&extra=page%3D1%26amp%3Borderby%3Ddateline%26amp%3Bfilter%3Ddigest,哈尔滨私房摄影 老菠萝作品 招单女夫妻模特 ]
2021/02/06 11:59:[https://f.w24.rocks/viewthread.php?tid=408044&extra=page%3D1%26amp%3Borderby%3Ddateline%26amp%3Bfilter%3Ddigest,木木木北怒干萝莉学妹 女仆+白丝附动图 ]
2021/02/07 09:06:[https://f.w24.rocks/viewthread.php?tid=408044&extra=page%3D1%26amp%3Borderby%3Ddateline%26amp%3Bfilter%3Ddigest,木木木北怒干萝莉学妹 女仆+白丝附动图 ]
2021/02/08 10:18:[https://f.w24.rocks/viewthread.php?tid=408325&extra=page%3D1%26amp%3Borderby%3Ddateline%26amp%3Bfilter%3Ddigest,成都夫妻同城约、后入骚妻翘臀，圆润Q弹]
2021/02/08 22:00:[https://f.w24.rocks/viewthread.php?tid=408422&extra=page%3D1%26amp%3Borderby%3Ddateline%26amp%3Bfilter%3Ddigest,0755Meko的潘多拉盒子—肇庆之旅—下—（认证申精）]
2021/02/08 22:00:[https://f.w24.rocks/viewthread.php?tid=408415&extra=page%3D1%26amp%3Borderby%3Ddateline%26amp%3Bfilter%3Ddigest,哈尔滨私房摄影 老菠萝作品 招单女夫妻模特]
2021/02/12 10:06:[https://f.w24.rocks/viewthread.php?tid=408838&extra=page%3D1%26amp%3Borderby%3Ddateline%26amp%3Bfilter%3Ddigest,粤C珠海兔兔私房照（下），祝友友新年快乐，万事如意！]
2021/02/12 10:06:[https://f.w24.rocks/viewthread.php?tid=408833&extra=page%3D1%26amp%3Borderby%3Ddateline%26amp%3Bfilter%3Ddigest,粤C珠海兔兔私房照（上），祝友友新年快乐，万事如意！]
2021/02/12 10:06:[https://f.w24.rocks/viewthread.php?tid=408750&extra=page%3D1%26amp%3Borderby%3Ddateline%26amp%3Bfilter%3Ddigest,淫妻癖献上骚妻美腿翘臀黑逼申精]
2021/02/12 10:07:[https://f.w24.rocks/viewthread.php?tid=408724&extra=page%3D1%26amp%3Borderby%3Ddateline%26amp%3Bfilter%3Ddigest,汕头约绿帽的娇妻被遛狗，春节很上头！！]
2021/02/12 10:07:[https://f.w24.rocks/viewthread.php?tid=408422&extra=page%3D1%26amp%3Borderby%3Ddateline%26amp%3Bfilter%3Ddigest,0755Meko的潘多拉盒子—肇庆之旅—下—（认证申精）]
2021/02/12 10:07:[https://f.w24.rocks/viewthread.php?tid=408678&extra=page%3D1%26amp%3Borderby%3Ddateline%26amp%3Bfilter%3Ddigest,❤️黑丝美足❤️]
2021/02/12 10:07:[https://f.w24.rocks/viewthread.php?tid=408415&extra=page%3D1%26amp%3Borderby%3Ddateline%26amp%3Bfilter%3Ddigest,哈尔滨私房摄影 老菠萝作品 招单女夫妻模特]
2021/02/12 10:07:[https://f.w24.rocks/viewthread.php?tid=408325&extra=page%3D1%26amp%3Borderby%3Ddateline%26amp%3Bfilter%3Ddigest,成都夫妻同城约、后入骚妻翘臀，圆润Q弹]
2021/02/13 12:34:[https://f.w24.rocks/viewthread.php?tid=408912&extra=page%3D1%26amp%3Borderby%3Ddateline%26amp%3Bfilter%3Ddigest,0531小海豚高跟丝袜给大家拜年了]
2021/02/13 12:34:[https://f.w24.rocks/viewthread.php?tid=408876&extra=page%3D1%26amp%3Borderby%3Ddateline%26amp%3Bfilter%3Ddigest,媚叶出品超市露出专辑]
2021/02/13 12:34:[https://f.w24.rocks/viewthread.php?tid=408833&extra=page%3D1%26amp%3Borderby%3Ddateline%26amp%3Bfilter%3Ddigest,粤C珠海兔兔私房照（上），祝友友新年快乐，万事如意！]
2021/02/13 12:34:[https://f.w24.rocks/viewthread.php?tid=408750&extra=page%3D1%26amp%3Borderby%3Ddateline%26amp%3Bfilter%3Ddigest,淫妻癖献上骚妻美腿翘臀黑逼申精]
2021/02/13 12:34:[https://f.w24.rocks/viewthread.php?tid=408838&extra=page%3D1%26amp%3Borderby%3Ddateline%26amp%3Bfilter%3Ddigest,粤C珠海兔兔私房照（下），祝友友新年快乐，万事如意！]
2021/02/13 12:34:[https://f.w24.rocks/viewthread.php?tid=408678&extra=page%3D1%26amp%3Borderby%3Ddateline%26amp%3Bfilter%3Ddigest,❤️黑丝美足❤️]
2021/02/13 12:34:[https://f.w24.rocks/viewthread.php?tid=408724&extra=page%3D1%26amp%3Borderby%3Ddateline%26amp%3Bfilter%3Ddigest,汕头约绿帽的娇妻被遛狗，春节很上头！！]
2021/02/13 12:35:[https://f.w24.rocks/viewthread.php?tid=149987&extra=page%3D28%26amp%3Borderby%3Ddateline%26amp%3Bfilter%3Ddigest,t哥原创我的魅惑性瘾女友（第一季 the 1 season）精华16P]
2021/02/15 10:54:[https://f.w24.rocks/viewthread.php?tid=409118&extra=page%3D1%26amp%3Borderby%3Ddateline%26amp%3Bfilter%3Ddigest,二次元少女百人斩长沙94年COSER第一期]
2021/02/15 10:54:[https://f.w24.rocks/viewthread.php?tid=408972&extra=page%3D1%26amp%3Borderby%3Ddateline%26amp%3Bfilter%3Ddigest,粤C小鬼携兔兔大年初二给大家拜年啦！（上）]
2021/02/18 10:37:[https://f.w24.rocks/viewthread.php?tid=409812&extra=page%3D1%26amp%3Borderby%3Ddateline%26amp%3Bfilter%3Ddigest,（兰州0931）调教99年JK小萝莉]
2021/02/18 10:37:[https://f.w24.rocks/viewthread.php?tid=409570&extra=page%3D1%26amp%3Borderby%3Ddateline%26amp%3Bfilter%3Ddigest,夫人当着老公的面跟0532小哥哥谈恋爱是一种什么体验]
2021/02/18 10:38:[https://f.w24.rocks/viewthread.php?tid=409480&extra=page%3D1%26amp%3Borderby%3Ddateline%26amp%3Bfilter%3Ddigest,可爱小骚妻情趣装假鸡巴淫美申精]
2021/02/19 11:03:[https://f.w24.rocks/viewthread.php?tid=409924&extra=page%3D1%26amp%3Borderby%3Ddateline%26amp%3Bfilter%3Ddigest,一只桃子京津冀情侣]
2021/02/19 11:04:[https://f.w24.rocks/viewthread.php?tid=409950&extra=page%3D1%26amp%3Borderby%3Ddateline%26amp%3Bfilter%3Ddigest,MD系列肉丝帆布鞋大长腿骚货的户外露出]
2021/02/22 09:45:[https://f.w24.rocks/viewthread.php?tid=410355&extra=page%3D1%26amp%3Borderby%3Ddateline%26amp%3Bfilter%3Ddigest,（申请加精）喜得邀请码，骚货在家主动拍照庆贺]
2021/02/22 09:45:[https://f.w24.rocks/viewthread.php?tid=410114&extra=page%3D1%26amp%3Borderby%3Ddateline%26amp%3Bfilter%3Ddigest,黑丝美图（下）313粤C活动等风等雨更等你！]
