2020/12/20 11:50:[https://f.w24.rocks/viewthread.php?tid=402109&extra=page%3D7%26amp%3Borderby%3Ddateline%26amp%3Bfilter%3D2592000,包臀裙 ]
2020/12/20 11:50:[https://f.w24.rocks/viewthread.php?tid=402108&extra=page%3D7%26amp%3Borderby%3Ddateline%26amp%3Bfilter%3D2592000,[反差母狗]18岁长腿清纯学妹，背地里却是我的丝袜母狗！ ]
2020/12/20 11:50:[https://f.w24.rocks/viewthread.php?tid=402101&extra=page%3D7%26amp%3Borderby%3Ddateline%26amp%3Bfilter%3D2592000,湘0743 #M# 收小胖妞M 大奶微胖妹 绿帽 ]
2020/12/20 11:50:[https://f.w24.rocks/viewthread.php?tid=402095&extra=page%3D7%26amp%3Borderby%3Ddateline%26amp%3Bfilter%3D2592000,我就喜欢性感内衣 ]
2020/12/20 11:50:[https://f.w24.rocks/viewthread.php?tid=402088&extra=page%3D7%26amp%3Borderby%3Ddateline%26amp%3Bfilter%3D2592000,湘0743 #M# 收小胖妞M 大奶微胖妹 绿帽 ]
2020/12/20 11:50:[https://f.w24.rocks/viewthread.php?tid=402084&extra=page%3D7%26amp%3Borderby%3Ddateline%26amp%3Bfilter%3D2592000,急贴！辽宁省内有没有认识这个极品的速度进来 绝对极品。 ]
2020/12/20 11:50:[https://f.w24.rocks/viewthread.php?tid=402087&extra=page%3D7%26amp%3Borderby%3Ddateline%26amp%3Bfilter%3D2592000,（起点S收M）苏州地区收母狗反差婊 ]
2020/12/20 11:50:[https://f.w24.rocks/viewthread.php?tid=402068&extra=page%3D7%26amp%3Borderby%3Ddateline%26amp%3Bfilter%3D2592000,0537地区的骚货人妻，寻求交换 ]
2020/12/20 11:50:[https://f.w24.rocks/viewthread.php?tid=402064&extra=page%3D7%26amp%3Borderby%3Ddateline%26amp%3Bfilter%3D2592000,大奶老婆的欢乐之旅 ]
2020/12/20 11:50:[https://f.w24.rocks/viewthread.php?tid=402062&extra=page%3D7%26amp%3Borderby%3Ddateline%26amp%3Bfilter%3D2592000,今天陪老婆逛超市，虽然冷但还是想露出 ]
2020/12/20 11:51:[https://f.w24.rocks/viewthread.php?tid=402061&extra=page%3D7%26amp%3Borderby%3Ddateline%26amp%3Bfilter%3D2592000,爱妻桃子系列之“黑丝小脚” ]
2020/12/20 11:51:[https://f.w24.rocks/viewthread.php?tid=402060&extra=page%3D7%26amp%3Borderby%3Ddateline%26amp%3Bfilter%3D2592000,0371郑州高颜值情侣寻夫妻。情侣，单男 ]
2020/12/20 11:51:[https://f.w24.rocks/viewthread.php?tid=402054&extra=page%3D7%26amp%3Borderby%3Ddateline%26amp%3Bfilter%3D2592000,024地区为了邂逅一场完美的性爱 ]
2020/12/20 11:52:[https://f.w24.rocks/viewthread.php?tid=402032&extra=page%3D7%26amp%3Borderby%3Ddateline%26amp%3Bfilter%3D2592000,安徽原创夫妻青青公主，12月6号宠粉行动，肛交记录 ]
2020/12/20 11:52:[https://f.w24.rocks/viewthread.php?tid=402029&extra=page%3D7%26amp%3Borderby%3Ddateline%26amp%3Bfilter%3D2592000,人生短暂，遇到了母狗，就要当好主人 ]
2020/12/20 11:52:[https://f.w24.rocks/viewthread.php?tid=402052&extra=page%3D7%26amp%3Borderby%3Ddateline%26amp%3Bfilter%3D2592000,家有骚妻天天骑，木耳有想吃的的么 ]
2020/12/20 11:52:[https://f.w24.rocks/viewthread.php?tid=402036&extra=page%3D7%26amp%3Borderby%3Ddateline%26amp%3Bfilter%3D2592000,020 来广州出差 寻找优质情侣、夫妻、单男 ]
2020/12/20 11:52:[https://f.w24.rocks/viewthread.php?tid=402028&extra=page%3D8%26amp%3Borderby%3Ddateline%26amp%3Bfilter%3D2592000,0531 逗叔 第一次用炮机的小骚货 ]
2020/12/20 11:52:[https://f.w24.rocks/viewthread.php?tid=402023&extra=page%3D8%26amp%3Borderby%3Ddateline%26amp%3Bfilter%3D2592000,思無邪原创]
2020/12/20 11:52:[https://f.w24.rocks/viewthread.php?tid=402027&extra=page%3D8%26amp%3Borderby%3Ddateline%26amp%3Bfilter%3D2592000,杭州90后夫妻本周六活动 ]
2020/12/20 11:52:[https://f.w24.rocks/viewthread.php?tid=402021&extra=page%3D8%26amp%3Borderby%3Ddateline%26amp%3Bfilter%3D2592000,内藏乾坤湿漉漉 ]
2020/12/20 11:52:[https://f.w24.rocks/viewthread.php?tid=402020&extra=page%3D8%26amp%3Borderby%3Ddateline%26amp%3Bfilter%3D2592000,19年收的 母狗（2） ]
2020/12/20 11:52:[https://f.w24.rocks/viewthread.php?tid=402010&extra=page%3D8%26amp%3Borderby%3Ddateline%26amp%3Bfilter%3D2592000,湘0743 #M# 收小胖妞M 大奶微胖妹 绿帽 ]
2020/12/20 11:53:[https://f.w24.rocks/viewthread.php?tid=402008&extra=page%3D8%26amp%3Borderby%3Ddateline%26amp%3Bfilter%3D2592000,鲜奶炮架全国求主 ]
2020/12/20 11:53:[https://f.w24.rocks/viewthread.php?tid=401998&extra=page%3D8%26amp%3Borderby%3Ddateline%26amp%3Bfilter%3D2592000,素质单男与人妻的骚聊 ]
2020/12/20 11:53:[https://f.w24.rocks/viewthread.php?tid=402003&extra=page%3D8%26amp%3Borderby%3Ddateline%26amp%3Bfilter%3D2592000,025南京地区携99年172小女友 寻 同城高素质夫妻情侣交换 ]
2020/12/20 11:53:[https://f.w24.rocks/viewthread.php?tid=401992&extra=page%3D8%26amp%3Borderby%3Ddateline%26amp%3Bfilter%3D2592000,骚货老婆很贤惠,光着屁股下面给我吃,多图露脸。求顶 ]
2020/12/20 11:53:[https://f.w24.rocks/viewthread.php?tid=401986&extra=page%3D8%26amp%3Borderby%3Ddateline%26amp%3Bfilter%3D2592000,第一次找給老婆的大雞巴單男 ]
2020/12/20 11:53:[https://f.w24.rocks/viewthread.php?tid=401987&extra=page%3D8%26amp%3Borderby%3Ddateline%26amp%3Bfilter%3D2592000,西安淫妻来一发 ]
2020/12/20 11:53:[https://f.w24.rocks/viewthread.php?tid=401981&extra=page%3D8%26amp%3Borderby%3Ddateline%26amp%3Bfilter%3D2592000,028单男！同样的验证，不同的你！ ]
2020/12/20 11:53:[https://f.w24.rocks/viewthread.php?tid=401978&extra=page%3D8%26amp%3Borderby%3Ddateline%26amp%3Bfilter%3D2592000,约厦门单男3p、绿帽，老公去买烟，老婆被强奸！ ]
2020/12/20 11:53:[https://f.w24.rocks/viewthread.php?tid=401958&extra=page%3D9%26amp%3Borderby%3Ddateline%26amp%3Bfilter%3D2592000,超级性感透明的内裤 浓密逼毛和蝴蝶阴唇清晰可见 ]
2020/12/20 11:53:[https://f.w24.rocks/viewthread.php?tid=401966&extra=page%3D9%26amp%3Borderby%3Ddateline%26amp%3Bfilter%3D2592000,028中年夫妻疫情挡不住热情 ]
2020/12/20 11:53:[https://f.w24.rocks/viewthread.php?tid=401965&extra=page%3D9%26amp%3Borderby%3Ddateline%26amp%3Bfilter%3D2592000,坐标豫西北，给骚逼找个优质成熟单男，一起3P一起玩 ]
2020/12/20 11:53:[https://f.w24.rocks/viewthread.php?tid=401949&extra=page%3D9%26amp%3Borderby%3Ddateline%26amp%3Bfilter%3D2592000,代发老哥想让你们撸在嫂子屁股上 ]
2020/12/20 11:53:[https://f.w24.rocks/viewthread.php?tid=401943&extra=page%3D9%26amp%3Borderby%3Ddateline%26amp%3Bfilter%3D2592000,我的真实故事 ]
2020/12/20 11:54:[https://f.w24.rocks/viewthread.php?tid=401936&extra=page%3D9%26amp%3Borderby%3Ddateline%26amp%3Bfilter%3D2592000,情人锦儿妩媚动人迎接我爆操（上海活动接受赞助衣服） ]
2020/12/20 11:54:[https://f.w24.rocks/viewthread.php?tid=401939&extra=page%3D9%26amp%3Borderby%3Ddateline%26amp%3Bfilter%3D2592000,湘0743 #M# 收小胖妞M 大奶微胖妹 绿帽 ]
2020/12/20 11:54:[https://f.w24.rocks/viewthread.php?tid=401942&extra=page%3D9%26amp%3Borderby%3Ddateline%26amp%3Bfilter%3D2592000,0531 逗叔  无套内射离异骚妇 ]
2020/12/20 11:54:[https://f.w24.rocks/viewthread.php?tid=401924&extra=page%3D9%26amp%3Borderby%3Ddateline%26amp%3Bfilter%3D2592000,美丽少妇，认识的来聊。 ]
2020/12/20 12:00:[https://f.w24.rocks/viewthread.php?tid=401927&extra=page%3D9%26amp%3Borderby%3Ddateline%26amp%3Bfilter%3D2592000,老婆胆子越来越大 走廊啪啪，还被单男喊朋友3P（gif） ]
2020/12/20 12:00:[https://f.w24.rocks/viewthread.php?tid=401912&extra=page%3D9%26amp%3Borderby%3Ddateline%26amp%3Bfilter%3D2592000,帝都010老船长]
2020/12/20 12:00:[https://f.w24.rocks/viewthread.php?tid=401922&extra=page%3D9%26amp%3Borderby%3Ddateline%26amp%3Bfilter%3D2592000,认真对待每一次的偶遇 它真的很香 ]
2020/12/20 12:00:[https://f.w24.rocks/viewthread.php?tid=401911&extra=page%3D9%26amp%3Borderby%3Ddateline%26amp%3Bfilter%3D2592000,19年收的 母狗 ]
2020/12/20 12:00:[https://f.w24.rocks/viewthread.php?tid=401909&extra=page%3D9%26amp%3Borderby%3Ddateline%26amp%3Bfilter%3D2592000,坐标010 26夫妻 圣诞节 招单男 靠谱的来 ]
2020/12/20 12:00:[https://f.w24.rocks/viewthread.php?tid=401908&extra=page%3D9%26amp%3Borderby%3Ddateline%26amp%3Bfilter%3D2592000,湘0743 #M# 收小胖妞M 大奶微胖妹 绿帽 ]
2020/12/20 12:00:[https://f.w24.rocks/viewthread.php?tid=401907&extra=page%3D9%26amp%3Borderby%3Ddateline%26amp%3Bfilter%3D2592000,14年收的小母狗（2） ]
2020/12/20 12:01:[https://f.w24.rocks/viewthread.php?tid=401897&extra=page%3D10%26amp%3Borderby%3Ddateline%26amp%3Bfilter%3D2592000,湘0743 #M# 收小胖妞M 大奶微胖妹 绿帽 ]
2020/12/20 12:01:[https://f.w24.rocks/viewthread.php?tid=401896&extra=page%3D10%26amp%3Borderby%3Ddateline%26amp%3Bfilter%3D2592000,我是0875地区单男 ]
2020/12/20 12:01:[https://f.w24.rocks/viewthread.php?tid=401899&extra=page%3D10%26amp%3Borderby%3Ddateline%26amp%3Bfilter%3D2592000,0431地区绿奴寻靠谱男s 元旦前后调教（附女m照） ]
2020/12/20 12:01:[https://f.w24.rocks/viewthread.php?tid=401892&extra=page%3D10%26amp%3Borderby%3Ddateline%26amp%3Bfilter%3D2592000,因为疫情 不能外出 在酒店的两男两女激情 ]
2020/12/20 12:01:[https://f.w24.rocks/viewthread.php?tid=401894&extra=page%3D10%26amp%3Borderby%3Ddateline%26amp%3Bfilter%3D2592000,甜美Lisa95后情侣的诱惑分享 ]
2020/12/20 12:01:[https://f.w24.rocks/viewthread.php?tid=401893&extra=page%3D10%26amp%3Borderby%3Ddateline%26amp%3Bfilter%3D2592000,真想扒了裤袜直接操！ ]
2020/12/20 12:01:[https://f.w24.rocks/viewthread.php?tid=401891&extra=page%3D10%26amp%3Borderby%3Ddateline%26amp%3Bfilter%3D2592000,我成都夫妻3431年龄，身高177170，体重168102，活动过6次3p ]
2020/12/20 12:01:[https://f.w24.rocks/viewthread.php?tid=401887&extra=page%3D10%26amp%3Borderby%3Ddateline%26amp%3Bfilter%3D2592000,寻淫妻同好交流，求真诚 ]
2020/12/20 12:01:[https://f.w24.rocks/viewthread.php?tid=401886&extra=page%3D10%26amp%3Borderby%3Ddateline%26amp%3Bfilter%3D2592000,湘0743 #M# 收小胖妞M 大奶微胖妹 绿帽 ]
2020/12/20 12:01:[https://f.w24.rocks/viewthread.php?tid=401880&extra=page%3D10%26amp%3Borderby%3Ddateline%26amp%3Bfilter%3D2592000,广州地区找单男，只限今晚 ]
2020/12/20 12:01:[https://f.w24.rocks/viewthread.php?tid=401882&extra=page%3D10%26amp%3Borderby%3Ddateline%26amp%3Bfilter%3D2592000,代发 浙江高跟网袜翘臀诱惑人妻寻单男 ]
2020/12/20 12:01:[https://f.w24.rocks/viewthread.php?tid=401878&extra=page%3D10%26amp%3Borderby%3Ddateline%26amp%3Bfilter%3D2592000,首贴求加精！！1我的外表清纯内心淫荡的骚货老婆 ]
2020/12/20 12:01:[https://f.w24.rocks/viewthread.php?tid=401876&extra=page%3D10%26amp%3Borderby%3Ddateline%26amp%3Bfilter%3D2592000,重庆小狼 ]
2020/12/20 12:01:[https://f.w24.rocks/viewthread.php?tid=401875&extra=page%3D10%26amp%3Borderby%3Ddateline%26amp%3Bfilter%3D2592000,潮汕少妇聊天记录！有等后续！ ]
2020/12/20 12:01:[https://f.w24.rocks/viewthread.php?tid=401861&extra=page%3D10%26amp%3Borderby%3Ddateline%26amp%3Bfilter%3D2592000,月底出差0710襄阳，是否会有一段美好回忆 ]
2020/12/20 12:01:[https://f.w24.rocks/viewthread.php?tid=401860&extra=page%3D10%26amp%3Borderby%3Ddateline%26amp%3Bfilter%3D2592000,室外太冷，地下车场来一发 ]
2020/12/20 12:01:[https://f.w24.rocks/viewthread.php?tid=401858&extra=page%3D11%26amp%3Borderby%3Ddateline%26amp%3Bfilter%3D2592000,调教过的小M③——学生情侣初体验，0371收M！ ]
2020/12/20 12:01:[https://f.w24.rocks/viewthread.php?tid=401849&extra=page%3D11%26amp%3Borderby%3Ddateline%26amp%3Bfilter%3D2592000,翘臀老婆终于同意拍照了，期待更多可能中 ]
2020/12/20 12:01:[https://f.w24.rocks/viewthread.php?tid=401846&extra=page%3D11%26amp%3Borderby%3Ddateline%26amp%3Bfilter%3D2592000,首帖，网友真骚，绝对原创 ]
2020/12/20 12:02:[https://f.w24.rocks/viewthread.php?tid=401855&extra=page%3D11%26amp%3Borderby%3Ddateline%26amp%3Bfilter%3D2592000,申精  萝莉少女金克丝+绿帽组合时隔两年分享一下拍的写真 ]
2020/12/20 12:02:[https://f.w24.rocks/viewthread.php?tid=401837&extra=page%3D11%26amp%3Borderby%3Ddateline%26amp%3Bfilter%3D2592000,贱逼老婆被内射 ]
2020/12/20 12:02:[https://f.w24.rocks/viewthread.php?tid=401825&extra=page%3D11%26amp%3Borderby%3Ddateline%26amp%3Bfilter%3D2592000,我的骚情人 ]
2020/12/20 12:02:[https://f.w24.rocks/viewthread.php?tid=401823&extra=page%3D11%26amp%3Borderby%3Ddateline%26amp%3Bfilter%3D2592000,石家庄，你能成为我老婆第二个男人嘛 ]
2020/12/20 12:02:[https://f.w24.rocks/viewthread.php?tid=401826&extra=page%3D11%26amp%3Borderby%3Ddateline%26amp%3Bfilter%3D2592000,内蒙西部，携骚妻首次招募优质夫妻情侣单男、单女。 ]
2020/12/20 12:02:[https://f.w24.rocks/viewthread.php?tid=401821&extra=page%3D11%26amp%3Borderby%3Ddateline%26amp%3Bfilter%3D2592000,0531 逗叔 内射jk小骚妇 ]
2020/12/20 12:02:[https://f.w24.rocks/viewthread.php?tid=401816&extra=page%3D11%26amp%3Borderby%3Ddateline%26amp%3Bfilter%3D2592000,江西南昌民宿温馨一晚 ]
2020/12/20 12:02:[https://f.w24.rocks/viewthread.php?tid=401818&extra=page%3D11%26amp%3Borderby%3Ddateline%26amp%3Bfilter%3D2592000,湘0743 #M# 收小胖妞M 大奶微胖妹 绿帽 ]
2020/12/20 12:02:[https://f.w24.rocks/viewthread.php?tid=401815&extra=page%3D11%26amp%3Borderby%3Ddateline%26amp%3Bfilter%3D2592000,约的浙江少妇 认识m ]
2020/12/20 12:02:[https://f.w24.rocks/viewthread.php?tid=401812&extra=page%3D11%26amp%3Borderby%3Ddateline%26amp%3Bfilter%3D2592000,极品老婆爱上3P ]
2020/12/20 12:02:[https://f.w24.rocks/viewthread.php?tid=401797&extra=page%3D11%26amp%3Borderby%3Ddateline%26amp%3Bfilter%3D2592000,96年验证女友求射! ]
2020/12/20 12:02:[https://f.w24.rocks/viewthread.php?tid=401803&extra=page%3D11%26amp%3Borderby%3Ddateline%26amp%3Bfilter%3D2592000,夫妻主寻京津冀地区母狗or单女 ]
2020/12/20 12:02:[https://f.w24.rocks/viewthread.php?tid=401796&extra=page%3D11%26amp%3Borderby%3Ddateline%26amp%3Bfilter%3D2592000,❤恋母癖❤开发 第二贴17岁儿子36岁母亲 大量聊天记录 ]
2020/12/20 12:02:[https://f.w24.rocks/viewthread.php?tid=401799&extra=page%3D11%26amp%3Borderby%3Ddateline%26amp%3Bfilter%3D2592000,继续更网调，收女m，坐标湖南 ]
2020/12/20 12:02:[https://f.w24.rocks/viewthread.php?tid=401793&extra=page%3D11%26amp%3Borderby%3Ddateline%26amp%3Bfilter%3D2592000,湘0743 #M# 收小胖妞M 大奶微胖妹 绿帽 ]
2020/12/20 12:02:[https://f.w24.rocks/viewthread.php?tid=401788&extra=page%3D12%26amp%3Borderby%3Ddateline%26amp%3Bfilter%3D2592000,14年收的小母狗 ]
2020/12/20 12:02:[https://f.w24.rocks/viewthread.php?tid=401789&extra=page%3D12%26amp%3Borderby%3Ddateline%26amp%3Bfilter%3D2592000,0438 期待有缘人 ]
2020/12/20 12:03:[https://f.w24.rocks/viewthread.php?tid=401775&extra=page%3D12%26amp%3Borderby%3Ddateline%26amp%3Bfilter%3D2592000,青岛0532以及周边地区寻求  情侣交换或一起 ]
2020/12/20 12:03:[https://f.w24.rocks/viewthread.php?tid=401780&extra=page%3D12%26amp%3Borderby%3Ddateline%26amp%3Bfilter%3D2592000,湘0743 #M# 收小胖妞M 大奶微胖妹 绿帽 ]
2020/12/20 12:03:[https://f.w24.rocks/viewthread.php?tid=401766&extra=page%3D12%26amp%3Borderby%3Ddateline%26amp%3Bfilter%3D2592000,020健身情侣，悄咪咪的回来啦！ ]
2020/12/20 12:03:[https://f.w24.rocks/viewthread.php?tid=401765&extra=page%3D12%26amp%3Borderby%3Ddateline%26amp%3Bfilter%3D2592000,小母狗找人3p，只要东营，潍坊附近的，欢迎联系 ]
2020/12/20 12:03:[https://f.w24.rocks/viewthread.php?tid=401763&extra=page%3D12%26amp%3Borderby%3Ddateline%26amp%3Bfilter%3D2592000,0531素质单男]
2020/12/20 12:03:[https://f.w24.rocks/viewthread.php?tid=401747&extra=page%3D12%26amp%3Borderby%3Ddateline%26amp%3Bfilter%3D2592000,0592厦门，90后颜值夫妻，先交朋友再活动。 ]
2020/12/20 12:03:[https://f.w24.rocks/viewthread.php?tid=401751&extra=page%3D12%26amp%3Borderby%3Ddateline%26amp%3Bfilter%3D2592000,（起点S收M）苏州地区收母狗反差婊 ]
2020/12/20 12:03:[https://f.w24.rocks/viewthread.php?tid=401741&extra=page%3D12%26amp%3Borderby%3Ddateline%26amp%3Bfilter%3D2592000,粉红逼，好紧干的我全身都无力了 ]
2020/12/20 12:03:[https://f.w24.rocks/viewthread.php?tid=401748&extra=page%3D12%26amp%3Borderby%3Ddateline%26amp%3Bfilter%3D2592000,你们喜欢什么体位 ]
2020/12/20 12:03:[https://f.w24.rocks/viewthread.php?tid=401740&extra=page%3D12%26amp%3Borderby%3Ddateline%26amp%3Bfilter%3D2592000,0532地区情侣，今天明天两天 寻学生单男 ]
2020/12/20 12:03:[https://f.w24.rocks/viewthread.php?tid=401739&extra=page%3D12%26amp%3Borderby%3Ddateline%26amp%3Bfilter%3D2592000,（金主活动）没有最好，只有更好 ]
2020/12/20 12:03:[https://f.w24.rocks/viewthread.php?tid=401734&extra=page%3D12%26amp%3Borderby%3Ddateline%26amp%3Bfilter%3D2592000,0731长沙]
2020/12/20 12:03:[https://f.w24.rocks/viewthread.php?tid=401720&extra=page%3D13%26amp%3Borderby%3Ddateline%26amp%3Bfilter%3D2592000,替朋友代发，他老婆的水嫩爆浆骚逼（多图求精） ]
2020/12/20 12:03:[https://f.w24.rocks/viewthread.php?tid=401722&extra=page%3D13%26amp%3Borderby%3Ddateline%26amp%3Bfilter%3D2592000,南京约老公，爸爸在羞辱我！好无力！ ]
2020/12/20 12:03:[https://f.w24.rocks/viewthread.php?tid=401715&extra=page%3D13%26amp%3Borderby%3Ddateline%26amp%3Bfilter%3D2592000,0370商丘骚妻。电钻炮机冲击视觉。 ]
2020/12/20 12:03:[https://f.w24.rocks/viewthread.php?tid=401721&extra=page%3D13%26amp%3Borderby%3Ddateline%26amp%3Bfilter%3D2592000,人妻度假留倩影 ]
2020/12/20 12:03:[https://f.w24.rocks/viewthread.php?tid=401724&extra=page%3D13%26amp%3Borderby%3Ddateline%26amp%3Bfilter%3D2592000,女神老婆第一次3p真实原创寻长三角地区优质单男 ]
2020/12/20 12:03:[https://f.w24.rocks/viewthread.php?tid=401709&extra=page%3D13%26amp%3Borderby%3Ddateline%26amp%3Bfilter%3D2592000,022 夫妻寻新固定炮友 ]
2020/12/20 12:03:[https://f.w24.rocks/viewthread.php?tid=401703&extra=page%3D13%26amp%3Borderby%3Ddateline%26amp%3Bfilter%3D2592000,南京大学生情侣济南游玩 寻找优质情侣或素质颜值单男]
2020/12/20 12:04:[https://f.w24.rocks/viewthread.php?tid=401699&extra=page%3D13%26amp%3Borderby%3Ddateline%26amp%3Bfilter%3D2592000,双飞每个男人的终极梦想 ]
2020/12/20 12:04:[https://f.w24.rocks/viewthread.php?tid=401702&extra=page%3D13%26amp%3Borderby%3Ddateline%26amp%3Bfilter%3D2592000,今晚魔都活动 ]
2020/12/20 12:04:[https://f.w24.rocks/viewthread.php?tid=401694&extra=page%3D13%26amp%3Borderby%3Ddateline%26amp%3Bfilter%3D2592000,珠三角学生情侣泄欲工具玩弄和服无毛学妹 附动图 ]
2020/12/20 12:04:[https://f.w24.rocks/viewthread.php?tid=401698&extra=page%3D13%26amp%3Borderby%3Ddateline%26amp%3Bfilter%3D2592000,老婆晒一晒，美丽又可爱。欢迎可验证的真实夫妻交流 ]
2020/12/20 12:04:[https://f.w24.rocks/viewthread.php?tid=401691&extra=page%3D13%26amp%3Borderby%3Ddateline%26amp%3Bfilter%3D2592000,佛山蝶影 ]
2020/12/20 12:04:[https://f.w24.rocks/viewthread.php?tid=401681&extra=page%3D13%26amp%3Borderby%3Ddateline%26amp%3Bfilter%3D2592000,老婆的B ，想看着被别人操。 ]
2020/12/20 12:04:[https://f.w24.rocks/viewthread.php?tid=401682&extra=page%3D13%26amp%3Borderby%3Ddateline%26amp%3Bfilter%3D2592000,洛阳夫妻间的情趣，找个女m加入 ]
2020/12/20 12:04:[https://f.w24.rocks/viewthread.php?tid=401685&extra=page%3D13%26amp%3Borderby%3Ddateline%26amp%3Bfilter%3D2592000,0531 逗叔 喜欢肛交的人妻护士 ]
2020/12/20 12:04:[https://f.w24.rocks/viewthread.php?tid=401663&extra=page%3D14%26amp%3Borderby%3Ddateline%26amp%3Bfilter%3D2592000,寻合肥地区高颜值高素质单男 ]
2020/12/20 12:04:[https://f.w24.rocks/viewthread.php?tid=401675&extra=page%3D14%26amp%3Borderby%3Ddateline%26amp%3Bfilter%3D2592000,夫妻经验交流淫妻爱好者交流2张内射图片1张潮喷动图 ]
2020/12/20 12:04:[https://f.w24.rocks/viewthread.php?tid=401666&extra=page%3D14%26amp%3Borderby%3Ddateline%26amp%3Bfilter%3D2592000,湘0743 #M# 收小胖妞M 大奶微胖妹 绿帽 ]
2020/12/20 12:04:[https://f.w24.rocks/viewthread.php?tid=401674&extra=page%3D14%26amp%3Borderby%3Ddateline%26amp%3Bfilter%3D2592000,杭州情侣交友 ]
2020/12/20 12:04:[https://f.w24.rocks/viewthread.php?tid=401660&extra=page%3D14%26amp%3Borderby%3Ddateline%26amp%3Bfilter%3D2592000,明天！福建厦门！目前2男1女！ ]
2020/12/20 12:04:[https://f.w24.rocks/viewthread.php?tid=401656&extra=page%3D14%26amp%3Borderby%3Ddateline%26amp%3Bfilter%3D2592000,一只02年的小母狗 ]
2020/12/20 12:04:[https://f.w24.rocks/viewthread.php?tid=401655&extra=page%3D14%26amp%3Borderby%3Ddateline%26amp%3Bfilter%3D2592000,0531携女M交友有实力的来 ]
2020/12/20 12:04:[https://f.w24.rocks/viewthread.php?tid=401654&extra=page%3D14%26amp%3Borderby%3Ddateline%26amp%3Bfilter%3D2592000,湘0743 #M# 收小胖妞M 大奶微胖妹 绿帽 ]
2020/12/20 12:05:[https://f.w24.rocks/viewthread.php?tid=401646&extra=page%3D14%26amp%3Borderby%3Ddateline%26amp%3Bfilter%3D2592000,湘0743 #M# 收小胖妞M 大奶微胖妹 绿帽 ]
2020/12/20 12:05:[https://f.w24.rocks/viewthread.php?tid=401645&extra=page%3D14%26amp%3Borderby%3Ddateline%26amp%3Bfilter%3D2592000,0731长沙19岁极品女朋友的第一次 ]
2020/12/20 12:05:[https://f.w24.rocks/viewthread.php?tid=401641&extra=page%3D14%26amp%3Borderby%3Ddateline%26amp%3Bfilter%3D2592000,022地区寻夫妻交换 ]
2020/12/20 12:05:[https://f.w24.rocks/viewthread.php?tid=401640&extra=page%3D14%26amp%3Borderby%3Ddateline%26amp%3Bfilter%3D2592000,（022）微露脸，天津廊坊地区3p白丝女仆少妇 ]
2020/12/20 12:05:[https://f.w24.rocks/viewthread.php?tid=401637&extra=page%3D14%26amp%3Borderby%3Ddateline%26amp%3Bfilter%3D2592000,疫情期间加的一母犬！ ]
2020/12/20 12:05:[https://f.w24.rocks/viewthread.php?tid=401629&extra=page%3D14%26amp%3Borderby%3Ddateline%26amp%3Bfilter%3D2592000,027武汉，少妇  库存 ]
2020/12/20 12:05:[https://f.w24.rocks/viewthread.php?tid=401613&extra=page%3D15%26amp%3Borderby%3Ddateline%26amp%3Bfilter%3D2592000,广东的小骚货，找同房一起露出的，0758端州最佳（单勿扰） ]
2020/12/20 12:05:[https://f.w24.rocks/viewthread.php?tid=401617&extra=page%3D15%26amp%3Borderby%3Ddateline%26amp%3Bfilter%3D2592000,救急如救火，熟妇单约（0594区 手验证） ]
2020/12/20 12:05:[https://f.w24.rocks/viewthread.php?tid=401610&extra=page%3D15%26amp%3Borderby%3Ddateline%26amp%3Bfilter%3D2592000,三人行被两位大鸡巴爸爸在酒店轮流爆操 ]
2020/12/20 12:05:[https://f.w24.rocks/viewthread.php?tid=401603&extra=page%3D15%26amp%3Borderby%3Ddateline%26amp%3Bfilter%3D2592000,新人温泉简单露出，试招三亚12月活动 ]
2020/12/20 12:05:[https://f.w24.rocks/viewthread.php?tid=401589&extra=page%3D15%26amp%3Borderby%3Ddateline%26amp%3Bfilter%3D2592000,网调成年处女妹妹 ]
2020/12/20 12:05:[https://f.w24.rocks/viewthread.php?tid=401583&extra=page%3D15%26amp%3Borderby%3Ddateline%26amp%3Bfilter%3D2592000,028地区可爱人妻楼道露出 ]
2020/12/20 12:05:[https://f.w24.rocks/viewthread.php?tid=401579&extra=page%3D15%26amp%3Borderby%3Ddateline%26amp%3Bfilter%3D2592000,老婆深夜自拍（口塞+乳夹）深深诱惑 ]
2020/12/20 12:05:[https://f.w24.rocks/viewthread.php?tid=401576&extra=page%3D15%26amp%3Borderby%3Ddateline%26amp%3Bfilter%3D2592000,0531情侣交友 ]
2020/12/20 12:06:[https://f.w24.rocks/viewthread.php?tid=401571&extra=page%3D15%26amp%3Borderby%3Ddateline%26amp%3Bfilter%3D2592000,河南商丘夫妻，孕期随拍，现已顺利生产 ]
2020/12/20 12:06:[https://f.w24.rocks/viewthread.php?tid=401570&extra=page%3D15%26amp%3Borderby%3Ddateline%26amp%3Bfilter%3D2592000,0315地区真是情侣寻夫妻交友（代发）） ]
2020/12/20 12:06:[https://f.w24.rocks/viewthread.php?tid=401565&extra=page%3D15%26amp%3Borderby%3Ddateline%26amp%3Bfilter%3D2592000,出租房，诱干小情人，隔壁老王都可以听到。 ]
2020/12/20 12:06:[https://f.w24.rocks/viewthread.php?tid=401568&extra=page%3D15%26amp%3Borderby%3Ddateline%26amp%3Bfilter%3D2592000,帝都010 金主招单女 ]
2020/12/20 12:06:[https://f.w24.rocks/viewthread.php?tid=401561&extra=page%3D15%26amp%3Borderby%3Ddateline%26amp%3Bfilter%3D2592000,0394地区素质单男看过来，垃圾勿扰 ]
2020/12/20 12:06:[https://f.w24.rocks/viewthread.php?tid=401549&extra=page%3D16%26amp%3Borderby%3Ddateline%26amp%3Bfilter%3D2592000,湘0743 #M# 收小胖妞M ]
2020/12/20 12:06:[https://f.w24.rocks/viewthread.php?tid=401547&extra=page%3D16%26amp%3Borderby%3Ddateline%26amp%3Bfilter%3D2592000,反差婊的巨乳女店员 ]
2020/12/20 12:06:[https://f.w24.rocks/viewthread.php?tid=401537&extra=page%3D16%26amp%3Borderby%3Ddateline%26amp%3Bfilter%3D2592000,云南霸主s新收广州母狗认主了，调教一天一夜 ]
2020/12/20 12:06:[https://f.w24.rocks/viewthread.php?tid=401523&extra=page%3D16%26amp%3Borderby%3Ddateline%26amp%3Bfilter%3D2592000,终于等到我的空乘小姐姐来昆明 ]
2020/12/20 12:06:[https://f.w24.rocks/viewthread.php?tid=401536&extra=page%3D16%26amp%3Borderby%3Ddateline%26amp%3Bfilter%3D2592000,佛山地区结识有缘夫妻单女 ]
2020/12/20 12:06:[https://f.w24.rocks/viewthread.php?tid=401520&extra=page%3D16%26amp%3Borderby%3Ddateline%26amp%3Bfilter%3D2592000,0537地区或周边有没有优质单男 ]
2020/12/20 12:06:[https://f.w24.rocks/viewthread.php?tid=401517&extra=page%3D16%26amp%3Borderby%3Ddateline%26amp%3Bfilter%3D2592000,现任小女友的性感身姿 ]
2020/12/20 12:06:[https://f.w24.rocks/viewthread.php?tid=401508&extra=page%3D16%26amp%3Borderby%3Ddateline%26amp%3Bfilter%3D2592000,0531济南女M交友调教 ]
2020/12/20 12:06:[https://f.w24.rocks/viewthread.php?tid=401511&extra=page%3D16%26amp%3Borderby%3Ddateline%26amp%3Bfilter%3D2592000,石家庄骚妇 ]
2020/12/20 12:06:[https://f.w24.rocks/viewthread.php?tid=401491&extra=page%3D16%26amp%3Borderby%3Ddateline%26amp%3Bfilter%3D2592000,佳人如玉 情人锦儿JK制服丝袜长腿尽显诱惑（寻上海活动） ]
2020/12/20 12:07:[https://f.w24.rocks/viewthread.php?tid=401479&extra=page%3D16%26amp%3Borderby%3Ddateline%26amp%3Bfilter%3D2592000,有0310的哥哥姐姐吗新进91 ]
2020/12/20 12:07:[https://f.w24.rocks/viewthread.php?tid=401468&extra=page%3D16%26amp%3Borderby%3Ddateline%26amp%3Bfilter%3D2592000,四川 0817 夫妻寻本地真城夫妻 ]
2020/12/20 12:07:[https://f.w24.rocks/viewthread.php?tid=401475&extra=page%3D16%26amp%3Borderby%3Ddateline%26amp%3Bfilter%3D2592000,分享一下前几天裸聊的一个小姐姐 ]
2020/12/20 12:07:[https://f.w24.rocks/viewthread.php?tid=401452&extra=page%3D17%26amp%3Borderby%3Ddateline%26amp%3Bfilter%3D2592000,南京年轻单男寻低年龄单女明后天活动，98年后的 ]
2020/12/20 12:07:[https://f.w24.rocks/viewthread.php?tid=401463&extra=page%3D17%26amp%3Borderby%3Ddateline%26amp%3Bfilter%3D2592000,010操丰满大奶子人妻，绿帽老公在旁边给我们服务 ]
2020/12/20 12:07:[https://f.w24.rocks/viewthread.php?tid=401448&extra=page%3D17%26amp%3Borderby%3Ddateline%26amp%3Bfilter%3D2592000,❤小湖南❤首发 17岁儿子恋母癖 母亲的第一天 大量聊天记录 ]
2020/12/20 12:07:[https://f.w24.rocks/viewthread.php?tid=401447&extra=page%3D17%26amp%3Borderby%3Ddateline%26amp%3Bfilter%3D2592000,首发申精！猛操00后微博万粉福利姬！ ]
2020/12/20 12:07:[https://f.w24.rocks/viewthread.php?tid=401433&extra=page%3D17%26amp%3Borderby%3Ddateline%26amp%3Bfilter%3D2592000,湘#M# 收小胖妞M ]
2020/12/20 12:07:[https://f.w24.rocks/viewthread.php?tid=401422&extra=page%3D17%26amp%3Borderby%3Ddateline%26amp%3Bfilter%3D2592000,苏州、上海素质单男，酒店五星 ]
2020/12/20 12:07:[https://f.w24.rocks/viewthread.php?tid=401415&extra=page%3D17%26amp%3Borderby%3Ddateline%26amp%3Bfilter%3D2592000,珠三角学生情侣泄欲工具楼梯间狂干大一学妹 附动图 ]
2020/12/20 12:07:[https://f.w24.rocks/viewthread.php?tid=401413&extra=page%3D17%26amp%3Borderby%3Ddateline%26amp%3Bfilter%3D2592000,重庆资深绿奴找重庆资深绿主 ]
2020/12/20 12:07:[https://f.w24.rocks/viewthread.php?tid=401399&extra=page%3D17%26amp%3Borderby%3Ddateline%26amp%3Bfilter%3D2592000,老婆的丝袜高跟 ]
2020/12/20 12:08:[https://f.w24.rocks/viewthread.php?tid=401393&extra=page%3D17%26amp%3Borderby%3Ddateline%26amp%3Bfilter%3D2592000,调教过的小M②——有男友的小可爱，0371收M！ ]
2020/12/20 12:08:[https://f.w24.rocks/viewthread.php?tid=401397&extra=page%3D17%26amp%3Borderby%3Ddateline%26amp%3Bfilter%3D2592000,0731极品小母狗寻求SM教室  群P    急招人招人 ]
2020/12/20 12:08:[https://f.w24.rocks/viewthread.php?tid=401374&extra=page%3D18%26amp%3Borderby%3Ddateline%26amp%3Bfilter%3D2592000,南通  正在开发中的小骚货       新人第一次发 ]
2020/12/20 12:08:[https://f.w24.rocks/viewthread.php?tid=401381&extra=page%3D18%26amp%3Borderby%3Ddateline%26amp%3Bfilter%3D2592000,风骚人妻吃鸡掰逼图！ ]
2020/12/20 12:08:[https://f.w24.rocks/viewthread.php?tid=401383&extra=page%3D18%26amp%3Borderby%3Ddateline%26amp%3Bfilter%3D2592000,这就是反差婚纱，正经下的诱惑 ]
2020/12/20 12:08:[https://f.w24.rocks/viewthread.php?tid=401371&extra=page%3D18%26amp%3Borderby%3Ddateline%26amp%3Bfilter%3D2592000,南京年轻单男寻低年龄单女本周活动，98年后的 ]
2020/12/20 12:08:[https://f.w24.rocks/viewthread.php?tid=401370&extra=page%3D18%26amp%3Borderby%3Ddateline%26amp%3Bfilter%3D2592000,湘#M# 收小胖妞M ]
2020/12/20 12:08:[https://f.w24.rocks/viewthread.php?tid=401353&extra=page%3D18%26amp%3Borderby%3Ddateline%26amp%3Bfilter%3D2592000,代发（ID 纵情） 谁人能免余情绕 三通爆操我的白嫩小奴 ]
2020/12/20 12:08:[https://f.w24.rocks/viewthread.php?tid=401360&extra=page%3D18%26amp%3Borderby%3Ddateline%26amp%3Bfilter%3D2592000,南京夫妻小竹排交友贴 ]
2020/12/20 12:08:[https://f.w24.rocks/viewthread.php?tid=401345&extra=page%3D18%26amp%3Borderby%3Ddateline%26amp%3Bfilter%3D2592000,大奶妹分享给大家，爽到爆 ]
2020/12/20 12:08:[https://f.w24.rocks/viewthread.php?tid=401341&extra=page%3D18%26amp%3Borderby%3Ddateline%26amp%3Bfilter%3D2592000,多图把头塞进马桶的黑丝学生肉便器，越来越骚贱 ]
2020/12/20 12:08:[https://f.w24.rocks/viewthread.php?tid=401342&extra=page%3D18%26amp%3Borderby%3Ddateline%26amp%3Bfilter%3D2592000,花妖萝莉兔和摄影叔叔得完美邂逅 ]
2020/12/20 12:08:[https://f.w24.rocks/viewthread.php?tid=401343&extra=page%3D18%26amp%3Borderby%3Ddateline%26amp%3Bfilter%3D2592000,湘#M# 收小胖妞M ]
2020/12/20 12:08:[https://f.w24.rocks/viewthread.php?tid=401333&extra=page%3D18%26amp%3Borderby%3Ddateline%26amp%3Bfilter%3D2592000,023 重庆 10号晚上优质情侣活动，重庆情侣夫妻单女看过来 ]
2020/12/20 12:08:[https://f.w24.rocks/viewthread.php?tid=401338&extra=page%3D18%26amp%3Borderby%3Ddateline%26amp%3Bfilter%3D2592000,元旦准备在东北跨年！思姐领域！招单男，有雪就好！ ]
2020/12/20 12:08:[https://f.w24.rocks/viewthread.php?tid=401331&extra=page%3D18%26amp%3Borderby%3Ddateline%26amp%3Bfilter%3D2592000,樱玉花子代发 ]
2020/12/20 12:08:[https://f.w24.rocks/viewthread.php?tid=401332&extra=page%3D18%26amp%3Borderby%3Ddateline%26amp%3Bfilter%3D2592000,0371，有没有志同道合的朋友一起交流 ]
2020/12/20 12:09:[https://f.w24.rocks/viewthread.php?tid=401329&extra=page%3D18%26amp%3Borderby%3Ddateline%26amp%3Bfilter%3D2592000,济南0531情侣交友 ]
2020/12/20 12:09:[https://f.w24.rocks/viewthread.php?tid=401314&extra=page%3D19%26amp%3Borderby%3Ddateline%26amp%3Bfilter%3D2592000,专属熟女人妻 系列十一 ]
2020/12/20 12:09:[https://f.w24.rocks/viewthread.php?tid=401303&extra=page%3D19%26amp%3Borderby%3Ddateline%26amp%3Bfilter%3D2592000,将近30的骚妻，逼还是粉嫩的 ]
2020/12/20 12:09:[https://f.w24.rocks/viewthread.php?tid=401324&extra=page%3D19%26amp%3Borderby%3Ddateline%26amp%3Bfilter%3D2592000,asksea作品白嫩长腿极致体验 情人锦儿迎接我猛烈撞击 ]
2020/12/20 12:09:[https://f.w24.rocks/viewthread.php?tid=401291&extra=page%3D19%26amp%3Borderby%3Ddateline%26amp%3Bfilter%3D2592000,（代友发帖）0519地区寻优质单男 ]
2020/12/20 12:09:[https://f.w24.rocks/viewthread.php?tid=401292&extra=page%3D19%26amp%3Borderby%3Ddateline%26amp%3Bfilter%3D2592000,川渝地区情侣根据地 ]
2020/12/20 12:09:[https://f.w24.rocks/viewthread.php?tid=401301&extra=page%3D19%26amp%3Borderby%3Ddateline%26amp%3Bfilter%3D2592000,计划下周活动 ]
2020/12/20 12:09:[https://f.w24.rocks/viewthread.php?tid=401287&extra=page%3D19%26amp%3Borderby%3Ddateline%26amp%3Bfilter%3D2592000,江苏夫妻寻高素质夫妻 ]
2020/12/20 12:09:[https://f.w24.rocks/viewthread.php?tid=401290&extra=page%3D19%26amp%3Borderby%3Ddateline%26amp%3Bfilter%3D2592000,帮夫妻朋友代发开发中的淫妻骚货。欢迎大家评论 ]
2020/12/20 12:09:[https://f.w24.rocks/viewthread.php?tid=401286&extra=page%3D19%26amp%3Borderby%3Ddateline%26amp%3Bfilter%3D2592000,0317真诚交友，人生苦短及时行乐。 ]
2020/12/20 12:09:[https://f.w24.rocks/viewthread.php?tid=401280&extra=page%3D19%26amp%3Borderby%3Ddateline%26amp%3Bfilter%3D2592000,三井私房『杭州125 少妇之约2 ]
2020/12/20 12:09:[https://f.w24.rocks/viewthread.php?tid=401260&extra=page%3D19%26amp%3Borderby%3Ddateline%26amp%3Bfilter%3D2592000,招优质单男，要帅的 ]
2020/12/20 12:09:[https://f.w24.rocks/viewthread.php?tid=401250&extra=page%3D19%26amp%3Borderby%3Ddateline%26amp%3Bfilter%3D2592000,申精！029第二次分享老婆异性SPA，西安高质量夫妻求友。 ]
2020/12/20 12:09:[https://f.w24.rocks/viewthread.php?tid=401255&extra=page%3D19%26amp%3Borderby%3Ddateline%26amp%3Bfilter%3D2592000,湘#M# 收小胖妞M ]
2020/12/20 12:09:[https://f.w24.rocks/viewthread.php?tid=401244&extra=page%3D20%26amp%3Borderby%3Ddateline%26amp%3Bfilter%3D2592000,广州夫妻寻单男 ]
2020/12/20 12:10:[https://f.w24.rocks/viewthread.php?tid=401241&extra=page%3D20%26amp%3Borderby%3Ddateline%26amp%3Bfilter%3D2592000,湘#M# 收小胖妞M ]
2020/12/20 12:10:[https://f.w24.rocks/viewthread.php?tid=401249&extra=page%3D20%26amp%3Borderby%3Ddateline%26amp%3Bfilter%3D2592000,010022地区情侣 寻素质单男活动 单男福利 ]
2020/12/20 12:10:[https://f.w24.rocks/viewthread.php?tid=401245&extra=page%3D20%26amp%3Borderby%3Ddateline%26amp%3Bfilter%3D2592000,寻0791南昌或能来南昌的单女 ]
2020/12/20 12:10:[https://f.w24.rocks/viewthread.php?tid=401232&extra=page%3D20%26amp%3Borderby%3Ddateline%26amp%3Bfilter%3D2592000,老婆自己把穴掰 ]
2020/12/20 12:10:[https://f.w24.rocks/viewthread.php?tid=401230&extra=page%3D20%26amp%3Borderby%3Ddateline%26amp%3Bfilter%3D2592000,云南霸主s云南母狗瘾太大化妆品瓶假阳具插出血 ]
2020/12/20 12:10:[https://f.w24.rocks/viewthread.php?tid=401231&extra=page%3D20%26amp%3Borderby%3Ddateline%26amp%3Bfilter%3D2592000,（起点S收M）苏州地区收母狗反差婊 ]
2020/12/20 12:10:[https://f.w24.rocks/viewthread.php?tid=401228&extra=page%3D20%26amp%3Borderby%3Ddateline%26amp%3Bfilter%3D2592000,云南霸主s北方贱母狗收到惩罚狗爬 ]
2020/12/20 12:10:[https://f.w24.rocks/viewthread.php?tid=401222&extra=page%3D20%26amp%3Borderby%3Ddateline%26amp%3Bfilter%3D2592000,三井私房『杭州125 少妇之约 ]
2020/12/20 12:10:[https://f.w24.rocks/viewthread.php?tid=401212&extra=page%3D20%26amp%3Borderby%3Ddateline%26amp%3Bfilter%3D2592000,超市露出一组  ps寻露出爱好者交流 ]
2020/12/20 12:10:[https://f.w24.rocks/viewthread.php?tid=401214&extra=page%3D20%26amp%3Borderby%3Ddateline%26amp%3Bfilter%3D2592000,云南霸主s贱母狗红酒瓶调教插入忘记验证 ]
2020/12/20 12:10:[https://f.w24.rocks/viewthread.php?tid=401196&extra=page%3D20%26amp%3Borderby%3Ddateline%26amp%3Bfilter%3D2592000,0431长春夫主妻奴最新调教照片 ]
2020/12/20 12:10:[https://f.w24.rocks/viewthread.php?tid=401195&extra=page%3D20%26amp%3Borderby%3Ddateline%26amp%3Bfilter%3D2592000,西安70后高新区夫妻欢迎真实夫妻交流 ]
2020/12/20 12:10:[https://f.w24.rocks/viewthread.php?tid=401188&extra=page%3D20%26amp%3Borderby%3Ddateline%26amp%3Bfilter%3D2592000,帝都010 金主招单女 ]
2020/12/20 12:11:[https://f.w24.rocks/viewthread.php?tid=401177&extra=page%3D21%26amp%3Borderby%3Ddateline%26amp%3Bfilter%3D2592000,023重庆骚骚女神，招帅单！！！ ]
2020/12/20 12:11:[https://f.w24.rocks/viewthread.php?tid=401186&extra=page%3D21%26amp%3Borderby%3Ddateline%26amp%3Bfilter%3D2592000,[代朋友发]高颜值夫妻求交换 ]
2020/12/20 12:11:[https://f.w24.rocks/viewthread.php?tid=401172&extra=page%3D21%26amp%3Borderby%3Ddateline%26amp%3Bfilter%3D2592000,0470情侣首次发帖，求支持 ]
2020/12/20 12:11:[https://f.w24.rocks/viewthread.php?tid=401170&extra=page%3D21%26amp%3Borderby%3Ddateline%26amp%3Bfilter%3D2592000,0772柳州韦爵爷玩弄超级大烂黑逼烂屁眼，超重口，慎入， ]
2020/12/20 12:11:[https://f.w24.rocks/viewthread.php?tid=401169&extra=page%3D21%26amp%3Borderby%3Ddateline%26amp%3Bfilter%3D2592000,别人的尻的就是爽 ]
2020/12/20 12:11:[https://f.w24.rocks/viewthread.php?tid=401168&extra=page%3D21%26amp%3Borderby%3Ddateline%26amp%3Bfilter%3D2592000,0531 逗叔 喜欢露出的老女人 ]
2020/12/20 12:11:[https://f.w24.rocks/viewthread.php?tid=401161&extra=page%3D21%26amp%3Borderby%3Ddateline%26amp%3Bfilter%3D2592000,凌晨四点被两位大鸡吧爸爸在酒店厕所轮流爆操 ]
2020/12/20 12:11:[https://f.w24.rocks/viewthread.php?tid=401151&extra=page%3D21%26amp%3Borderby%3Ddateline%26amp%3Bfilter%3D2592000,大黄瓜的爽 ]
2020/12/20 12:11:[https://f.w24.rocks/viewthread.php?tid=401150&extra=page%3D21%26amp%3Borderby%3Ddateline%26amp%3Bfilter%3D2592000,没事给母狗洗洗菊花 ]
2020/12/20 12:11:[https://f.w24.rocks/viewthread.php?tid=401137&extra=page%3D21%26amp%3Borderby%3Ddateline%26amp%3Bfilter%3D2592000,05340531地区寻12日晚可约的情侣夫妻。 ]
2020/12/20 12:11:[https://f.w24.rocks/viewthread.php?tid=401140&extra=page%3D21%26amp%3Borderby%3Ddateline%26amp%3Bfilter%3D2592000,0760中山周边寻找志同道合的伙伴 ]
2020/12/20 12:11:[https://f.w24.rocks/viewthread.php?tid=401125&extra=page%3D21%26amp%3Borderby%3Ddateline%26amp%3Bfilter%3D2592000,（代发）学生情侣交友 ]
2020/12/20 12:11:[https://f.w24.rocks/viewthread.php?tid=401112&extra=page%3D22%26amp%3Borderby%3Ddateline%26amp%3Bfilter%3D2592000,027武汉，情侣，招优质单男，近期活动，有诚意来 ]
2020/12/20 12:11:[https://f.w24.rocks/viewthread.php?tid=401111&extra=page%3D22%26amp%3Borderby%3Ddateline%26amp%3Bfilter%3D2592000,0752与其我找别人还不如同城的人找我。 ]
2020/12/20 12:12:[https://f.w24.rocks/viewthread.php?tid=401116&extra=page%3D22%26amp%3Borderby%3Ddateline%26amp%3Bfilter%3D2592000,离异小骚货的日常 ]
2020/12/20 12:12:[https://f.w24.rocks/viewthread.php?tid=401105&extra=page%3D22%26amp%3Borderby%3Ddateline%26amp%3Bfilter%3D2592000,京津冀地区携娇妻征友 ]
2020/12/20 12:12:[https://f.w24.rocks/viewthread.php?tid=401102&extra=page%3D22%26amp%3Borderby%3Ddateline%26amp%3Bfilter%3D2592000,娇羞人妻千里送逼。坐标厦门另招女M母狗骚货 ]
2020/12/20 12:12:[https://f.w24.rocks/viewthread.php?tid=401090&extra=page%3D22%26amp%3Borderby%3Ddateline%26amp%3Bfilter%3D2592000,JK制服 专业异性巴厘岛spa按摩师 无锡 常州 苏州 ]
2020/12/20 12:12:[https://f.w24.rocks/viewthread.php?tid=401089&extra=page%3D22%26amp%3Borderby%3Ddateline%26amp%3Bfilter%3D2592000,坐标厦门，分享奶牛炮友 ]
2020/12/20 12:12:[https://f.w24.rocks/viewthread.php?tid=401083&extra=page%3D22%26amp%3Borderby%3Ddateline%26amp%3Bfilter%3D2592000,0772柳州韦爵爷拳交喷水大逼熟女 ]
2020/12/20 12:12:[https://f.w24.rocks/viewthread.php?tid=401087&extra=page%3D22%26amp%3Borderby%3Ddateline%26amp%3Bfilter%3D2592000,0772柳州韦爵爷车震及拳交第一贴里的贱逼熟女老师 ]
2020/12/20 12:12:[https://f.w24.rocks/viewthread.php?tid=401072&extra=page%3D22%26amp%3Borderby%3Ddateline%26amp%3Bfilter%3D2592000,新人0595 ]
2020/12/20 12:12:[https://f.w24.rocks/viewthread.php?tid=401082&extra=page%3D22%26amp%3Borderby%3Ddateline%26amp%3Bfilter%3D2592000,0772柳州巨臀熟女 ]
2020/12/20 12:12:[https://f.w24.rocks/viewthread.php?tid=401068&extra=page%3D22%26amp%3Borderby%3Ddateline%26amp%3Bfilter%3D2592000,广深P大人这次换个肉肉的女M，顺便招收广深女M， ]
2020/12/20 12:12:[https://f.w24.rocks/viewthread.php?tid=401057&extra=page%3D22%26amp%3Borderby%3Ddateline%26amp%3Bfilter%3D2592000,010]
2020/12/20 12:12:[https://f.w24.rocks/viewthread.php?tid=401056&extra=page%3D22%26amp%3Borderby%3Ddateline%26amp%3Bfilter%3D2592000,寻长春地区认识的或者干过的兄弟 ]
2020/12/20 12:12:[https://f.w24.rocks/viewthread.php?tid=401054&extra=page%3D23%26amp%3Borderby%3Ddateline%26amp%3Bfilter%3D2592000,白白的老婆就是榨汁机呀！！！还害羞了呢 ]
2020/12/20 12:12:[https://f.w24.rocks/viewthread.php?tid=401032&extra=page%3D23%26amp%3Borderby%3Ddateline%26amp%3Bfilter%3D2592000,会潮吹的肉便器，20号左右，重庆，等你来 ]
2020/12/20 12:12:[https://f.w24.rocks/viewthread.php?tid=401024&extra=page%3D23%26amp%3Borderby%3Ddateline%26amp%3Bfilter%3D2592000,0431调教黑丝小女奴至潮吹  求精 ]
2020/12/20 12:13:[https://f.w24.rocks/viewthread.php?tid=401021&extra=page%3D23%26amp%3Borderby%3Ddateline%26amp%3Bfilter%3D2592000,后天携人妻厦门漳州旅行，寻当地夫妻或单男。 ]
2020/12/20 12:13:[https://f.w24.rocks/viewthread.php?tid=401017&extra=page%3D23%26amp%3Borderby%3Ddateline%26amp%3Bfilter%3D2592000,骚货小日常，对着她撸吧，快来评论一下她的骚货 ]
2020/12/20 12:13:[https://f.w24.rocks/viewthread.php?tid=401016&extra=page%3D23%26amp%3Borderby%3Ddateline%26amp%3Bfilter%3D2592000,深圳的夜空，和小姐姐的再一次甜美 ]
2020/12/20 12:13:[https://f.w24.rocks/viewthread.php?tid=401013&extra=page%3D23%26amp%3Borderby%3Ddateline%26amp%3Bfilter%3D2592000,跟小情人的又一个周末 ]
2020/12/20 12:13:[https://f.w24.rocks/viewthread.php?tid=401002&extra=page%3D23%26amp%3Borderby%3Ddateline%26amp%3Bfilter%3D2592000,021上海同房调教 ]
2020/12/20 12:13:[https://f.w24.rocks/viewthread.php?tid=401000&extra=page%3D23%26amp%3Borderby%3Ddateline%26amp%3Bfilter%3D2592000,真诚想做母狗夫妻狗的来新来的少妇助理 ]
2020/12/20 12:13:[https://f.w24.rocks/viewthread.php?tid=401001&extra=page%3D23%26amp%3Borderby%3Ddateline%26amp%3Bfilter%3D2592000,（起点S收M）感谢91带给我的处女小M 19岁 大学生 苏州的进 ]
2020/12/20 12:13:[https://f.w24.rocks/viewthread.php?tid=400999&extra=page%3D23%26amp%3Borderby%3Ddateline%26amp%3Bfilter%3D2592000,帝都010 金主收单女 ]
2020/12/20 12:13:[https://f.w24.rocks/viewthread.php?tid=400996&extra=page%3D23%26amp%3Borderby%3Ddateline%26amp%3Bfilter%3D2592000,0760深夜带情人上山看夜景 ]
2020/12/20 12:13:[https://f.w24.rocks/viewthread.php?tid=400992&extra=page%3D23%26amp%3Borderby%3Ddateline%26amp%3Bfilter%3D2592000,美人妻寻帝都伴侣 ]
2020/12/20 12:13:[https://f.w24.rocks/viewthread.php?tid=400985&extra=page%3D23%26amp%3Borderby%3Ddateline%26amp%3Bfilter%3D2592000,昨天第一次发帖  没说清楚 骚老婆都跟我急了哈哈哈 ]
2020/12/20 12:13:[https://f.w24.rocks/viewthread.php?tid=400964&extra=page%3D24%26amp%3Borderby%3Ddateline%26amp%3Bfilter%3D2592000,坐标长春，寻高素质情侣，夫妻 ]
2020/12/20 12:13:[https://f.w24.rocks/viewthread.php?tid=400980&extra=page%3D24%26amp%3Borderby%3Ddateline%26amp%3Bfilter%3D2592000,秘书的秘密 ]
2020/12/20 12:13:[https://f.w24.rocks/viewthread.php?tid=400966&extra=page%3D24%26amp%3Borderby%3Ddateline%26amp%3Bfilter%3D2592000,0433地区   00年母狗大学生图书馆露出    0433地区可奔现 ]
2020/12/20 12:13:[https://f.w24.rocks/viewthread.php?tid=400978&extra=page%3D24%26amp%3Borderby%3Ddateline%26amp%3Bfilter%3D2592000,骚女微露脸 坐标van 交流 ]
2020/12/20 12:13:[https://f.w24.rocks/viewthread.php?tid=400946&extra=page%3D24%26amp%3Borderby%3Ddateline%26amp%3Bfilter%3D2592000,021  上海 sm调教 同房不换 ]
2020/12/20 12:13:[https://f.w24.rocks/viewthread.php?tid=400959&extra=page%3D24%26amp%3Borderby%3Ddateline%26amp%3Bfilter%3D2592000,0510地区近期活动寻优质单男 ]
2020/12/20 12:13:[https://f.w24.rocks/viewthread.php?tid=400939&extra=page%3D24%26amp%3Borderby%3Ddateline%26amp%3Bfilter%3D2592000,江浙沪地区，娇妻招募单男 ]
2020/12/20 12:14:[https://f.w24.rocks/viewthread.php?tid=400932&extra=page%3D24%26amp%3Borderby%3Ddateline%26amp%3Bfilter%3D2592000,骚妻分享交流 ]
2020/12/20 12:14:[https://f.w24.rocks/viewthread.php?tid=400938&extra=page%3D24%26amp%3Borderby%3Ddateline%26amp%3Bfilter%3D2592000,坐标鸟市，12月低活动 ]
2020/12/20 12:14:[https://f.w24.rocks/viewthread.php?tid=400927&extra=page%3D24%26amp%3Borderby%3Ddateline%26amp%3Bfilter%3D2592000,刚刚结束的战斗 ]
2020/12/20 12:14:[https://f.w24.rocks/viewthread.php?tid=400929&extra=page%3D24%26amp%3Borderby%3Ddateline%26amp%3Bfilter%3D2592000,分享炮友的绝美骚逼和写真 ]
2020/12/20 12:14:[https://f.w24.rocks/viewthread.php?tid=400916&extra=page%3D24%26amp%3Borderby%3Ddateline%26amp%3Bfilter%3D2592000,童颜巨乳 ]
2020/12/20 12:14:[https://f.w24.rocks/viewthread.php?tid=400911&extra=page%3D24%26amp%3Borderby%3Ddateline%26amp%3Bfilter%3D2592000,0537寻靠谱的单男和夫妻，嘴炮勿扰！ ]
2020/12/20 12:14:[https://f.w24.rocks/viewthread.php?tid=400889&extra=page%3D25%26amp%3Borderby%3Ddateline%26amp%3Bfilter%3D2592000,旧手机翻到大学照片，以及第一次不同房照片 ]
2020/12/20 12:14:[https://f.w24.rocks/viewthread.php?tid=400905&extra=page%3D25%26amp%3Borderby%3Ddateline%26amp%3Bfilter%3D2592000,新人第一帖。诚寻合适单男 ]
2020/12/20 12:14:[https://f.w24.rocks/viewthread.php?tid=400902&extra=page%3D25%26amp%3Borderby%3Ddateline%26amp%3Bfilter%3D2592000,新疆圈内，今晚大型绳缚，调教 ]
2020/12/20 12:14:[https://f.w24.rocks/viewthread.php?tid=400892&extra=page%3D25%26amp%3Borderby%3Ddateline%26amp%3Bfilter%3D2592000,广西南宁十二月活动我宝贝要大屌艹她 ]
2020/12/20 12:14:[https://f.w24.rocks/viewthread.php?tid=400885&extra=page%3D25%26amp%3Borderby%3Ddateline%26amp%3Bfilter%3D2592000,0531 逗叔 喜欢肛交丰臀人妻 ]
2020/12/20 12:14:[https://f.w24.rocks/viewthread.php?tid=400878&extra=page%3D25%26amp%3Borderby%3Ddateline%26amp%3Bfilter%3D2592000,反差 ]
2020/12/20 12:14:[https://f.w24.rocks/viewthread.php?tid=400874&extra=page%3D25%26amp%3Borderby%3Ddateline%26amp%3Bfilter%3D2592000,90后老婆的骚蝴蝶，大家说美吗 ]
2020/12/20 12:14:[https://f.w24.rocks/viewthread.php?tid=400862&extra=page%3D25%26amp%3Borderby%3Ddateline%26amp%3Bfilter%3D2592000,黑网洞白蕾丝期待优质单男 ]
2020/12/20 12:14:[https://f.w24.rocks/viewthread.php?tid=400865&extra=page%3D25%26amp%3Borderby%3Ddateline%26amp%3Bfilter%3D2592000,0757 寻单男 ]
2020/12/20 12:14:[https://f.w24.rocks/viewthread.php?tid=400855&extra=page%3D25%26amp%3Borderby%3Ddateline%26amp%3Bfilter%3D2592000,四川 0817 人妻野外露出+酒店自拍 ]
2020/12/20 12:14:[https://f.w24.rocks/viewthread.php?tid=400856&extra=page%3D25%26amp%3Borderby%3Ddateline%26amp%3Bfilter%3D2592000,小骚嫩豚豚壁炉前被单男猛操周末约活动 ]
2020/12/20 12:14:[https://f.w24.rocks/viewthread.php?tid=400852&extra=page%3D25%26amp%3Borderby%3Ddateline%26amp%3Bfilter%3D2592000,肉肉温泉太热了，得脱衣服 ]
2020/12/20 12:14:[https://f.w24.rocks/viewthread.php?tid=400851&extra=page%3D25%26amp%3Borderby%3Ddateline%26amp%3Bfilter%3D2592000,调教的小骚逼 ]
2020/12/20 12:14:[https://f.w24.rocks/viewthread.php?tid=400843&extra=page%3D25%26amp%3Borderby%3Ddateline%26amp%3Bfilter%3D2592000,伦敦余文乐]
2020/12/20 12:15:[https://f.w24.rocks/viewthread.php?tid=400848&extra=page%3D25%26amp%3Borderby%3Ddateline%26amp%3Bfilter%3D2592000,01年女友沦为母狗 享受多人乐趣 有偿 ]
2020/12/20 12:15:[https://f.w24.rocks/viewthread.php?tid=400841&extra=page%3D26%26amp%3Borderby%3Ddateline%26amp%3Bfilter%3D2592000,申精黑丝秘书被领导拍了淫荡照片被老公发现后 ]
2020/12/20 12:15:[https://f.w24.rocks/viewthread.php?tid=400832&extra=page%3D26%26amp%3Borderby%3Ddateline%26amp%3Bfilter%3D2592000,[MSNGod]第二帖，20岁小母狗四号 黑丝骚浪贱 ]
2020/12/20 12:15:[https://f.w24.rocks/viewthread.php?tid=400838&extra=page%3D26%26amp%3Borderby%3Ddateline%26amp%3Bfilter%3D2592000,（起点S收M）苏州地区收母狗反差婊 ]
2020/12/20 12:15:[https://f.w24.rocks/viewthread.php?tid=400826&extra=page%3D26%26amp%3Borderby%3Ddateline%26amp%3Bfilter%3D2592000,代发，大四骚母狗与男友寻sm、3p ]
2020/12/20 12:15:[https://f.w24.rocks/viewthread.php?tid=400808&extra=page%3D26%26amp%3Borderby%3Ddateline%26amp%3Bfilter%3D2592000,最真实夫妻，90后清纯老婆居家验证。真诚交友 ]
2020/12/20 12:15:[https://f.w24.rocks/viewthread.php?tid=400823&extra=page%3D26%26amp%3Borderby%3Ddateline%26amp%3Bfilter%3D2592000,变态屁眼开发师]
2020/12/20 12:15:[https://f.w24.rocks/viewthread.php?tid=400813&extra=page%3D26%26amp%3Borderby%3Ddateline%26amp%3Bfilter%3D2592000,广西KTV高跟包臀的放纵 ]
2020/12/20 12:15:[https://f.w24.rocks/viewthread.php?tid=400818&extra=page%3D26%26amp%3Borderby%3Ddateline%26amp%3Bfilter%3D2592000,0851 贵阳 一双AJ 搞到手的JK控少女 ]
2020/12/20 12:15:[https://f.w24.rocks/viewthread.php?tid=400801&extra=page%3D26%26amp%3Borderby%3Ddateline%26amp%3Bfilter%3D2592000,0317沧州区域寻夫妻情侣同房不换 高颜值夫妻情侣来 ]
2020/12/20 12:15:[https://f.w24.rocks/viewthread.php?tid=400800&extra=page%3D26%26amp%3Borderby%3Ddateline%26amp%3Bfilter%3D2592000,骚妇寻求可来合肥的需求实力有缘人一起开心 ]
2020/12/20 12:15:[https://f.w24.rocks/viewthread.php?tid=400795&extra=page%3D26%26amp%3Borderby%3Ddateline%26amp%3Bfilter%3D2592000,调教过的小M①——处女学生，0371收M！ ]
2020/12/20 12:15:[https://f.w24.rocks/viewthread.php?tid=400786&extra=page%3D26%26amp%3Borderby%3Ddateline%26amp%3Bfilter%3D2592000,0731  携炮友和女朋友寻找志同道合的伙伴！ ]
2020/12/20 12:15:[https://f.w24.rocks/viewthread.php?tid=400784&extra=page%3D27%26amp%3Borderby%3Ddateline%26amp%3Bfilter%3D2592000,020寻同房不换。极品娇妻大家一起调 ]
2020/12/20 12:15:[https://f.w24.rocks/viewthread.php?tid=400766&extra=page%3D27%26amp%3Borderby%3Ddateline%26amp%3Bfilter%3D2592000,上海，表姐一个人在上海拍给我看 ]
2020/12/20 12:15:[https://f.w24.rocks/viewthread.php?tid=400760&extra=page%3D27%26amp%3Borderby%3Ddateline%26amp%3Bfilter%3D2592000,北京小白，真诚找夫妻 ]
2020/12/20 12:15:[https://f.w24.rocks/viewthread.php?tid=400754&extra=page%3D27%26amp%3Borderby%3Ddateline%26amp%3Bfilter%3D2592000,0745湖南怀化S主帮湖南M小姐姐发照 ]
2020/12/20 12:16:[https://f.w24.rocks/viewthread.php?tid=400755&extra=page%3D27%26amp%3Borderby%3Ddateline%26amp%3Bfilter%3D2592000,夫妻自己玩 想尝试多人玩玩欢迎夫妻或者单男 ]
2020/12/20 12:16:[https://f.w24.rocks/viewthread.php?tid=400744&extra=page%3D27%26amp%3Borderby%3Ddateline%26amp%3Bfilter%3D2592000,刚毕业的大学生艺校生逼逼粉红色，废了好久才插入 ]
2020/12/20 12:16:[https://f.w24.rocks/viewthread.php?tid=400750&extra=page%3D27%26amp%3Borderby%3Ddateline%26amp%3Bfilter%3D2592000,01年女友沦为淫荡母狗 享受多人乐趣 有偿 ]
2020/12/20 12:16:[https://f.w24.rocks/viewthread.php?tid=400736&extra=page%3D27%26amp%3Borderby%3Ddateline%26amp%3Bfilter%3D2592000,真实原创，坐标0791，少妇难忍寂寞给我发自拍 ]
2020/12/20 12:16:[https://f.w24.rocks/viewthread.php?tid=400732&extra=page%3D27%26amp%3Borderby%3Ddateline%26amp%3Bfilter%3D2592000,021 发一遍老婆，增加出镜率，哈哈哈 ]
2020/12/20 12:16:[https://f.w24.rocks/viewthread.php?tid=400733&extra=page%3D27%26amp%3Borderby%3Ddateline%26amp%3Bfilter%3D2592000,苏州夫妻。第二十集。2020最后一集母狗总结。 ]
2020/12/20 12:16:[https://f.w24.rocks/viewthread.php?tid=400728&extra=page%3D27%26amp%3Borderby%3Ddateline%26amp%3Bfilter%3D2592000,SuperMario 03XX  010 夫妻交友 ]
2020/12/20 12:16:[https://f.w24.rocks/viewthread.php?tid=379896&extra=page%3D5%26amp%3Borderby%3Ddateline%26amp%3Bfilter%3Ddigest,蜜桃 0755地区 第一次4P  如约而至 ]
2020/12/20 12:16:[https://f.w24.rocks/viewthread.php?tid=379637&extra=page%3D5%26amp%3Borderby%3Ddateline%26amp%3Bfilter%3Ddigest,加精魔都MASTERS深夜采访91女M！超真实！求评论！ ]
2020/12/20 12:16:[https://f.w24.rocks/viewthread.php?tid=379365&extra=page%3D5%26amp%3Borderby%3Ddateline%26amp%3Bfilter%3Ddigest,0532奶糖删帖 ]
2020/12/20 12:16:[https://f.w24.rocks/viewthread.php?tid=379032&extra=page%3D5%26amp%3Borderby%3Ddateline%26amp%3Bfilter%3Ddigest,苏州腿精长腿娇妻宴请领导吃饭，被领导拍摄情趣照片 ]
2020/12/20 12:17:[https://f.w24.rocks/viewthread.php?tid=378844&extra=page%3D5%26amp%3Borderby%3Ddateline%26amp%3Bfilter%3Ddigest,0370夏天就是要穿旗袍，多图一次看个过瘾 ]
2020/12/20 12:17:[https://f.w24.rocks/viewthread.php?tid=378784&extra=page%3D5%26amp%3Borderby%3Ddateline%26amp%3Bfilter%3Ddigest,苏州170腿精街拍、美足、美腿与精神小伙（多图） ]
2020/12/20 12:17:[https://f.w24.rocks/viewthread.php?tid=378445&extra=page%3D5%26amp%3Borderby%3Ddateline%26amp%3Bfilter%3Ddigest,（申精）自备纸巾骚妻91年{妖精小狐狸}求淫生活照露脸 ]
2020/12/20 12:17:[https://f.w24.rocks/viewthread.php?tid=378496&extra=page%3D5%26amp%3Borderby%3Ddateline%26amp%3Bfilter%3Ddigest,美少妇白丝鱼嘴高跟鞋包臀抹胸裙，不容错过！ ]
2020/12/20 12:17:[https://f.w24.rocks/viewthread.php?tid=378500&extra=page%3D5%26amp%3Borderby%3Ddateline%26amp%3Bfilter%3Ddigest,树林里的一抹艳影，相约端午的美好相逢（求加精！！！） ]
2020/12/20 12:17:[https://f.w24.rocks/viewthread.php?tid=378349&extra=page%3D5%26amp%3Borderby%3Ddateline%26amp%3Bfilter%3Ddigest,ROADMAN原创出品，大连萌萌千里送逼 ]
2020/12/20 12:17:[https://f.w24.rocks/viewthread.php?tid=378336&extra=page%3D5%26amp%3Borderby%3Ddateline%26amp%3Bfilter%3Ddigest,JW9023重庆猫猫]
2020/12/20 12:18:[https://f.w24.rocks/viewthread.php?tid=378046&extra=page%3D5%26amp%3Borderby%3Ddateline%26amp%3Bfilter%3Ddigest,江小喬一个8p变成6p的小小活动（42p） ]
2020/12/20 12:18:[https://f.w24.rocks/viewthread.php?tid=377724&extra=page%3D5%26amp%3Borderby%3Ddateline%26amp%3Bfilter%3Ddigest,ROADMAN出品，记录周六单男的活动聚会 ]
2020/12/20 12:18:[https://f.w24.rocks/viewthread.php?tid=376757&extra=page%3D5%26amp%3Borderby%3Ddateline%26amp%3Bfilter%3Ddigest,029 逼环美女与朋友的好友的交流 ]
2020/12/20 12:18:[https://f.w24.rocks/viewthread.php?tid=376463&extra=page%3D5%26amp%3Borderby%3Ddateline%26amp%3Bfilter%3Ddigest,长腿人妻 深圳沦陷——下部#雨中野战 ]
2020/12/20 12:18:[https://f.w24.rocks/viewthread.php?tid=376292&extra=page%3D5%26amp%3Borderby%3Ddateline%26amp%3Bfilter%3Ddigest,杭州人妻飘风的一些照片 ]
2020/12/20 12:20:[https://f.w24.rocks/viewthread.php?tid=376251&extra=page%3D5%26amp%3Borderby%3Ddateline%26amp%3Bfilter%3Ddigest,多动图展示第十七帖，申请加精（50P） ]
2020/12/20 12:21:[https://f.w24.rocks/viewthread.php?tid=375395&extra=page%3D5%26amp%3Borderby%3Ddateline%26amp%3Bfilter%3Ddigest,多动图展示第十六帖，申请加精999 ]
2020/12/20 12:23:[https://f.w24.rocks/viewthread.php?tid=374658&extra=page%3D6%26amp%3Borderby%3Ddateline%26amp%3Bfilter%3Ddigest,多动图展示第十五帖]
2020/12/20 12:24:[https://f.w24.rocks/viewthread.php?tid=374664&extra=page%3D6%26amp%3Borderby%3Ddateline%26amp%3Bfilter%3Ddigest,多动图展示第十五帖]
2020/12/20 12:26:[https://f.w24.rocks/viewthread.php?tid=373854&extra=page%3D6%26amp%3Borderby%3Ddateline%26amp%3Bfilter%3Ddigest,多动图展示第十四帖，申请加精999 ]
2020/12/20 12:26:[https://f.w24.rocks/viewthread.php?tid=374691&extra=page%3D6%26amp%3Borderby%3Ddateline%26amp%3Bfilter%3Ddigest,体验北京女神妻妓 ]
2020/12/20 12:26:[https://f.w24.rocks/viewthread.php?tid=373372&extra=page%3D6%26amp%3Borderby%3Ddateline%26amp%3Bfilter%3Ddigest,（钢炮美食）多动图 丽江99年喷奶少妇 ]
2020/12/20 12:26:[https://f.w24.rocks/viewthread.php?tid=372760&extra=page%3D6%26amp%3Borderby%3Ddateline%26amp%3Bfilter%3Ddigest,DYs淫荡娇妻的迷乱之夜（上）39P ]
2020/12/20 12:26:[https://f.w24.rocks/viewthread.php?tid=371597&extra=page%3D6%26amp%3Borderby%3Ddateline%26amp%3Bfilter%3Ddigest,0755身体可以隔离，灵魂必须放飞25P，附动图 ]
2020/12/20 12:27:[https://f.w24.rocks/viewthread.php?tid=371058&extra=page%3D6%26amp%3Borderby%3Ddateline%26amp%3Bfilter%3Ddigest,029泡馍第7季『银枪入洞卷残云，风驰电掣巫山雨』 ]
2020/12/20 12:27:[https://f.w24.rocks/viewthread.php?tid=370733&extra=page%3D6%26amp%3Borderby%3Ddateline%26amp%3Bfilter%3Ddigest,疫情期间拍摄美国丝袜高跟OL白领 ]
2020/12/20 12:27:[https://f.w24.rocks/viewthread.php?tid=370732&extra=page%3D6%26amp%3Borderby%3Ddateline%26amp%3Bfilter%3Ddigest,一次畅酣淋漓的交换两极品美臀美女申精999 ]
2020/12/20 12:27:[https://f.w24.rocks/viewthread.php?tid=369999&extra=page%3D6%26amp%3Borderby%3Ddateline%26amp%3Bfilter%3Ddigest,双诚记摄影作品霸道总裁淫人妻（中篇） ]
2020/12/20 12:27:[https://f.w24.rocks/viewthread.php?tid=369108&extra=page%3D6%26amp%3Borderby%3Ddateline%26amp%3Bfilter%3Ddigest,鹿与玫瑰海172小奴 室外漏出后被我领回家蹂躏 招单男 ]
2020/12/20 12:27:[https://f.w24.rocks/viewthread.php?tid=368958&extra=page%3D6%26amp%3Borderby%3Ddateline%26amp%3Bfilter%3Ddigest,重庆疫情结束3P小母狗轮流内射 ]
2020/12/20 12:27:[https://f.w24.rocks/viewthread.php?tid=369012&extra=page%3D6%26amp%3Borderby%3Ddateline%26amp%3Bfilter%3Ddigest,长腿少妇情趣诱惑 ]
2020/12/20 12:27:[https://f.w24.rocks/viewthread.php?tid=368747&extra=page%3D6%26amp%3Borderby%3Ddateline%26amp%3Bfilter%3Ddigest,记录疫情前的一次4p，给老婆找单男 ]
2020/12/20 12:27:[https://f.w24.rocks/viewthread.php?tid=368716&extra=page%3D6%26amp%3Borderby%3Ddateline%26amp%3Bfilter%3Ddigest,郑州Rosy 第七期 玩弄即将成为空姐的学妹 骚气（多图） ]
2020/12/20 12:28:[https://f.w24.rocks/viewthread.php?tid=368531&extra=page%3D6%26amp%3Borderby%3Ddateline%26amp%3Bfilter%3Ddigest,任我行去年活动大合集微露脸 （上） 申精 ]
2020/12/20 12:28:[https://f.w24.rocks/viewthread.php?tid=367731&extra=page%3D6%26amp%3Borderby%3Ddateline%26amp%3Bfilter%3Ddigest,010帝都 初春雨夜 重逢灵魂情侣迷乱3P 期待情侣夫妻和你 ]
2020/12/20 12:28:[https://f.w24.rocks/viewthread.php?tid=366814&extra=page%3D7%26amp%3Borderby%3Ddateline%26amp%3Bfilter%3Ddigest,Stacy小蝴蝶KTV扮演陪酒小姐被轮上篇 求精！ ]
2020/12/20 12:28:[https://f.w24.rocks/viewthread.php?tid=366378&extra=page%3D7%26amp%3Borderby%3Ddateline%26amp%3Bfilter%3Ddigest,年前的4P活动，骚货是越来越骚，接受尺度越来越大。 ]
2020/12/20 12:28:[https://f.w24.rocks/viewthread.php?tid=365885&extra=page%3D7%26amp%3Borderby%3Ddateline%26amp%3Bfilter%3Ddigest,[023]85知性大奶温柔骚妻多P双插三通寻素质单男[25P]长期 ]
2020/12/20 12:28:[https://f.w24.rocks/viewthread.php?tid=363934&extra=page%3D7%26amp%3Borderby%3Ddateline%26amp%3Bfilter%3Ddigest,0371！大年初一第一炮！(多图)释放肉体欲望的调教 ]
2020/12/20 12:29:[https://f.w24.rocks/viewthread.php?tid=364163&extra=page%3D7%26amp%3Borderby%3Ddateline%26amp%3Bfilter%3Ddigest,十三先生年前黑丝高跟娇妻圆满完成第一次3P申精 ]
2020/12/20 12:29:[https://f.w24.rocks/viewthread.php?tid=364236&extra=page%3D7%26amp%3Borderby%3Ddateline%26amp%3Bfilter%3Ddigest,桂林地区]
2020/12/20 12:29:[https://f.w24.rocks/viewthread.php?tid=365103&extra=page%3D7%26amp%3Borderby%3Ddateline%26amp%3Bfilter%3Ddigest,小潮！两腿之间走光了！14P加2动图！ ]
2020/12/20 12:29:[https://f.w24.rocks/viewthread.php?tid=363881&extra=page%3D7%26amp%3Borderby%3Ddateline%26amp%3Bfilter%3Ddigest,0731湖南长沙0878云南楚雄 不一样的你我她 ]
2020/12/20 12:29:[https://f.w24.rocks/viewthread.php?tid=363472&extra=page%3D7%26amp%3Borderby%3Ddateline%26amp%3Bfilter%3Ddigest,冰清欲女第五季 郑州大玉米万豪女仆口爆 征双性女M ]
2020/12/20 12:30:[https://f.w24.rocks/viewthread.php?tid=362954&extra=page%3D7%26amp%3Borderby%3Ddateline%26amp%3Bfilter%3Ddigest,上海粉色情趣内衣+粉色道具Kingzai ]
2020/12/20 12:30:[https://f.w24.rocks/viewthread.php?tid=362151&extra=page%3D7%26amp%3Borderby%3Ddateline%26amp%3Bfilter%3Ddigest,0551皮gou 第四帖 小母狗的活动合集（请管理员不吝赐精） ]
2020/12/20 12:30:[https://f.w24.rocks/viewthread.php?tid=362077&extra=page%3D7%26amp%3Borderby%3Ddateline%26amp%3Bfilter%3Ddigest,0373阴环骚妻有喜欢的的吗有手势，求加精 ]
2020/12/20 12:30:[https://f.w24.rocks/viewthread.php?tid=362048&extra=page%3D7%26amp%3Borderby%3Ddateline%26amp%3Bfilter%3Ddigest,人妓淼淼动车暴露潮喷+滴滴司机免单教学！十一季 ]
2020/12/20 12:30:[https://f.w24.rocks/viewthread.php?tid=361288&extra=page%3D7%26amp%3Borderby%3Ddateline%26amp%3Bfilter%3Ddigest,厦门摄影师1219约拍悉尼夫妻之小嫂子丝袜美腿 ]
2020/12/20 12:31:[https://f.w24.rocks/viewthread.php?tid=361828&extra=page%3D7%26amp%3Borderby%3Ddateline%26amp%3Bfilter%3Ddigest,戏子露出系列（九）代友发贴古城印象 ]
2020/12/20 12:31:[https://f.w24.rocks/viewthread.php?tid=361241&extra=page%3D8%26amp%3Borderby%3Ddateline%26amp%3Bfilter%3Ddigest,想入菲菲第二帖，动图微露脸，这几年的狂草和骚浪 ]
2020/12/20 12:31:[https://f.w24.rocks/viewthread.php?tid=360875&extra=page%3D8%26amp%3Borderby%3Ddateline%26amp%3Bfilter%3Ddigest,光和老婆 ]
2020/12/20 12:31:[https://f.w24.rocks/viewthread.php?tid=361153&extra=page%3D8%26amp%3Borderby%3Ddateline%26amp%3Bfilter%3Ddigest,江小喬一个小小5p，温暖整个冬季（30p） ]
2020/12/20 12:31:[https://f.w24.rocks/viewthread.php?tid=361152&extra=page%3D8%26amp%3Borderby%3Ddateline%26amp%3Bfilter%3Ddigest,盛京沈阳Mark2019哥最后一贴之刚成年性奴 ]
2020/12/20 12:31:[https://f.w24.rocks/viewthread.php?tid=360069&extra=page%3D8%26amp%3Borderby%3Ddateline%26amp%3Bfilter%3Ddigest,029 年末轻松愉快的一次3P ]
2020/12/20 12:32:[https://f.w24.rocks/viewthread.php?tid=359996&extra=page%3D8%26amp%3Borderby%3Ddateline%26amp%3Bfilter%3Ddigest,0791少女V之撕袜迷情 ]
2020/12/20 12:32:[https://f.w24.rocks/viewthread.php?tid=359842&extra=page%3D8%26amp%3Borderby%3Ddateline%26amp%3Bfilter%3Ddigest,迟到的DYs五一淫乱之旅（下）64P ]
2020/12/20 12:32:[https://f.w24.rocks/viewthread.php?tid=358703&extra=page%3D8%26amp%3Borderby%3Ddateline%26amp%3Bfilter%3Ddigest,0731 165颜值女神的巨大反差 ]
2020/12/20 12:32:[https://f.w24.rocks/viewthread.php?tid=358454&extra=page%3D8%26amp%3Borderby%3Ddateline%26amp%3Bfilter%3Ddigest,0451骚女友爱吃肉棒 ]
2020/12/20 12:32:[https://f.w24.rocks/viewthread.php?tid=357336&extra=page%3D8%26amp%3Borderby%3Ddateline%26amp%3Bfilter%3Ddigest,0371！18岁少女性爱调教初体验！清纯和淫荡的交叠 ]
2020/12/20 12:32:[https://f.w24.rocks/viewthread.php?tid=357280&extra=page%3D8%26amp%3Borderby%3Ddateline%26amp%3Bfilter%3Ddigest,夜深交颈效鸳鸯，锦被翻红浪95后新婚蜜月游 ]
2020/12/20 12:33:[https://f.w24.rocks/viewthread.php?tid=356819&extra=page%3D8%26amp%3Borderby%3Ddateline%26amp%3Bfilter%3Ddigest,027美穴人妻的第一次私拍体验（更新美穴特写） ]
2020/12/20 12:33:[https://f.w24.rocks/viewthread.php?tid=357243&extra=page%3D8%26amp%3Borderby%3Ddateline%26amp%3Bfilter%3Ddigest,深圳绿岸&第四季双飞四P ]
2020/12/20 12:33:[https://f.w24.rocks/viewthread.php?tid=356817&extra=page%3D8%26amp%3Borderby%3Ddateline%26amp%3Bfilter%3Ddigest,反差！少女的小清新露出，至淫贱母狗的转变！回归91求精 ]
2020/12/20 12:33:[https://f.w24.rocks/viewthread.php?tid=356653&extra=page%3D8%26amp%3Borderby%3Ddateline%26amp%3Bfilter%3Ddigest,戏子露出系列（八）温泉后露出 ]
2020/12/20 12:33:[https://f.w24.rocks/viewthread.php?tid=356738&extra=page%3D8%26amp%3Borderby%3Ddateline%26amp%3Bfilter%3Ddigest,事后诸葛魔都光棍月的斗地主活动5v2 ]
2020/12/20 12:33:[https://f.w24.rocks/viewthread.php?tid=354350&extra=page%3D9%26amp%3Borderby%3Ddateline%26amp%3Bfilter%3Ddigest,首发[028成都 wei行者]调教幼师]
2020/12/20 12:33:[https://f.w24.rocks/viewthread.php?tid=356551&extra=page%3D9%26amp%3Borderby%3Ddateline%26amp%3Bfilter%3Ddigest,群英荟夫妻日常3P小聚会，另招个长期母狗 ]
2020/12/20 12:34:[https://f.w24.rocks/viewthread.php?tid=356320&extra=page%3D9%26amp%3Borderby%3Ddateline%26amp%3Bfilter%3Ddigest,小潮，慵懒的下午慵懒的床！ ]
2020/12/20 12:34:[https://f.w24.rocks/viewthread.php?tid=354057&extra=page%3D9%26amp%3Borderby%3Ddateline%26amp%3Bfilter%3Ddigest,023重庆刮毛后的娇妻の黑丝诱惑掠影19p申精 ]
2020/12/20 12:34:[https://f.w24.rocks/viewthread.php?tid=353773&extra=page%3D9%26amp%3Borderby%3Ddateline%26amp%3Bfilter%3Ddigest,●辽宁阜新●0418……骚妹妹的寻人启事……53p露脸……申精 ]
2020/12/20 12:34:[https://f.w24.rocks/viewthread.php?tid=353731&extra=page%3D9%26amp%3Borderby%3Ddateline%26amp%3Bfilter%3Ddigest,深圳Kaily第四弹蜜桃臀小M丝袜高跟自慰肥嫩鲍鱼 ]
2020/12/20 12:34:[https://f.w24.rocks/viewthread.php?tid=353716&extra=page%3D9%26amp%3Borderby%3Ddateline%26amp%3Bfilter%3Ddigest,欣欣的性爱之旅 （国庆小聚） ]
2020/12/20 12:34:[https://f.w24.rocks/viewthread.php?tid=353366&extra=page%3D9%26amp%3Borderby%3Ddateline%26amp%3Bfilter%3Ddigest,翘臀人妻与小鲜肉的猛烈碰撞  动图申精 ]
2020/12/20 12:34:[https://f.w24.rocks/viewthread.php?tid=352214&extra=page%3D9%26amp%3Borderby%3Ddateline%26amp%3Bfilter%3Ddigest,（028）母狗调教 ]
2020/12/20 12:34:[https://f.w24.rocks/viewthread.php?tid=352604&extra=page%3D9%26amp%3Borderby%3Ddateline%26amp%3Bfilter%3Ddigest,小puppy到英国了 浴衣和露出 ]
2020/12/20 12:35:[https://f.w24.rocks/viewthread.php?tid=352072&extra=page%3D9%26amp%3Borderby%3Ddateline%26amp%3Bfilter%3Ddigest,KINGZAI上海在飞空姐来酒店实习 ]
2020/12/20 12:35:[https://f.w24.rocks/viewthread.php?tid=351613&extra=page%3D9%26amp%3Borderby%3Ddateline%26amp%3Bfilter%3Ddigest,青岛QD水咘咘有青有涩，有情有色 ]
2020/12/20 12:35:[https://f.w24.rocks/viewthread.php?tid=351231&extra=page%3D9%26amp%3Borderby%3Ddateline%26amp%3Bfilter%3Ddigest,028]
2020/12/20 12:36:[https://f.w24.rocks/viewthread.php?tid=350665&extra=page%3D9%26amp%3Borderby%3Ddateline%26amp%3Bfilter%3Ddigest,多动图展示第十三帖，申请加精 ]
2020/12/20 12:36:[https://f.w24.rocks/viewthread.php?tid=350624&extra=page%3D9%26amp%3Borderby%3Ddateline%26amp%3Bfilter%3Ddigest,带美少妇老婆和两单男4P（双龙入洞），厦门寻优质单！ ]
2020/12/20 12:37:[https://f.w24.rocks/viewthread.php?tid=350505&extra=page%3D9%26amp%3Borderby%3Ddateline%26amp%3Bfilter%3Ddigest,小鹿女  深夜露出放飞自我   动图申精哦 ]
2020/12/20 12:37:[https://f.w24.rocks/viewthread.php?tid=350474&extra=page%3D10%26amp%3Borderby%3Ddateline%26amp%3Bfilter%3Ddigest,嘉欣系列十一嘉欣师妹全裸露出被十六个路人看光身体 ]
2020/12/20 12:37:[https://f.w24.rocks/viewthread.php?tid=350138&extra=page%3D10%26amp%3Borderby%3Ddateline%26amp%3Bfilter%3Ddigest,夫妻情趣创意拍色 ]
2020/12/20 12:39:[https://f.w24.rocks/viewthread.php?tid=350043&extra=page%3D10%26amp%3Borderby%3Ddateline%26amp%3Bfilter%3Ddigest,多动图展示第十二贴，申请加精。 ]
2020/12/20 12:39:[https://f.w24.rocks/viewthread.php?tid=349648&extra=page%3D10%26amp%3Borderby%3Ddateline%26amp%3Bfilter%3Ddigest,魔都 和少妇一起到海边 ]
2020/12/20 12:39:[https://f.w24.rocks/viewthread.php?tid=348715&extra=page%3D10%26amp%3Borderby%3Ddateline%26amp%3Bfilter%3Ddigest,0755 学生妹的街头任务（搭讪，引诱，群啪，束缚，调教） ]
2020/12/20 12:39:[https://f.w24.rocks/viewthread.php?tid=348305&extra=page%3D10%26amp%3Borderby%3Ddateline%26amp%3Bfilter%3Ddigest,0551丝袜高跟骚货OL娇妻4P愿望达成 ]
2020/12/20 12:39:[https://f.w24.rocks/viewthread.php?tid=348024&extra=page%3D10%26amp%3Borderby%3Ddateline%26amp%3Bfilter%3Ddigest,群英荟日常KTV小聚会 ]
2020/12/20 12:39:[https://f.w24.rocks/viewthread.php?tid=347616&extra=page%3D10%26amp%3Borderby%3Ddateline%26amp%3Bfilter%3Ddigest,嘉欣系列十穿丝袜的嘉欣小师妹在学校天台露出换衣服 ]
2020/12/20 12:40:[https://f.w24.rocks/viewthread.php?tid=347571&extra=page%3D10%26amp%3Borderby%3Ddateline%26amp%3Bfilter%3Ddigest,戏子露出系列（六）工地旁边大马路露出 ]
2020/12/20 12:40:[https://f.w24.rocks/viewthread.php?tid=347498&extra=page%3D10%26amp%3Borderby%3Ddateline%26amp%3Bfilter%3Ddigest,嘉欣系列九嘉欣师妹附近公园景点里人前全裸自慰露出 ]
2020/12/20 12:40:[https://f.w24.rocks/viewthread.php?tid=346735&extra=page%3D10%26amp%3Borderby%3Ddateline%26amp%3Bfilter%3Ddigest,七夕献礼，温泉酒店的微醺人妻，温泉私拍走廊露出(20+P)。 ]
2020/12/20 12:40:[https://f.w24.rocks/viewthread.php?tid=346692&extra=page%3D10%26amp%3Borderby%3Ddateline%26amp%3Bfilter%3Ddigest,嘉欣系列七嘉欣小师妹黑丝真空爬山，好费肾啊！ ]
2020/12/20 12:40:[https://f.w24.rocks/viewthread.php?tid=346788&extra=page%3D10%26amp%3Borderby%3Ddateline%26amp%3Bfilter%3Ddigest,嘉欣系列八嘉欣小师妹全裸露出带你游览学校 ]
2020/12/20 12:40:[https://f.w24.rocks/viewthread.php?tid=346234&extra=page%3D10%26amp%3Borderby%3Ddateline%26amp%3Bfilter%3Ddigest,挂图重发若隐若现景色宜人堪如画，漂流游山玩水楼梯 ]
2020/12/20 12:41:[https://f.w24.rocks/viewthread.php?tid=346218&extra=page%3D10%26amp%3Borderby%3Ddateline%26amp%3Bfilter%3Ddigest,嘉欣系列六嘉欣小师妹穿着校服在路边人前全裸露出 ]
2020/12/20 12:41:[https://f.w24.rocks/viewthread.php?tid=346392&extra=page%3D10%26amp%3Borderby%3Ddateline%26amp%3Bfilter%3Ddigest,天津一日游]
2020/12/20 12:41:[https://f.w24.rocks/viewthread.php?tid=346108&extra=page%3D10%26amp%3Borderby%3Ddateline%26amp%3Bfilter%3Ddigest,戏子露出系列（五）三合一随缘观看 ]
2020/12/20 12:41:[https://f.w24.rocks/viewthread.php?tid=345935&extra=page%3D10%26amp%3Borderby%3Ddateline%26amp%3Bfilter%3Ddigest,西安夫妻第七季 傍晚天桥露出在家随拍 ]
2020/12/20 12:41:[https://f.w24.rocks/viewthread.php?tid=345516&extra=page%3D11%26amp%3Borderby%3Ddateline%26amp%3Bfilter%3Ddigest,神之露出（观众是亮点） ]
2020/12/20 12:42:[https://f.w24.rocks/viewthread.php?tid=345506&extra=page%3D11%26amp%3Borderby%3Ddateline%26amp%3Bfilter%3Ddigest,戏子露出系列（四）没有太多特别镜头 ]
2020/12/20 12:42:[https://f.w24.rocks/viewthread.php?tid=345613&extra=page%3D11%26amp%3Borderby%3Ddateline%26amp%3Bfilter%3Ddigest,嘉欣系列五内射白虎嘉欣小师妹 ]
2020/12/20 12:42:[https://f.w24.rocks/viewthread.php?tid=345504&extra=page%3D11%26amp%3Borderby%3Ddateline%26amp%3Bfilter%3Ddigest,沈阳024色影师第八篇 拉拉 ]
2020/12/20 12:42:[https://f.w24.rocks/viewthread.php?tid=345249&extra=page%3D11%26amp%3Borderby%3Ddateline%26amp%3Bfilter%3Ddigest,烟台字母夫妻91首发！极品女神美腿露出系列！待续NO2 ]
2020/12/20 12:42:[https://f.w24.rocks/viewthread.php?tid=345256&extra=page%3D11%26amp%3Borderby%3Ddateline%26amp%3Bfilter%3Ddigest,戏子露出系列（三）晚饭后小区周围露出 ]
2020/12/20 12:42:[https://f.w24.rocks/viewthread.php?tid=344178&extra=page%3D11%26amp%3Borderby%3Ddateline%26amp%3Bfilter%3Ddigest,戏子露出系列（一）公园马路 ]
2020/12/20 12:42:[https://f.w24.rocks/viewthread.php?tid=343343&extra=page%3D11%26amp%3Borderby%3Ddateline%26amp%3Bfilter%3Ddigest,♓双鱼小仙♓第一番 (上饶篇)少淑沦为陌生男人玩物 ]
2020/12/20 12:43:[https://f.w24.rocks/viewthread.php?tid=343255&extra=page%3D11%26amp%3Borderby%3Ddateline%26amp%3Bfilter%3Ddigest,帝都名媛媳妇长腿OL装的完美展示 征集单男！ ]
2020/12/20 12:43:[https://f.w24.rocks/viewthread.php?tid=343245&extra=page%3D11%26amp%3Borderby%3Ddateline%26amp%3Bfilter%3Ddigest,与日本妞的东京热 ]
2020/12/20 12:43:[https://f.w24.rocks/viewthread.php?tid=342982&extra=page%3D11%26amp%3Borderby%3Ddateline%26amp%3Bfilter%3Ddigest,幸福的婚礼 ]
2020/12/20 12:43:[https://f.w24.rocks/viewthread.php?tid=343028&extra=page%3D11%26amp%3Borderby%3Ddateline%26amp%3Bfilter%3Ddigest,嘉欣系列三嘉欣小师妹在学校附近村庄路口大尺度露出 ]
2020/12/20 12:43:[https://f.w24.rocks/viewthread.php?tid=342576&extra=page%3D11%26amp%3Borderby%3Ddateline%26amp%3Bfilter%3Ddigest,媳妇化身妓女，能卖多少钱 ]
2020/12/20 12:44:[https://f.w24.rocks/viewthread.php?tid=342329&extra=page%3D11%26amp%3Borderby%3Ddateline%26amp%3Bfilter%3Ddigest,嘉欣系列二嘉欣在男生宿舍对面真空外露被监控看光 ]
2020/12/20 12:44:[https://f.w24.rocks/viewthread.php?tid=342327&extra=page%3D11%26amp%3Borderby%3Ddateline%26amp%3Bfilter%3Ddigest,沈阳024色影师第七篇 模特  凡旋 外露 19P ]
2020/12/20 12:44:[https://f.w24.rocks/viewthread.php?tid=342251&extra=page%3D11%26amp%3Borderby%3Ddateline%26amp%3Bfilter%3Ddigest,嘉欣保安亭躲雨被路人3P轮奸内射中出全程推特catjiaxin ]
2020/12/20 12:44:[https://f.w24.rocks/viewthread.php?tid=340264&extra=page%3D12%26amp%3Borderby%3Ddateline%26amp%3Bfilter%3Ddigest,申精！山东济南、泰安老大与老二的外拍和羞羞。 ]
2020/12/20 12:44:[https://f.w24.rocks/viewthread.php?tid=339142&extra=page%3D12%26amp%3Borderby%3Ddateline%26amp%3Bfilter%3Ddigest,91美院潮吹女神第九季2046花城佳人 ]
2020/12/20 12:44:[https://f.w24.rocks/viewthread.php?tid=339090&extra=page%3D12%26amp%3Borderby%3Ddateline%26amp%3Bfilter%3Ddigest,91美院潮吹女神第八季甜美纯情新娘化身肛交淫荡小母狗 ]
2020/12/20 12:45:[https://f.w24.rocks/viewthread.php?tid=338818&extra=page%3D12%26amp%3Borderby%3Ddateline%26amp%3Bfilter%3Ddigest,骚货女儿刺激露出 ]
2020/12/20 12:45:[https://f.w24.rocks/viewthread.php?tid=339020&extra=page%3D12%26amp%3Borderby%3Ddateline%26amp%3Bfilter%3Ddigest,广州新人]
2020/12/20 12:45:[https://f.w24.rocks/viewthread.php?tid=338513&extra=page%3D12%26amp%3Borderby%3Ddateline%26amp%3Bfilter%3Ddigest,樱桃味各种人前露出，全动图 ]
2020/12/20 12:45:[https://f.w24.rocks/viewthread.php?tid=338521&extra=page%3D12%26amp%3Borderby%3Ddateline%26amp%3Bfilter%3Ddigest,无敌的狮子—老婆与S的激情，酒店内露出与调教 ]
2020/12/20 12:45:[https://f.w24.rocks/viewthread.php?tid=338735&extra=page%3D12%26amp%3Borderby%3Ddateline%26amp%3Bfilter%3Ddigest,0351太原98年小m想找点刺激 ]
2020/12/20 12:46:[https://f.w24.rocks/viewthread.php?tid=335829&extra=page%3D12%26amp%3Borderby%3Ddateline%26amp%3Bfilter%3Ddigest,多动图展示第五帖，申请加精999 ]
2020/12/20 12:47:[https://f.w24.rocks/viewthread.php?tid=338058&extra=page%3D12%26amp%3Borderby%3Ddateline%26amp%3Bfilter%3Ddigest,mcbt4997你们心中的冷艳空姐]
2020/12/20 12:47:[https://f.w24.rocks/viewthread.php?tid=336028&extra=page%3D12%26amp%3Borderby%3Ddateline%26amp%3Bfilter%3Ddigest,0458白虎小潮广场野战，工地护士节两套服装露脸盛装出席 ]
2020/12/20 12:47:[https://f.w24.rocks/viewthread.php?tid=334285&extra=page%3D13%26amp%3Borderby%3Ddateline%26amp%3Bfilter%3Ddigest,2019活动分享，申精 ]
2020/12/20 12:47:[https://f.w24.rocks/viewthread.php?tid=333979&extra=page%3D13%26amp%3Borderby%3Ddateline%26amp%3Bfilter%3Ddigest,小鲸鱼求精记张榜纳贤 ]
2020/12/20 12:48:[https://f.w24.rocks/viewthread.php?tid=333735&extra=page%3D13%26amp%3Borderby%3Ddateline%26amp%3Bfilter%3Ddigest,多动图展示第四帖，申请加精999 ]
2020/12/20 12:48:[https://f.w24.rocks/viewthread.php?tid=333550&extra=page%3D13%26amp%3Borderby%3Ddateline%26amp%3Bfilter%3Ddigest,小小小阿甘第二贴 上海XX公园露出 ]
2020/12/20 12:48:[https://f.w24.rocks/viewthread.php?tid=333285&extra=page%3D13%26amp%3Borderby%3Ddateline%26amp%3Bfilter%3Ddigest,mcbt499791首发 冷艳S级平模的奴性一面]
2020/12/20 12:49:[https://f.w24.rocks/viewthread.php?tid=332074&extra=page%3D13%26amp%3Borderby%3Ddateline%26amp%3Bfilter%3Ddigest,极品漂亮娇妻第一次3p，干得爽歪歪！ ]
2020/12/20 12:49:[https://f.w24.rocks/viewthread.php?tid=331853&extra=page%3D13%26amp%3Borderby%3Ddateline%26amp%3Bfilter%3Ddigest,广西其实那天晚上，不可能的事情已经发生了。 ]
2020/12/20 12:49:[https://f.w24.rocks/viewthread.php?tid=331347&extra=page%3D13%26amp%3Borderby%3Ddateline%26amp%3Bfilter%3Ddigest,1、不被发现的心意 永远是无疾而终的悲剧！！！！！ ]
2020/12/20 12:49:[https://f.w24.rocks/viewthread.php?tid=330977&extra=page%3D13%26amp%3Borderby%3Ddateline%26amp%3Bfilter%3Ddigest,女神媳妇变身母狗 ]
2020/12/20 12:49:[https://f.w24.rocks/viewthread.php?tid=330733&extra=page%3D13%26amp%3Borderby%3Ddateline%26amp%3Bfilter%3Ddigest,一泊二日和极品身材妹子体验日本的男女露天混浴温泉 ]
2020/12/20 12:49:[https://f.w24.rocks/viewthread.php?tid=330181&extra=page%3D13%26amp%3Borderby%3Ddateline%26amp%3Bfilter%3Ddigest,魔都小女的情趣生活，附GIFKINGZAI ]
2020/12/20 12:49:[https://f.w24.rocks/viewthread.php?tid=330161&extra=page%3D13%26amp%3Borderby%3Ddateline%26amp%3Bfilter%3Ddigest,删 ]
2020/12/20 12:49:[https://f.w24.rocks/viewthread.php?tid=329516&extra=page%3D14%26amp%3Borderby%3Ddateline%26amp%3Bfilter%3Ddigest,湿嗒嗒的带小母狗去宜家露出啦！来个精华！32P ]
2020/12/20 12:49:[https://f.w24.rocks/viewthread.php?tid=329473&extra=page%3D14%26amp%3Borderby%3Ddateline%26amp%3Bfilter%3Ddigest,0412,91阿炜重回论坛携90后娇妻第二帖,望版主大大加精 ]
2020/12/20 12:50:[https://f.w24.rocks/viewthread.php?tid=328672&extra=page%3D14%26amp%3Borderby%3Ddateline%26amp%3Bfilter%3Ddigest,1111 ]
2020/12/20 12:50:[https://f.w24.rocks/viewthread.php?tid=327383&extra=page%3D14%26amp%3Borderby%3Ddateline%26amp%3Bfilter%3Ddigest,骚嫂子愉快的肛交····申精！！！ ]
2020/12/20 12:50:[https://f.w24.rocks/viewthread.php?tid=327031&extra=page%3D14%26amp%3Borderby%3Ddateline%26amp%3Bfilter%3Ddigest,2019和银川xx小姐的一次双飞 ]
2020/12/20 12:50:[https://f.w24.rocks/viewthread.php?tid=328345&extra=page%3D14%26amp%3Borderby%3Ddateline%26amp%3Bfilter%3Ddigest,油量丝袜高跟骚妻酒店喝醉求操骚逼 ]
2020/12/20 12:50:[https://f.w24.rocks/viewthread.php?tid=328329&extra=page%3D14%26amp%3Borderby%3Ddateline%26amp%3Bfilter%3Ddigest,山东浪浪春游篇 ]
2020/12/20 12:50:[https://f.w24.rocks/viewthread.php?tid=326178&extra=page%3D14%26amp%3Borderby%3Ddateline%26amp%3Bfilter%3Ddigest,029一次意外的活动和近期随想！真材实料！真枪实弹！ ]
2020/12/20 12:50:[https://f.w24.rocks/viewthread.php?tid=325975&extra=page%3D14%26amp%3Borderby%3Ddateline%26amp%3Bfilter%3Ddigest,“双胞胎”小姐妹等你来撩 ]
2020/12/20 12:51:[https://f.w24.rocks/viewthread.php?tid=325136&extra=page%3D14%26amp%3Borderby%3Ddateline%26amp%3Bfilter%3Ddigest,[申精] 美东，遇见，色情与艺术 ]
2020/12/20 12:51:[https://f.w24.rocks/viewthread.php?tid=324029&extra=page%3D14%26amp%3Borderby%3Ddateline%26amp%3Bfilter%3Ddigest,求加精！！毕业小女友求职遭遇潜规则 ]
2020/12/20 12:51:[https://f.w24.rocks/viewthread.php?tid=324364&extra=page%3D14%26amp%3Borderby%3Ddateline%26amp%3Bfilter%3Ddigest,骚逼媳妇变身精厕 ]
2020/12/20 12:51:[https://f.w24.rocks/viewthread.php?tid=324375&extra=page%3D14%26amp%3Borderby%3Ddateline%26amp%3Bfilter%3Ddigest,一见钟琴少妇的小情趣+动图 ]
2020/12/20 12:52:[https://f.w24.rocks/viewthread.php?tid=322781&extra=page%3D15%26amp%3Borderby%3Ddateline%26amp%3Bfilter%3Ddigest,广西大年初四，春日暖阳，细细品味丝足人妻 ]
2020/12/20 12:52:[https://f.w24.rocks/viewthread.php?tid=322870&extra=page%3D15%26amp%3Borderby%3Ddateline%26amp%3Bfilter%3Ddigest,60张图春节大片，无毛淫妻邀请江湖AVG射屏接龙哦 ]
2020/12/20 12:52:[https://f.w24.rocks/viewthread.php?tid=322631&extra=page%3D15%26amp%3Borderby%3Ddateline%26amp%3Bfilter%3Ddigest,春节期间与国外上司的一次伪3P（单反高清大图） ]
2020/12/20 12:52:[https://f.w24.rocks/viewthread.php?tid=321666&extra=page%3D15%26amp%3Borderby%3Ddateline%26amp%3Bfilter%3Ddigest,申精！深圳的夜空！假期前苏苏新的解锁！ ]
2020/12/20 12:52:[https://f.w24.rocks/viewthread.php?tid=321455&extra=page%3D15%26amp%3Borderby%3Ddateline%26amp%3Bfilter%3Ddigest,帝都性爱巴士 新年一期一会 ]
2020/12/20 12:53:[https://f.w24.rocks/viewthread.php?tid=321156&extra=page%3D15%26amp%3Borderby%3Ddateline%26amp%3Bfilter%3Ddigest,OL小秘初调教！ ]
2020/12/20 12:53:[https://f.w24.rocks/viewthread.php?tid=320010&extra=page%3D15%26amp%3Borderby%3Ddateline%26amp%3Bfilter%3Ddigest,广东]
2020/12/20 12:53:[https://f.w24.rocks/viewthread.php?tid=319085&extra=page%3D15%26amp%3Borderby%3Ddateline%26amp%3Bfilter%3Ddigest,求精，放飞自我的棒棒糖！深圳的夜空 ]
2020/12/20 12:53:[https://f.w24.rocks/viewthread.php?tid=319389&extra=page%3D15%26amp%3Borderby%3Ddateline%26amp%3Bfilter%3Ddigest,双诚记摄影作品希颜×希沫（下篇） ]
2020/12/20 12:53:[https://f.w24.rocks/viewthread.php?tid=318347&extra=page%3D15%26amp%3Borderby%3Ddateline%26amp%3Bfilter%3Ddigest,双诚记摄影作品希颜×希沫（中篇） ]
2020/12/20 12:53:[https://f.w24.rocks/viewthread.php?tid=315497&extra=page%3D15%26amp%3Borderby%3Ddateline%26amp%3Bfilter%3Ddigest,申精DSS原创我的酒与女人 ]
2020/12/20 12:53:[https://f.w24.rocks/viewthread.php?tid=311338&extra=page%3D15%26amp%3Borderby%3Ddateline%26amp%3Bfilter%3Ddigest,你的妻我做主人妻梦缘第5篇 开启多人调教模式 ]
2020/12/20 12:53:[https://f.w24.rocks/viewthread.php?tid=307978&extra=page%3D15%26amp%3Borderby%3Ddateline%26amp%3Bfilter%3Ddigest,再一次三人精液浇灌！10月31日当月第三次疯狂多p！！ ]
2020/12/20 12:53:[https://f.w24.rocks/viewthread.php?tid=305164&extra=page%3D16%26amp%3Borderby%3Ddateline%26amp%3Bfilter%3Ddigest,你的妻我做主人妻梦缘第4篇 调教之旅 ]
2020/12/20 12:54:[https://f.w24.rocks/viewthread.php?tid=302275&extra=page%3D16%26amp%3Borderby%3Ddateline%26amp%3Bfilter%3Ddigest,重庆小娇妻「家有嫩娇妻！单约中出！」申精！申精！ ]
2020/12/20 12:54:[https://f.w24.rocks/viewthread.php?tid=283130&extra=page%3D16%26amp%3Borderby%3Ddateline%26amp%3Bfilter%3Ddigest,端午节]
2020/12/20 12:54:[https://f.w24.rocks/viewthread.php?tid=285474&extra=page%3D16%26amp%3Borderby%3Ddateline%26amp%3Bfilter%3Ddigest,亚龙湾之美，真诚夫妻交流最后一贴（鲁） ]
2020/12/20 12:54:[https://f.w24.rocks/viewthread.php?tid=287384&extra=page%3D16%26amp%3Borderby%3Ddateline%26amp%3Bfilter%3Ddigest,0734湖南衡阳老婆首次三人行 ]
2020/12/20 12:54:[https://f.w24.rocks/viewthread.php?tid=276720&extra=page%3D16%26amp%3Borderby%3Ddateline%26amp%3Bfilter%3Ddigest,秀色可餐！群P第一贴海鲜 ]
2020/12/20 12:54:[https://f.w24.rocks/viewthread.php?tid=270341&extra=page%3D16%26amp%3Borderby%3Ddateline%26amp%3Bfilter%3Ddigest,东营圈友清明爱妻攻略爱她就给她一点点套路 ]
2020/12/20 12:55:[https://f.w24.rocks/viewthread.php?tid=275511&extra=page%3D16%26amp%3Borderby%3Ddateline%26amp%3Bfilter%3Ddigest,··················· ]
2020/12/20 12:55:[https://f.w24.rocks/viewthread.php?tid=266326&extra=page%3D16%26amp%3Borderby%3Ddateline%26amp%3Bfilter%3Ddigest,体验露出 的心惊和肉跳 ]
2020/12/20 12:55:[https://f.w24.rocks/viewthread.php?tid=255517&extra=page%3D17%26amp%3Borderby%3Ddateline%26amp%3Bfilter%3Ddigest,黑龙江大二极品身材女友第二次3p（申精）！！！ ]
2020/12/20 12:55:[https://f.w24.rocks/viewthread.php?tid=247675&extra=page%3D17%26amp%3Borderby%3Ddateline%26amp%3Bfilter%3Ddigest,杭州祖先生双飞之战 ]
2020/12/20 12:55:[https://f.w24.rocks/viewthread.php?tid=246658&extra=page%3D17%26amp%3Borderby%3Ddateline%26amp%3Bfilter%3Ddigest,河南3p我能有多不正经，就能有多深情。 ]
2020/12/20 12:55:[https://f.w24.rocks/viewthread.php?tid=242999&extra=page%3D17%26amp%3Borderby%3Ddateline%26amp%3Bfilter%3Ddigest,第六贴36P年轻小夫妻周末旅行上演挑逗 商场 别墅 ]
2020/12/20 12:55:[https://f.w24.rocks/viewthread.php?tid=239884&extra=page%3D17%26amp%3Borderby%3Ddateline%26amp%3Bfilter%3Ddigest,[岁月如歌] A  fantastic  3P holiday in the beach of South Fujian ]
2020/12/20 12:56:[https://f.w24.rocks/viewthread.php?tid=218709&extra=page%3D18%26amp%3Borderby%3Ddateline%26amp%3Bfilter%3Ddigest,美女老婆第九季]
2020/12/20 12:56:[https://f.w24.rocks/viewthread.php?tid=229485&extra=page%3D18%26amp%3Borderby%3Ddateline%26amp%3Bfilter%3Ddigest,我是淫荡的骚母狗 ]
2020/12/20 12:56:[https://f.w24.rocks/viewthread.php?tid=211011&extra=page%3D18%26amp%3Borderby%3Ddateline%26amp%3Bfilter%3Ddigest,极度奢靡之淫乱的中秋之夜 ]
2020/12/20 12:56:[https://f.w24.rocks/viewthread.php?tid=201529&extra=page%3D18%26amp%3Borderby%3Ddateline%26amp%3Bfilter%3Ddigest,极度奢靡，帝都老炮儿聚会，D杯极品学生妹4p活动 ]
2020/12/20 12:56:[https://f.w24.rocks/viewthread.php?tid=194075&extra=page%3D18%26amp%3Borderby%3Ddateline%26amp%3Bfilter%3Ddigest,1月18日凌晨3p群p ]
2020/12/20 12:56:[https://f.w24.rocks/viewthread.php?tid=193593&extra=page%3D18%26amp%3Borderby%3Ddateline%26amp%3Bfilter%3Ddigest,我的美女老婆第八季 挑战极限巨屌 ]
2020/12/20 12:56:[https://f.w24.rocks/viewthread.php?tid=193842&extra=page%3D18%26amp%3Borderby%3Ddateline%26amp%3Bfilter%3Ddigest,你嘴珍贵绿色礼服诱惑慢慢燃烧你的欲望]
2020/12/20 12:57:[https://f.w24.rocks/viewthread.php?tid=191961&extra=page%3D18%26amp%3Borderby%3Ddateline%26amp%3Bfilter%3Ddigest,你嘴珍贵原创肉色情趣内衣第二、第三季 [ 33p ] ]
2020/12/20 12:57:[https://f.w24.rocks/viewthread.php?tid=191597&extra=page%3D18%26amp%3Borderby%3Ddateline%26amp%3Bfilter%3Ddigest,你嘴珍贵原创肉色情趣内衣第一季]
2020/12/20 12:57:[https://f.w24.rocks/viewthread.php?tid=189469&extra=page%3D18%26amp%3Borderby%3Ddateline%26amp%3Bfilter%3Ddigest,沈阳周边寻单男，夫妻，认真看帖 ]
2020/12/20 12:57:[https://f.w24.rocks/viewthread.php?tid=189335&extra=page%3D18%26amp%3Borderby%3Ddateline%26amp%3Bfilter%3Ddigest,济南年轻夫妻再次到来 ]
2020/12/20 12:57:[https://f.w24.rocks/viewthread.php?tid=188021&extra=page%3D18%26amp%3Borderby%3Ddateline%26amp%3Bfilter%3Ddigest,冰城果果第十五季 外拍在秋天激情啪啪啪 （108P） ]
2020/12/20 12:57:[https://f.w24.rocks/viewthread.php?tid=185900&extra=page%3D18%26amp%3Borderby%3Ddateline%26amp%3Bfilter%3Ddigest,美女老婆第七季]
2020/12/20 12:57:[https://f.w24.rocks/viewthread.php?tid=182552&extra=page%3D19%26amp%3Borderby%3Ddateline%26amp%3Bfilter%3Ddigest,冰城果果第九季 第一次外拍 （33P） ]
2020/12/20 12:58:[https://f.w24.rocks/viewthread.php?tid=185898&extra=page%3D19%26amp%3Borderby%3Ddateline%26amp%3Bfilter%3Ddigest,美女老婆第七季]
2020/12/20 12:58:[https://f.w24.rocks/viewthread.php?tid=182263&extra=page%3D19%26amp%3Borderby%3Ddateline%26amp%3Bfilter%3Ddigest,美女老婆第六季]
2020/12/20 12:58:[https://f.w24.rocks/viewthread.php?tid=181115&extra=page%3D19%26amp%3Borderby%3Ddateline%26amp%3Bfilter%3Ddigest,美女老婆第五季]
2020/12/20 12:58:[https://f.w24.rocks/viewthread.php?tid=180801&extra=page%3D19%26amp%3Borderby%3Ddateline%26amp%3Bfilter%3Ddigest,母狗淫妻小骚曼第四季，野外护士装高跟黑丝露出最后颜射 ]
2020/12/20 12:58:[https://f.w24.rocks/viewthread.php?tid=180125&extra=page%3D19%26amp%3Borderby%3Ddateline%26amp%3Bfilter%3Ddigest,小miaoo回来啦 首次外拍的成果 ]
2020/12/20 12:58:[https://f.w24.rocks/viewthread.php?tid=176140&extra=page%3D19%26amp%3Borderby%3Ddateline%26amp%3Bfilter%3Ddigest,江苏地区，21岁，口暴，吞精，毒龙申精成功发尿脸视频 ]
2020/12/20 12:58:[https://f.w24.rocks/viewthread.php?tid=179199&extra=page%3D19%26amp%3Borderby%3Ddateline%26amp%3Bfilter%3Ddigest,《狐媚儿》微露脸,纹身爆射吞精黑丝,高跟,大肉棒 ]
2020/12/20 12:59:[https://f.w24.rocks/viewthread.php?tid=172632&extra=page%3D20%26amp%3Borderby%3Ddateline%26amp%3Bfilter%3Ddigest,原创丰满巨乳老婆第二季 带验证附送可爱睡衣 ]
2020/12/20 12:59:[https://f.w24.rocks/viewthread.php?tid=173025&extra=page%3D20%26amp%3Borderby%3Ddateline%26amp%3Bfilter%3Ddigest,7du携小骚骚首发申精贴 ]
2020/12/20 12:59:[https://f.w24.rocks/viewthread.php?tid=172443&extra=page%3D20%26amp%3Borderby%3Ddateline%26amp%3Bfilter%3Ddigest,珍藏的91年小女友情趣套图[25P]——申精 ]
2020/12/20 12:59:[https://f.w24.rocks/viewthread.php?tid=172230&extra=page%3D20%26amp%3Borderby%3Ddateline%26amp%3Bfilter%3Ddigest,老婆的性福生活2（50）——申请加精！！！ ]
2020/12/20 12:59:[https://f.w24.rocks/viewthread.php?tid=171167&extra=page%3D20%26amp%3Borderby%3Ddateline%26amp%3Bfilter%3Ddigest,b哥原创]
2020/12/20 12:59:[https://f.w24.rocks/viewthread.php?tid=170958&extra=page%3D20%26amp%3Borderby%3Ddateline%26amp%3Bfilter%3Ddigest,(招安庆母狗)安庆骚女卡思激情调教第一季申请➕999 ]
2020/12/20 12:59:[https://f.w24.rocks/viewthread.php?tid=170494&extra=page%3D20%26amp%3Borderby%3Ddateline%26amp%3Bfilter%3Ddigest,21岁情人美国留学归来，绝世美女，半露脸 ]
2020/12/20 12:59:[https://f.w24.rocks/viewthread.php?tid=170318&extra=page%3D20%26amp%3Borderby%3Ddateline%26amp%3Bfilter%3Ddigest,新人第一帖——微乳少妇的自插诱惑——纯验证贴 ]
2020/12/20 13:01:[https://f.w24.rocks/viewthread.php?tid=170310&extra=page%3D20%26amp%3Borderby%3Ddateline%26amp%3Bfilter%3Ddigest,老婆再次露脸强悍外拍，带91ID认证 ]
2020/12/20 13:01:[https://f.w24.rocks/viewthread.php?tid=169755&extra=page%3D21%26amp%3Borderby%3Ddateline%26amp%3Bfilter%3Ddigest,临沂调教中的淫荡学姐，黑丝 嫩穴 喜欢的一起交流 ]
2020/12/20 13:01:[https://f.w24.rocks/viewthread.php?tid=169898&extra=page%3D21%26amp%3Borderby%3Ddateline%26amp%3Bfilter%3Ddigest,苏州骚妻第二季，白丝高跟，真诚寻素质单女，申精求999 ]
2020/12/20 13:01:[https://f.w24.rocks/viewthread.php?tid=169218&extra=page%3D21%26amp%3Borderby%3Ddateline%26amp%3Bfilter%3Ddigest,我的92年D罩杯大胸小性奴，喜爱被性虐，求999 ]
2020/12/20 13:01:[https://f.w24.rocks/viewthread.php?tid=169122&extra=page%3D21%26amp%3Borderby%3Ddateline%26amp%3Bfilter%3Ddigest,=调教小女友系列第六季之电影院美国队长流鼻血 ]
2020/12/20 13:01:[https://f.w24.rocks/viewthread.php?tid=169118&extra=page%3D21%26amp%3Borderby%3Ddateline%26amp%3Bfilter%3Ddigest,90后娇妻 最后一张是经典 内射流出来瞬间 带认证 申999 ]
2020/12/20 13:01:[https://f.w24.rocks/viewthread.php?tid=168815&extra=page%3D21%26amp%3Borderby%3Ddateline%26amp%3Bfilter%3Ddigest,周末操逼，全程回播，申999 ]
2020/12/20 13:01:[https://f.w24.rocks/viewthread.php?tid=168369&extra=page%3D21%26amp%3Borderby%3Ddateline%26amp%3Bfilter%3Ddigest,第二季原创 验证 94小骚货在线求侮辱 ]
2020/12/20 13:01:[https://f.w24.rocks/viewthread.php?tid=168347&extra=page%3D21%26amp%3Borderby%3Ddateline%26amp%3Bfilter%3Ddigest,验证 94年小母狗 在线求视频交流 ]
2020/12/20 13:01:[https://f.w24.rocks/viewthread.php?tid=168092&extra=page%3D21%26amp%3Borderby%3Ddateline%26amp%3Bfilter%3Ddigest,无敌小茸茸第二弹 ]
2020/12/20 13:02:[https://f.w24.rocks/viewthread.php?tid=168081&extra=page%3D21%26amp%3Borderby%3Ddateline%26amp%3Bfilter%3Ddigest,最近老婆一组车内加外拍，有验证！ ]
2020/12/20 13:02:[https://f.w24.rocks/viewthread.php?tid=168074&extra=page%3D21%26amp%3Borderby%3Ddateline%26amp%3Bfilter%3Ddigest,Miss7柒姑娘深夜福利，好久不见，可有想念 ]
2020/12/20 13:02:[https://f.w24.rocks/viewthread.php?tid=168035&extra=page%3D21%26amp%3Borderby%3Ddateline%26amp%3Bfilter%3Ddigest,骚逼老婆翘着屁股等人操 ]
2020/12/20 13:02:[https://f.w24.rocks/viewthread.php?tid=166600&extra=page%3D22%26amp%3Borderby%3Ddateline%26amp%3Bfilter%3Ddigest,狗哥归来极品90骚女友第四季——办公室发骚 ]
2020/12/20 13:02:[https://f.w24.rocks/viewthread.php?tid=167657&extra=page%3D22%26amp%3Borderby%3Ddateline%26amp%3Bfilter%3Ddigest,R哥原创2014 咖啡店新来的小妹 ]
2020/12/20 13:02:[https://f.w24.rocks/viewthread.php?tid=166215&extra=page%3D22%26amp%3Borderby%3Ddateline%26amp%3Bfilter%3Ddigest,露溪卡第二弹, 可惜把ID拍糊了 555 ]
2020/12/20 13:02:[https://f.w24.rocks/viewthread.php?tid=164248&extra=page%3D22%26amp%3Borderby%3Ddateline%26amp%3Bfilter%3Ddigest,❤❤嘟嘟的小菟纸，红唇的小妹纸++视频连接已添加❤❤ ]
2020/12/20 13:03:[https://f.w24.rocks/viewthread.php?tid=163898&extra=page%3D22%26amp%3Borderby%3Ddateline%26amp%3Bfilter%3Ddigest,好吧好久没发图了150张看个够o(∩_∩)o ]
2020/12/20 13:03:[https://f.w24.rocks/viewthread.php?tid=163356&extra=page%3D22%26amp%3Borderby%3Ddateline%26amp%3Bfilter%3Ddigest,扒开穴，求精液（LOVE净。带认证看时间现场直播） ]
2020/12/20 13:03:[https://f.w24.rocks/viewthread.php?tid=163183&extra=page%3D22%26amp%3Borderby%3Ddateline%26amp%3Bfilter%3Ddigest,我就是个贱人，帮老公找个女的（带认证） ]
2020/12/20 13:03:[https://f.w24.rocks/viewthread.php?tid=163104&extra=page%3D22%26amp%3Borderby%3Ddateline%26amp%3Bfilter%3Ddigest,我是净的婊子，LOVE净（带验证） ]
2020/12/20 13:03:[https://f.w24.rocks/viewthread.php?tid=163033&extra=page%3D22%26amp%3Borderby%3Ddateline%26amp%3Bfilter%3Ddigest,95年小女友,白虎，小蛮腰,D爆乳,无套昕昕验证,求版主射精 ]
2020/12/20 13:03:[https://f.w24.rocks/viewthread.php?tid=161329&extra=page%3D22%26amp%3Borderby%3Ddateline%26amp%3Bfilter%3Ddigest,R哥原创淫荡夏日]
2020/12/20 13:04:[https://f.w24.rocks/viewthread.php?tid=161113&extra=page%3D23%26amp%3Borderby%3Ddateline%26amp%3Bfilter%3Ddigest,随心拍哼哼哼记得留言。。不留鄙视 ]
2020/12/20 13:04:[https://f.w24.rocks/viewthread.php?tid=161076&extra=page%3D23%26amp%3Borderby%3Ddateline%26amp%3Bfilter%3Ddigest,魏夏出品第二季 风韵丈母娘，强烈鄙视某些人！ ]
2020/12/20 13:04:[https://f.w24.rocks/viewthread.php?tid=160871&extra=page%3D23%26amp%3Borderby%3Ddateline%26amp%3Bfilter%3Ddigest,我是贱逼骚货 求辱骂 ]
2020/12/20 13:04:[https://f.w24.rocks/viewthread.php?tid=160818&extra=page%3D23%26amp%3Borderby%3Ddateline%26amp%3Bfilter%3Ddigest,上海四眼蛋蛋，约战浙江小骚女 ]
2020/12/20 13:04:[https://f.w24.rocks/viewthread.php?tid=160592&extra=page%3D23%26amp%3Borderby%3Ddateline%26amp%3Bfilter%3Ddigest,丝袜妹子，诱人的肛门啊，还有器具多多鼓励哦！！原创带ID ]
2020/12/20 13:04:[https://f.w24.rocks/viewthread.php?tid=160542&extra=page%3D23%26amp%3Borderby%3Ddateline%26amp%3Bfilter%3Ddigest,原创自拍 89年好身材女友发骚 ]
2020/12/20 13:04:[https://f.w24.rocks/viewthread.php?tid=158606&extra=page%3D23%26amp%3Borderby%3Ddateline%26amp%3Bfilter%3Ddigest,骚老婆要给各位表演绝技，黄瓜茄子插骚逼求凌辱（换妻） ]
2020/12/20 13:04:[https://f.w24.rocks/viewthread.php?tid=158605&extra=page%3D23%26amp%3Borderby%3Ddateline%26amp%3Bfilter%3Ddigest,知道找都合适的交换很困难，可是我们还在坚持！希望999 ]
2020/12/20 13:04:[https://f.w24.rocks/viewthread.php?tid=158595&extra=page%3D23%26amp%3Borderby%3Ddateline%26amp%3Bfilter%3Ddigest,粉网袜大屁股+999 ]
2020/12/20 13:04:[https://f.w24.rocks/viewthread.php?tid=158284&extra=page%3D23%26amp%3Borderby%3Ddateline%26amp%3Bfilter%3Ddigest,画个圈圈 ]
2020/12/20 13:05:[https://f.w24.rocks/viewthread.php?tid=158281&extra=page%3D23%26amp%3Borderby%3Ddateline%26amp%3Bfilter%3Ddigest,超骚丝袜前女友谁来做她第七个男人 招募3p海量生活照 ]
2020/12/20 13:05:[https://f.w24.rocks/viewthread.php?tid=158277&extra=page%3D23%26amp%3Borderby%3Ddateline%26amp%3Bfilter%3Ddigest,新人奉上娇妻[7P] ]
2020/12/20 13:05:[https://f.w24.rocks/viewthread.php?tid=157390&extra=page%3D23%26amp%3Borderby%3Ddateline%26amp%3Bfilter%3Ddigest,车震前奏 看看此女骚不骚 ]
2020/12/20 13:05:[https://f.w24.rocks/viewthread.php?tid=157313&extra=page%3D24%26amp%3Borderby%3Ddateline%26amp%3Bfilter%3Ddigest,南京五星级酒店与白富美的大战 ]
2020/12/20 13:05:[https://f.w24.rocks/viewthread.php?tid=157064&extra=page%3D24%26amp%3Borderby%3Ddateline%26amp%3Bfilter%3Ddigest,刚开发的良家力作，申请加精给予999 ]
2020/12/20 13:05:[https://f.w24.rocks/viewthread.php?tid=156998&extra=page%3D24%26amp%3Borderby%3Ddateline%26amp%3Bfilter%3Ddigest,◢极品90后小骚婊子穿情趣丝网开裆裤衩求捅▩嫩逼粉奶◣ ]
2020/12/20 13:05:[https://f.w24.rocks/viewthread.php?tid=157104&extra=page%3D24%26amp%3Borderby%3Ddateline%26amp%3Bfilter%3Ddigest,骚老婆找帅哥，报名开始。求精灌满 ]
2020/12/20 13:05:[https://f.w24.rocks/viewthread.php?tid=156511&extra=page%3D24%26amp%3Borderby%3Ddateline%26amp%3Bfilter%3Ddigest,庆祝某人平安归来，特发珍藏作品4P丝袜骚女，版主加精加亮 ]
2020/12/20 13:05:[https://f.w24.rocks/viewthread.php?tid=155392&extra=page%3D24%26amp%3Borderby%3Ddateline%26amp%3Bfilter%3Ddigest,太刺激了91ID认证，骚老婆第五季3P照片，加精999（26p） ]
2020/12/20 13:06:[https://f.w24.rocks/viewthread.php?tid=155159&extra=page%3D24%26amp%3Borderby%3Ddateline%26amp%3Bfilter%3Ddigest,原创申精！没有老公，只能用大香蕉操自己看过不后悔！ ]
2020/12/20 13:06:[https://f.w24.rocks/viewthread.php?tid=154673&extra=page%3D24%26amp%3Borderby%3Ddateline%26amp%3Bfilter%3Ddigest,极品老婆验证图，能看到是你的福气。美艳超正，无毛水嫩 ]
2020/12/20 13:06:[https://f.w24.rocks/viewthread.php?tid=153962&extra=page%3D24%26amp%3Borderby%3Ddateline%26amp%3Bfilter%3Ddigest,My first self shot here ]
2020/12/20 13:06:[https://f.w24.rocks/viewthread.php?tid=153382&extra=page%3D24%26amp%3Borderby%3Ddateline%26amp%3Bfilter%3Ddigest,“世界之末日”原创保守女友“第九季”纪念版 ]
2020/12/20 13:06:[https://f.w24.rocks/viewthread.php?tid=153251&extra=page%3D24%26amp%3Borderby%3Ddateline%26amp%3Bfilter%3Ddigest,微信认识的清纯MM噢，就喜欢我叫她骚母狗带验证， ]
2020/12/20 13:06:[https://f.w24.rocks/viewthread.php?tid=153233&extra=page%3D24%26amp%3Borderby%3Ddateline%26amp%3Bfilter%3Ddigest,狗哥原创90年极品骚女友美腿细腰第一季。1218更新文字 ]
2020/12/20 13:06:[https://f.w24.rocks/viewthread.php?tid=153080&extra=page%3D24%26amp%3Borderby%3Ddateline%26amp%3Bfilter%3Ddigest,老婆终变身2012老婆强势化身小母猫（小母猫原创） ]
2020/12/20 13:07:[https://f.w24.rocks/viewthread.php?tid=152598&extra=page%3D24%26amp%3Borderby%3Ddateline%26amp%3Bfilter%3Ddigest,申请原创加分999！老婆两洞齐插后，流出了白浆！带验证 ]
2020/12/20 13:07:[https://f.w24.rocks/viewthread.php?tid=152573&extra=page%3D24%26amp%3Borderby%3Ddateline%26amp%3Bfilter%3Ddigest,老婆的大波波2 （申请原创,加精） ]
2020/12/20 13:07:[https://f.w24.rocks/viewthread.php?tid=152506&extra=page%3D25%26amp%3Borderby%3Ddateline%26amp%3Bfilter%3Ddigest,申精999]
2020/12/20 13:07:[https://f.w24.rocks/viewthread.php?tid=152335&extra=page%3D25%26amp%3Borderby%3Ddateline%26amp%3Bfilter%3Ddigest,无敌丝袜 蒙奇奇蹂躏小B有验证    楼主999啊  求精 ]
2020/12/20 13:07:[https://f.w24.rocks/viewthread.php?tid=152250&extra=page%3D25%26amp%3Borderby%3Ddateline%26amp%3Bfilter%3Ddigest,89年骚妻，身材尚可，技术一流，欢迎评论 ]
2020/12/20 13:07:[https://f.w24.rocks/viewthread.php?tid=152193&extra=page%3D25%26amp%3Borderby%3Ddateline%26amp%3Bfilter%3Ddigest,我家的骚老婆，申请999 ]
2020/12/20 13:07:[https://f.w24.rocks/viewthread.php?tid=152087&extra=page%3D25%26amp%3Borderby%3Ddateline%26amp%3Bfilter%3Ddigest,楠楠的一组色色护士装既然回帖已过100，我就露穴穴吧 ]
2020/12/20 13:07:[https://f.w24.rocks/viewthread.php?tid=152014&extra=page%3D25%26amp%3Borderby%3Ddateline%26amp%3Bfilter%3Ddigest,隆重推出系列第三季，请大家继续支持！ ]
2020/12/20 13:07:[https://f.w24.rocks/viewthread.php?tid=151979&extra=page%3D25%26amp%3Borderby%3Ddateline%26amp%3Bfilter%3Ddigest,❤丝袜。。。丝袜。。。丝袜❤ ]
2020/12/20 13:07:[https://f.w24.rocks/viewthread.php?tid=151784&extra=page%3D25%26amp%3Borderby%3Ddateline%26amp%3Bfilter%3Ddigest,LIANG哥发帖用萝卜插大屁股母狗 ]
2020/12/20 13:08:[https://f.w24.rocks/viewthread.php?tid=151434&extra=page%3D25%26amp%3Borderby%3Ddateline%26amp%3Bfilter%3Ddigest,九宫格淫荡骚妻_金秋贡献 ]
2020/12/20 13:08:[https://f.w24.rocks/viewthread.php?tid=151303&extra=page%3D25%26amp%3Borderby%3Ddateline%26amp%3Bfilter%3Ddigest,女友婷婷首次登陆91。。带验证。。求加精求言语调教 ]
2020/12/20 13:08:[https://f.w24.rocks/viewthread.php?tid=150505&extra=page%3D25%26amp%3Borderby%3Ddateline%26amp%3Bfilter%3Ddigest,楼道，公园露出，紧张死了。 ]
2020/12/20 13:08:[https://f.w24.rocks/viewthread.php?tid=149995&extra=page%3D26%26amp%3Borderby%3Ddateline%26amp%3Bfilter%3Ddigest,t哥原创魅惑性瘾女友（第二季 the2season）12P美臀穴求精 ]
2020/12/20 13:08:[https://f.w24.rocks/viewthread.php?tid=149987&extra=page%3D26%26amp%3Borderby%3Ddateline%26amp%3Bfilter%3Ddigest,t哥原创我的魅惑性瘾女友（第一季 the 1 season）精华16P ]
2020/12/20 13:08:[https://f.w24.rocks/viewthread.php?tid=149759&extra=page%3D26%26amp%3Borderby%3Ddateline%26amp%3Bfilter%3Ddigest,小性奴操逼留念 ]
2020/12/20 13:08:[https://f.w24.rocks/viewthread.php?tid=149524&extra=page%3D26%26amp%3Borderby%3Ddateline%26amp%3Bfilter%3Ddigest,30岁的女人很饥渴哦，带验证，露脸哦，she吧。求精，求999 ]
2020/12/20 13:08:[https://f.w24.rocks/viewthread.php?tid=148373&extra=page%3D26%26amp%3Borderby%3Ddateline%26amp%3Bfilter%3Ddigest,3P玩够了。露脸求4P。带验证 ]
2020/12/20 13:09:[https://f.w24.rocks/viewthread.php?tid=147787&extra=page%3D26%26amp%3Borderby%3Ddateline%26amp%3Bfilter%3Ddigest,☆福利贴☆小jr☆小清新☆请支持☆ ]
2020/12/20 13:09:[https://f.w24.rocks/viewthread.php?tid=147387&extra=page%3D26%26amp%3Borderby%3Ddateline%26amp%3Bfilter%3Ddigest,小屁股和小胸部，小小的自拍！第三季 ！申精！ ]
2020/12/20 13:09:[https://f.w24.rocks/viewthread.php?tid=147779&extra=page%3D26%26amp%3Borderby%3Ddateline%26amp%3Bfilter%3Ddigest,刚注册上，心情高兴，老婆刚刮完毛毛奉献出来121p ]
2020/12/20 13:09:[https://f.w24.rocks/viewthread.php?tid=143789&extra=page%3D26%26amp%3Borderby%3Ddateline%26amp%3Bfilter%3Ddigest,第2季刚刚自拍，带认证，管理给+999 ]
2020/12/20 13:09:[https://f.w24.rocks/viewthread.php?tid=144100&extra=page%3D26%26amp%3Borderby%3Ddateline%26amp%3Bfilter%3Ddigest,继续发第3季带ID图,白皙粉笔粉奶闷骚女友,强烈请求加精, ]
2020/12/20 13:09:[https://f.w24.rocks/viewthread.php?tid=146779&extra=page%3D26%26amp%3Borderby%3Ddateline%26amp%3Bfilter%3Ddigest,★★★★★ 身材匀称 皮肤细腻 魅力展现 好贴标题不重要！ ]
2020/12/20 13:09:[https://f.w24.rocks/viewthread.php?tid=143315&extra=page%3D26%26amp%3Borderby%3Ddateline%26amp%3Bfilter%3Ddigest,老婆的连身黑网衣，给老婆口交。 ]
2020/12/20 13:09:[https://f.w24.rocks/viewthread.php?tid=139290&extra=page%3D26%26amp%3Borderby%3Ddateline%26amp%3Bfilter%3Ddigest,痛并快乐着口味咸点看效果，铁树开花玩双插 ]
2020/12/20 13:09:[https://f.w24.rocks/viewthread.php?tid=136505&extra=page%3D27%26amp%3Borderby%3Ddateline%26amp%3Bfilter%3Ddigest,带91字样的大屁股 ]
2020/12/20 13:10:[https://f.w24.rocks/viewthread.php?tid=137912&extra=page%3D27%26amp%3Borderby%3Ddateline%26amp%3Bfilter%3Ddigest,原创申精,福利!45P高清穴唇腿胸最后一帖哥哥继续支持吧 ]
2020/12/20 13:10:[https://f.w24.rocks/viewthread.php?tid=133853&extra=page%3D27%26amp%3Borderby%3Ddateline%26amp%3Bfilter%3Ddigest,视频来了。。msjr ]
2020/12/20 13:10:[https://f.w24.rocks/viewthread.php?tid=116764&extra=page%3D27%26amp%3Borderby%3Ddateline%26amp%3Bfilter%3Ddigest,精华操我娇小的女友！绝对真实！91porn原创首发！ ]
2020/12/20 13:10:[https://f.w24.rocks/viewthread.php?tid=107611&extra=page%3D27%26amp%3Borderby%3Ddateline%26amp%3Bfilter%3Ddigest,24岁玉兔娇妻（三）之情趣渔网黑丝 ]
2020/12/20 13:10:[https://f.w24.rocks/viewthread.php?tid=94355&extra=page%3D27%26amp%3Borderby%3Ddateline%26amp%3Bfilter%3Ddigest,91porn真实自拍再现江湖!(5P) ]
2020/12/20 13:10:[https://f.w24.rocks/viewthread.php?tid=93220&extra=page%3D27%26amp%3Borderby%3Ddateline%26amp%3Bfilter%3Ddigest,桃你妹第二季（带91字样） 求加精 ]
2020/12/20 13:10:[https://f.w24.rocks/viewthread.php?tid=90063&extra=page%3D27%26amp%3Borderby%3Ddateline%26amp%3Bfilter%3Ddigest,妖娆女警完整片 ]
2020/12/21 09:34:[https://f.w24.rocks/viewthread.php?tid=402170&extra=page%3D7%26amp%3Borderby%3Ddateline%26amp%3Bfilter%3D2592000,小骚嫩豚豚SPA被单男猛干周末约活动 ]
2020/12/21 09:34:[https://f.w24.rocks/viewthread.php?tid=402165&extra=page%3D7%26amp%3Borderby%3Ddateline%26amp%3Bfilter%3D2592000,国际庄，继上期大奶少妇，第二波 ]
2020/12/21 09:34:[https://f.w24.rocks/viewthread.php?tid=402169&extra=page%3D7%26amp%3Borderby%3Ddateline%26amp%3Bfilter%3D2592000,鞍山周边夫妻联系 ]
2020/12/21 09:34:[https://f.w24.rocks/viewthread.php?tid=402164&extra=page%3D7%26amp%3Borderby%3Ddateline%26amp%3Bfilter%3D2592000,分享一下，美白嫩，出差在习水，有兴趣的可以一起玩 ]
2020/12/21 09:35:[https://f.w24.rocks/viewthread.php?tid=402160&extra=page%3D7%26amp%3Borderby%3Ddateline%26amp%3Bfilter%3D2592000,收集100张老婆照片射屏 以更新照片（多图） ]
2020/12/21 09:35:[https://f.w24.rocks/viewthread.php?tid=402159&extra=page%3D7%26amp%3Borderby%3Ddateline%26amp%3Bfilter%3D2592000,江苏地区人妻。我在出差，她在自拍 ]
2020/12/21 09:35:[https://f.w24.rocks/viewthread.php?tid=402150&extra=page%3D7%26amp%3Borderby%3Ddateline%26amp%3Bfilter%3D2592000,寻小鲜肉单男！0312地区保定附近 ]
2020/12/21 09:35:[https://f.w24.rocks/viewthread.php?tid=402152&extra=page%3D7%26amp%3Borderby%3Ddateline%26amp%3Bfilter%3D2592000,云南霸主s贱母狗爆操系列朦胧感才好。1 ]
2020/12/21 09:35:[https://f.w24.rocks/viewthread.php?tid=402146&extra=page%3D7%26amp%3Borderby%3Ddateline%26amp%3Bfilter%3D2592000,山东日照，美臀人妻千里送B开房露出！淫妻患者请私信！ ]
2020/12/21 09:35:[https://f.w24.rocks/viewthread.php?tid=402136&extra=page%3D7%26amp%3Borderby%3Ddateline%26amp%3Bfilter%3D2592000,小娇妻日常 寻优质单男or夫妻 ]
2020/12/21 09:35:[https://f.w24.rocks/viewthread.php?tid=402129&extra=page%3D7%26amp%3Borderby%3Ddateline%26amp%3Bfilter%3D2592000,0351想找个一个单位来刺激刺激，看清楚要求再加 ]
2020/12/21 10:18:[https://f.w24.rocks/viewthread.php?tid=401363&extra=page%3D1%26amp%3Borderby%3Ddateline%26amp%3Bfilter%3Ddigest,(申精)魔都上海人妻 情趣内衣 黑丝 ]
2020/12/22 09:01:[https://f.w24.rocks/viewthread.php?tid=402604&extra=page%3D1%26amp%3Borderby%3Ddateline%26amp%3Bfilter%3Ddigest,木木北萝莉户外温泉微露出+室内私汤大战附动图 ]
2020/12/25 09:03:[https://f.w24.rocks/viewthread.php?tid=402972&extra=page%3D1%26amp%3Borderby%3Ddateline%26amp%3Bfilter%3Ddigest,大三女友被单男操，各种情趣内衣 ]
2020/12/25 09:03:[https://f.w24.rocks/viewthread.php?tid=402971&extra=page%3D1%26amp%3Borderby%3Ddateline%26amp%3Bfilter%3Ddigest,三个人的旅行，看单男把老婆操舒服了 ]
2020/12/31 23:27:[https://f.w24.rocks/viewthread.php?tid=403501&extra=page%3D1%26amp%3Borderby%3Ddateline%26amp%3Bfilter%3Ddigest,设计湿回归第二帖——洲际套房3P 95年的骚母狗 ]
2020/12/31 23:27:[https://f.w24.rocks/viewthread.php?tid=403493&extra=page%3D1%26amp%3Borderby%3Ddateline%26amp%3Bfilter%3Ddigest,字母圈告别2020感谢论坛平台  专业调教室请联系 ]
2020/12/31 23:27:[https://f.w24.rocks/viewthread.php?tid=403473&extra=page%3D1%26amp%3Borderby%3Ddateline%26amp%3Bfilter%3Ddigest,设计湿回归91——骚母狗的上海吃鸡之旅 ]
2020/12/31 23:28:[https://f.w24.rocks/viewthread.php?tid=403825&extra=page%3D1%26amp%3Borderby%3Ddateline%26amp%3Bfilter%3Ddigest,点赞过百更新炮图字母圈第三期 吊缚捆绑 ]
2020/12/31 23:28:[https://f.w24.rocks/viewthread.php?tid=403727&extra=page%3D1%26amp%3Borderby%3Ddateline%26amp%3Bfilter%3Ddigest,江浙沪摄影师反差工装短发A妹大奶 废墟露出突遇 ]
2020/12/31 23:30:[https://f.w24.rocks/viewthread.php?tid=403728&extra=page%3D1%26amp%3Borderby%3Ddateline%26amp%3Bfilter%3Ddigest,珠三角学生情侣无套教训女仆少女多动图 ]
2021/01/04 09:10:[https://f.w24.rocks/viewthread.php?tid=404057&extra=page%3D1%26amp%3Borderby%3Ddateline%26amp%3Bfilter%3Ddigest,人妻写真集]
2021/01/04 09:10:[https://f.w24.rocks/viewthread.php?tid=404017&extra=page%3D1%26amp%3Borderby%3Ddateline%26amp%3Bfilter%3Ddigest,2021第一调极品极品母狗！别羡慕我，这是我未婚妻 ]
2021/01/04 09:10:[https://f.w24.rocks/viewthread.php?tid=404016&extra=page%3D1%26amp%3Borderby%3Ddateline%26amp%3Bfilter%3Ddigest,安徽原创夫妻青青公主私房写真，新年礼物 ]
2021/01/04 09:10:[https://f.w24.rocks/viewthread.php?tid=404299&extra=page%3D1%26amp%3Borderby%3Ddateline%26amp%3Bfilter%3Ddigest,Ts]
2021/01/04 09:10:[https://f.w24.rocks/viewthread.php?tid=403951&extra=page%3D1%26amp%3Borderby%3Ddateline%26amp%3Bfilter%3Ddigest,巨乳人妻时隔一年多重回91，祝大家2021牛转乾坤!!申精！ ]
2021/01/05 09:04:[https://f.w24.rocks/viewthread.php?tid=404438&extra=page%3D1%26amp%3Borderby%3Ddateline%26amp%3Bfilter%3Ddigest,二次元少女百人斩武汉LO娘小M回老家过年前赶紧艹 ]
2021/01/05 09:04:[https://f.w24.rocks/viewthread.php?tid=404299&extra=page%3D1%26amp%3Borderby%3Ddateline%26amp%3Bfilter%3Ddigest,Ts]
2021/01/06 09:44:[https://f.w24.rocks/viewthread.php?tid=404530&extra=page%3D1%26amp%3Borderby%3Ddateline%26amp%3Bfilter%3Ddigest,DYs淫荡娇妻的迷乱之夜（下）54P ]
2021/01/11 09:29:[https://f.w24.rocks/viewthread.php?tid=405101&extra=page%3D1%26amp%3Borderby%3Ddateline%26amp%3Bfilter%3Ddigest,坐标郑州，老婆与单男第七季 ]
2021/01/11 10:16:[https://f.w24.rocks/viewthread.php?tid=405006&extra=page%3D1%26amp%3Borderby%3Ddateline%26amp%3Bfilter%3Ddigest,0370情趣内衣调教，多图一次看个过瘾 ]
2021/01/11 10:23:[https://f.w24.rocks/viewthread.php?tid=405006&extra=page%3D1%26amp%3Borderby%3Ddateline%26amp%3Bfilter%3Ddigest,0370情趣内衣调教，多图一次看个过瘾 ]
2021/01/11 10:24:[https://f.w24.rocks/viewthread.php?tid=404985&extra=page%3D1%26amp%3Borderby%3Ddateline%26amp%3Bfilter%3Ddigest,跟淫荡95后妹子玩露出、3P、勾引专车司机 ]
