2021/03/01 10:02:[https://f.w24.rocks/viewthread.php?tid=411479&extra=page%3D1%26amp%3Borderby%3Ddateline%26amp%3Bfilter%3Ddigest,调 教]
2021/03/01 10:02:[https://f.w24.rocks/viewthread.php?tid=405617&extra=page%3D3%26amp%3Borderby%3Ddateline%26amp%3Bfilter%3Ddigest,已删木木木北学生妹女友野战3p单男]
2021/03/01 10:02:[https://f.w24.rocks/viewthread.php?tid=405101&extra=page%3D3%26amp%3Borderby%3Ddateline%26amp%3Bfilter%3Ddigest,坐标郑州，老婆与单男第七季]
2021/03/01 10:03:[https://f.w24.rocks/viewthread.php?tid=404985&extra=page%3D3%26amp%3Borderby%3Ddateline%26amp%3Bfilter%3Ddigest,跟淫荡95后妹子玩露出、3P、勾引专车司机]
2021/03/01 10:03:[https://f.w24.rocks/viewthread.php?tid=404438&extra=page%3D3%26amp%3Borderby%3Ddateline%26amp%3Bfilter%3Ddigest,二次元少女百人斩武汉LO娘小M回老家过年前赶紧艹]
2021/03/01 10:03:[https://f.w24.rocks/viewthread.php?tid=404299&extra=page%3D3%26amp%3Borderby%3Ddateline%26amp%3Bfilter%3Ddigest,Ts]
2021/03/01 10:03:[https://f.w24.rocks/viewthread.php?tid=404057&extra=page%3D3%26amp%3Borderby%3Ddateline%26amp%3Bfilter%3Ddigest,人妻写真集]
2021/03/01 10:04:[https://f.w24.rocks/viewthread.php?tid=404016&extra=page%3D3%26amp%3Borderby%3Ddateline%26amp%3Bfilter%3Ddigest,安徽原创夫妻青青公主私房写真，新年礼物]
2021/03/01 10:04:[https://f.w24.rocks/viewthread.php?tid=403951&extra=page%3D3%26amp%3Borderby%3Ddateline%26amp%3Bfilter%3Ddigest,巨乳人妻时隔一年多重回91，祝大家2021牛转乾坤!!申精！]
2021/03/01 10:04:[https://f.w24.rocks/viewthread.php?tid=403728&extra=page%3D3%26amp%3Borderby%3Ddateline%26amp%3Bfilter%3Ddigest,已删木木木北无套教训女仆少女多动图]
2021/03/01 10:04:[https://f.w24.rocks/viewthread.php?tid=403727&extra=page%3D3%26amp%3Borderby%3Ddateline%26amp%3Bfilter%3Ddigest,江浙沪摄影师反差工装短发A妹大奶 废墟露出突遇]
2021/03/01 10:27:[https://f.w24.rocks/viewthread.php?tid=402604&extra=page%3D4%26amp%3Borderby%3Ddateline%26amp%3Bfilter%3Ddigest,珠三角学生情侣萝莉温泉微露出+室内私汤大战 附动图]
2021/03/01 10:28:[https://f.w24.rocks/viewthread.php?tid=402255&extra=page%3D4%26amp%3Borderby%3Ddateline%26amp%3Bfilter%3Ddigest,珠三角学生情侣婚纱性奴学妹被单男3p 多动图 （下]
2021/03/01 10:28:[https://f.w24.rocks/viewthread.php?tid=402167&extra=page%3D4%26amp%3Borderby%3Ddateline%26amp%3Bfilter%3Ddigest,14号双飞作业]
2021/03/01 10:29:[https://f.w24.rocks/viewthread.php?tid=401950&extra=page%3D4%26amp%3Borderby%3Ddateline%26amp%3Bfilter%3Ddigest,珠三角学生情侣单男哥哥3p性奴JK学妹 多动图 （上]
2021/03/01 10:30:[https://f.w24.rocks/viewthread.php?tid=401533&extra=page%3D4%26amp%3Borderby%3Ddateline%26amp%3Bfilter%3Ddigest,小sal首次发帖，5p变两次3p，淫荡的小新娘。无码]
2021/03/01 10:30:[https://f.w24.rocks/viewthread.php?tid=401363&extra=page%3D4%26amp%3Borderby%3Ddateline%26amp%3Bfilter%3Ddigest,(申精)魔都上海人妻 情趣内衣 黑丝]
2021/03/01 10:30:[https://f.w24.rocks/viewthread.php?tid=401727&extra=page%3D4%26amp%3Borderby%3Ddateline%26amp%3Bfilter%3Ddigest,江小喬一个4p+5p的小小活动（20p）]
2021/03/01 10:30:[https://f.w24.rocks/viewthread.php?tid=401477&extra=page%3D4%26amp%3Borderby%3Ddateline%26amp%3Bfilter%3Ddigest,[漆黑S]魔都六男二女，极限淫乱的下午]
2021/03/01 10:30:[https://f.w24.rocks/viewthread.php?tid=401216&extra=page%3D4%26amp%3Borderby%3Ddateline%26amp%3Bfilter%3Ddigest,（2020最后一帖）美少妇与单男的中出活动日记]
2021/03/01 10:31:[https://f.w24.rocks/viewthread.php?tid=400783&extra=page%3D4%26amp%3Borderby%3Ddateline%26amp%3Bfilter%3Ddigest,萧哥撩妹——口暴毒龙幼师漂亮妹妹]
2021/03/01 10:31:[https://f.w24.rocks/viewthread.php?tid=400696&extra=page%3D4%26amp%3Borderby%3Ddateline%26amp%3Bfilter%3Ddigest,已删木木木北泄欲工具品尝大一女友的粉嫩肉体]
2021/03/01 10:33:[https://f.w24.rocks/viewthread.php?tid=400566&extra=page%3D4%26amp%3Borderby%3Ddateline%26amp%3Bfilter%3Ddigest,0752骚逼老婆和情人泡温泉打野战口爆（下）白天篇]
2021/03/01 10:34:[https://f.w24.rocks/viewthread.php?tid=400313&extra=page%3D5%26amp%3Borderby%3Ddateline%26amp%3Bfilter%3Ddigest,重庆约推开门，看着老婆被单男捆绑、SM，冲刺！！]
2021/03/01 10:34:[https://f.w24.rocks/viewthread.php?tid=400464&extra=page%3D5%26amp%3Borderby%3Ddateline%26amp%3Bfilter%3Ddigest,C小姐电影院情节 第二次3P活动（0574宁波地区及周边）]
2021/03/01 10:34:[https://f.w24.rocks/viewthread.php?tid=399886&extra=page%3D5%26amp%3Borderby%3Ddateline%26amp%3Bfilter%3Ddigest,已删木木木北无套三人行学长vs18岁大一女友]
2021/03/01 10:34:[https://f.w24.rocks/viewthread.php?tid=399878&extra=page%3D5%26amp%3Borderby%3Ddateline%26amp%3Bfilter%3Ddigest,帝都老船长，禁不住兄弟央求，帮兄弟调教外企OL性感夫人]
2021/03/01 10:35:[https://f.w24.rocks/viewthread.php?tid=399617&extra=page%3D5%26amp%3Borderby%3Ddateline%26amp%3Bfilter%3Ddigest,京华人妻，你们喜欢的骚货回来l 三季]
2021/03/01 10:35:[https://f.w24.rocks/viewthread.php?tid=399495&extra=page%3D5%26amp%3Borderby%3Ddateline%26amp%3Bfilter%3Ddigest,申精0731地区 长腿骚妻首次3P成功 持续招募中。。。]
2021/03/01 10:36:[https://f.w24.rocks/viewthread.php?tid=399403&extra=page%3D5%26amp%3Borderby%3Ddateline%26amp%3Bfilter%3Ddigest,济南约绿帽眼看，娇妻被束腹带捆着，男S爆操！！]
2021/03/01 10:36:[https://f.w24.rocks/viewthread.php?tid=398946&extra=page%3D5%26amp%3Borderby%3Ddateline%26amp%3Bfilter%3Ddigest,成都约老婆给大叔跪式服务，绿帽老公全程录像！！]
2021/03/01 10:37:[https://f.w24.rocks/viewthread.php?tid=398185&extra=page%3D5%26amp%3Borderby%3Ddateline%26amp%3Bfilter%3Ddigest,0532西海岸，嘉年华夜色中的少妇肉体露出。。14P（申精）]
2021/03/01 10:37:[https://f.w24.rocks/viewthread.php?tid=397775&extra=page%3D5%26amp%3Borderby%3Ddateline%26amp%3Bfilter%3Ddigest,027武汉小M的丝袜调教内射中出，招单女、新手绿帽情侣夫妻]
2021/03/01 10:37:[https://f.w24.rocks/viewthread.php?tid=397693&extra=page%3D5%26amp%3Borderby%3Ddateline%26amp%3Bfilter%3Ddigest,码字P图不易，几个月发一次，说个够看个够]
2021/03/01 10:37:[https://f.w24.rocks/viewthread.php?tid=397659&extra=page%3D5%26amp%3Borderby%3Ddateline%26amp%3Bfilter%3Ddigest,绿奴女神老婆的首次3p]
2021/03/01 10:38:[https://f.w24.rocks/viewthread.php?tid=397426&extra=page%3D5%26amp%3Borderby%3Ddateline%26amp%3Bfilter%3Ddigest,新人丝袜淫妻第一次发帖]
2021/03/01 10:38:[https://f.w24.rocks/viewthread.php?tid=397135&extra=page%3D6%26amp%3Borderby%3Ddateline%26amp%3Bfilter%3Ddigest,广西不是你亲手点燃的，就不能叫做、乐]
2021/03/01 10:38:[https://f.w24.rocks/viewthread.php?tid=397003&extra=page%3D6%26amp%3Borderby%3Ddateline%26amp%3Bfilter%3Ddigest,别人的老婆，孩子的妈妈无套3P内射]
2021/03/01 10:39:[https://f.w24.rocks/viewthread.php?tid=396481&extra=page%3D6%26amp%3Borderby%3Ddateline%26amp%3Bfilter%3Ddigest,接受圣水、毒龙、吞精、舔脚的母狗来]
2021/03/01 10:39:[https://f.w24.rocks/viewthread.php?tid=396118&extra=page%3D6%26amp%3Borderby%3Ddateline%26amp%3Bfilter%3Ddigest,021地区秋意正浓小骚货的首次露出]
2021/03/01 10:39:[https://f.w24.rocks/viewthread.php?tid=396060&extra=page%3D6%26amp%3Borderby%3Ddateline%26amp%3Bfilter%3Ddigest,老婆单约情人并过夜，我变成单男。]
2021/03/01 10:39:[https://f.w24.rocks/viewthread.php?tid=396035&extra=page%3D6%26amp%3Borderby%3Ddateline%26amp%3Bfilter%3Ddigest,安徽原创夫妻10月24，青青公主见老师！]
2021/03/01 10:40:[https://f.w24.rocks/viewthread.php?tid=395118&extra=page%3D6%26amp%3Borderby%3Ddateline%26amp%3Bfilter%3Ddigest,0898海口美臀外卖回归贴]
2021/03/01 10:41:[https://f.w24.rocks/viewthread.php?tid=393844&extra=page%3D6%26amp%3Borderby%3Ddateline%26amp%3Bfilter%3Ddigest,0516绿帽的幸福与苦恼（欢迎评论以及射屏）]
2021/03/01 10:41:[https://f.w24.rocks/viewthread.php?tid=393369&extra=page%3D6%26amp%3Borderby%3Ddateline%26amp%3Bfilter%3Ddigest,(申精)魔都上海人妻 白色情趣内衣 丝袜]
2021/03/01 10:41:[https://f.w24.rocks/viewthread.php?tid=391631&extra=page%3D7%26amp%3Borderby%3Ddateline%26amp%3Bfilter%3Ddigest,0575绍兴少妇姐姐的情趣内衣白丝鱼嘴高跟鞋，口活贼溜]
2021/03/01 10:42:[https://f.w24.rocks/viewthread.php?tid=390744&extra=page%3D7%26amp%3Borderby%3Ddateline%26amp%3Bfilter%3Ddigest,长沙包子原创室内室外33P]
2021/03/01 10:42:[https://f.w24.rocks/viewthread.php?tid=393220&extra=page%3D7%26amp%3Borderby%3Ddateline%26amp%3Bfilter%3Ddigest,《娇妻首发申精》027武汉一次完美的3P，巨乳肥臀厚阴唇]
2021/03/01 10:43:[https://f.w24.rocks/viewthread.php?tid=391066&extra=page%3D7%26amp%3Borderby%3Ddateline%26amp%3Bfilter%3Ddigest,戏子露出系列《十一》天冷 下雨 随缘]
2021/03/01 10:43:[https://f.w24.rocks/viewthread.php?tid=390114&extra=page%3D7%26amp%3Borderby%3Ddateline%26amp%3Bfilter%3Ddigest,0373阴环骚妻再单约，附加内射动图，求加精]
2021/03/01 10:44:[https://f.w24.rocks/viewthread.php?tid=386861&extra=page%3D7%26amp%3Borderby%3Ddateline%26amp%3Bfilter%3Ddigest,长沙包子原创作品室外爬山室内温泉32P]
2021/03/01 10:57:[https://f.w24.rocks/viewthread.php?tid=384284&extra=page%3D7%26amp%3Borderby%3Ddateline%26amp%3Bfilter%3Ddigest,1女战7男AV大场面、双龙入洞，老婆战力如何]
2021/03/01 10:57:[https://f.w24.rocks/viewthread.php?tid=382432&extra=page%3D7%26amp%3Borderby%3Ddateline%26amp%3Bfilter%3Ddigest,双诚记摄影作品南笙×北执（上篇）]
2021/03/01 10:58:[https://f.w24.rocks/viewthread.php?tid=381313&extra=page%3D8%26amp%3Borderby%3Ddateline%26amp%3Bfilter%3Ddigest,一寸柔情河南地区新人首贴，,空姐美腿老婆，申精999+]
2021/03/01 10:58:[https://f.w24.rocks/viewthread.php?tid=381278&extra=page%3D8%26amp%3Borderby%3Ddateline%26amp%3Bfilter%3Ddigest,010大战97欧美身材健身教练，满足兄弟淫妻欲]
2021/03/01 10:58:[https://f.w24.rocks/viewthread.php?tid=380501&extra=page%3D8%26amp%3Borderby%3Ddateline%26amp%3Bfilter%3Ddigest,小潮0451江北cos旗袍加婚纱露出]
2021/03/01 10:58:[https://f.w24.rocks/viewthread.php?tid=381274&extra=page%3D8%26amp%3Borderby%3Ddateline%26amp%3Bfilter%3Ddigest,020地区调教开发00后性奴（请求申精）]
2021/03/01 10:59:[https://f.w24.rocks/viewthread.php?tid=379896&extra=page%3D8%26amp%3Borderby%3Ddateline%26amp%3Bfilter%3Ddigest,蜜桃 0755地区 第一次4P  如约而至]
2021/03/01 10:59:[https://f.w24.rocks/viewthread.php?tid=379637&extra=page%3D8%26amp%3Borderby%3Ddateline%26amp%3Bfilter%3Ddigest,加精魔都MASTERS深夜采访91女M！超真实！求评论！]
2021/03/01 10:59:[https://f.w24.rocks/viewthread.php?tid=379032&extra=page%3D8%26amp%3Borderby%3Ddateline%26amp%3Bfilter%3Ddigest,关闭了，关闭了，关闭了，]
2021/03/01 11:00:[https://f.w24.rocks/viewthread.php?tid=379365&extra=page%3D8%26amp%3Borderby%3Ddateline%26amp%3Bfilter%3Ddigest,删]
2021/03/01 11:00:[https://f.w24.rocks/viewthread.php?tid=378844&extra=page%3D8%26amp%3Borderby%3Ddateline%26amp%3Bfilter%3Ddigest,0370夏天就是要穿旗袍，多图一次看个过瘾]
2021/03/01 11:00:[https://f.w24.rocks/viewthread.php?tid=378500&extra=page%3D8%26amp%3Borderby%3Ddateline%26amp%3Bfilter%3Ddigest,树林里的一抹艳影，相约端午的美好相逢（求加精！！！）]
2021/03/01 11:01:[https://f.w24.rocks/viewthread.php?tid=378496&extra=page%3D8%26amp%3Borderby%3Ddateline%26amp%3Bfilter%3Ddigest,美少妇白丝鱼嘴高跟鞋包臀抹胸裙，不容错过！]
2021/03/01 11:01:[https://f.w24.rocks/viewthread.php?tid=378445&extra=page%3D8%26amp%3Borderby%3Ddateline%26amp%3Bfilter%3Ddigest,（申精）自备纸巾骚妻91年{妖精小狐狸}求淫生活照露脸]
2021/03/01 11:01:[https://f.w24.rocks/viewthread.php?tid=378349&extra=page%3D8%26amp%3Borderby%3Ddateline%26amp%3Bfilter%3Ddigest,ROADMAN原创出品，大连萌萌千里送逼]
2021/03/01 11:01:[https://f.w24.rocks/viewthread.php?tid=378336&extra=page%3D8%26amp%3Borderby%3Ddateline%26amp%3Bfilter%3Ddigest,JW9023重庆猫猫]
2021/03/01 11:02:[https://f.w24.rocks/viewthread.php?tid=377724&extra=page%3D8%26amp%3Borderby%3Ddateline%26amp%3Bfilter%3Ddigest,ROADMAN出品，记录周六单男的活动聚会]
2021/03/01 11:02:[https://f.w24.rocks/viewthread.php?tid=378046&extra=page%3D8%26amp%3Borderby%3Ddateline%26amp%3Bfilter%3Ddigest,江小喬一个8p变成6p的小小活动（42p）]
2021/03/01 11:02:[https://f.w24.rocks/viewthread.php?tid=376463&extra=page%3D9%26amp%3Borderby%3Ddateline%26amp%3Bfilter%3Ddigest,长腿人妻 深圳沦陷——下部#雨中野战]
2021/03/01 11:02:[https://f.w24.rocks/viewthread.php?tid=376292&extra=page%3D9%26amp%3Borderby%3Ddateline%26amp%3Bfilter%3Ddigest,杭州人妻飘风的一些照片]
2021/03/02 14:01:[https://f.w24.rocks/viewthread.php?tid=405850&extra=page%3D3%26amp%3Borderby%3Ddateline%26amp%3Bfilter%3Ddigest,0510无锡单男]
2021/03/02 14:01:[https://f.w24.rocks/viewthread.php?tid=405617&extra=page%3D3%26amp%3Borderby%3Ddateline%26amp%3Bfilter%3Ddigest,已删木木木北学生妹女友野战3p单男]
2021/03/02 14:01:[https://f.w24.rocks/viewthread.php?tid=405101&extra=page%3D3%26amp%3Borderby%3Ddateline%26amp%3Bfilter%3Ddigest,坐标郑州，老婆与单男第七季]
2021/03/02 14:01:[https://f.w24.rocks/viewthread.php?tid=404985&extra=page%3D3%26amp%3Borderby%3Ddateline%26amp%3Bfilter%3Ddigest,跟淫荡95后妹子玩露出、3P、勾引专车司机]
2021/03/02 14:01:[https://f.w24.rocks/viewthread.php?tid=404438&extra=page%3D3%26amp%3Borderby%3Ddateline%26amp%3Bfilter%3Ddigest,二次元少女百人斩武汉LO娘小M回老家过年前赶紧艹]
2021/03/02 14:01:[https://f.w24.rocks/viewthread.php?tid=404057&extra=page%3D3%26amp%3Borderby%3Ddateline%26amp%3Bfilter%3Ddigest,人妻写真集]
2021/03/02 14:02:[https://f.w24.rocks/viewthread.php?tid=404016&extra=page%3D3%26amp%3Borderby%3Ddateline%26amp%3Bfilter%3Ddigest,安徽原创夫妻青青公主私房写真，新年礼物]
2021/03/02 14:02:[https://f.w24.rocks/viewthread.php?tid=403728&extra=page%3D3%26amp%3Borderby%3Ddateline%26amp%3Bfilter%3Ddigest,已删木木木北无套教训女仆少女多动图]
2021/03/02 14:02:[https://f.w24.rocks/viewthread.php?tid=403501&extra=page%3D3%26amp%3Borderby%3Ddateline%26amp%3Bfilter%3Ddigest,设计湿回归第二帖——洲际套房3P 95年的骚母狗]
2021/03/02 14:03:[https://f.w24.rocks/viewthread.php?tid=402972&extra=page%3D4%26amp%3Borderby%3Ddateline%26amp%3Bfilter%3Ddigest,大三女友被单男操，各种情趣内衣]
2021/03/02 14:04:[https://f.w24.rocks/viewthread.php?tid=403473&extra=page%3D4%26amp%3Borderby%3Ddateline%26amp%3Bfilter%3Ddigest,设计湿回归91——骚母狗的上海吃鸡之旅]
2021/03/02 14:05:[https://f.w24.rocks/viewthread.php?tid=402971&extra=page%3D4%26amp%3Borderby%3Ddateline%26amp%3Bfilter%3Ddigest,三个人的旅行，看单男把老婆操舒服了]
2021/03/02 14:05:[https://f.w24.rocks/viewthread.php?tid=402604&extra=page%3D4%26amp%3Borderby%3Ddateline%26amp%3Bfilter%3Ddigest,珠三角学生情侣萝莉温泉微露出+室内私汤大战 附动图]
2021/03/02 14:05:[https://f.w24.rocks/viewthread.php?tid=402255&extra=page%3D4%26amp%3Borderby%3Ddateline%26amp%3Bfilter%3Ddigest,珠三角学生情侣婚纱性奴学妹被单男3p 多动图 （下]
2021/03/02 14:05:[https://f.w24.rocks/viewthread.php?tid=401950&extra=page%3D4%26amp%3Borderby%3Ddateline%26amp%3Bfilter%3Ddigest,珠三角学生情侣单男哥哥3p性奴JK学妹 多动图 （上]
2021/03/02 14:06:[https://f.w24.rocks/viewthread.php?tid=401533&extra=page%3D4%26amp%3Borderby%3Ddateline%26amp%3Bfilter%3Ddigest,小sal首次发帖，5p变两次3p，淫荡的小新娘。无码]
2021/03/02 14:06:[https://f.w24.rocks/viewthread.php?tid=401363&extra=page%3D4%26amp%3Borderby%3Ddateline%26amp%3Bfilter%3Ddigest,(申精)魔都上海人妻 情趣内衣 黑丝]
2021/03/02 14:06:[https://f.w24.rocks/viewthread.php?tid=401727&extra=page%3D4%26amp%3Borderby%3Ddateline%26amp%3Bfilter%3Ddigest,江小喬一个4p+5p的小小活动（20p）]
2021/03/02 14:06:[https://f.w24.rocks/viewthread.php?tid=401477&extra=page%3D4%26amp%3Borderby%3Ddateline%26amp%3Bfilter%3Ddigest,[漆黑S]魔都六男二女，极限淫乱的下午]
2021/03/02 14:06:[https://f.w24.rocks/viewthread.php?tid=401216&extra=page%3D4%26amp%3Borderby%3Ddateline%26amp%3Bfilter%3Ddigest,（2020最后一帖）美少妇与单男的中出活动日记]
2021/03/02 14:06:[https://f.w24.rocks/viewthread.php?tid=400783&extra=page%3D4%26amp%3Borderby%3Ddateline%26amp%3Bfilter%3Ddigest,萧哥撩妹——口暴毒龙幼师漂亮妹妹]
2021/03/02 14:06:[https://f.w24.rocks/viewthread.php?tid=400696&extra=page%3D4%26amp%3Borderby%3Ddateline%26amp%3Bfilter%3Ddigest,已删木木木北泄欲工具品尝大一女友的粉嫩肉体]
2021/03/02 14:06:[https://f.w24.rocks/viewthread.php?tid=400566&extra=page%3D4%26amp%3Borderby%3Ddateline%26amp%3Bfilter%3Ddigest,0752骚逼老婆和情人泡温泉打野战口爆（下）白天篇]
2021/03/02 14:06:[https://f.w24.rocks/viewthread.php?tid=400313&extra=page%3D5%26amp%3Borderby%3Ddateline%26amp%3Bfilter%3Ddigest,重庆约推开门，看着老婆被单男捆绑、SM，冲刺！！]
2021/03/02 14:06:[https://f.w24.rocks/viewthread.php?tid=399886&extra=page%3D5%26amp%3Borderby%3Ddateline%26amp%3Bfilter%3Ddigest,已删木木木北无套三人行学长vs18岁大一女友]
2021/03/02 14:06:[https://f.w24.rocks/viewthread.php?tid=399878&extra=page%3D5%26amp%3Borderby%3Ddateline%26amp%3Bfilter%3Ddigest,帝都老船长，禁不住兄弟央求，帮兄弟调教外企OL性感夫人]
2021/03/02 14:06:[https://f.w24.rocks/viewthread.php?tid=399495&extra=page%3D5%26amp%3Borderby%3Ddateline%26amp%3Bfilter%3Ddigest,申精0731地区 长腿骚妻首次3P成功 持续招募中。。。]
2021/03/02 14:06:[https://f.w24.rocks/viewthread.php?tid=399403&extra=page%3D5%26amp%3Borderby%3Ddateline%26amp%3Bfilter%3Ddigest,济南约绿帽眼看，娇妻被束腹带捆着，男S爆操！！]
2021/03/02 14:06:[https://f.w24.rocks/viewthread.php?tid=398946&extra=page%3D5%26amp%3Borderby%3Ddateline%26amp%3Bfilter%3Ddigest,成都约老婆给大叔跪式服务，绿帽老公全程录像！！]
2021/03/02 14:07:[https://f.w24.rocks/viewthread.php?tid=399369&extra=page%3D5%26amp%3Borderby%3Ddateline%26amp%3Bfilter%3Ddigest,安徽原创夫妻青青公主，11月21继续收割单男]
2021/03/02 14:07:[https://f.w24.rocks/viewthread.php?tid=398185&extra=page%3D5%26amp%3Borderby%3Ddateline%26amp%3Bfilter%3Ddigest,0532西海岸，嘉年华夜色中的少妇肉体露出。。14P（申精）]
2021/03/02 14:07:[https://f.w24.rocks/viewthread.php?tid=397693&extra=page%3D5%26amp%3Borderby%3Ddateline%26amp%3Bfilter%3Ddigest,码字P图不易，几个月发一次，说个够看个够]
2021/03/02 14:07:[https://f.w24.rocks/viewthread.php?tid=397135&extra=page%3D6%26amp%3Borderby%3Ddateline%26amp%3Bfilter%3Ddigest,广西不是你亲手点燃的，就不能叫做、乐]
2021/03/02 14:07:[https://f.w24.rocks/viewthread.php?tid=397003&extra=page%3D6%26amp%3Borderby%3Ddateline%26amp%3Bfilter%3Ddigest,别人的老婆，孩子的妈妈无套3P内射]
2021/03/02 14:07:[https://f.w24.rocks/viewthread.php?tid=396499&extra=page%3D6%26amp%3Borderby%3Ddateline%26amp%3Bfilter%3Ddigest,陈大鸡街头搭讪挑战1000斩系列南京178模特网友见面]
2021/03/02 14:07:[https://f.w24.rocks/viewthread.php?tid=396118&extra=page%3D6%26amp%3Borderby%3Ddateline%26amp%3Bfilter%3Ddigest,021地区秋意正浓小骚货的首次露出]
2021/03/02 14:07:[https://f.w24.rocks/viewthread.php?tid=396060&extra=page%3D6%26amp%3Borderby%3Ddateline%26amp%3Bfilter%3Ddigest,老婆单约情人并过夜，我变成单男。]
2021/03/02 14:08:[https://f.w24.rocks/viewthread.php?tid=396035&extra=page%3D6%26amp%3Borderby%3Ddateline%26amp%3Bfilter%3Ddigest,安徽原创夫妻10月24，青青公主见老师！]
2021/03/02 14:08:[https://f.w24.rocks/viewthread.php?tid=395118&extra=page%3D6%26amp%3Borderby%3Ddateline%26amp%3Bfilter%3Ddigest,0898海口美臀外卖回归贴]
2021/03/02 14:08:[https://f.w24.rocks/viewthread.php?tid=395005&extra=page%3D6%26amp%3Borderby%3Ddateline%26amp%3Bfilter%3Ddigest,朦胧的爱在心与心之间，用温柔细腻的感情编写最真的童话]
2021/03/02 14:08:[https://f.w24.rocks/viewthread.php?tid=393844&extra=page%3D6%26amp%3Borderby%3Ddateline%26amp%3Bfilter%3Ddigest,0516绿帽的幸福与苦恼（欢迎评论以及射屏）]
2021/03/02 14:08:[https://f.w24.rocks/viewthread.php?tid=393369&extra=page%3D6%26amp%3Borderby%3Ddateline%26amp%3Bfilter%3Ddigest,(申精)魔都上海人妻 白色情趣内衣 丝袜]
2021/03/02 14:09:[https://f.w24.rocks/viewthread.php?tid=391623&extra=page%3D7%26amp%3Borderby%3Ddateline%26amp%3Bfilter%3Ddigest,小次郎约战气质女神女神镜头感很强 全程很享受]
2021/03/02 14:09:[https://f.w24.rocks/viewthread.php?tid=391631&extra=page%3D7%26amp%3Borderby%3Ddateline%26amp%3Bfilter%3Ddigest,0575绍兴少妇姐姐的情趣内衣白丝鱼嘴高跟鞋，口活贼溜]
2021/03/02 14:09:[https://f.w24.rocks/viewthread.php?tid=390744&extra=page%3D7%26amp%3Borderby%3Ddateline%26amp%3Bfilter%3Ddigest,长沙包子原创室内室外33P]
2021/03/02 14:09:[https://f.w24.rocks/viewthread.php?tid=393220&extra=page%3D7%26amp%3Borderby%3Ddateline%26amp%3Bfilter%3Ddigest,《娇妻首发申精》027武汉一次完美的3P，巨乳肥臀厚阴唇]
2021/03/02 14:10:[https://f.w24.rocks/viewthread.php?tid=385668&extra=page%3D7%26amp%3Borderby%3Ddateline%26amp%3Bfilter%3Ddigest,上海 179身高 00后模特  集合贴（8月17日前可以交换、分享）]
2021/03/02 14:10:[https://f.w24.rocks/viewthread.php?tid=384284&extra=page%3D7%26amp%3Borderby%3Ddateline%26amp%3Bfilter%3Ddigest,1女战7男AV大场面、双龙入洞，老婆战力如何]
2021/03/02 14:10:[https://f.w24.rocks/viewthread.php?tid=382432&extra=page%3D7%26amp%3Borderby%3Ddateline%26amp%3Bfilter%3Ddigest,双诚记摄影作品南笙×北执（上篇）]
2021/03/02 14:10:[https://f.w24.rocks/viewthread.php?tid=381313&extra=page%3D8%26amp%3Borderby%3Ddateline%26amp%3Bfilter%3Ddigest,一寸柔情河南地区新人首贴，,空姐美腿老婆，申精999+]
2021/03/02 14:10:[https://f.w24.rocks/viewthread.php?tid=381278&extra=page%3D8%26amp%3Borderby%3Ddateline%26amp%3Bfilter%3Ddigest,010大战97欧美身材健身教练，满足兄弟淫妻欲]
2021/03/02 14:10:[https://f.w24.rocks/viewthread.php?tid=381274&extra=page%3D8%26amp%3Borderby%3Ddateline%26amp%3Bfilter%3Ddigest,020地区调教开发00后性奴（请求申精）]
2021/03/02 14:10:[https://f.w24.rocks/viewthread.php?tid=379896&extra=page%3D8%26amp%3Borderby%3Ddateline%26amp%3Bfilter%3Ddigest,蜜桃 0755地区 第一次4P  如约而至]
2021/03/02 14:10:[https://f.w24.rocks/viewthread.php?tid=379637&extra=page%3D8%26amp%3Borderby%3Ddateline%26amp%3Bfilter%3Ddigest,加精魔都MASTERS深夜采访91女M！超真实！求评论！]
2021/03/02 14:10:[https://f.w24.rocks/viewthread.php?tid=378500&extra=page%3D8%26amp%3Borderby%3Ddateline%26amp%3Bfilter%3Ddigest,树林里的一抹艳影，相约端午的美好相逢（求加精！！！）]
2021/03/02 14:11:[https://f.w24.rocks/viewthread.php?tid=378496&extra=page%3D8%26amp%3Borderby%3Ddateline%26amp%3Bfilter%3Ddigest,美少妇白丝鱼嘴高跟鞋包臀抹胸裙，不容错过！]
2021/03/02 14:11:[https://f.w24.rocks/viewthread.php?tid=378445&extra=page%3D8%26amp%3Borderby%3Ddateline%26amp%3Bfilter%3Ddigest,（申精）自备纸巾骚妻91年{妖精小狐狸}求淫生活照露脸]
2021/03/02 14:11:[https://f.w24.rocks/viewthread.php?tid=378336&extra=page%3D8%26amp%3Borderby%3Ddateline%26amp%3Bfilter%3Ddigest,JW9023重庆猫猫]
2021/03/02 14:11:[https://f.w24.rocks/viewthread.php?tid=378046&extra=page%3D8%26amp%3Borderby%3Ddateline%26amp%3Bfilter%3Ddigest,江小喬一个8p变成6p的小小活动（42p）]
2021/03/02 14:11:[https://f.w24.rocks/viewthread.php?tid=376463&extra=page%3D9%26amp%3Borderby%3Ddateline%26amp%3Bfilter%3Ddigest,长腿人妻 深圳沦陷——下部#雨中野战]
2021/03/02 14:11:[https://f.w24.rocks/viewthread.php?tid=376292&extra=page%3D9%26amp%3Borderby%3Ddateline%26amp%3Bfilter%3Ddigest,杭州人妻飘风的一些照片]
2021/03/02 14:28:[https://f.w24.rocks/viewthread.php?tid=376251&extra=page%3D9%26amp%3Borderby%3Ddateline%26amp%3Bfilter%3Ddigest,多动图展示第十七帖，申请加精（50P）]
2021/03/02 14:35:[https://f.w24.rocks/viewthread.php?tid=375395&extra=page%3D9%26amp%3Borderby%3Ddateline%26amp%3Bfilter%3Ddigest,多动图展示第十六帖，申请加精999]
2021/03/02 14:35:[https://f.w24.rocks/viewthread.php?tid=374691&extra=page%3D9%26amp%3Borderby%3Ddateline%26amp%3Bfilter%3Ddigest,体验北京女神妻妓]
2021/03/02 14:42:[https://f.w24.rocks/viewthread.php?tid=374658&extra=page%3D9%26amp%3Borderby%3Ddateline%26amp%3Bfilter%3Ddigest,多动图展示第十五帖]
2021/03/02 14:51:[https://f.w24.rocks/viewthread.php?tid=373854&extra=page%3D9%26amp%3Borderby%3Ddateline%26amp%3Bfilter%3Ddigest,多动图展示第十四帖，申请加精999]
2021/03/02 14:52:[https://f.w24.rocks/viewthread.php?tid=373372&extra=page%3D9%26amp%3Borderby%3Ddateline%26amp%3Bfilter%3Ddigest,（钢炮美食）多动图 丽江99年喷奶少妇]
2021/03/02 14:54:[https://f.w24.rocks/viewthread.php?tid=372760&extra=page%3D9%26amp%3Borderby%3Ddateline%26amp%3Bfilter%3Ddigest,DYs淫荡娇妻的迷乱之夜（上）39P]
2021/03/02 14:55:[https://f.w24.rocks/viewthread.php?tid=371597&extra=page%3D9%26amp%3Borderby%3Ddateline%26amp%3Bfilter%3Ddigest,0755身体可以隔离，灵魂必须放飞25P，附动图]
2021/03/02 14:56:[https://f.w24.rocks/viewthread.php?tid=370732&extra=page%3D9%26amp%3Borderby%3Ddateline%26amp%3Bfilter%3Ddigest,一次畅酣淋漓的交换两极品美臀美女申精999]
2021/03/02 14:57:[https://f.w24.rocks/viewthread.php?tid=369012&extra=page%3D9%26amp%3Borderby%3Ddateline%26amp%3Bfilter%3Ddigest,长腿少妇情趣诱惑]
2021/03/02 14:57:[https://f.w24.rocks/viewthread.php?tid=368958&extra=page%3D9%26amp%3Borderby%3Ddateline%26amp%3Bfilter%3Ddigest,重庆疫情结束3P小母狗轮流内射]
2021/03/02 14:57:[https://f.w24.rocks/viewthread.php?tid=368747&extra=page%3D9%26amp%3Borderby%3Ddateline%26amp%3Bfilter%3Ddigest,记录疫情前的一次4p，给老婆找单男]
2021/03/02 14:58:[https://f.w24.rocks/viewthread.php?tid=368531&extra=page%3D10%26amp%3Borderby%3Ddateline%26amp%3Bfilter%3Ddigest,任我行去年活动大合集微露脸 （上） 申精]
2021/03/02 14:58:[https://f.w24.rocks/viewthread.php?tid=367731&extra=page%3D10%26amp%3Borderby%3Ddateline%26amp%3Bfilter%3Ddigest,010帝都 初春雨夜 重逢灵魂情侣迷乱3P 期待情侣夫妻和你]
2021/03/02 14:58:[https://f.w24.rocks/viewthread.php?tid=366814&extra=page%3D10%26amp%3Borderby%3Ddateline%26amp%3Bfilter%3Ddigest,Stacy小蝴蝶KTV扮演陪酒小姐被轮上篇 求精！]
2021/03/02 14:59:[https://f.w24.rocks/viewthread.php?tid=366378&extra=page%3D10%26amp%3Borderby%3Ddateline%26amp%3Bfilter%3Ddigest,年前的4P活动，骚货是越来越骚，接受尺度越来越大。]
2021/03/02 14:59:[https://f.w24.rocks/viewthread.php?tid=365885&extra=page%3D10%26amp%3Borderby%3Ddateline%26amp%3Bfilter%3Ddigest,[023]85知性大奶温柔骚妻多P双插三通寻素质单男[25P]长期]
2021/03/02 14:59:[https://f.w24.rocks/viewthread.php?tid=364236&extra=page%3D10%26amp%3Borderby%3Ddateline%26amp%3Bfilter%3Ddigest,桂林地区]
2021/03/02 14:59:[https://f.w24.rocks/viewthread.php?tid=363934&extra=page%3D10%26amp%3Borderby%3Ddateline%26amp%3Bfilter%3Ddigest,0371！大年初一第一炮！(多图)释放肉体欲望的调教]
2021/03/02 15:00:[https://f.w24.rocks/viewthread.php?tid=363881&extra=page%3D10%26amp%3Borderby%3Ddateline%26amp%3Bfilter%3Ddigest,0731湖南长沙0878云南楚雄 不一样的你我她]
2021/03/02 15:11:[https://f.w24.rocks/viewthread.php?tid=362954&extra=page%3D10%26amp%3Borderby%3Ddateline%26amp%3Bfilter%3Ddigest,上海粉色情趣内衣+粉色道具Kingzai]
2021/03/02 15:11:[https://f.w24.rocks/viewthread.php?tid=361828&extra=page%3D11%26amp%3Borderby%3Ddateline%26amp%3Bfilter%3Ddigest,戏子露出系列（九）代友发贴古城印象]
2021/03/02 15:12:[https://f.w24.rocks/viewthread.php?tid=362048&extra=page%3D11%26amp%3Borderby%3Ddateline%26amp%3Bfilter%3Ddigest,人妓淼淼动车暴露潮喷+滴滴司机免单教学！十一季]
2021/03/02 15:12:[https://f.w24.rocks/viewthread.php?tid=361241&extra=page%3D11%26amp%3Borderby%3Ddateline%26amp%3Bfilter%3Ddigest,想入菲菲第二帖，动图微露脸，这几年的狂草和骚浪]
2021/03/02 15:12:[https://f.w24.rocks/viewthread.php?tid=361153&extra=page%3D11%26amp%3Borderby%3Ddateline%26amp%3Bfilter%3Ddigest,江小喬一个小小5p，温暖整个冬季（30p）]
2021/03/02 15:13:[https://f.w24.rocks/viewthread.php?tid=360875&extra=page%3D11%26amp%3Borderby%3Ddateline%26amp%3Bfilter%3Ddigest,光和老婆]
2021/03/02 15:13:[https://f.w24.rocks/viewthread.php?tid=359996&extra=page%3D11%26amp%3Borderby%3Ddateline%26amp%3Bfilter%3Ddigest,0791少女V之撕袜迷情]
2021/03/02 15:14:[https://f.w24.rocks/viewthread.php?tid=359842&extra=page%3D11%26amp%3Borderby%3Ddateline%26amp%3Bfilter%3Ddigest,迟到的DYs五一淫乱之旅（下）64P]
2021/03/02 15:14:[https://f.w24.rocks/viewthread.php?tid=358454&extra=page%3D11%26amp%3Borderby%3Ddateline%26amp%3Bfilter%3Ddigest,0451骚女友爱吃肉棒]
2021/03/02 15:14:[https://f.w24.rocks/viewthread.php?tid=357336&extra=page%3D11%26amp%3Borderby%3Ddateline%26amp%3Bfilter%3Ddigest,0371！18岁少女性爱调教初体验！清纯和淫荡的交叠]
2021/03/02 15:14:[https://f.w24.rocks/viewthread.php?tid=357280&extra=page%3D11%26amp%3Borderby%3Ddateline%26amp%3Bfilter%3Ddigest,夜深交颈效鸳鸯，锦被翻红浪95后新婚蜜月游]
2021/03/02 15:14:[https://f.w24.rocks/viewthread.php?tid=356819&extra=page%3D12%26amp%3Borderby%3Ddateline%26amp%3Bfilter%3Ddigest,027美穴人妻的第一次私拍体验（更新美穴特写）]
2021/03/02 15:15:[https://f.w24.rocks/viewthread.php?tid=356817&extra=page%3D12%26amp%3Borderby%3Ddateline%26amp%3Bfilter%3Ddigest,反差！少女的小清新露出，至淫贱母狗的转变！回归91求精]
2021/03/02 15:15:[https://f.w24.rocks/viewthread.php?tid=356551&extra=page%3D12%26amp%3Borderby%3Ddateline%26amp%3Bfilter%3Ddigest,群英荟夫妻日常3P小聚会，另招个长期母狗]
2021/03/02 15:15:[https://f.w24.rocks/viewthread.php?tid=356653&extra=page%3D12%26amp%3Borderby%3Ddateline%26amp%3Bfilter%3Ddigest,戏子露出系列（八）温泉后露出]
2021/03/02 15:15:[https://f.w24.rocks/viewthread.php?tid=354057&extra=page%3D12%26amp%3Borderby%3Ddateline%26amp%3Bfilter%3Ddigest,023重庆刮毛后的娇妻の黑丝诱惑掠影19p申精]
2021/03/02 15:16:[https://f.w24.rocks/viewthread.php?tid=354350&extra=page%3D12%26amp%3Borderby%3Ddateline%26amp%3Bfilter%3Ddigest,首发[028成都 wei行者]调教幼师]
2021/03/02 15:16:[https://f.w24.rocks/viewthread.php?tid=353731&extra=page%3D12%26amp%3Borderby%3Ddateline%26amp%3Bfilter%3Ddigest,深圳Kaily第四弹蜜桃臀小M丝袜高跟自慰肥嫩鲍鱼]
2021/03/02 15:16:[https://f.w24.rocks/viewthread.php?tid=353773&extra=page%3D12%26amp%3Borderby%3Ddateline%26amp%3Bfilter%3Ddigest,●辽宁阜新●0418……骚妹妹的寻人启事……53p露脸……申精]
2021/03/02 15:16:[https://f.w24.rocks/viewthread.php?tid=353366&extra=page%3D12%26amp%3Borderby%3Ddateline%26amp%3Bfilter%3Ddigest,翘臀人妻与小鲜肉的猛烈碰撞  动图申精]
2021/03/02 15:17:[https://f.w24.rocks/viewthread.php?tid=352604&extra=page%3D12%26amp%3Borderby%3Ddateline%26amp%3Bfilter%3Ddigest,小puppy到英国了 浴衣和露出]
2021/03/02 15:17:[https://f.w24.rocks/viewthread.php?tid=352214&extra=page%3D12%26amp%3Borderby%3Ddateline%26amp%3Bfilter%3Ddigest,（028）母狗调教]
2021/03/02 15:18:[https://f.w24.rocks/viewthread.php?tid=352072&extra=page%3D12%26amp%3Borderby%3Ddateline%26amp%3Bfilter%3Ddigest,KINGZAI上海在飞空姐来酒店实习]
2021/03/02 15:18:[https://f.w24.rocks/viewthread.php?tid=351613&extra=page%3D12%26amp%3Borderby%3Ddateline%26amp%3Bfilter%3Ddigest,青岛QD水咘咘有青有涩，有情有色]
2021/03/02 15:18:[https://f.w24.rocks/viewthread.php?tid=351231&extra=page%3D13%26amp%3Borderby%3Ddateline%26amp%3Bfilter%3Ddigest,028]
2021/03/02 15:18:[https://f.w24.rocks/viewthread.php?tid=350624&extra=page%3D13%26amp%3Borderby%3Ddateline%26amp%3Bfilter%3Ddigest,带美少妇老婆和两单男4P（双龙入洞），厦门寻优质单！]
2021/03/02 15:19:[https://f.w24.rocks/viewthread.php?tid=350505&extra=page%3D13%26amp%3Borderby%3Ddateline%26amp%3Bfilter%3Ddigest,小鹿女  深夜露出放飞自我   动图申精哦]
2021/03/02 15:19:[https://f.w24.rocks/viewthread.php?tid=350138&extra=page%3D13%26amp%3Borderby%3Ddateline%26amp%3Bfilter%3Ddigest,夫妻情趣创意拍色]
2021/03/02 15:33:[https://f.w24.rocks/viewthread.php?tid=350043&extra=page%3D13%26amp%3Borderby%3Ddateline%26amp%3Bfilter%3Ddigest,多动图展示第十二贴，申请加精。]
2021/03/02 15:34:[https://f.w24.rocks/viewthread.php?tid=348715&extra=page%3D13%26amp%3Borderby%3Ddateline%26amp%3Bfilter%3Ddigest,0755 学生妹的街头任务（搭讪，引诱，群啪，束缚，调教）]
2021/03/02 15:34:[https://f.w24.rocks/viewthread.php?tid=349648&extra=page%3D13%26amp%3Borderby%3Ddateline%26amp%3Bfilter%3Ddigest,魔都 和少妇一起到海边]
2021/03/02 15:34:[https://f.w24.rocks/viewthread.php?tid=348024&extra=page%3D13%26amp%3Borderby%3Ddateline%26amp%3Bfilter%3Ddigest,群英荟日常KTV小聚会]
2021/03/02 15:34:[https://f.w24.rocks/viewthread.php?tid=347616&extra=page%3D13%26amp%3Borderby%3Ddateline%26amp%3Bfilter%3Ddigest,嘉欣系列十穿丝袜的嘉欣小师妹在学校天台露出换衣服]
2021/03/02 15:35:[https://f.w24.rocks/viewthread.php?tid=347571&extra=page%3D13%26amp%3Borderby%3Ddateline%26amp%3Bfilter%3Ddigest,戏子露出系列（六）工地旁边大马路露出]
2021/03/02 15:35:[https://f.w24.rocks/viewthread.php?tid=346735&extra=page%3D13%26amp%3Borderby%3Ddateline%26amp%3Bfilter%3Ddigest,七夕献礼，温泉酒店的微醺人妻，温泉私拍走廊露出(20+P)。]
2021/03/02 15:35:[https://f.w24.rocks/viewthread.php?tid=346692&extra=page%3D13%26amp%3Borderby%3Ddateline%26amp%3Bfilter%3Ddigest,嘉欣系列七嘉欣小师妹黑丝真空爬山，好费肾啊！]
2021/03/02 15:36:[https://f.w24.rocks/viewthread.php?tid=346392&extra=page%3D14%26amp%3Borderby%3Ddateline%26amp%3Bfilter%3Ddigest,天津一日游]
2021/03/02 15:36:[https://f.w24.rocks/viewthread.php?tid=346234&extra=page%3D14%26amp%3Borderby%3Ddateline%26amp%3Bfilter%3Ddigest,挂图重发若隐若现景色宜人堪如画，漂流游山玩水楼梯]
2021/03/02 15:36:[https://f.w24.rocks/viewthread.php?tid=345935&extra=page%3D14%26amp%3Borderby%3Ddateline%26amp%3Bfilter%3Ddigest,西安夫妻第七季 傍晚天桥露出在家随拍]
2021/03/02 15:37:[https://f.w24.rocks/viewthread.php?tid=346108&extra=page%3D14%26amp%3Borderby%3Ddateline%26amp%3Bfilter%3Ddigest,戏子露出系列（五）三合一随缘观看]
2021/03/02 15:37:[https://f.w24.rocks/viewthread.php?tid=345613&extra=page%3D14%26amp%3Borderby%3Ddateline%26amp%3Bfilter%3Ddigest,嘉欣系列五内射白虎嘉欣小师妹]
2021/03/02 15:37:[https://f.w24.rocks/viewthread.php?tid=345516&extra=page%3D14%26amp%3Borderby%3Ddateline%26amp%3Bfilter%3Ddigest,神之露出（观众是亮点）]
2021/03/02 15:38:[https://f.w24.rocks/viewthread.php?tid=345506&extra=page%3D14%26amp%3Borderby%3Ddateline%26amp%3Bfilter%3Ddigest,戏子露出系列（四）没有太多特别镜头]
2021/03/02 15:38:[https://f.w24.rocks/viewthread.php?tid=345504&extra=page%3D14%26amp%3Borderby%3Ddateline%26amp%3Bfilter%3Ddigest,沈阳024色影师第八篇 拉拉]
2021/03/02 15:38:[https://f.w24.rocks/viewthread.php?tid=344178&extra=page%3D14%26amp%3Borderby%3Ddateline%26amp%3Bfilter%3Ddigest,戏子露出系列（一）公园马路]
2021/03/02 15:38:[https://f.w24.rocks/viewthread.php?tid=343343&extra=page%3D14%26amp%3Borderby%3Ddateline%26amp%3Bfilter%3Ddigest,♓双鱼小仙♓第一番 (上饶篇)少淑沦为陌生男人玩物]
2021/03/02 15:39:[https://f.w24.rocks/viewthread.php?tid=343255&extra=page%3D14%26amp%3Borderby%3Ddateline%26amp%3Bfilter%3Ddigest,帝都名媛媳妇长腿OL装的完美展示 征集单男！]
2021/03/02 15:39:[https://f.w24.rocks/viewthread.php?tid=342982&extra=page%3D14%26amp%3Borderby%3Ddateline%26amp%3Bfilter%3Ddigest,幸福的婚礼]
2021/03/02 15:40:[https://f.w24.rocks/viewthread.php?tid=343028&extra=page%3D14%26amp%3Borderby%3Ddateline%26amp%3Bfilter%3Ddigest,嘉欣系列三嘉欣小师妹在学校附近村庄路口大尺度露出]
2021/03/02 15:40:[https://f.w24.rocks/viewthread.php?tid=343245&extra=page%3D14%26amp%3Borderby%3Ddateline%26amp%3Bfilter%3Ddigest,与日本妞的东京热]
2021/03/02 15:40:[https://f.w24.rocks/viewthread.php?tid=342576&extra=page%3D14%26amp%3Borderby%3Ddateline%26amp%3Bfilter%3Ddigest,媳妇化身妓女，能卖多少钱]
