2021/03/01 10:02:[https://f.w24.rocks/viewthread.php?tid=406588&extra=page%3D2%26amp%3Borderby%3Ddateline%26amp%3Bfilter%3Ddigest,近期带闺蜜赴约台州的四位帅哥  两女四男大战三天三夜]
2021/03/01 10:02:[https://f.w24.rocks/viewthread.php?tid=405850&extra=page%3D3%26amp%3Borderby%3Ddateline%26amp%3Bfilter%3Ddigest,'BeautySoupTool' object has no attribute 'status_code']
2021/03/01 10:02:[https://f.w24.rocks/viewthread.php?tid=405006&extra=page%3D3%26amp%3Borderby%3Ddateline%26amp%3Bfilter%3Ddigest,0370情趣内衣调教，多图一次看个过瘾]
2021/03/01 10:04:[https://f.w24.rocks/viewthread.php?tid=404017&extra=page%3D3%26amp%3Borderby%3Ddateline%26amp%3Bfilter%3Ddigest,'BeautySoupTool' object has no attribute 'status_code']
2021/03/01 10:05:[https://f.w24.rocks/viewthread.php?tid=403501&extra=page%3D3%26amp%3Borderby%3Ddateline%26amp%3Bfilter%3Ddigest,'BeautySoupTool' object has no attribute 'status_code']
2021/03/01 10:05:[https://f.w24.rocks/viewthread.php?tid=403493&extra=page%3D3%26amp%3Borderby%3Ddateline%26amp%3Bfilter%3Ddigest,'BeautySoupTool' object has no attribute 'status_code']
2021/03/01 10:05:[https://f.w24.rocks/viewthread.php?tid=402972&extra=page%3D4%26amp%3Borderby%3Ddateline%26amp%3Bfilter%3Ddigest,'BeautySoupTool' object has no attribute 'status_code']
2021/03/01 10:05:[https://f.w24.rocks/viewthread.php?tid=403473&extra=page%3D4%26amp%3Borderby%3Ddateline%26amp%3Bfilter%3Ddigest,'BeautySoupTool' object has no attribute 'status_code']
2021/03/01 10:05:[https://f.w24.rocks/viewthread.php?tid=402971&extra=page%3D4%26amp%3Borderby%3Ddateline%26amp%3Bfilter%3Ddigest,'BeautySoupTool' object has no attribute 'status_code']
2021/03/01 10:29:[https://f.w24.rocks/viewthread.php?tid=401954&extra=page%3D4%26amp%3Borderby%3Ddateline%26amp%3Bfilter%3Ddigest,'BeautySoupTool' object has no attribute 'status_code']
2021/03/01 10:29:[https://f.w24.rocks/viewthread.php?tid=401638&extra=page%3D4%26amp%3Borderby%3Ddateline%26amp%3Bfilter%3Ddigest,'BeautySoupTool' object has no attribute 'status_code']
2021/03/01 10:34:[https://f.w24.rocks/viewthread.php?tid=400169&extra=page%3D5%26amp%3Borderby%3Ddateline%26amp%3Bfilter%3Ddigest,关闭了，关闭了，关闭了，]
2021/03/01 10:36:[https://f.w24.rocks/viewthread.php?tid=399369&extra=page%3D5%26amp%3Borderby%3Ddateline%26amp%3Bfilter%3Ddigest,'BeautySoupTool' object has no attribute 'status_code']
2021/03/01 10:36:[https://f.w24.rocks/viewthread.php?tid=398435&extra=page%3D5%26amp%3Borderby%3Ddateline%26amp%3Bfilter%3Ddigest,带老婆游山玩水第二弹，高原缺氧更骚！]
2021/03/01 10:38:[https://f.w24.rocks/viewthread.php?tid=396530&extra=page%3D6%26amp%3Borderby%3Ddateline%26amp%3Bfilter%3Ddigest,'BeautySoupTool' object has no attribute 'status_code']
2021/03/01 10:38:[https://f.w24.rocks/viewthread.php?tid=396499&extra=page%3D6%26amp%3Borderby%3Ddateline%26amp%3Bfilter%3Ddigest,'BeautySoupTool' object has no attribute 'status_code']
2021/03/01 10:39:[https://f.w24.rocks/viewthread.php?tid=396241&extra=page%3D6%26amp%3Borderby%3Ddateline%26amp%3Bfilter%3Ddigest,小母狗的4P现场！有桂林的朋友吗]
2021/03/01 10:39:[https://f.w24.rocks/viewthread.php?tid=395730&extra=page%3D6%26amp%3Borderby%3Ddateline%26amp%3Bfilter%3Ddigest,'BeautySoupTool' object has no attribute 'status_code']
2021/03/01 10:39:[https://f.w24.rocks/viewthread.php?tid=395697&extra=page%3D6%26amp%3Borderby%3Ddateline%26amp%3Bfilter%3Ddigest,无锡0510  露出+3P 玩的不亦乐乎]
2021/03/01 10:40:[https://f.w24.rocks/viewthread.php?tid=395005&extra=page%3D6%26amp%3Borderby%3Ddateline%26amp%3Bfilter%3Ddigest,'BeautySoupTool' object has no attribute 'status_code']
2021/03/01 10:40:[https://f.w24.rocks/viewthread.php?tid=393558&extra=page%3D6%26amp%3Borderby%3Ddateline%26amp%3Bfilter%3Ddigest,绝美OL私房穿上空姐制服，边脱丝袜边发情]
2021/03/01 10:41:[https://f.w24.rocks/viewthread.php?tid=391623&extra=page%3D7%26amp%3Borderby%3Ddateline%26amp%3Bfilter%3Ddigest,'BeautySoupTool' object has no attribute 'status_code']
2021/03/01 10:43:[https://f.w24.rocks/viewthread.php?tid=388869&extra=page%3D7%26amp%3Borderby%3Ddateline%26amp%3Bfilter%3Ddigest,啦啦啦啦啦啦啦]
2021/03/01 10:44:[https://f.w24.rocks/viewthread.php?tid=385987&extra=page%3D7%26amp%3Borderby%3Ddateline%26amp%3Bfilter%3Ddigest,'BeautySoupTool' object has no attribute 'status_code']
2021/03/01 10:44:[https://f.w24.rocks/viewthread.php?tid=385668&extra=page%3D7%26amp%3Borderby%3Ddateline%26amp%3Bfilter%3Ddigest,'BeautySoupTool' object has no attribute 'status_code']
2021/03/01 10:57:[https://f.w24.rocks/viewthread.php?tid=382442&extra=page%3D7%26amp%3Borderby%3Ddateline%26amp%3Bfilter%3Ddigest,关闭了，关闭了，关闭了，]
2021/03/01 10:57:[https://f.w24.rocks/viewthread.php?tid=381366&extra=page%3D7%26amp%3Borderby%3Ddateline%26amp%3Bfilter%3Ddigest,(一夜)绝对福利三P之约，帮朋友发贴，申请加精。。。。。]
2021/03/02 14:00:[https://f.w24.rocks/viewthread.php?tid=411479&extra=page%3D1%26amp%3Borderby%3Ddateline%26amp%3Bfilter%3Ddigest,调  教！坐标山东0633！]
2021/03/02 14:00:[https://f.w24.rocks/viewthread.php?tid=406588&extra=page%3D2%26amp%3Borderby%3Ddateline%26amp%3Bfilter%3Ddigest,近期带闺蜜赴约台州的四位帅哥  两女四男大战三天三夜]
2021/03/02 14:01:[https://f.w24.rocks/viewthread.php?tid=405799&extra=page%3D3%26amp%3Borderby%3Ddateline%26amp%3Bfilter%3Ddigest,'BeautySoupTool' object has no attribute 'status_code']
2021/03/02 14:01:[https://f.w24.rocks/viewthread.php?tid=405006&extra=page%3D3%26amp%3Borderby%3Ddateline%26amp%3Bfilter%3Ddigest,0370情趣内衣调教，多图一次看个过瘾]
2021/03/02 14:01:[https://f.w24.rocks/viewthread.php?tid=404299&extra=page%3D3%26amp%3Borderby%3Ddateline%26amp%3Bfilter%3Ddigest,Ts]
2021/03/02 14:02:[https://f.w24.rocks/viewthread.php?tid=404017&extra=page%3D3%26amp%3Borderby%3Ddateline%26amp%3Bfilter%3Ddigest,2021第一调极品极品母狗！别羡慕我，这是我未婚妻]
2021/03/02 14:02:[https://f.w24.rocks/viewthread.php?tid=403951&extra=page%3D3%26amp%3Borderby%3Ddateline%26amp%3Bfilter%3Ddigest,巨乳人妻时隔一年多重回91，祝大家2021牛转乾坤!!申精！]
2021/03/02 14:02:[https://f.w24.rocks/viewthread.php?tid=403727&extra=page%3D3%26amp%3Borderby%3Ddateline%26amp%3Bfilter%3Ddigest,江浙沪摄影师反差工装短发A妹大奶 废墟露出突遇]
2021/03/02 14:05:[https://f.w24.rocks/viewthread.php?tid=402167&extra=page%3D4%26amp%3Borderby%3Ddateline%26amp%3Bfilter%3Ddigest,14号双飞作业]
2021/03/02 14:05:[https://f.w24.rocks/viewthread.php?tid=401954&extra=page%3D4%26amp%3Borderby%3Ddateline%26amp%3Bfilter%3Ddigest,E奶少妇的情趣丝袜——合作快乐出品]
2021/03/02 14:06:[https://f.w24.rocks/viewthread.php?tid=401638&extra=page%3D4%26amp%3Borderby%3Ddateline%26amp%3Bfilter%3Ddigest,'BeautySoupTool' object has no attribute 'status_code']
2021/03/02 14:06:[https://f.w24.rocks/viewthread.php?tid=400464&extra=page%3D5%26amp%3Borderby%3Ddateline%26amp%3Bfilter%3Ddigest,C小姐电影院情节 第二次3P活动（0574宁波地区及周边）]
2021/03/02 14:06:[https://f.w24.rocks/viewthread.php?tid=400169&extra=page%3D5%26amp%3Borderby%3Ddateline%26amp%3Bfilter%3Ddigest,关闭了，关闭了，关闭了，]
2021/03/02 14:06:[https://f.w24.rocks/viewthread.php?tid=399617&extra=page%3D5%26amp%3Borderby%3Ddateline%26amp%3Bfilter%3Ddigest,京华人妻，你们喜欢的骚货回来l 三季]
2021/03/02 14:07:[https://f.w24.rocks/viewthread.php?tid=398435&extra=page%3D5%26amp%3Borderby%3Ddateline%26amp%3Bfilter%3Ddigest,带老婆游山玩水第二弹，高原缺氧更骚！]
2021/03/02 14:07:[https://f.w24.rocks/viewthread.php?tid=397775&extra=page%3D5%26amp%3Borderby%3Ddateline%26amp%3Bfilter%3Ddigest,027武汉小M的丝袜调教内射中出，招单女、新手绿帽情侣夫妻]
2021/03/02 14:07:[https://f.w24.rocks/viewthread.php?tid=397659&extra=page%3D5%26amp%3Borderby%3Ddateline%26amp%3Bfilter%3Ddigest,绿奴女神老婆的首次3p]
2021/03/02 14:07:[https://f.w24.rocks/viewthread.php?tid=397426&extra=page%3D5%26amp%3Borderby%3Ddateline%26amp%3Bfilter%3Ddigest,新人丝袜淫妻第一次发帖]
2021/03/02 14:07:[https://f.w24.rocks/viewthread.php?tid=396530&extra=page%3D6%26amp%3Borderby%3Ddateline%26amp%3Bfilter%3Ddigest,骚妻的首次活动3P 没想到来了一次完美的4P]
2021/03/02 14:07:[https://f.w24.rocks/viewthread.php?tid=396481&extra=page%3D6%26amp%3Borderby%3Ddateline%26amp%3Bfilter%3Ddigest,接受圣水、毒龙、吞精、舔脚的母狗来]
2021/03/02 14:07:[https://f.w24.rocks/viewthread.php?tid=396241&extra=page%3D6%26amp%3Borderby%3Ddateline%26amp%3Bfilter%3Ddigest,小母狗的4P现场！有桂林的朋友吗]
2021/03/02 14:08:[https://f.w24.rocks/viewthread.php?tid=395730&extra=page%3D6%26amp%3Borderby%3Ddateline%26amp%3Bfilter%3Ddigest,今天的内容是，“口爆普拉提教练”]
2021/03/02 14:08:[https://f.w24.rocks/viewthread.php?tid=395697&extra=page%3D6%26amp%3Borderby%3Ddateline%26amp%3Bfilter%3Ddigest,无锡0510  露出+3P 玩的不亦乐乎]
2021/03/02 14:08:[https://f.w24.rocks/viewthread.php?tid=393558&extra=page%3D6%26amp%3Borderby%3Ddateline%26amp%3Bfilter%3Ddigest,绝美OL私房穿上空姐制服，边脱丝袜边发情]
2021/03/02 14:09:[https://f.w24.rocks/viewthread.php?tid=391066&extra=page%3D7%26amp%3Borderby%3Ddateline%26amp%3Bfilter%3Ddigest,戏子露出系列《十一》天冷 下雨 随缘]
2021/03/02 14:09:[https://f.w24.rocks/viewthread.php?tid=390114&extra=page%3D7%26amp%3Borderby%3Ddateline%26amp%3Bfilter%3Ddigest,0373阴环骚妻再单约，附加内射动图，求加精]
2021/03/02 14:10:[https://f.w24.rocks/viewthread.php?tid=388869&extra=page%3D7%26amp%3Borderby%3Ddateline%26amp%3Bfilter%3Ddigest,啦啦啦啦啦啦啦]
2021/03/02 14:10:[https://f.w24.rocks/viewthread.php?tid=386861&extra=page%3D7%26amp%3Borderby%3Ddateline%26amp%3Bfilter%3Ddigest,长沙包子原创作品室外爬山室内温泉32P]
2021/03/02 14:10:[https://f.w24.rocks/viewthread.php?tid=382442&extra=page%3D7%26amp%3Borderby%3Ddateline%26amp%3Bfilter%3Ddigest,关闭了，关闭了，关闭了，]
2021/03/02 14:10:[https://f.w24.rocks/viewthread.php?tid=381366&extra=page%3D7%26amp%3Borderby%3Ddateline%26amp%3Bfilter%3Ddigest,(一夜)绝对福利三P之约，帮朋友发贴，申请加精。。。。。]
2021/03/02 14:10:[https://f.w24.rocks/viewthread.php?tid=380501&extra=page%3D8%26amp%3Borderby%3Ddateline%26amp%3Bfilter%3Ddigest,小潮0451江北cos旗袍加婚纱露出]
2021/03/02 14:10:[https://f.w24.rocks/viewthread.php?tid=379032&extra=page%3D8%26amp%3Borderby%3Ddateline%26amp%3Bfilter%3Ddigest,关闭了，关闭了，关闭了，]
2021/03/02 14:10:[https://f.w24.rocks/viewthread.php?tid=378844&extra=page%3D8%26amp%3Borderby%3Ddateline%26amp%3Bfilter%3Ddigest,0370夏天就是要穿旗袍，多图一次看个过瘾]
2021/03/02 14:11:[https://f.w24.rocks/viewthread.php?tid=378349&extra=page%3D8%26amp%3Borderby%3Ddateline%26amp%3Bfilter%3Ddigest,ROADMAN原创出品，大连萌萌千里送逼]
2021/03/02 14:11:[https://f.w24.rocks/viewthread.php?tid=377724&extra=page%3D8%26amp%3Borderby%3Ddateline%26amp%3Bfilter%3Ddigest,ROADMAN出品，记录周六单男的活动聚会]
2021/03/02 14:55:[https://f.w24.rocks/viewthread.php?tid=371058&extra=page%3D9%26amp%3Borderby%3Ddateline%26amp%3Bfilter%3Ddigest,029泡馍第7季『银枪入洞卷残云，风驰电掣巫山雨』]
2021/03/02 14:56:[https://f.w24.rocks/viewthread.php?tid=369999&extra=page%3D9%26amp%3Borderby%3Ddateline%26amp%3Bfilter%3Ddigest,'BeautySoupTool' object has no attribute 'status_code']
2021/03/02 14:56:[https://f.w24.rocks/viewthread.php?tid=369108&extra=page%3D9%26amp%3Borderby%3Ddateline%26amp%3Bfilter%3Ddigest,鹿与玫瑰海172小奴 室外漏出后被我领回家蹂躏 招单男]
2021/03/02 14:57:[https://f.w24.rocks/viewthread.php?tid=368716&extra=page%3D10%26amp%3Borderby%3Ddateline%26amp%3Bfilter%3Ddigest,'BeautySoupTool' object has no attribute 'status_code']
2021/03/02 14:58:[https://f.w24.rocks/viewthread.php?tid=368214&extra=page%3D10%26amp%3Borderby%3Ddateline%26amp%3Bfilter%3Ddigest,。。。]
2021/03/02 14:58:[https://f.w24.rocks/viewthread.php?tid=367050&extra=page%3D10%26amp%3Borderby%3Ddateline%26amp%3Bfilter%3Ddigest,aufwei]
2021/03/02 14:58:[https://f.w24.rocks/viewthread.php?tid=366530&extra=page%3D10%26amp%3Borderby%3Ddateline%26amp%3Bfilter%3Ddigest,auf]
2021/03/02 14:59:[https://f.w24.rocks/viewthread.php?tid=364163&extra=page%3D10%26amp%3Borderby%3Ddateline%26amp%3Bfilter%3Ddigest,十三先生年前黑丝高跟娇妻圆满完成第一次3P申精]
2021/03/02 15:00:[https://f.w24.rocks/viewthread.php?tid=363472&extra=page%3D10%26amp%3Borderby%3Ddateline%26amp%3Bfilter%3Ddigest,'BeautySoupTool' object has no attribute 'status_code']
2021/03/02 15:11:[https://f.w24.rocks/viewthread.php?tid=362330&extra=page%3D10%26amp%3Borderby%3Ddateline%26amp%3Bfilter%3Ddigest,北京读研小美女SM体验记]
2021/03/02 15:11:[https://f.w24.rocks/viewthread.php?tid=362083&extra=page%3D11%26amp%3Borderby%3Ddateline%26amp%3Bfilter%3Ddigest,申精！魔都高端五星酒店与单男的第三次！ 招单男！！！]
2021/03/02 15:12:[https://f.w24.rocks/viewthread.php?tid=361173&extra=page%3D11%26amp%3Borderby%3Ddateline%26amp%3Bfilter%3Ddigest,]
2021/03/02 15:13:[https://f.w24.rocks/viewthread.php?tid=361152&extra=page%3D11%26amp%3Borderby%3Ddateline%26amp%3Bfilter%3Ddigest,'BeautySoupTool' object has no attribute 'status_code']
2021/03/02 15:13:[https://f.w24.rocks/viewthread.php?tid=360131&extra=page%3D11%26amp%3Borderby%3Ddateline%26amp%3Bfilter%3Ddigest,(坐标武汉）调教凌辱一个出轨小少妇（终极篇）！]
2021/03/02 15:13:[https://f.w24.rocks/viewthread.php?tid=360069&extra=page%3D11%26amp%3Borderby%3Ddateline%26amp%3Bfilter%3Ddigest,029 年末轻松愉快的一次3P]
2021/03/02 15:14:[https://f.w24.rocks/viewthread.php?tid=357243&extra=page%3D12%26amp%3Borderby%3Ddateline%26amp%3Bfilter%3Ddigest,深圳绿岸&第四季双飞四P]
2021/03/02 15:15:[https://f.w24.rocks/viewthread.php?tid=356320&extra=page%3D12%26amp%3Borderby%3Ddateline%26amp%3Bfilter%3Ddigest,小潮，慵懒的下午慵懒的床！]
2021/03/02 15:15:[https://f.w24.rocks/viewthread.php?tid=354474&extra=page%3D12%26amp%3Borderby%3Ddateline%26amp%3Bfilter%3Ddigest,[新人] 空姐小情人，性感黑丝，等待有缘人（上）]
2021/03/02 15:16:[https://f.w24.rocks/viewthread.php?tid=353276&extra=page%3D12%26amp%3Borderby%3Ddateline%26amp%3Bfilter%3Ddigest,淘宝嫩模，差点告我强奸，170长腿一线天。 [41P]]
2021/03/02 15:18:[https://f.w24.rocks/viewthread.php?tid=351627&extra=page%3D12%26amp%3Borderby%3Ddateline%26amp%3Bfilter%3Ddigest,编辑了]
2021/03/02 15:18:[https://f.w24.rocks/viewthread.php?tid=351262&extra=page%3D13%26amp%3Borderby%3Ddateline%26amp%3Bfilter%3Ddigest,小小脑斧记一次90后娇妻的日常3P 换板块重发 申精]
2021/03/02 15:19:[https://f.w24.rocks/viewthread.php?tid=350474&extra=page%3D13%26amp%3Borderby%3Ddateline%26amp%3Bfilter%3Ddigest,嘉欣系列十一嘉欣师妹全裸露出被十六个路人看光身体]
2021/03/02 15:34:[https://f.w24.rocks/viewthread.php?tid=348305&extra=page%3D13%26amp%3Borderby%3Ddateline%26amp%3Bfilter%3Ddigest,0551丝袜高跟骚货OL娇妻4P愿望达成]
2021/03/02 15:34:[https://f.w24.rocks/viewthread.php?tid=348272&extra=page%3D13%26amp%3Borderby%3Ddateline%26amp%3Bfilter%3Ddigest,再见啦～～]
2021/03/02 15:35:[https://f.w24.rocks/viewthread.php?tid=346788&extra=page%3D13%26amp%3Borderby%3Ddateline%26amp%3Bfilter%3Ddigest,嘉欣系列八嘉欣小师妹全裸露出带你游览学校]
2021/03/02 15:35:[https://f.w24.rocks/viewthread.php?tid=346464&extra=page%3D13%26amp%3Borderby%3Ddateline%26amp%3Bfilter%3Ddigest,一]
2021/03/02 15:37:[https://f.w24.rocks/viewthread.php?tid=345674&extra=page%3D14%26amp%3Borderby%3Ddateline%26amp%3Bfilter%3Ddigest,黑白人妻这就是我们喜欢的风格]
2021/03/02 15:38:[https://f.w24.rocks/viewthread.php?tid=345256&extra=page%3D14%26amp%3Borderby%3Ddateline%26amp%3Bfilter%3Ddigest,戏子露出系列（三）晚饭后小区周围露出]
2021/03/02 15:38:[https://f.w24.rocks/viewthread.php?tid=345249&extra=page%3D14%26amp%3Borderby%3Ddateline%26amp%3Bfilter%3Ddigest,烟台字母夫妻91首发！极品女神美腿露出系列！待续NO2]
