2021/03/02 16:10:[https://f.w24.rocks/viewthread.php?tid=411632&extra=page%3D1%26amp%3Borderby%3Ddateline%26amp%3Bfilter%3D2592000,0571原创有验证 小雪的回馈第二弹  求加精+999]
2021/03/02 16:10:[https://f.w24.rocks/viewthread.php?tid=411601&extra=page%3D1%26amp%3Borderby%3Ddateline%26amp%3Bfilter%3D2592000,冷先生收网调母狗战斗结束可以休息了]
2021/03/02 16:11:[https://f.w24.rocks/viewthread.php?tid=411542&extra=page%3D1%26amp%3Borderby%3Ddateline%26amp%3Bfilter%3D2592000,申精 2021新年首贴 95后嫩娇妻 旗袍➕黑丝美腿]
2021/03/02 16:11:[https://f.w24.rocks/viewthread.php?tid=411541&extra=page%3D1%26amp%3Borderby%3Ddateline%26amp%3Bfilter%3D2592000,北京191cm帅气男生寻长期伙伴，独居，给你释放的空间]
2021/03/02 16:11:[https://f.w24.rocks/viewthread.php?tid=411535&extra=page%3D1%26amp%3Borderby%3Ddateline%26amp%3Bfilter%3D2592000,记录老婆的五个“第一次”]
2021/03/02 16:12:[https://f.w24.rocks/viewthread.php?tid=411530&extra=page%3D2%26amp%3Borderby%3Ddateline%26amp%3Bfilter%3D2592000,025南京年轻颜值单男征友， 另无偿帮忙代发帖]
2021/03/02 16:12:[https://f.w24.rocks/viewthread.php?tid=411528&extra=page%3D2%26amp%3Borderby%3Ddateline%26amp%3Bfilter%3D2592000,致==默菲==]
2021/03/02 16:12:[https://f.w24.rocks/viewthread.php?tid=411519&extra=page%3D2%26amp%3Borderby%3Ddateline%26amp%3Bfilter%3D2592000,028浪味仙一条欲求不满的骚母狗，反差婊浪味仙]
2021/03/02 16:12:[https://f.w24.rocks/viewthread.php?tid=411413&extra=page%3D2%26amp%3Borderby%3Ddateline%26amp%3Bfilter%3D2592000,010新年后的第一次3P]
2021/03/02 16:13:[https://f.w24.rocks/viewthread.php?tid=411434&extra=page%3D2%26amp%3Borderby%3Ddateline%26amp%3Bfilter%3D2592000,老婆的小BB，一次展示个够，等大佬将来艹的时候也不会陌生]
2021/03/02 16:13:[https://f.w24.rocks/viewthread.php?tid=411404&extra=page%3D2%26amp%3Borderby%3Ddateline%26amp%3Bfilter%3D2592000,一只桃子京津冀情侣]
2021/03/02 16:13:[https://f.w24.rocks/viewthread.php?tid=411394&extra=page%3D2%26amp%3Borderby%3Ddateline%26amp%3Bfilter%3D2592000,春回大地，春暖花开，又到了交配的季节]
2021/03/02 16:13:[https://f.w24.rocks/viewthread.php?tid=411412&extra=page%3D2%26amp%3Borderby%3Ddateline%26amp%3Bfilter%3D2592000,京津冀经验夫妻寻夫妻、情侣、单女，共享精彩人生！]
2021/03/02 16:13:[https://f.w24.rocks/viewthread.php?tid=411401&extra=page%3D2%26amp%3Borderby%3Ddateline%26amp%3Bfilter%3D2592000,帝都韩金阁新年调教少妇被干到失神活动征单男！！]
2021/03/02 16:13:[https://f.w24.rocks/viewthread.php?tid=411297&extra=page%3D3%26amp%3Borderby%3Ddateline%26amp%3Bfilter%3D2592000,上深 大奶媳妇226 制服控来]
2021/03/02 16:13:[https://f.w24.rocks/viewthread.php?tid=411285&extra=page%3D3%26amp%3Borderby%3Ddateline%26amp%3Bfilter%3D2592000,2月28日。浙江衢州0570 缺一对夫妻情侣活动]
2021/03/02 16:14:[https://f.w24.rocks/viewthread.php?tid=411278&extra=page%3D3%26amp%3Borderby%3Ddateline%26amp%3Bfilter%3D2592000,古都西安 029  骚母狗求优质夫妻和单男]
2021/03/02 16:14:[https://f.w24.rocks/viewthread.php?tid=411246&extra=page%3D3%26amp%3Borderby%3Ddateline%26amp%3Bfilter%3D2592000,苏雪女s新收反差母狗第二帖（带验证求精）]
2021/03/02 16:14:[https://f.w24.rocks/viewthread.php?tid=411245&extra=page%3D3%26amp%3Borderby%3Ddateline%26amp%3Bfilter%3D2592000,云南昆明，骚媳妇属于反差类夫妻寻同好交流]
2021/03/02 16:14:[https://f.w24.rocks/viewthread.php?tid=411632&extra=page%3D1%26amp%3Borderby%3Ddateline%26amp%3Bfilter%3D2592000,0571原创有验证 小雪的回馈第二弹  求加精+999]
2021/03/02 16:14:[https://f.w24.rocks/viewthread.php?tid=411601&extra=page%3D1%26amp%3Borderby%3Ddateline%26amp%3Bfilter%3D2592000,冷先生收网调母狗战斗结束可以休息了]
2021/03/02 16:15:[https://f.w24.rocks/viewthread.php?tid=411574&extra=page%3D1%26amp%3Borderby%3Ddateline%26amp%3Bfilter%3D2592000,172模特身材··动图gif]
2021/03/02 16:15:[https://f.w24.rocks/viewthread.php?tid=411542&extra=page%3D1%26amp%3Borderby%3Ddateline%26amp%3Bfilter%3D2592000,申精 2021新年首贴 95后嫩娇妻 旗袍➕黑丝美腿]
2021/03/02 16:15:[https://f.w24.rocks/viewthread.php?tid=411541&extra=page%3D1%26amp%3Borderby%3Ddateline%26amp%3Bfilter%3D2592000,北京191cm帅气男生寻长期伙伴，独居，给你释放的空间]
2021/03/02 16:15:[https://f.w24.rocks/viewthread.php?tid=411535&extra=page%3D1%26amp%3Borderby%3Ddateline%26amp%3Bfilter%3D2592000,记录老婆的五个“第一次”]
2021/03/02 16:15:[https://f.w24.rocks/viewthread.php?tid=411528&extra=page%3D2%26amp%3Borderby%3Ddateline%26amp%3Bfilter%3D2592000,致==默菲==]
2021/03/02 16:15:[https://f.w24.rocks/viewthread.php?tid=411527&extra=page%3D2%26amp%3Borderby%3Ddateline%26amp%3Bfilter%3D2592000,羞妻开门露出，黑丝美腿后入到高潮，出原味，求精！]
2021/03/02 16:16:[https://f.w24.rocks/viewthread.php?tid=411519&extra=page%3D2%26amp%3Borderby%3Ddateline%26amp%3Bfilter%3D2592000,028浪味仙一条欲求不满的骚母狗，反差婊浪味仙]
2021/03/02 16:16:[https://f.w24.rocks/viewthread.php?tid=411434&extra=page%3D2%26amp%3Borderby%3Ddateline%26amp%3Bfilter%3D2592000,老婆的小BB，一次展示个够，等大佬将来艹的时候也不会陌生]
2021/03/02 16:16:[https://f.w24.rocks/viewthread.php?tid=411413&extra=page%3D2%26amp%3Borderby%3Ddateline%26amp%3Bfilter%3D2592000,010新年后的第一次3P]
2021/03/02 16:16:[https://f.w24.rocks/viewthread.php?tid=411412&extra=page%3D2%26amp%3Borderby%3Ddateline%26amp%3Bfilter%3D2592000,京津冀经验夫妻寻夫妻、情侣、单女，共享精彩人生！]
2021/03/02 16:16:[https://f.w24.rocks/viewthread.php?tid=411404&extra=page%3D2%26amp%3Borderby%3Ddateline%26amp%3Bfilter%3D2592000,一只桃子京津冀情侣]
2021/03/02 16:16:[https://f.w24.rocks/viewthread.php?tid=411401&extra=page%3D2%26amp%3Borderby%3Ddateline%26amp%3Bfilter%3D2592000,帝都韩金阁新年调教少妇被干到失神活动征单男！！]
2021/03/02 16:16:[https://f.w24.rocks/viewthread.php?tid=411394&extra=page%3D2%26amp%3Borderby%3Ddateline%26amp%3Bfilter%3D2592000,春回大地，春暖花开，又到了交配的季节]
2021/03/02 16:16:[https://f.w24.rocks/viewthread.php?tid=411334&extra=page%3D3%26amp%3Borderby%3Ddateline%26amp%3Bfilter%3D2592000,二年级男朋友在洗澡，我在床上自拍等他出来战斗]
2021/03/02 16:16:[https://f.w24.rocks/viewthread.php?tid=411297&extra=page%3D3%26amp%3Borderby%3Ddateline%26amp%3Bfilter%3D2592000,上深 大奶媳妇226 制服控来]
2021/03/02 16:17:[https://f.w24.rocks/viewthread.php?tid=411285&extra=page%3D3%26amp%3Borderby%3Ddateline%26amp%3Bfilter%3D2592000,2月28日。浙江衢州0570 缺一对夫妻情侣活动]
2021/03/02 16:17:[https://f.w24.rocks/viewthread.php?tid=411278&extra=page%3D3%26amp%3Borderby%3Ddateline%26amp%3Bfilter%3D2592000,古都西安 029  骚母狗求优质夫妻和单男]
2021/03/02 16:17:[https://f.w24.rocks/viewthread.php?tid=411246&extra=page%3D3%26amp%3Borderby%3Ddateline%26amp%3Bfilter%3D2592000,苏雪女s新收反差母狗第二帖（带验证求精）]
2021/03/02 16:17:[https://f.w24.rocks/viewthread.php?tid=411245&extra=page%3D3%26amp%3Borderby%3Ddateline%26amp%3Bfilter%3D2592000,云南昆明，骚媳妇属于反差类夫妻寻同好交流]
