2021/02/04 13:55:[https://f.w24.rocks/viewthread.php?tid=407913&extra=page%3D1%26amp%3Borderby%3Ddateline%26amp%3Bfilter%3D2592000,500人斩教你如何聊骚约p之搭讪02年小北鼻约炮 ]
2021/02/04 13:56:[https://f.w24.rocks/viewthread.php?tid=407895&extra=page%3D1%26amp%3Borderby%3Ddateline%26amp%3Bfilter%3D2592000,Ts]
2021/02/04 13:56:[https://f.w24.rocks/viewthread.php?tid=407902&extra=page%3D1%26amp%3Borderby%3Ddateline%26amp%3Bfilter%3D2592000,蒙A夫妻近期在呼市活动，（2825、184159、7541体制内工作） ]
2021/02/04 14:08:[https://f.w24.rocks/viewthread.php?tid=407876&extra=page%3D1%26amp%3Borderby%3Ddateline%26amp%3Bfilter%3D2592000,（申精）武汉单男调教骚母狗，现征集调教新玩法，福利 ]
2021/02/04 14:08:[https://f.w24.rocks/viewthread.php?tid=407886&extra=page%3D1%26amp%3Borderby%3Ddateline%26amp%3Bfilter%3D2592000,伪娘馨雅，眼镜娘OL装，反差露脸漏点自拍，不喜勿点 ]
2021/02/04 14:09:[https://f.w24.rocks/viewthread.php?tid=407875&extra=page%3D1%26amp%3Borderby%3Ddateline%26amp%3Bfilter%3D2592000,0371秘书vs学生 ]
2021/02/04 14:09:[https://f.w24.rocks/viewthread.php?tid=407855&extra=page%3D2%26amp%3Borderby%3Ddateline%26amp%3Bfilter%3D2592000,500人斩教你如何聊骚约p之搭讪00后高端商服 ]
2021/02/04 14:09:[https://f.w24.rocks/viewthread.php?tid=407853&extra=page%3D2%26amp%3Borderby%3Ddateline%26amp%3Bfilter%3D2592000,第一次发帖，95后颜值情侣寻北方靠谱单男，情侣（带验证） ]
2021/02/04 14:09:[https://f.w24.rocks/viewthread.php?tid=407843&extra=page%3D2%26amp%3Borderby%3Ddateline%26amp%3Bfilter%3D2592000,0371郑州建了个郑州本地夫妻交流群 ]
2021/02/04 14:09:[https://f.w24.rocks/viewthread.php?tid=407839&extra=page%3D2%26amp%3Borderby%3Ddateline%26amp%3Bfilter%3D2592000,经验夫妻欢迎真诚素质朋友交流、活动！ ]
2021/02/04 14:13:[https://f.w24.rocks/viewthread.php?tid=407814&extra=page%3D2%26amp%3Borderby%3Ddateline%26amp%3Bfilter%3D2592000,苏雪女s新收一条外围女骚浪贱母狗可全国空降露脸 ]
2021/02/04 14:13:[https://f.w24.rocks/viewthread.php?tid=407726&extra=page%3D2%26amp%3Borderby%3Ddateline%26amp%3Bfilter%3D2592000,0510无锡，0519常州，0512苏州周边，寻找单女，绿帽夫妻 ]
2021/02/05 09:03:[https://f.w24.rocks/viewthread.php?tid=408027&extra=page%3D1%26amp%3Borderby%3Ddateline%26amp%3Bfilter%3D2592000,萌萌深夜带主播露出，色诱路人图文并茂 ]
2021/02/05 09:04:[https://f.w24.rocks/viewthread.php?tid=408023&extra=page%3D1%26amp%3Borderby%3Ddateline%26amp%3Bfilter%3D2592000,福州萝莉小骚货。小翘臀再来一炮依旧干净肥美的一线天 ]
2021/02/05 09:04:[https://f.w24.rocks/viewthread.php?tid=408016&extra=page%3D1%26amp%3Borderby%3Ddateline%26amp%3Bfilter%3D2592000,肥臀骚妻正在进行时0514 ]
2021/02/05 09:04:[https://f.w24.rocks/viewthread.php?tid=408011&extra=page%3D1%26amp%3Borderby%3Ddateline%26amp%3Bfilter%3D2592000,云南昆明，骚媳妇属于反差类夫妻寻同好交流 ]
2021/02/05 09:04:[https://f.w24.rocks/viewthread.php?tid=408006&extra=page%3D1%26amp%3Borderby%3Ddateline%26amp%3Bfilter%3D2592000,银川同地区交友银川夫妻，91字符验证 ]
2021/02/05 09:04:[https://f.w24.rocks/viewthread.php?tid=407996&extra=page%3D1%26amp%3Borderby%3Ddateline%26amp%3Bfilter%3D2592000,500人斩教你聊骚约p之勾搭舞蹈演员玩屁眼 ]
2021/02/05 09:04:[https://f.w24.rocks/viewthread.php?tid=407992&extra=page%3D1%26amp%3Borderby%3Ddateline%26amp%3Bfilter%3D2592000,山东地区宝媳妇骚系列有福利 ]
2021/02/05 09:04:[https://f.w24.rocks/viewthread.php?tid=408000&extra=page%3D1%26amp%3Borderby%3Ddateline%26amp%3Bfilter%3D2592000,91公厕拿铁妹喜欢3p想找绿帽淫妻男友的骚货 ]
2021/02/05 09:04:[https://f.w24.rocks/viewthread.php?tid=407990&extra=page%3D1%26amp%3Borderby%3Ddateline%26amp%3Bfilter%3D2592000,36E大奶娇妻祝大家小年快乐！多图验证！无门槛交友！ ]
2021/02/05 09:04:[https://f.w24.rocks/viewthread.php?tid=407986&extra=page%3D1%26amp%3Borderby%3Ddateline%26amp%3Bfilter%3D2592000,广西年前活动一次，有夫妻情侣吗 ]
2021/02/05 09:04:[https://f.w24.rocks/viewthread.php?tid=407984&extra=page%3D1%26amp%3Borderby%3Ddateline%26amp%3Bfilter%3D2592000,潮喷精厕馒头逼粉红乳头翘臀在校大学生的自白多图申精 ]
2021/02/05 09:05:[https://f.w24.rocks/viewthread.php?tid=407973&extra=page%3D2%26amp%3Borderby%3Ddateline%26amp%3Bfilter%3D2592000,青岛情侣年后活动 ]
2021/02/05 09:05:[https://f.w24.rocks/viewthread.php?tid=407976&extra=page%3D2%26amp%3Borderby%3Ddateline%26amp%3Bfilter%3D2592000,裸体●瑜伽 ]
2021/02/05 09:05:[https://f.w24.rocks/viewthread.php?tid=407971&extra=page%3D2%26amp%3Borderby%3Ddateline%26amp%3Bfilter%3D2592000,500人斩教你如何聊骚约p之搭讪医美小姐姐 ]
2021/02/05 09:05:[https://f.w24.rocks/viewthread.php?tid=407963&extra=page%3D2%26amp%3Borderby%3Ddateline%26amp%3Bfilter%3D2592000,四川成都优质淫妻，睡衣啪寻优质男单 ]
2021/02/05 09:05:[https://f.w24.rocks/viewthread.php?tid=407959&extra=page%3D2%26amp%3Borderby%3Ddateline%26amp%3Bfilter%3D2592000,淫妻绿帽看过来满足了朋友的绿帽癖媳妇夹精回家 ]
2021/02/05 09:05:[https://f.w24.rocks/viewthread.php?tid=407952&extra=page%3D2%26amp%3Borderby%3Ddateline%26amp%3Bfilter%3D2592000,太原地区骚妻求3p（年前想活动）杂图 微漏脸 ]
