2020/02/25 17:34:[https://f.w24.rocks/viewthread.php?tid=366550&extra=page%3D1%26amp%3Borderby%3Ddateline%26amp%3Bfilter%3D2592000,申精Cindy调教的石家庄愿望成为公厕贱母狗 ]
2020/02/25 17:37:[https://f.w24.rocks/viewthread.php?tid=366502&extra=page%3D1%26amp%3Borderby%3Ddateline%26amp%3Bfilter%3D2592000,资深绿主调教人妻 ]
2020/02/25 17:37:[https://f.w24.rocks/viewthread.php?tid=366495&extra=page%3D1%26amp%3Borderby%3Ddateline%26amp%3Bfilter%3D2592000,chouchou老婆(^_^)v不知道论坛里还有人记得我们吗？ ]
2020/02/25 17:38:[https://f.w24.rocks/viewthread.php?tid=366459&extra=page%3D2%26amp%3Borderby%3Ddateline%26amp%3Bfilter%3D2592000,眼镜先生028携98年大奶蜜桃无毛小野猫报道 ]
2020/02/25 20:06:[https://f.w24.rocks/viewthread.php?tid=366550&extra=page%3D1%26amp%3Borderby%3Ddateline%26amp%3Bfilter%3D2592000,申精Cindy调教的石家庄愿望成为公厕贱母狗 ]
2020/02/25 20:06:[https://f.w24.rocks/viewthread.php?tid=366546&extra=page%3D1%26amp%3Borderby%3Ddateline%26amp%3Bfilter%3D2592000,上海 巨乳妹妹开一波活动 图片验证 ]
2020/02/25 20:07:[https://f.w24.rocks/viewthread.php?tid=366540&extra=page%3D1%26amp%3Borderby%3Ddateline%26amp%3Bfilter%3D2592000,活动招募宁波地区3月初招单男4P活动 ]
2020/02/25 20:09:[https://f.w24.rocks/viewthread.php?tid=366539&extra=page%3D1%26amp%3Borderby%3Ddateline%26amp%3Bfilter%3D2592000,野外露出，撒尿特写，淫荡的吾妻 ]
2020/02/25 20:09:[https://f.w24.rocks/viewthread.php?tid=366533&extra=page%3D1%26amp%3Borderby%3Ddateline%26amp%3Bfilter%3D2592000,曾经被质疑，今天我只想打脸你们 ]
2020/02/25 20:09:[https://f.w24.rocks/viewthread.php?tid=366524&extra=page%3D1%26amp%3Borderby%3Ddateline%26amp%3Bfilter%3D2592000,娇妻气质型美女，腿长身材好，我们在福州，寻优质单男 ]
2020/02/25 20:09:[https://f.w24.rocks/viewthread.php?tid=366519&extra=page%3D1%26amp%3Borderby%3Ddateline%26amp%3Bfilter%3D2592000,0533 淄博 第一贴 找优质单 ]
2020/02/25 20:09:[https://f.w24.rocks/viewthread.php?tid=366514&extra=page%3D1%26amp%3Borderby%3Ddateline%26amp%3Bfilter%3D2592000,湖南衡阳的小伙伴在哪呢？ 别藏啦~ ]
2020/02/25 20:09:[https://f.w24.rocks/viewthread.php?tid=366510&extra=page%3D1%26amp%3Borderby%3Ddateline%26amp%3Bfilter%3D2592000,010帝都179身高大四女孩征友轮奸 ]
2020/02/25 20:09:[https://f.w24.rocks/viewthread.php?tid=366509&extra=page%3D1%26amp%3Borderby%3Ddateline%26amp%3Bfilter%3D2592000,有没有想要文爱的，喜欢撩骚的，来让你爽，让你高潮 ]
2020/02/25 20:09:[https://f.w24.rocks/viewthread.php?tid=366502&extra=page%3D1%26amp%3Borderby%3Ddateline%26amp%3Bfilter%3D2592000,资深绿主调教人妻 ]
2020/02/25 20:09:[https://f.w24.rocks/viewthread.php?tid=366495&extra=page%3D1%26amp%3Borderby%3Ddateline%26amp%3Bfilter%3D2592000,chouchou老婆(^_^)v不知道论坛里还有人记得我们吗？ ]
2020/02/25 20:09:[https://f.w24.rocks/viewthread.php?tid=366479&extra=page%3D1%26amp%3Borderby%3Ddateline%26amp%3Bfilter%3D2592000,私密处特写，。不间断更新。陕西宝鸡第三贴， ]
2020/02/25 20:09:[https://f.w24.rocks/viewthread.php?tid=366462&extra=page%3D2%26amp%3Borderby%3Ddateline%26amp%3Bfilter%3D2592000,纯日常。福州骚妻各种要求都可以驾驭的炉火纯青。 ]
2020/02/25 20:09:[https://f.w24.rocks/viewthread.php?tid=366459&extra=page%3D2%26amp%3Borderby%3Ddateline%26amp%3Bfilter%3D2592000,眼镜先生028携98蜜桃无毛逼报道 ]
2020/02/25 20:09:[https://f.w24.rocks/viewthread.php?tid=366456&extra=page%3D2%26amp%3Borderby%3Ddateline%26amp%3Bfilter%3D2592000,大大的美妻，0574，周末活动 ]
2020/02/25 20:09:[https://f.w24.rocks/viewthread.php?tid=366449&extra=page%3D2%26amp%3Borderby%3Ddateline%26amp%3Bfilter%3D2592000,翘臀女孩的原味！ ]
2020/02/25 20:09:[https://f.w24.rocks/viewthread.php?tid=366445&extra=page%3D2%26amp%3Borderby%3Ddateline%26amp%3Bfilter%3D2592000,望版主射精 小骚逼要多人轮奸污射满她第一季 ]
2020/02/25 20:10:[https://f.w24.rocks/viewthread.php?tid=366441&extra=page%3D2%26amp%3Borderby%3Ddateline%26amp%3Bfilter%3D2592000,我的渔网袜小母狗 带上眼罩随意摆弄~ ]
