2021/03/02 16:10:[https://f.w24.rocks/viewthread.php?tid=411641&extra=page%3D1%26amp%3Borderby%3Ddateline%26amp%3Bfilter%3D2592000,404]
2021/03/02 16:10:[https://f.w24.rocks/viewthread.php?tid=411635&extra=page%3D1%26amp%3Borderby%3Ddateline%26amp%3Bfilter%3D2592000,0633，寻投缘女性朋友，男士勿扰]
2021/03/02 16:10:[https://f.w24.rocks/viewthread.php?tid=411584&extra=page%3D1%26amp%3Borderby%3Ddateline%26amp%3Bfilter%3D2592000,苏雪女s肉便器户外露出 给她准备公厕群调]
2021/03/02 16:12:[https://f.w24.rocks/viewthread.php?tid=411533&extra=page%3D2%26amp%3Borderby%3Ddateline%26amp%3Bfilter%3D2592000,济南性感娇妻的3p活动实录]
2021/03/02 16:12:[https://f.w24.rocks/viewthread.php?tid=411474&extra=page%3D2%26amp%3Borderby%3Ddateline%26amp%3Bfilter%3D2592000,偏执狂收网调女m学生母狗虐奶虐肛露脸喝尿]
2021/03/02 16:12:[https://f.w24.rocks/viewthread.php?tid=411468&extra=page%3D2%26amp%3Borderby%3Ddateline%26amp%3Bfilter%3D2592000,验证，只求推荐靠谱夫妻交流群，]
2021/03/02 16:12:[https://f.w24.rocks/viewthread.php?tid=411457&extra=page%3D2%26amp%3Borderby%3Ddateline%26amp%3Bfilter%3D2592000,500人斩教你一句话搞定妹子之离异小少妇]
2021/03/02 16:12:[https://f.w24.rocks/viewthread.php?tid=411445&extra=page%3D2%26amp%3Borderby%3Ddateline%26amp%3Bfilter%3D2592000,0317郑州0756珠海澳门中山小M女仆诱惑风格简单情趣捆绑调教]
2021/03/02 16:13:[https://f.w24.rocks/viewthread.php?tid=411396&extra=page%3D2%26amp%3Borderby%3Ddateline%26amp%3Bfilter%3D2592000,聊妹分享]
2021/03/02 16:13:[https://f.w24.rocks/viewthread.php?tid=411363&extra=page%3D3%26amp%3Borderby%3Ddateline%26amp%3Bfilter%3D2592000,苏雪女s反差母狗第三帖 准备给肉便器来个公厕多人]
2021/03/02 16:13:[https://f.w24.rocks/viewthread.php?tid=411319&extra=page%3D3%26amp%3Borderby%3Ddateline%26amp%3Bfilter%3D2592000,偏执狂收网调女m露脸，重口慎入！！！]
2021/03/02 16:13:[https://f.w24.rocks/viewthread.php?tid=411293&extra=page%3D3%26amp%3Borderby%3Ddateline%26amp%3Bfilter%3D2592000,500人斩教你如何一句话约炮之172大白腿]
2021/03/02 16:14:[https://f.w24.rocks/viewthread.php?tid=411233&extra=page%3D3%26amp%3Borderby%3Ddateline%26amp%3Bfilter%3D2592000,偏执狂收网调女m91最巨乳母狗舔内裤吃淫水虐逼虐奶]
2021/03/02 16:14:[https://f.w24.rocks/viewthread.php?tid=411635&extra=page%3D1%26amp%3Borderby%3Ddateline%26amp%3Bfilter%3D2592000,0633，寻投缘女性朋友，男士勿扰]
2021/03/02 16:14:[https://f.w24.rocks/viewthread.php?tid=411584&extra=page%3D1%26amp%3Borderby%3Ddateline%26amp%3Bfilter%3D2592000,苏雪女s肉便器户外露出 给她准备公厕群调]
2021/03/02 16:15:[https://f.w24.rocks/viewthread.php?tid=411547&extra=page%3D1%26amp%3Borderby%3Ddateline%26amp%3Bfilter%3D2592000,025年轻娇妻,寻长期素质单]
2021/03/02 16:15:[https://f.w24.rocks/viewthread.php?tid=411533&extra=page%3D2%26amp%3Borderby%3Ddateline%26amp%3Bfilter%3D2592000,济南性感娇妻的3p活动实录]
2021/03/02 16:16:[https://f.w24.rocks/viewthread.php?tid=411474&extra=page%3D2%26amp%3Borderby%3Ddateline%26amp%3Bfilter%3D2592000,偏执狂收网调女m学生母狗虐奶虐肛露脸喝尿]
2021/03/02 16:16:[https://f.w24.rocks/viewthread.php?tid=411468&extra=page%3D2%26amp%3Borderby%3Ddateline%26amp%3Bfilter%3D2592000,验证，只求推荐靠谱夫妻交流群，]
2021/03/02 16:16:[https://f.w24.rocks/viewthread.php?tid=411445&extra=page%3D2%26amp%3Borderby%3Ddateline%26amp%3Bfilter%3D2592000,0317郑州0756珠海澳门中山小M女仆诱惑风格简单情趣捆绑调教]
2021/03/02 16:16:[https://f.w24.rocks/viewthread.php?tid=411457&extra=page%3D2%26amp%3Borderby%3Ddateline%26amp%3Bfilter%3D2592000,500人斩教你一句话搞定妹子之离异小少妇]
2021/03/02 16:16:[https://f.w24.rocks/viewthread.php?tid=411432&extra=page%3D2%26amp%3Borderby%3Ddateline%26amp%3Bfilter%3D2592000,苏雪女s新收跪求调教的骚浪贱母狗（带验证求精）]
2021/03/02 16:16:[https://f.w24.rocks/viewthread.php?tid=411396&extra=page%3D2%26amp%3Borderby%3Ddateline%26amp%3Bfilter%3D2592000,聊妹分享]
2021/03/02 16:16:[https://f.w24.rocks/viewthread.php?tid=411363&extra=page%3D3%26amp%3Borderby%3Ddateline%26amp%3Bfilter%3D2592000,苏雪女s反差母狗第三帖 准备给肉便器来个公厕多人]
2021/03/02 16:16:[https://f.w24.rocks/viewthread.php?tid=411319&extra=page%3D3%26amp%3Borderby%3Ddateline%26amp%3Bfilter%3D2592000,偏执狂收网调女m露脸，重口慎入！！！]
2021/03/02 16:16:[https://f.w24.rocks/viewthread.php?tid=411333&extra=page%3D3%26amp%3Borderby%3Ddateline%26amp%3Bfilter%3D2592000,023重庆 活动交流]
2021/03/02 16:17:[https://f.w24.rocks/viewthread.php?tid=411293&extra=page%3D3%26amp%3Borderby%3Ddateline%26amp%3Bfilter%3D2592000,500人斩教你如何一句话约炮之172大白腿]
2021/03/02 16:17:[https://f.w24.rocks/viewthread.php?tid=411233&extra=page%3D3%26amp%3Borderby%3Ddateline%26amp%3Bfilter%3D2592000,偏执狂收网调女m91最巨乳母狗舔内裤吃淫水虐逼虐奶]
2021/03/02 16:17:[https://f.w24.rocks/viewthread.php?tid=411584&extra=page%3D1%26amp%3Borderby%3Ddateline%26amp%3Bfilter%3D2592000,苏雪女s肉便器户外露出 给她准备公厕群调]
