2021/02/05 16:35:[https://f.w24.rocks/viewthread.php?tid=408078&extra=page%3D1%26amp%3Borderby%3Ddateline%26amp%3Bfilter%3D2592000,寻找情侣夫妻视频交流 ]
2021/02/05 16:35:[https://f.w24.rocks/viewthread.php?tid=408065&extra=page%3D1%26amp%3Borderby%3Ddateline%26amp%3Bfilter%3D2592000,0371 0377高颜值情侣 ]
2021/02/07 09:06:[https://f.w24.rocks/viewthread.php?tid=408078&extra=page%3D1%26amp%3Borderby%3Ddateline%26amp%3Bfilter%3D2592000,none]
2021/02/07 09:07:[https://f.w24.rocks/viewthread.php?tid=408065&extra=page%3D1%26amp%3Borderby%3Ddateline%26amp%3Bfilter%3D2592000,0371 0377高颜值情侣 ]
2021/02/07 15:09:[https://f.w24.rocks/viewthread.php?tid=408283&extra=page%3D1%26amp%3Borderby%3Ddateline%26amp%3Bfilter%3D2592000,（山西晋城）单男寻夫妻情侣或单女(找到删帖）]
2021/02/07 15:09:[https://f.w24.rocks/viewthread.php?tid=408284&extra=page%3D1%26amp%3Borderby%3Ddateline%26amp%3Bfilter%3D2592000,纯情良家少妇上班时间羞涩漏出]
2021/02/07 15:44:[https://f.w24.rocks/viewthread.php?tid=408283&extra=page%3D1%26amp%3Borderby%3Ddateline%26amp%3Bfilter%3D2592000,（山西晋城）单男寻夫妻情侣或单女(找到删帖）]
2021/02/07 15:44:[https://f.w24.rocks/viewthread.php?tid=408284&extra=page%3D1%26amp%3Borderby%3Ddateline%26amp%3Bfilter%3D2592000,纯情良家少妇上班时间羞涩漏出]
2021/02/07 15:55:[https://f.w24.rocks/viewthread.php?tid=408283&extra=page%3D1%26amp%3Borderby%3Ddateline%26amp%3Bfilter%3D2592000,（山西晋城）单男寻夫妻情侣或单女(找到删帖）]
2021/02/07 15:56:[https://f.w24.rocks/viewthread.php?tid=408284&extra=page%3D1%26amp%3Borderby%3Ddateline%26amp%3Bfilter%3D2592000,纯情良家少妇上班时间羞涩漏出]
2021/02/08 10:18:[https://f.w24.rocks/viewthread.php?tid=408349&extra=page%3D1%26amp%3Borderby%3Ddateline%26amp%3Bfilter%3D2592000,齐齐哈尔2月7日 现在活动。急急急]
2021/02/08 10:18:[https://f.w24.rocks/viewthread.php?tid=408324&extra=page%3D1%26amp%3Borderby%3Ddateline%26amp%3Bfilter%3D2592000,020 网调超嫩学生妹全过程展示，嫩就一个字！]
2021/02/09 08:23:[https://f.w24.rocks/viewthread.php?tid=408472&extra=page%3D1%26amp%3Borderby%3Ddateline%26amp%3Bfilter%3D2592000,坐标北京丝袜+美腿可遇不可求]
2021/02/09 08:23:[https://f.w24.rocks/viewthread.php?tid=408473&extra=page%3D1%26amp%3Borderby%3Ddateline%26amp%3Bfilter%3D2592000,0755翘臀美娇妻年后活动招募]
2021/02/10 08:18:[https://f.w24.rocks/viewthread.php?tid=408635&extra=page%3D1%26amp%3Borderby%3Ddateline%26amp%3Bfilter%3D2592000,有哈尔滨0451的朋友吗单男也可以]
2021/02/12 10:08:[https://f.w24.rocks/viewthread.php?tid=408672&extra=page%3D2%26amp%3Borderby%3Ddateline%26amp%3Bfilter%3D2592000,河北小夫妻寻单男]
2021/02/12 10:10:[https://f.w24.rocks/viewthread.php?tid=408472&extra=page%3D4%26amp%3Borderby%3Ddateline%26amp%3Bfilter%3D2592000,坐标北京丝袜+美腿可遇不可求]
2021/02/12 10:11:[https://f.w24.rocks/viewthread.php?tid=408447&extra=page%3D4%26amp%3Borderby%3Ddateline%26amp%3Bfilter%3D2592000,绿帽淫妻0576满足了一个网友让媳妇夹精回去]
2021/02/12 10:11:[https://f.w24.rocks/viewthread.php?tid=408351&extra=page%3D5%26amp%3Borderby%3Ddateline%26amp%3Bfilter%3D2592000,500人斩教你约炮之约炮大赛第一战下飞机拿下18岁清纯小妹妹]
2021/02/12 10:11:[https://f.w24.rocks/viewthread.php?tid=408349&extra=page%3D5%26amp%3Borderby%3Ddateline%26amp%3Bfilter%3D2592000,齐齐哈尔2月7日 现在活动。急急急]
2021/02/12 10:11:[https://f.w24.rocks/viewthread.php?tid=408324&extra=page%3D5%26amp%3Borderby%3Ddateline%26amp%3Bfilter%3D2592000,020 网调超嫩学生妹全过程展示，嫩就一个字！]
2021/02/12 10:12:[https://f.w24.rocks/viewthread.php?tid=408285&extra=page%3D5%26amp%3Borderby%3Ddateline%26amp%3Bfilter%3D2592000,绿帽淫妻绿奴心里绿帽媳妇夹陌生男人精液回家好兴奋]
2021/02/13 12:35:[https://f.w24.rocks/viewthread.php?tid=408727&extra=page%3D2%26amp%3Borderby%3Ddateline%26amp%3Bfilter%3D2592000,500人斩教你约炮之拿下性感白领女孩]
2021/02/13 12:35:[https://f.w24.rocks/viewthread.php?tid=408713&extra=page%3D2%26amp%3Borderby%3Ddateline%26amp%3Bfilter%3D2592000,500人斩教你聊骚约p之下飞机拿下18岁女孩]
2021/02/13 12:35:[https://f.w24.rocks/viewthread.php?tid=408683&extra=page%3D2%26amp%3Borderby%3Ddateline%26amp%3Bfilter%3D2592000,500人斩教你约炮之约炮大赛第四战（内容在评论区）]
2021/02/13 12:35:[https://f.w24.rocks/viewthread.php?tid=408672&extra=page%3D3%26amp%3Borderby%3Ddateline%26amp%3Bfilter%3D2592000,河北小夫妻寻单男]
