第2行：https://f.w24.rocks/viewthread.php?tid=366401&extra=page%3D1%26amp%3Borderby%3Ddateline%26amp%3Bfilter%3D2592000,91自拍论坛  
第5行：https://f.w24.rocks/viewthread.php?tid=366381&extra=page%3D1%26amp%3Borderby%3Ddateline%26amp%3Bfilter%3D2592000,上海约女生调教、拍摄 ，情侣、单男互换 
第9行：https://f.w24.rocks/viewthread.php?tid=366363&extra=page%3D1%26amp%3Borderby%3Ddateline%26amp%3Bfilter%3D2592000,南京会做spa有素质的男士联系我 
第10行：https://f.w24.rocks/viewthread.php?tid=366355&extra=page%3D1%26amp%3Borderby%3Ddateline%26amp%3Bfilter%3D2592000,魔都 上海清纯m约调 
第15行：https://f.w24.rocks/viewthread.php?tid=366342&extra=page%3D2%26amp%3Borderby%3Ddateline%26amp%3Bfilter%3D2592000,北京帝都 把玩一直求我操她的高冷欧美风母狗 
第16行：https://f.w24.rocks/viewthread.php?tid=366341&extra=page%3D2%26amp%3Borderby%3Ddateline%26amp%3Bfilter%3D2592000,北京帝都疫情期间被我蹂躏的绝美颜值小m母狗 
2020/02/24 10:42:[https://f.w24.rocks/viewthread.php?tid=366429&extra=page%3D1%26amp%3Borderby%3Ddateline%26amp%3Bfilter%3D2592000,大学生情侣找大学生，优质单男等 ]
2020/02/25 17:37:[https://f.w24.rocks/viewthread.php?tid=366509&extra=page%3D1%26amp%3Borderby%3Ddateline%26amp%3Bfilter%3D2592000,有没有想要文爱的，喜欢撩骚的，来让你爽，让你高潮 ]
2020/02/25 17:37:[https://f.w24.rocks/viewthread.php?tid=366502&extra=page%3D1%26amp%3Borderby%3Ddateline%26amp%3Bfilter%3D2592000,资深绿主调教人妻 ]
2020/02/25 17:38:[https://f.w24.rocks/viewthread.php?tid=366462&extra=page%3D2%26amp%3Borderby%3Ddateline%26amp%3Bfilter%3D2592000,纯日常。福州骚妻各种要求都可以驾驭的炉火纯青。 ]
2020/02/25 20:09:[https://f.w24.rocks/viewthread.php?tid=366509&extra=page%3D1%26amp%3Borderby%3Ddateline%26amp%3Bfilter%3D2592000,有没有想要文爱的，喜欢撩骚的，来让你爽，让你高潮 ]
2020/02/25 20:09:[https://f.w24.rocks/viewthread.php?tid=366502&extra=page%3D1%26amp%3Borderby%3Ddateline%26amp%3Bfilter%3D2592000,资深绿主调教人妻 ]
2020/02/25 20:09:[https://f.w24.rocks/viewthread.php?tid=366462&extra=page%3D2%26amp%3Borderby%3Ddateline%26amp%3Bfilter%3D2592000,纯日常。福州骚妻各种要求都可以驾驭的炉火纯青。 ]
2020/02/26 14:00:[https://f.w24.rocks/viewthread.php?tid=366656&extra=page%3D1%26amp%3Borderby%3Ddateline%26amp%3Bfilter%3D2592000,周口夫妻真诚找长期素质单男！！！！！！！！ ]
2020/02/26 14:00:[https://f.w24.rocks/viewthread.php?tid=366655&extra=page%3D1%26amp%3Borderby%3Ddateline%26amp%3Bfilter%3D2592000,淫妻互相分享照片 ]
2020/02/26 15:09:[https://f.w24.rocks/viewthread.php?tid=366621&extra=page%3D1%26amp%3Borderby%3Ddateline%26amp%3Bfilter%3D2592000,找 想精神刺激的小姐姐聊聊 ]
2020/02/26 15:13:[https://f.w24.rocks/viewthread.php?tid=366598&extra=page%3D1%26amp%3Borderby%3Ddateline%26amp%3Bfilter%3D2592000,逼嫩骚坐标郑州准备玩玩多人的 ]
2020/02/26 15:15:[https://f.w24.rocks/viewthread.php?tid=366580&extra=page%3D2%26amp%3Borderby%3Ddateline%26amp%3Bfilter%3D2592000,0518连云港调教00年大三露脸高冷反差女神母狗 ]
2020/02/27 09:41:[https://f.w24.rocks/viewthread.php?tid=366752&extra=page%3D1%26amp%3Borderby%3Ddateline%26amp%3Bfilter%3D2592000,0731情侣准备3月份组织活动 ]
2020/02/27 13:53:[https://f.w24.rocks/viewthread.php?tid=365387&extra=page%3D1%26amp%3Borderby%3Ddateline%26amp%3Bfilter%3D2592000,另一个我们AV画质爱妻私房及新房自慰分享 ]
2020/02/27 14:13:[https://f.w24.rocks/viewthread.php?tid=365362&extra=page%3D2%26amp%3Borderby%3Ddateline%26amp%3Bfilter%3D2592000,找024附近有实力的单男 ]
2020/02/27 14:13:[https://f.w24.rocks/viewthread.php?tid=365339&extra=page%3D2%26amp%3Borderby%3Ddateline%26amp%3Bfilter%3D2592000,i am the best ]
2020/02/27 14:13:[https://f.w24.rocks/viewthread.php?tid=365330&extra=page%3D2%26amp%3Borderby%3Ddateline%26amp%3Bfilter%3D2592000,泰州0523 高颜值情侣  求交流 ]
2020/02/27 14:13:[https://f.w24.rocks/viewthread.php?tid=365326&extra=page%3D2%26amp%3Borderby%3Ddateline%26amp%3Bfilter%3D2592000,删帖 ]
2020/02/27 14:13:[https://f.w24.rocks/viewthread.php?tid=365324&extra=page%3D2%26amp%3Borderby%3Ddateline%26amp%3Bfilter%3D2592000,非常时期依然挡不住上海小母狗的诱惑 喜欢的不得了！ ]
2020/02/27 14:14:[https://f.w24.rocks/viewthread.php?tid=365321&extra=page%3D2%26amp%3Borderby%3Ddateline%26amp%3Bfilter%3D2592000,010寻帝都高素质单男 ]
2020/02/27 14:14:[https://f.w24.rocks/viewthread.php?tid=365320&extra=page%3D2%26amp%3Borderby%3Ddateline%26amp%3Bfilter%3D2592000,删贴 ]
