2021/03/02 15:40:[https://f.w24.rocks/viewthread.php?tid=390794&extra=page%3D1%26amp%3Borderby%3Ddateline%26amp%3Bfilter%3Ddigest,任我行170制服调教艺妓录 (活动高清照片多图 申精）]
2021/03/02 15:40:[https://f.w24.rocks/viewthread.php?tid=371865&extra=page%3D1%26amp%3Borderby%3Ddateline%26amp%3Bfilter%3Ddigest,带老婆野外露出加车震（差点被路人发现）]
2021/03/02 15:58:[https://f.w24.rocks/viewthread.php?tid=369994&extra=page%3D1%26amp%3Borderby%3Ddateline%26amp%3Bfilter%3Ddigest,任我行170娇妻丝袜足交篇 全动图 申精]
2021/03/02 15:58:[https://f.w24.rocks/viewthread.php?tid=368801&extra=page%3D1%26amp%3Borderby%3Ddateline%26amp%3Bfilter%3Ddigest,任我行170女神娇妻制服捆绑丝袜玉足篇 申精]
2021/03/02 15:59:[https://f.w24.rocks/viewthread.php?tid=352825&extra=page%3D2%26amp%3Borderby%3Ddateline%26amp%3Bfilter%3Ddigest,大大的美妻，宅家贴]
2021/03/02 15:59:[https://f.w24.rocks/viewthread.php?tid=352548&extra=page%3D2%26amp%3Borderby%3Ddateline%26amp%3Bfilter%3Ddigest,●辽宁阜新●0418激情四日之4p归国人妻40p（含预告）]
2021/03/02 15:59:[https://f.w24.rocks/viewthread.php?tid=347896&extra=page%3D2%26amp%3Borderby%3Ddateline%26amp%3Bfilter%3Ddigest,灵魂骑士020爱妻私房照处女贴]
2021/03/02 16:00:[https://f.w24.rocks/viewthread.php?tid=347827&extra=page%3D2%26amp%3Borderby%3Ddateline%26amp%3Bfilter%3Ddigest,广东]
2021/03/02 16:00:[https://f.w24.rocks/viewthread.php?tid=347366&extra=page%3D2%26amp%3Borderby%3Ddateline%26amp%3Bfilter%3Ddigest,树林里的自慰，欢迎来操骚妻]
2021/03/02 16:00:[https://f.w24.rocks/viewthread.php?tid=346586&extra=page%3D2%26amp%3Borderby%3Ddateline%26amp%3Bfilter%3Ddigest,第一次让别人操老婆，让她喝下陌生人的精液]
2021/03/02 16:01:[https://f.w24.rocks/viewthread.php?tid=338699&extra=page%3D2%26amp%3Borderby%3Ddateline%26amp%3Bfilter%3Ddigest,女友从纯情女孩到堕落经历（一）]
2021/03/02 16:01:[https://f.w24.rocks/viewthread.php?tid=311515&extra=page%3D2%26amp%3Borderby%3Ddateline%26amp%3Bfilter%3Ddigest,今年夏天日本旅游时的野外露出]
2021/03/02 16:02:[https://f.w24.rocks/viewthread.php?tid=307395&extra=page%3D3%26amp%3Borderby%3Ddateline%26amp%3Bfilter%3Ddigest,和爱妻的一次畅快淋漓的性爱（薄码露脸GIF）]
2021/03/02 16:02:[https://f.w24.rocks/viewthread.php?tid=298239&extra=page%3D3%26amp%3Borderby%3Ddateline%26amp%3Bfilter%3Ddigest,哈尔滨菠萝澳门第2part申精]
2021/03/02 16:02:[https://f.w24.rocks/viewthread.php?tid=282506&extra=page%3D3%26amp%3Borderby%3Ddateline%26amp%3Bfilter%3Ddigest,刘老师微露脸携爱徒美女大学生百图大战]
2021/03/02 16:03:[https://f.w24.rocks/viewthread.php?tid=281227&extra=page%3D3%26amp%3Borderby%3Ddateline%26amp%3Bfilter%3Ddigest,江苏女神90后美女KTV情趣调教+酒店3P，持续开发（申精）]
2021/03/02 16:03:[https://f.w24.rocks/viewthread.php?tid=278197&extra=page%3D3%26amp%3Borderby%3Ddateline%26amp%3Bfilter%3Ddigest,申精重庆小娇妻单约17cm民国风情趣内衣]
2021/03/02 16:03:[https://f.w24.rocks/viewthread.php?tid=270007&extra=page%3D3%26amp%3Borderby%3Ddateline%26amp%3Bfilter%3Ddigest,小母狗川西踏青之旅——景观大片]
2021/03/02 16:04:[https://f.w24.rocks/viewthread.php?tid=259574&extra=page%3D3%26amp%3Borderby%3Ddateline%26amp%3Bfilter%3Ddigest,欢迎评论]
2021/03/02 16:04:[https://f.w24.rocks/viewthread.php?tid=256754&extra=page%3D3%26amp%3Borderby%3Ddateline%26amp%3Bfilter%3Ddigest,盛开的桃花 第二次完美盛开 手持验证 33P 申精]
2021/03/02 16:04:[https://f.w24.rocks/viewthread.php?tid=253579&extra=page%3D3%26amp%3Borderby%3Ddateline%26amp%3Bfilter%3Ddigest,带着淫妻在山间的小溪，感受大自然，放空自己]
2021/03/02 16:05:[https://f.w24.rocks/viewthread.php?tid=215811&extra=page%3D3%26amp%3Borderby%3Ddateline%26amp%3Bfilter%3Ddigest,重庆小娇妻在酒吧停车场被朋友干了 黑丝sm捆绑调教]
2021/03/02 16:05:[https://f.w24.rocks/viewthread.php?tid=192073&extra=page%3D4%26amp%3Borderby%3Ddateline%26amp%3Bfilter%3Ddigest,淫妻自拍]
2021/03/02 16:06:[https://f.w24.rocks/viewthread.php?tid=187078&extra=page%3D4%26amp%3Borderby%3Ddateline%26amp%3Bfilter%3Ddigest,重新编辑完整版 老公和闺蜜 3男虐1女老公SM调教我的的闺蜜]
2021/03/02 16:06:[https://f.w24.rocks/viewthread.php?tid=186464&extra=page%3D4%26amp%3Borderby%3Ddateline%26amp%3Bfilter%3Ddigest,广东18岁大一小媛携单男3p第一课（内射篇）另招单男、夫妻]
2021/03/02 16:07:[https://f.w24.rocks/viewthread.php?tid=177131&extra=page%3D4%26amp%3Borderby%3Ddateline%26amp%3Bfilter%3Ddigest,广深地区]
2021/03/02 16:07:[https://f.w24.rocks/viewthread.php?tid=173336&extra=page%3D4%26amp%3Borderby%3Ddateline%26amp%3Bfilter%3Ddigest,今夜你来吗带验证LOVE净时间日期 新鲜出炉]
2021/03/02 16:07:[https://f.w24.rocks/viewthread.php?tid=162033&extra=page%3D4%26amp%3Borderby%3Ddateline%26amp%3Bfilter%3Ddigest,我的母狗 成交苏州及周边地区夫妻  交换多P]
2021/03/02 16:08:[https://f.w24.rocks/viewthread.php?tid=148905&extra=page%3D5%26amp%3Borderby%3Ddateline%26amp%3Bfilter%3Ddigest,繁华褪尽第四季穿黑色连身袜的老婆和我激情[18P]]
2021/03/02 16:08:[https://f.w24.rocks/viewthread.php?tid=148155&extra=page%3D5%26amp%3Borderby%3Ddateline%26amp%3Bfilter%3Ddigest,繁华褪尽第三季和穿白色连身提花网袜的老婆爱爱[16P]]
2021/03/02 16:08:[https://f.w24.rocks/viewthread.php?tid=133557&extra=page%3D5%26amp%3Borderby%3Ddateline%26amp%3Bfilter%3Ddigest,注册成功和情人的第一贴！请多多支持！]
2021/03/02 16:08:[https://f.w24.rocks/viewthread.php?tid=135550&extra=page%3D5%26amp%3Borderby%3Ddateline%26amp%3Bfilter%3Ddigest,可爱淫荡娇妻 黑色吊带丝袜 首次亮相 老婆说要看评论！！]
2021/03/02 16:08:[https://f.w24.rocks/viewthread.php?tid=143965&extra=page%3D5%26amp%3Borderby%3Ddateline%26amp%3Bfilter%3Ddigest,你们的小JR back啦]
2021/03/02 16:09:[https://f.w24.rocks/viewthread.php?tid=120344&extra=page%3D5%26amp%3Borderby%3Ddateline%26amp%3Bfilter%3Ddigest,穿上情趣NN诱惑你。。。]
2021/03/02 16:09:[https://f.w24.rocks/viewthread.php?tid=105361&extra=page%3D5%26amp%3Borderby%3Ddateline%26amp%3Bfilter%3Ddigest,淫妻爱好。期待广西的交流，非成勿扰（第2页后有更新）]
2021/03/02 16:09:[https://f.w24.rocks/viewthread.php?tid=104504&extra=page%3D5%26amp%3Borderby%3Ddateline%26amp%3Bfilter%3Ddigest,验明正身 带标原创]
2021/03/02 16:09:[https://f.w24.rocks/viewthread.php?tid=103992&extra=page%3D5%26amp%3Borderby%3Ddateline%26amp%3Bfilter%3Ddigest,真实原创我的淫妻9P(申请加精)]
2021/03/02 16:10:[https://f.w24.rocks/viewthread.php?tid=92300&extra=page%3D5%26amp%3Borderby%3Ddateline%26amp%3Bfilter%3Ddigest,第一次发帖！Z主的母狗在线等回复哦！！]
2021/03/02 16:10:[https://f.w24.rocks/viewthread.php?tid=88842&extra=page%3,真实自拍娇妻]
