2021/03/02 15:40:[https://f.w24.rocks/viewthread.php?tid=411224&extra=page%3D1%26amp%3Borderby%3Ddateline%26amp%3Bfilter%3Ddigest,多图慎入，日照男主调教绿帽妻子厨房客厅发骚！]
2021/03/02 15:59:[https://f.w24.rocks/viewthread.php?tid=368468&extra=page%3D1%26amp%3Borderby%3Ddateline%26amp%3Bfilter%3Ddigest,回忆我们夫妻和固定单女的故事（一年重逢）]
2021/03/02 15:59:[https://f.w24.rocks/viewthread.php?tid=368039&extra=page%3D1%26amp%3Borderby%3Ddateline%26amp%3Bfilter%3Ddigest,111]
2021/03/02 15:59:[https://f.w24.rocks/viewthread.php?tid=367912&extra=page%3D2%26amp%3Borderby%3Ddateline%26amp%3Bfilter%3Ddigest,0373阴环骚妻，20年首贴，有验证，求加精]
2021/03/02 15:59:[https://f.w24.rocks/viewthread.php?tid=355158&extra=page%3D2%26amp%3Borderby%3Ddateline%26amp%3Bfilter%3Ddigest,小潮！女仆，秘书，兔女郎！]
2021/03/02 15:59:[https://f.w24.rocks/viewthread.php?tid=354508&extra=page%3D2%26amp%3Borderby%3Ddateline%26amp%3Bfilter%3Ddigest,]
2021/03/02 16:00:[https://f.w24.rocks/viewthread.php?tid=347730&extra=page%3D2%26amp%3Borderby%3Ddateline%26amp%3Bfilter%3Ddigest,[女神娇妻美照]美妻的3P照]
2021/03/02 16:01:[https://f.w24.rocks/viewthread.php?tid=324357&extra=page%3D2%26amp%3Borderby%3Ddateline%26amp%3Bfilter%3Ddigest,商丘妩媚夫妻一次的3P多图。下]
2021/03/02 16:01:[https://f.w24.rocks/viewthread.php?tid=328969&extra=page%3D2%26amp%3Borderby%3Ddateline%26amp%3Bfilter%3Ddigest,野外露出老公说带我去野炊。原来是吹箫的吹。]
2021/03/02 16:01:[https://f.w24.rocks/viewthread.php?tid=332997&extra=page%3D2%26amp%3Borderby%3Ddateline%26amp%3Bfilter%3Ddigest,人生中第一次双飞主角居然是老婆和她的新同事！申精9999]
2021/03/02 16:01:[https://f.w24.rocks/viewthread.php?tid=314611&extra=page%3D2%26amp%3Borderby%3Ddateline%26amp%3Bfilter%3Ddigest,老婆第四次单约（下集）补发照片]
2021/03/02 16:02:[https://f.w24.rocks/viewthread.php?tid=306145&extra=page%3D3%26amp%3Borderby%3Ddateline%26amp%3Bfilter%3Ddigest,保守老婆的又一次单约（被单男3P）]
2021/03/02 16:02:[https://f.w24.rocks/viewthread.php?tid=304442&extra=page%3D3%26amp%3Borderby%3Ddateline%26amp%3Bfilter%3Ddigest,日料店露出调教小母狗+酒店3p 伸手党脑残勿扰]
2021/03/02 16:03:[https://f.w24.rocks/viewthread.php?tid=277463&extra=page%3D3%26amp%3Borderby%3Ddateline%26amp%3Bfilter%3Ddigest,2123131]
2021/03/02 16:03:[https://f.w24.rocks/viewthread.php?tid=272896&extra=page%3D3%26amp%3Borderby%3Ddateline%26amp%3Bfilter%3Ddigest,上海“嘻”游记之大战蜘蛛精（下集） 38图 露脸]
2021/03/02 16:03:[https://f.w24.rocks/viewthread.php?tid=261391&extra=page%3D3%26amp%3Borderby%3Ddateline%26amp%3Bfilter%3Ddigest,``````````]
2021/03/02 16:04:[https://f.w24.rocks/viewthread.php?tid=252828&extra=page%3D3%26amp%3Borderby%3Ddateline%26amp%3Bfilter%3Ddigest,给妻子拍了一组裸体写真，看看大家喜欢吗]
2021/03/02 16:04:[https://f.w24.rocks/viewthread.php?tid=248036&extra=page%3D3%26amp%3Borderby%3Ddateline%26amp%3Bfilter%3Ddigest,0531一次美好的约会，祝福你们开心快乐。]
2021/03/02 16:04:[https://f.w24.rocks/viewthread.php?tid=233672&extra=page%3D3%26amp%3Borderby%3Ddateline%26amp%3Bfilter%3Ddigest,极品女神比基尼长腿高跟捆绑]
2021/03/02 16:05:[https://f.w24.rocks/viewthread.php?tid=202854&extra=page%3D4%26amp%3Borderby%3Ddateline%26amp%3Bfilter%3Ddigest,北京骚妻 与单男简称《吃吃喝喝》酒店大战第一季]
2021/03/02 16:05:[https://f.w24.rocks/viewthread.php?tid=196488&extra=page%3D4%26amp%3Borderby%3Ddateline%26amp%3Bfilter%3Ddigest,精心策划的一次外拍母狗被绑在男厕]
2021/03/02 16:06:[https://f.w24.rocks/viewthread.php?tid=180240&extra=page%3D4%26amp%3Borderby%3Ddateline%26amp%3Bfilter%3Ddigest,错拍儿第六季极品小萝莉露侧脸清新来袭]
2021/03/02 16:07:[https://f.w24.rocks/viewthread.php?tid=173631&extra=page%3D4%26amp%3Borderby%3Ddateline%26amp%3Bfilter%3Ddigest,1543353]
2021/03/02 16:07:[https://f.w24.rocks/viewthread.php?tid=169100&extra=page%3D4%26amp%3Borderby%3Ddateline%26amp%3Bfilter%3Ddigest,,,,,,,,,,,,,,,,,,,,,,,,,,,,,,,,,]
2021/03/02 16:07:[https://f.w24.rocks/viewthread.php?tid=168254&extra=page%3D4%26amp%3Borderby%3Ddateline%26amp%3Bfilter%3Ddigest,]
2021/03/02 16:07:[https://f.w24.rocks/viewthread.php?tid=163628&extra=page%3D4%26amp%3Borderby%3Ddateline%26amp%3Bfilter%3Ddigest,闷骚妻的第一季（有91验证）星期一清贴]
2021/03/02 16:07:[https://f.w24.rocks/viewthread.php?tid=162044&extra=page%3D4%26amp%3Borderby%3Ddateline%26amp%3Bfilter%3Ddigest,（原创陕西）表面矜持内心淫荡的老婆，第二季共14P，带SM]
2021/03/02 16:07:[https://f.w24.rocks/viewthread.php?tid=162026&extra=page%3D4%26amp%3Borderby%3Ddateline%26amp%3Bfilter%3Ddigest,哈尔滨肥熟情人第二季,带ID认证!+999原创]
2021/03/02 16:07:[https://f.w24.rocks/viewthread.php?tid=151328&extra=page%3D4%26amp%3Borderby%3Ddateline%26amp%3Bfilter%3Ddigest,骚妻找人共骑3[42P]]
2021/03/02 16:07:[https://f.w24.rocks/viewthread.php?tid=152155&extra=page%3D4%26amp%3Borderby%3Ddateline%26amp%3Bfilter%3Ddigest,20P]
2021/03/02 16:09:[https://f.w24.rocks/viewthread.php?tid=105635&extra=page%3D5%26amp%3Borderby%3Ddateline%26amp%3Bfilter%3Ddigest,东莞猛男发炮友的照片（新鲜出炉的，日期为证）]
2021/03/02 16:09:[https://f.w24.rocks/viewthread.php?tid=102202&extra=page%3D5%26amp%3Borderby%3Ddateline%26amp%3Bfilter%3Ddigest,狗奴小雪，自己掰开淫荡的骚逼等您的光临，辱骂玩弄[12P]]
