2021/02/08 12:34:[https://f.w24.rocks/viewthread.php?tid=367264&extra=page%3D1%26amp%3Borderby%3Ddateline%26amp%3Bfilter%3D2592000,看看大家JJ究竟多长多大持久度多久，感觉自己有点小自卑]
2021/02/08 12:36:[https://f.w24.rocks/viewthread.php?tid=367696&extra=page%3D1%26amp%3Borderby%3Ddateline%26amp%3Bfilter%3D2592000,怀疑老婆被一同玩游戏的同事给操了接续]
2021/02/08 12:37:[https://f.w24.rocks/viewthread.php?tid=368239&extra=page%3D2%26amp%3Borderby%3Ddateline%26amp%3Bfilter%3D2592000,超级喜欢孕妇和哺乳期的少妇]
2021/02/08 12:40:[https://f.w24.rocks/viewthread.php?tid=369498&extra=page%3D1%26amp%3Borderby%3Ddateline%26amp%3Bfilter%3D2592000,老婆的肥鲍鱼，喜欢大鸡巴干她]
2021/02/08 12:42:[https://f.w24.rocks/viewthread.php?tid=371035&extra=page%3D1%26amp%3Borderby%3Ddateline%26amp%3Bfilter%3D2592000,我老是想对着别人老婆射屏，而且一定还要发给老公看。]
2021/02/08 12:42:[https://f.w24.rocks/viewthread.php?tid=371578&extra=page%3D1%26amp%3Borderby%3Ddateline%26amp%3Bfilter%3D2592000,（四更59和SH颜值人妻）邂逅91女神（上海单+苏州夫妻）]
2021/02/08 12:43:[https://f.w24.rocks/viewthread.php?tid=371973&extra=page%3D1%26amp%3Borderby%3Ddateline%26amp%3Bfilter%3D2592000,为了忘却的纪念连载]
2021/02/08 12:44:[https://f.w24.rocks/viewthread.php?tid=373130&extra=page%3D1%26amp%3Borderby%3Ddateline%26amp%3Bfilter%3D2592000,删]
2021/02/08 12:47:[https://f.w24.rocks/viewthread.php?tid=375069&extra=page%3D1%26amp%3Borderby%3Ddateline%26amp%3Bfilter%3D2592000,删删删删删删删删删删删删删删]
2021/02/08 12:47:[https://f.w24.rocks/viewthread.php?tid=375660&extra=page%3D1%26amp%3Borderby%3Ddateline%26amp%3Bfilter%3D2592000,南昌情侣交友]
2021/02/08 12:48:[https://f.w24.rocks/viewthread.php?tid=380813&extra=page%3D1%26amp%3Borderby%3Ddateline%26amp%3Bfilter%3D2592000,各位大神，给分享点各种B的类型图片]
2021/02/08 12:49:[https://f.w24.rocks/viewthread.php?tid=381443&extra=page%3D1%26amp%3Borderby%3Ddateline%26amp%3Bfilter%3D2592000,[更新]那就小露一下吧]
2021/02/08 12:50:[https://f.w24.rocks/viewthread.php?tid=381491&extra=page%3D2%26amp%3Borderby%3Ddateline%26amp%3Bfilter%3D2592000,删删删删删删]
2021/02/08 12:50:[https://f.w24.rocks/viewthread.php?tid=382033&extra=page%3D1%26amp%3Borderby%3Ddateline%26amp%3Bfilter%3D2592000,记一次给情侣当“舌奴”的真实经历，舔结合处，伺候做爱]
2021/02/08 12:54:[https://f.w24.rocks/viewthread.php?tid=382674&extra=page%3D1%26amp%3Borderby%3Ddateline%26amp%3Bfilter%3D2592000,什么姿势能让女人快速高潮]
2021/02/08 12:55:[https://f.w24.rocks/viewthread.php?tid=383022&extra=page%3D1%26amp%3Borderby%3Ddateline%26amp%3Bfilter%3D2592000,湖南长沙周边来凑]
2021/02/08 12:55:[https://f.w24.rocks/viewthread.php?tid=383140&extra=page%3D1%26amp%3Borderby%3Ddateline%26amp%3Bfilter%3D2592000,淫妻之路，网友网聊篇]
2021/02/08 12:55:[https://f.w24.rocks/viewthread.php?tid=383134&extra=page%3D1%26amp%3Borderby%3Ddateline%26amp%3Bfilter%3D2592000,删帖]
2021/02/08 12:55:[https://f.w24.rocks/viewthread.php?tid=383284&extra=page%3D1%26amp%3Borderby%3Ddateline%26amp%3Bfilter%3D2592000,025接龙贴，说说你最回味或最想入的女人]
2021/02/08 12:56:[https://f.w24.rocks/viewthread.php?tid=383949&extra=page%3D1%26amp%3Borderby%3Ddateline%26amp%3Bfilter%3D2592000,淫语接龙各种淫语大全。征集！！！]
2021/02/08 12:57:[https://f.w24.rocks/viewthread.php?tid=384830&extra=page%3D1%26amp%3Borderby%3Ddateline%26amp%3Bfilter%3D2592000,有没有想操的女神，但是还没搞到手接龙！！！]
2021/02/08 12:57:[https://f.w24.rocks/viewthread.php?tid=384483&extra=page%3D2%26amp%3Borderby%3Ddateline%26amp%3Bfilter%3D2592000,老婆穿上刚买的情趣内衣被我肏]
2021/02/08 12:57:[https://f.w24.rocks/viewthread.php?tid=384332&extra=page%3D3%26amp%3Borderby%3Ddateline%26amp%3Bfilter%3D2592000,记录我女朋友的开发之路（2020年8月10日更新）]
2021/02/08 12:57:[https://f.w24.rocks/viewthread.php?tid=385597&extra=page%3D1%26amp%3Borderby%3Ddateline%26amp%3Bfilter%3D2592000,删帖]
2021/02/08 12:59:[https://f.w24.rocks/viewthread.php?tid=386225&extra=page%3D1%26amp%3Borderby%3Ddateline%26amp%3Bfilter%3D2592000,想尝试一下让老婆兼职一下次]
2021/02/08 13:55:[https://f.w24.rocks/viewthread.php?tid=369498&extra=page%3D1%26amp%3Borderby%3Ddateline%26amp%3Bfilter%3D2592000,老婆的肥鲍鱼，喜欢大鸡巴干她]
2021/02/08 14:04:[https://f.w24.rocks/viewthread.php?tid=371035&extra=page%3D1%26amp%3Borderby%3Ddateline%26amp%3Bfilter%3D2592000,我老是想对着别人老婆射屏，而且一定还要发给老公看。]
2021/02/08 14:04:[https://f.w24.rocks/viewthread.php?tid=371578&extra=page%3D1%26amp%3Borderby%3Ddateline%26amp%3Bfilter%3D2592000,（四更59和SH颜值人妻）邂逅91女神（上海单+苏州夫妻）]
2021/02/08 14:05:[https://f.w24.rocks/viewthread.php?tid=371973&extra=page%3D1%26amp%3Borderby%3Ddateline%26amp%3Bfilter%3D2592000,为了忘却的纪念连载]
2021/02/08 14:32:[https://f.w24.rocks/viewthread.php?tid=371035&extra=page%3D1%26amp%3Borderby%3Ddateline%26amp%3Bfilter%3D2592000,我老是想对着别人老婆射屏，而且一定还要发给老公看。]
2021/02/08 14:32:[https://f.w24.rocks/viewthread.php?tid=371578&extra=page%3D1%26amp%3Borderby%3Ddateline%26amp%3Bfilter%3D2592000,（四更59和SH颜值人妻）邂逅91女神（上海单+苏州夫妻）]
2021/02/08 14:33:[https://f.w24.rocks/viewthread.php?tid=371973&extra=page%3D1%26amp%3Borderby%3Ddateline%26amp%3Bfilter%3D2592000,为了忘却的纪念连载]
2021/02/08 14:35:[https://f.w24.rocks/viewthread.php?tid=373130&extra=page%3D1%26amp%3Borderby%3Ddateline%26amp%3Bfilter%3D2592000,删]
2021/02/08 14:40:[https://f.w24.rocks/viewthread.php?tid=375069&extra=page%3D1%26amp%3Borderby%3Ddateline%26amp%3Bfilter%3D2592000,删删删删删删删删删删删删删删]
2021/02/08 14:47:[https://f.w24.rocks/viewthread.php?tid=375660&extra=page%3D1%26amp%3Borderby%3Ddateline%26amp%3Bfilter%3D2592000,南昌情侣交友]
2021/02/08 14:54:[https://f.w24.rocks/viewthread.php?tid=380813&extra=page%3D1%26amp%3Borderby%3Ddateline%26amp%3Bfilter%3D2592000,各位大神，给分享点各种B的类型图片]
2021/02/08 15:06:[https://f.w24.rocks/viewthread.php?tid=382674&extra=page%3D1%26amp%3Borderby%3Ddateline%26amp%3Bfilter%3D2592000,什么姿势能让女人快速高潮]
2021/02/08 15:07:[https://f.w24.rocks/viewthread.php?tid=383022&extra=page%3D1%26amp%3Borderby%3Ddateline%26amp%3Bfilter%3D2592000,湖南长沙周边来凑]
2021/02/08 15:07:[https://f.w24.rocks/viewthread.php?tid=383140&extra=page%3D1%26amp%3Borderby%3Ddateline%26amp%3Bfilter%3D2592000,淫妻之路，网友网聊篇]
2021/02/08 15:07:[https://f.w24.rocks/viewthread.php?tid=383284&extra=page%3D1%26amp%3Borderby%3Ddateline%26amp%3Bfilter%3D2592000,025接龙贴，说说你最回味或最想入的女人]
2021/02/08 15:09:[https://f.w24.rocks/viewthread.php?tid=383949&extra=page%3D1%26amp%3Borderby%3Ddateline%26amp%3Bfilter%3D2592000,淫语接龙各种淫语大全。征集！！！]
2021/02/08 15:09:[https://f.w24.rocks/viewthread.php?tid=384830&extra=page%3D1%26amp%3Borderby%3Ddateline%26amp%3Bfilter%3D2592000,有没有想操的女神，但是还没搞到手接龙！！！]
2021/02/08 15:10:[https://f.w24.rocks/viewthread.php?tid=384483&extra=page%3D2%26amp%3Borderby%3Ddateline%26amp%3Bfilter%3D2592000,老婆穿上刚买的情趣内衣被我肏]
2021/02/08 15:10:[https://f.w24.rocks/viewthread.php?tid=384332&extra=page%3D3%26amp%3Borderby%3Ddateline%26amp%3Bfilter%3D2592000,记录我女朋友的开发之路（2020年8月10日更新）]
2021/02/08 15:11:[https://f.w24.rocks/viewthread.php?tid=385597&extra=page%3D1%26amp%3Borderby%3Ddateline%26amp%3Bfilter%3D2592000,删帖]
2021/02/08 15:12:[https://f.w24.rocks/viewthread.php?tid=386225&extra=page%3D1%26amp%3Borderby%3Ddateline%26amp%3Bfilter%3D2592000,想尝试一下让老婆兼职一下次]
2021/02/08 15:13:[https://f.w24.rocks/viewthread.php?tid=387545&extra=page%3D1%26amp%3Borderby%3Ddateline%26amp%3Bfilter%3D2592000,贴上你约过的最爽女孩 接龙]
2021/02/08 15:18:[https://f.w24.rocks/viewthread.php?tid=390360&extra=page%3D1%26amp%3Borderby%3Ddateline%26amp%3Bfilter%3D2592000,亚洲人阴茎长度问题]
2021/02/08 15:20:[https://f.w24.rocks/viewthread.php?tid=391415&extra=page%3D1%26amp%3Borderby%3Ddateline%26amp%3Bfilter%3D2592000,大家喜欢毛多还是毛少的]
2021/02/08 15:20:[https://f.w24.rocks/viewthread.php?tid=391604&extra=page%3D1%26amp%3Borderby%3Ddateline%26amp%3Bfilter%3D2592000,统计一下白虎控]
