2020/02/24 11:04:[https://f.w24.rocks/viewthread.php?tid=366444&extra=page%3D1%26amp%3Borderby%3Ddateline%26amp%3Bfilter%3D2592000,写得很好，不油腻 ]
2020/02/24 11:04:[https://f.w24.rocks/viewthread.php?tid=366430&extra=page%3D1%26amp%3Borderby%3Ddateline%26amp%3Bfilter%3D2592000,情侣携女友首次3P，寻求高素质帅单 ]
2020/02/24 11:04:[https://f.w24.rocks/viewthread.php?tid=366418&extra=page%3D1%26amp%3Borderby%3Ddateline%26amp%3Bfilter%3D2592000,0371单男，调教刚成年的小M有感 ]
2020/02/24 11:04:[https://f.w24.rocks/viewthread.php?tid=366405&extra=page%3D1%26amp%3Borderby%3Ddateline%26amp%3Bfilter%3D2592000,分享前任联系方式后续 ]
2020/02/24 11:04:[https://f.w24.rocks/viewthread.php?tid=366349&extra=page%3D1%26amp%3Borderby%3Ddateline%26amp%3Bfilter%3D2592000,人生很短，回忆很长]
2020/02/24 11:04:[https://f.w24.rocks/viewthread.php?tid=366331&extra=page%3D1%26amp%3Borderby%3Ddateline%26amp%3Bfilter%3D2592000,中小城市约炮攻略0751 ]
2020/02/25 17:34:[https://f.w24.rocks/viewthread.php?tid=366566&extra=page%3D1%26amp%3Borderby%3Ddateline%26amp%3Bfilter%3D2592000,征集大鸡吧图片，狼友踊跃跟帖 ]
2020/02/25 17:34:[https://f.w24.rocks/viewthread.php?tid=366543&extra=page%3D1%26amp%3Borderby%3Ddateline%26amp%3Bfilter%3D2592000,和老婆多年的淫妻真实经历 ]
2020/02/25 17:34:[https://f.w24.rocks/viewthread.php?tid=366541&extra=page%3D1%26amp%3Borderby%3Ddateline%26amp%3Bfilter%3D2592000,武汉加油，居家必备 ]
2020/02/25 17:35:[https://f.w24.rocks/viewthread.php?tid=366521&extra=page%3D1%26amp%3Borderby%3Ddateline%26amp%3Bfilter%3D2592000,男友跟我商量 情侣夫妻交换 好刺激 ]
2020/02/25 17:35:[https://f.w24.rocks/viewthread.php?tid=366516&extra=page%3D1%26amp%3Borderby%3Ddateline%26amp%3Bfilter%3D2592000,想做个调研，现在91的帖子里十个能有几个真是原创？ ]
2020/02/25 17:35:[https://f.w24.rocks/viewthread.php?tid=366512&extra=page%3D1%26amp%3Borderby%3Ddateline%26amp%3Bfilter%3D2592000,有没有老铁试过比较弯曲的小姐姐。 ]
2020/02/25 17:35:[https://f.w24.rocks/viewthread.php?tid=366491&extra=page%3D1%26amp%3Borderby%3Ddateline%26amp%3Bfilter%3D2592000,讲讲我跟骚老婆的性史~ ]
2020/02/25 17:35:[https://f.w24.rocks/viewthread.php?tid=366488&extra=page%3D1%26amp%3Borderby%3Ddateline%26amp%3Bfilter%3D2592000,我的淫荡同学 ]
2020/02/25 17:36:[https://f.w24.rocks/viewthread.php?tid=366483&extra=page%3D1%26amp%3Borderby%3Ddateline%26amp%3Bfilter%3D2592000,用你老婆美逼，酥胸，盖楼 ]
2020/02/25 17:36:[https://f.w24.rocks/viewthread.php?tid=366476&extra=page%3D1%26amp%3Borderby%3Ddateline%26amp%3Bfilter%3D2592000,用小号自我调教我的淫荡老婆 ]
2020/02/25 17:36:[https://f.w24.rocks/viewthread.php?tid=366463&extra=page%3D2%26amp%3Borderby%3Ddateline%26amp%3Bfilter%3D2592000,强制剥夺命令，强制高潮，找贱女人 ]
2020/02/25 17:36:[https://f.w24.rocks/viewthread.php?tid=366455&extra=page%3D2%26amp%3Borderby%3Ddateline%26amp%3Bfilter%3D2592000,统计一下 上次你是通过什么方式约到的 ]
2020/02/26 14:00:[https://f.w24.rocks/viewthread.php?tid=366650&extra=page%3D1%26amp%3Borderby%3Ddateline%26amp%3Bfilter%3D2592000,有谁经历过，你是愤怒还是刺激？ ]
2020/02/26 14:00:[https://f.w24.rocks/viewthread.php?tid=366647&extra=page%3D1%26amp%3Borderby%3Ddateline%26amp%3Bfilter%3D2592000,好久不见朋友们！ ]
2020/02/26 14:00:[https://f.w24.rocks/viewthread.php?tid=366642&extra=page%3D1%26amp%3Borderby%3Ddateline%26amp%3Bfilter%3D2592000,♥首次讨论老婆♭欢迎评论♥ ]
2020/02/26 14:00:[https://f.w24.rocks/viewthread.php?tid=366641&extra=page%3D1%26amp%3Borderby%3Ddateline%26amp%3Bfilter%3D2592000,什么样的人会是一个好的主人支配者，找贱女人 ]
2020/02/26 14:00:[https://f.w24.rocks/viewthread.php?tid=366634&extra=page%3D1%26amp%3Borderby%3Ddateline%26amp%3Bfilter%3D2592000,0734大屁股熟女找多人干 ]
2020/02/26 14:00:[https://f.w24.rocks/viewthread.php?tid=366631&extra=page%3D1%26amp%3Borderby%3Ddateline%26amp%3Bfilter%3D2592000,求调教 ]
2020/02/26 14:00:[https://f.w24.rocks/viewthread.php?tid=366623&extra=page%3D1%26amp%3Borderby%3Ddateline%26amp%3Bfilter%3D2592000,讨论下0595上过的骚货，说不定有认识的噢~ ]
2020/02/26 14:00:[https://f.w24.rocks/viewthread.php?tid=366622&extra=page%3D1%26amp%3Borderby%3Ddateline%26amp%3Bfilter%3D2592000,愈发强烈难以自拔的淫妻情节，求各位指点 ]
2020/02/26 14:00:[https://f.w24.rocks/viewthread.php?tid=366605&extra=page%3D1%26amp%3Borderby%3Ddateline%26amp%3Bfilter%3D2592000,代发真实，妈妈和别的男人性经历，附照片 ]
2020/02/27 09:41:[https://f.w24.rocks/viewthread.php?tid=366742&extra=page%3D1%26amp%3Borderby%3Ddateline%26amp%3Bfilter%3D2592000,女人的内心 ]
2020/02/27 09:41:[https://f.w24.rocks/viewthread.php?tid=366726&extra=page%3D1%26amp%3Borderby%3Ddateline%26amp%3Bfilter%3D2592000,关于停更说明 ]
2020/02/27 09:41:[https://f.w24.rocks/viewthread.php?tid=366724&extra=page%3D1%26amp%3Borderby%3Ddateline%26amp%3Bfilter%3D2592000,激情褪去，一直开发淫妻，初有成效 ]
2020/02/27 09:41:[https://f.w24.rocks/viewthread.php?tid=366699&extra=page%3D1%26amp%3Borderby%3Ddateline%26amp%3Bfilter%3D2592000,想勾引大姨姐求方法 ]
2020/02/27 09:41:[https://f.w24.rocks/viewthread.php?tid=366681&extra=page%3D1%26amp%3Borderby%3Ddateline%26amp%3Bfilter%3D2592000,有没有有经验的来探讨下这种女孩的约炮心理 ]
2020/02/27 09:41:[https://f.w24.rocks/viewthread.php?tid=366662&extra=page%3D1%26amp%3Borderby%3Ddateline%26amp%3Bfilter%3D2592000,几十里送逼之《爱妻终于见了暗恋多年的老同学》 ]
2020/02/27 09:42:[https://f.w24.rocks/viewthread.php?tid=366661&extra=page%3D1%26amp%3Borderby%3Ddateline%26amp%3Bfilter%3D2592000,初中杂事 ]
2020/02/27 09:42:[https://f.w24.rocks/viewthread.php?tid=366659&extra=page%3D1%26amp%3Borderby%3Ddateline%26amp%3Bfilter%3D2592000,评论一下大家目前各自夫妻调教的状态 ]
2020/02/27 13:51:[https://f.w24.rocks/viewthread.php?tid=365434&extra=page%3D1%26amp%3Borderby%3Ddateline%26amp%3Bfilter%3D2592000,回忆天津的她1 ]
2020/02/27 13:51:[https://f.w24.rocks/viewthread.php?tid=365421&extra=page%3D1%26amp%3Borderby%3Ddateline%26amp%3Bfilter%3D2592000,转载thetsss微博上的一些女人 ]
2020/02/27 13:51:[https://f.w24.rocks/viewthread.php?tid=365420&extra=page%3D1%26amp%3Borderby%3Ddateline%26amp%3Bfilter%3D2592000,转载外围相关介绍 ]
2020/02/27 13:51:[https://f.w24.rocks/viewthread.php?tid=365418&extra=page%3D1%26amp%3Borderby%3Ddateline%26amp%3Bfilter%3D2592000,夜总会相关知识普及 ]
2020/02/27 13:51:[https://f.w24.rocks/viewthread.php?tid=365416&extra=page%3D1%26amp%3Borderby%3Ddateline%26amp%3Bfilter%3D2592000,029第一次发帖~版主手下留情~ ]
2020/02/27 13:51:[https://f.w24.rocks/viewthread.php?tid=365404&extra=page%3D1%26amp%3Borderby%3Ddateline%26amp%3Bfilter%3D2592000,在家太闲，开发淫妻成功~ ]
2020/02/27 13:51:[https://f.w24.rocks/viewthread.php?tid=365398&extra=page%3D1%26amp%3Borderby%3Ddateline%26amp%3Bfilter%3D2592000,想和他她玩sm，如何在恰当时机发起这个话题，找单女 ]
2020/02/27 13:51:[https://f.w24.rocks/viewthread.php?tid=365395&extra=page%3D1%26amp%3Borderby%3Ddateline%26amp%3Bfilter%3D2592000,性福大接龙，请回复贴出你玩过最爽的女人的靓照 ]
2020/02/27 13:55:[https://f.w24.rocks/viewthread.php?tid=365385&extra=page%3D1%26amp%3Borderby%3Ddateline%26amp%3Bfilter%3D2592000,小时候有偷摸过睡着的妹妹吗？ ]
2020/02/27 13:55:[https://f.w24.rocks/viewthread.php?tid=365378&extra=page%3D1%26amp%3Borderby%3Ddateline%26amp%3Bfilter%3D2592000,有没有玩过明星的啊？ ]
2020/02/27 13:55:[https://f.w24.rocks/viewthread.php?tid=365370&extra=page%3D1%26amp%3Borderby%3Ddateline%26amp%3Bfilter%3D2592000,第一次 ]
2020/02/27 13:55:[https://f.w24.rocks/viewthread.php?tid=365365&extra=page%3D1%26amp%3Borderby%3Ddateline%26amp%3Bfilter%3D2592000,追梦寻缘 单男在成都 潮汕寻夫妻情侣单女绿帽 ]
2020/02/27 13:55:[https://f.w24.rocks/viewthread.php?tid=365355&extra=page%3D2%26amp%3Borderby%3Ddateline%26amp%3Bfilter%3D2592000,人生本应是一场美好的相遇 ]
2020/02/27 13:55:[https://f.w24.rocks/viewthread.php?tid=365333&extra=page%3D2%26amp%3Borderby%3Ddateline%26amp%3Bfilter%3D2592000,偷窥老婆的经历 ]
2020/02/27 13:55:[https://f.w24.rocks/viewthread.php?tid=365319&extra=page%3D2%26amp%3Borderby%3Ddateline%26amp%3Bfilter%3D2592000,给大家推荐一些SM小道具 ]
2020/02/27 13:56:[https://f.w24.rocks/viewthread.php?tid=365434&extra=page%3D1%26amp%3Borderby%3Ddateline%26amp%3Bfilter%3D2592000,回忆天津的她1 ]
2020/02/27 13:56:[https://f.w24.rocks/viewthread.php?tid=365421&extra=page%3D1%26amp%3Borderby%3Ddateline%26amp%3Bfilter%3D2592000,转载thetsss微博上的一些女人 ]
2020/02/27 13:56:[https://f.w24.rocks/viewthread.php?tid=365420&extra=page%3D1%26amp%3Borderby%3Ddateline%26amp%3Bfilter%3D2592000,转载外围相关介绍 ]
2020/02/27 13:56:[https://f.w24.rocks/viewthread.php?tid=365418&extra=page%3D1%26amp%3Borderby%3Ddateline%26amp%3Bfilter%3D2592000,夜总会相关知识普及 ]
2020/02/27 13:56:[https://f.w24.rocks/viewthread.php?tid=365416&extra=page%3D1%26amp%3Borderby%3Ddateline%26amp%3Bfilter%3D2592000,029第一次发帖~版主手下留情~ ]
2020/02/27 13:56:[https://f.w24.rocks/viewthread.php?tid=365404&extra=page%3D1%26amp%3Borderby%3Ddateline%26amp%3Bfilter%3D2592000,在家太闲，开发淫妻成功~ ]
2020/02/27 13:56:[https://f.w24.rocks/viewthread.php?tid=365398&extra=page%3D1%26amp%3Borderby%3Ddateline%26amp%3Bfilter%3D2592000,想和他她玩sm，如何在恰当时机发起这个话题，找单女 ]
2020/02/27 13:56:[https://f.w24.rocks/viewthread.php?tid=365395&extra=page%3D1%26amp%3Borderby%3Ddateline%26amp%3Bfilter%3D2592000,性福大接龙，请回复贴出你玩过最爽的女人的靓照 ]
2020/02/27 13:57:[https://f.w24.rocks/viewthread.php?tid=365385&extra=page%3D1%26amp%3Borderby%3Ddateline%26amp%3Bfilter%3D2592000,小时候有偷摸过睡着的妹妹吗？ ]
2020/02/27 13:57:[https://f.w24.rocks/viewthread.php?tid=365378&extra=page%3D1%26amp%3Borderby%3Ddateline%26amp%3Bfilter%3D2592000,有没有玩过明星的啊？ ]
2020/02/27 13:57:[https://f.w24.rocks/viewthread.php?tid=365370&extra=page%3D1%26amp%3Borderby%3Ddateline%26amp%3Bfilter%3D2592000,第一次 ]
2020/02/27 13:57:[https://f.w24.rocks/viewthread.php?tid=365365&extra=page%3D1%26amp%3Borderby%3Ddateline%26amp%3Bfilter%3D2592000,追梦寻缘 单男在成都 潮汕寻夫妻情侣单女绿帽 ]
2020/02/27 13:57:[https://f.w24.rocks/viewthread.php?tid=365355&extra=page%3D2%26amp%3Borderby%3Ddateline%26amp%3Bfilter%3D2592000,人生本应是一场美好的相遇 ]
2020/02/27 13:57:[https://f.w24.rocks/viewthread.php?tid=365333&extra=page%3D2%26amp%3Borderby%3Ddateline%26amp%3Bfilter%3D2592000,偷窥老婆的经历 ]
2020/02/27 13:57:[https://f.w24.rocks/viewthread.php?tid=365319&extra=page%3D2%26amp%3Borderby%3Ddateline%26amp%3Bfilter%3D2592000,给大家推荐一些SM小道具 ]
2020/02/27 13:57:[https://f.w24.rocks/viewthread.php?tid=365304&extra=page%3D2%26amp%3Borderby%3Ddateline%26amp%3Bfilter%3D2592000,none]
2020/02/27 13:57:[https://f.w24.rocks/viewthread.php?tid=365297&extra=page%3D2%26amp%3Borderby%3Ddateline%26amp%3Bfilter%3D2592000,和女友第一次做时女友给你撸和口过吗？ ]
2020/02/27 13:57:[https://f.w24.rocks/viewthread.php?tid=365296&extra=page%3D2%26amp%3Borderby%3Ddateline%26amp%3Bfilter%3D2592000,从淫妻开始(武汉夫妻)No.1 ]
2020/02/27 13:57:[https://f.w24.rocks/viewthread.php?tid=365274&extra=page%3D2%26amp%3Borderby%3Ddateline%26amp%3Bfilter%3D2592000,大家一起交流啊 ]
