2021/02/08 15:51:[https://f.w24.rocks/viewthread.php?tid=366526&extra=page%3D1%26amp%3Borderby%3Ddateline%26amp%3Bfilter%3D2592000,代夫妻朋友发贴，夫妻合作，单男有偿]
2021/02/08 15:52:[https://f.w24.rocks/viewthread.php?tid=367185&extra=page%3D1%26amp%3Borderby%3Ddateline%26amp%3Bfilter%3D2592000,代广西老乡发帖，寻找真诚广西夫妻一起交流探讨]
2021/02/08 15:54:[https://f.w24.rocks/viewthread.php?tid=368686&extra=page%3D1%26amp%3Borderby%3Ddateline%26amp%3Bfilter%3D2592000,代群主发帖，有淫妻爱好的朋]
2021/02/08 15:54:[https://f.w24.rocks/viewthread.php?tid=369102&extra=page%3D1%26amp%3Borderby%3Ddateline%26amp%3Bfilter%3D2592000,娇妻全国征集优质单男]
2021/02/08 15:54:[https://f.w24.rocks/viewthread.php?tid=369494&extra=page%3D1%26amp%3Borderby%3Ddateline%26amp%3Bfilter%3D2592000,出差在外，老婆想要，只能自摸！]
2021/02/08 15:54:[https://f.w24.rocks/viewthread.php?tid=369538&extra=page%3D1%26amp%3Borderby%3Ddateline%26amp%3Bfilter%3D2592000,记录娇妻的动人瞬间，她说想要小奶狗，有射屏的吗]
2021/02/08 15:55:[https://f.w24.rocks/viewthread.php?tid=369854&extra=page%3D1%26amp%3Borderby%3Ddateline%26amp%3Bfilter%3D2592000,一次未完成的3p]
2021/02/08 15:55:[https://f.w24.rocks/viewthread.php?tid=369851&extra=page%3D1%26amp%3Borderby%3Ddateline%26amp%3Bfilter%3D2592000,老婆的丝袜]
2021/02/08 15:55:[https://f.w24.rocks/viewthread.php?tid=370566&extra=page%3D1%26amp%3Borderby%3Ddateline%26amp%3Bfilter%3D2592000,天津022]
2021/02/08 15:59:[https://f.w24.rocks/viewthread.php?tid=375087&extra=page%3D1%26amp%3Borderby%3Ddateline%26amp%3Bfilter%3D2592000,开课通知—少年拯救计划（0756），肥臀少妇任你释放]
2021/02/08 15:59:[https://f.w24.rocks/viewthread.php?tid=375084&extra=page%3D1%26amp%3Borderby%3Ddateline%26amp%3Bfilter%3D2592000,新疆骚妻，寻新疆夫妻同好交流！单男勿扰]
2021/02/08 15:59:[https://f.w24.rocks/viewthread.php?tid=375072&extra=page%3D1%26amp%3Borderby%3Ddateline%26amp%3Bfilter%3D2592000,性感老婆9自拍诱惑]
2021/02/08 16:00:[https://f.w24.rocks/viewthread.php?tid=375378&extra=page%3D1%26amp%3Borderby%3Ddateline%26amp%3Bfilter%3D2592000,坐标河南，寻优质夫妻或者单男]
2021/02/08 16:00:[https://f.w24.rocks/viewthread.php?tid=375358&extra=page%3D1%26amp%3Borderby%3Ddateline%26amp%3Bfilter%3D2592000,已更新，大奶老婆分享，嘉兴0573希望有更多人可以交流]
2021/02/08 16:00:[https://f.w24.rocks/viewthread.php?tid=375779&extra=page%3D1%26amp%3Borderby%3Ddateline%26amp%3Bfilter%3D2592000,为帝都娇妻寻高素质性福生活]
2021/02/08 16:00:[https://f.w24.rocks/viewthread.php?tid=375763&extra=page%3D1%26amp%3Borderby%3Ddateline%26amp%3Bfilter%3D2592000,你喜欢被调教开发，绿奴～M～进]
2021/02/08 16:02:[https://f.w24.rocks/viewthread.php?tid=380869&extra=page%3D3%26amp%3Borderby%3Ddateline%26amp%3Bfilter%3D2592000,80张熟女聊天记录，无偿开发91友人妻]
2021/02/08 16:02:[https://f.w24.rocks/viewthread.php?tid=381906&extra=page%3D1%26amp%3Borderby%3Ddateline%26amp%3Bfilter%3D2592000,射屏了，ipad备好，在线等骚逼]
2021/02/08 16:03:[https://f.w24.rocks/viewthread.php?tid=382090&extra=page%3D2%26amp%3Borderby%3Ddateline%26amp%3Bfilter%3D2592000,杭州 同房不换]
2021/02/08 16:03:[https://f.w24.rocks/viewthread.php?tid=382242&extra=page%3D1%26amp%3Borderby%3Ddateline%26amp%3Bfilter%3D2592000,佳木斯老婆露出3]
2021/02/08 16:03:[https://f.w24.rocks/viewthread.php?tid=382210&extra=page%3D2%26amp%3Borderby%3Ddateline%26amp%3Bfilter%3D2592000,坐标杭州，给老婆找杭州及附近的单男]
2021/02/08 16:03:[https://f.w24.rocks/viewthread.php?tid=382381&extra=page%3D1%26amp%3Borderby%3Ddateline%26amp%3Bfilter%3D2592000,成都情侣，同城交友的来]
2021/02/08 16:03:[https://f.w24.rocks/viewthread.php?tid=382375&extra=page%3D1%26amp%3Borderby%3Ddateline%26amp%3Bfilter%3D2592000,女友和单男视频，我只能在旁边看]
2021/02/08 16:03:[https://f.w24.rocks/viewthread.php?tid=382361&extra=page%3D1%26amp%3Borderby%3Ddateline%26amp%3Bfilter%3D2592000,江浙沪同房不换]
2021/02/08 16:14:[https://f.w24.rocks/viewthread.php?tid=382351&extra=page%3D1%26amp%3Borderby%3Ddateline%26amp%3Bfilter%3D2592000,坐标绍兴0575，老婆被2单男蹂躏，我却只能在旁边拍视频。]
2021/02/08 16:14:[https://f.w24.rocks/viewthread.php?tid=382336&extra=page%3D1%26amp%3Borderby%3Ddateline%26amp%3Bfilter%3D2592000,老婆一直没有开发成功，慢慢的就老了，不强求了。]
2021/02/08 16:14:[https://f.w24.rocks/viewthread.php?tid=382334&extra=page%3D2%26amp%3Borderby%3Ddateline%26amp%3Bfilter%3D2592000,寻巢湖周边能来的夫妻情侣单女联系。单男勿扰]
2021/02/08 16:14:[https://f.w24.rocks/viewthread.php?tid=382330&extra=page%3D2%26amp%3Borderby%3Ddateline%26amp%3Bfilter%3D2592000,青岛夫妻找青岛及青岛周边夫妻情侣单男]
2021/02/08 16:14:[https://f.w24.rocks/viewthread.php?tid=382319&extra=page%3D2%26amp%3Borderby%3Ddateline%26amp%3Bfilter%3D2592000,纪念]
2021/02/08 16:14:[https://f.w24.rocks/viewthread.php?tid=382663&extra=page%3D1%26amp%3Borderby%3Ddateline%26amp%3Bfilter%3D2592000,天津学生情侣]
2021/02/08 16:14:[https://f.w24.rocks/viewthread.php?tid=382789&extra=page%3D1%26amp%3Borderby%3Ddateline%26amp%3Bfilter%3D2592000,删除]
2021/02/08 16:15:[https://f.w24.rocks/viewthread.php?tid=382988&extra=page%3D1%26amp%3Borderby%3Ddateline%26amp%3Bfilter%3D2592000,限时露脸，寻求创意玩法]
2021/02/08 16:15:[https://f.w24.rocks/viewthread.php?tid=382956&extra=page%3D2%26amp%3Borderby%3Ddateline%26amp%3Bfilter%3D2592000,佳木斯老婆露出4]
2021/02/08 16:15:[https://f.w24.rocks/viewthread.php?tid=382940&extra=page%3D2%26amp%3Borderby%3Ddateline%26amp%3Bfilter%3D2592000,在线交友，女友的丝袜高跟勾引]
2021/02/08 16:15:[https://f.w24.rocks/viewthread.php?tid=383094&extra=page%3D1%26amp%3Borderby%3Ddateline%26amp%3Bfilter%3D2592000,佳木斯老婆露出7]
2021/02/08 16:16:[https://f.w24.rocks/viewthread.php?tid=383915&extra=page%3D1%26amp%3Borderby%3Ddateline%26amp%3Bfilter%3D2592000,异地媳妇儿网络调教计划]
2021/02/08 16:16:[https://f.w24.rocks/viewthread.php?tid=383894&extra=page%3D1%26amp%3Borderby%3Ddateline%26amp%3Bfilter%3D2592000,佳木斯老婆露出8]
2021/02/08 16:17:[https://f.w24.rocks/viewthread.php?tid=385551&extra=page%3D2%26amp%3Borderby%3Ddateline%26amp%3Bfilter%3D2592000,大学时那个外表清纯内心淫荡的反差婊（230P）]
2021/02/08 16:20:[https://f.w24.rocks/viewthread.php?tid=387508&extra=page%3D1%26amp%3Borderby%3Ddateline%26amp%3Bfilter%3D2592000,023地区90后颜值夫妻寻找视频互动调情的优质单男或夫妻]
2021/02/08 16:23:[https://f.w24.rocks/viewthread.php?tid=390691&extra=page%3D1%26amp%3Borderby%3Ddateline%26amp%3Bfilter%3D2592000,宁波的夫妻有没有交流的]
2021/02/08 16:24:[https://f.w24.rocks/viewthread.php?tid=391769&extra=page%3D2%26amp%3Borderby%3Ddateline%26amp%3Bfilter%3D2592000,济南0531夫妻找听话胖奴壮奴]
2021/02/08 21:37:[https://f.w24.rocks/viewthread.php?tid=375073&extra=page%3D1%26amp%3Borderby%3Ddateline%26amp%3Bfilter%3D2592000,恋丝足，会射屏，能打印加我欣赏老婆脚]
