2020/02/25 17:33:[https://f.w24.rocks/viewthread.php?tid=366561&extra=page%3D1%26amp%3Borderby%3Ddateline%26amp%3Bfilter%3D2592000,只做原创]
2020/02/25 17:34:[https://f.w24.rocks/viewthread.php?tid=366525&extra=page%3D1%26amp%3Borderby%3Ddateline%26amp%3Bfilter%3D2592000,逼嫩水多皮肤白皙，广州夫妻，物色一名优质单男 ]
2020/02/25 17:39:[https://f.w24.rocks/viewthread.php?tid=366437&extra=page%3D2%26amp%3Borderby%3Ddateline%26amp%3Bfilter%3D2592000,看过的都说非常好，千万不容错过啊，申精。。。 ]
2020/02/25 19:59:[https://f.w24.rocks/viewthread.php?tid=366437&extra=page%3D2%26amp%3Borderby%3Ddateline%26amp%3Bfilter%3D2592000,看过的都说非常好，千万不容错过啊，申精。。。 ]
2020/02/26 14:00:[https://f.w24.rocks/viewthread.php?tid=366648&extra=page%3D1%26amp%3Borderby%3Ddateline%26amp%3Bfilter%3D2592000,家有骚妻！ ]
2020/02/26 14:00:[https://f.w24.rocks/viewthread.php?tid=366643&extra=page%3D1%26amp%3Borderby%3Ddateline%26amp%3Bfilter%3D2592000,长腿老婆在床上穿着黑丝给我足交天津交友。 ]
2020/02/26 14:01:[https://f.w24.rocks/viewthread.php?tid=366624&extra=page%3D1%26amp%3Borderby%3Ddateline%26amp%3Bfilter%3D2592000,贵州毕节夫妻，贵州同好狼友真的少。。想找个单男 ]
2020/02/26 14:01:[https://f.w24.rocks/viewthread.php?tid=366617&extra=page%3D1%26amp%3Borderby%3Ddateline%26amp%3Bfilter%3D2592000,苏州地区]
2020/02/26 14:01:[https://f.w24.rocks/viewthread.php?tid=366610&extra=page%3D1%26amp%3Borderby%3Ddateline%26amp%3Bfilter%3D2592000,这逼，这胸，你想要吗？单男来吧。 ]
2020/02/26 14:02:[https://f.w24.rocks/viewthread.php?tid=366609&extra=page%3D1%26amp%3Borderby%3Ddateline%26amp%3Bfilter%3D2592000,交友贴  只要素质夫妻 ]
2020/02/26 14:02:[https://f.w24.rocks/viewthread.php?tid=366585&extra=page%3D1%26amp%3Borderby%3Ddateline%26amp%3Bfilter%3D2592000,天气暖了 又到了夫妻交友的时节了 ]
2020/02/26 14:02:[https://f.w24.rocks/viewthread.php?tid=366576&extra=page%3D1%26amp%3Borderby%3Ddateline%26amp%3Bfilter%3D2592000,河北在家无聊拍淫妻裸照，求评论，她会看 ]
2020/02/27 09:41:[https://f.w24.rocks/viewthread.php?tid=366746&extra=page%3D1%26amp%3Borderby%3Ddateline%26amp%3Bfilter%3D2592000,后入大屁股 ]
2020/02/27 09:41:[https://f.w24.rocks/viewthread.php?tid=366730&extra=page%3D1%26amp%3Borderby%3Ddateline%26amp%3Bfilter%3D2592000,山东  爱丝袜的娇妻 求交流交流 ]
2020/02/27 09:41:[https://f.w24.rocks/viewthread.php?tid=366728&extra=page%3D1%26amp%3Borderby%3Ddateline%26amp%3Bfilter%3D2592000,安徽安庆，分享娇妻~皮肤白白，找同城或者周边交流 ]
2020/02/27 09:42:[https://f.w24.rocks/viewthread.php?tid=366718&extra=page%3D1%26amp%3Borderby%3Ddateline%26amp%3Bfilter%3D2592000,最近很流行射屏呀，奉上老婆骚逼一张，各位狼友请评论 ]
2020/02/27 09:42:[https://f.w24.rocks/viewthread.php?tid=366715&extra=page%3D1%26amp%3Borderby%3Ddateline%26amp%3Bfilter%3D2592000,丰臀老婆初步解锁拍照和前戏意淫 ]
2020/02/27 09:45:[https://f.w24.rocks/viewthread.php?tid=366714&extra=page%3D1%26amp%3Borderby%3Ddateline%26amp%3Bfilter%3D2592000,坐标内蒙赤峰地区寻同好活动朋友 ]
2020/02/27 09:45:[https://f.w24.rocks/viewthread.php?tid=366710&extra=page%3D1%26amp%3Borderby%3Ddateline%26amp%3Bfilter%3D2592000,代网友发帖 ]
2020/02/27 09:45:[https://f.w24.rocks/viewthread.php?tid=366695&extra=page%3D1%26amp%3Borderby%3Ddateline%26amp%3Bfilter%3D2592000,无锡回忆录 ]
2020/02/27 09:45:[https://f.w24.rocks/viewthread.php?tid=366694&extra=page%3D1%26amp%3Borderby%3Ddateline%26amp%3Bfilter%3D2592000,❀老婆首发♥高清特写♥欢迎评论❀ ]
2020/02/27 09:46:[https://f.w24.rocks/viewthread.php?tid=366690&extra=page%3D1%26amp%3Borderby%3Ddateline%26amp%3Bfilter%3D2592000,人生本应是一场美好的相遇 1 ]
2020/02/27 09:46:[https://f.w24.rocks/viewthread.php?tid=366687&extra=page%3D1%26amp%3Borderby%3Ddateline%26amp%3Bfilter%3D2592000,说，你是不是我老婆前男友？？！！！ ]
2020/02/27 09:46:[https://f.w24.rocks/viewthread.php?tid=366684&extra=page%3D1%26amp%3Borderby%3Ddateline%26amp%3Bfilter%3D2592000,土大叔11分钟推倒女大学生纪实 ]
2020/02/27 09:47:[https://f.w24.rocks/viewthread.php?tid=366674&extra=page%3D1%26amp%3Borderby%3Ddateline%26amp%3Bfilter%3D2592000,天津夫妻单男或者情侣看过来 ]
2020/02/28 09:12:[https://f.w24.rocks/viewthread.php?tid=366819&extra=page%3D1%26amp%3Borderby%3Ddateline%26amp%3Bfilter%3D2592000,贵阳小夫妻老婆大胆爱尝试，熟悉活动 ]
2020/02/28 09:12:[https://f.w24.rocks/viewthread.php?tid=366817&extra=page%3D1%26amp%3Borderby%3Ddateline%26amp%3Bfilter%3D2592000,纯日常。福州骚妻各种要求都可以驾驭的炉火纯青。 ]
2020/02/28 09:13:[https://f.w24.rocks/viewthread.php?tid=366805&extra=page%3D1%26amp%3Borderby%3Ddateline%26amp%3Bfilter%3D2592000,山东青岛地区，健身情侣寻同好交流 ]
2020/02/28 09:13:[https://f.w24.rocks/viewthread.php?tid=366803&extra=page%3D1%26amp%3Borderby%3Ddateline%26amp%3Bfilter%3D2592000,坐标呼市 分享长腿娇妻。疫情接受。。想活动了 ]
2020/02/28 09:13:[https://f.w24.rocks/viewthread.php?tid=366798&extra=page%3D1%26amp%3Borderby%3Ddateline%26amp%3Bfilter%3D2592000,我最爱的娇妻丝袜居家私拍，想活动了 ]
2020/02/28 09:13:[https://f.w24.rocks/viewthread.php?tid=366788&extra=page%3D1%26amp%3Borderby%3Ddateline%26amp%3Bfilter%3D2592000,分享骚妻的木耳 ]
2020/02/28 09:13:[https://f.w24.rocks/viewthread.php?tid=366787&extra=page%3D1%26amp%3Borderby%3Ddateline%26amp%3Bfilter%3D2592000,携众女回归美胸比赛，试试水，小姐姐们会看评论 ]
2020/02/28 09:14:[https://f.w24.rocks/viewthread.php?tid=366785&extra=page%3D1%26amp%3Borderby%3Ddateline%26amp%3Bfilter%3D2592000,制服诱惑，情趣内衣代言人 ]
2020/02/28 09:14:[https://f.w24.rocks/viewthread.php?tid=366782&extra=page%3D1%26amp%3Borderby%3Ddateline%26amp%3Bfilter%3D2592000,独自回家过个年，竟然被分隔了一个月了 ]
2020/02/28 09:14:[https://f.w24.rocks/viewthread.php?tid=366754&extra=page%3D1%26amp%3Borderby%3Ddateline%26amp%3Bfilter%3D2592000,分享爱妻骚逼 ]
2020/02/28 10:46:[https://f.w24.rocks/viewthread.php?tid=366844&extra=page%3D1%26amp%3Borderby%3Ddateline%26amp%3Bfilter%3D2592000,寻找湖北武汉襄阳宜昌fq好友 ]
2020/02/28 10:46:[https://f.w24.rocks/viewthread.php?tid=366838&extra=page%3D1%26amp%3Borderby%3Ddateline%26amp%3Bfilter%3D2592000,希望借助此贴 结实合适的同好狼友 南昌夫妻同城交流 ]
2020/02/29 00:50:[https://f.w24.rocks/viewthread.php?tid=366926&extra=page%3D1%26amp%3Borderby%3Ddateline%26amp%3Bfilter%3D2592000,再挑一对 ]
2020/02/29 00:50:[https://f.w24.rocks/viewthread.php?tid=366923&extra=page%3D1%26amp%3Borderby%3Ddateline%26amp%3Bfilter%3D2592000,外黑里嫩水多有喜欢的吗？ ]
2020/02/29 00:50:[https://f.w24.rocks/viewthread.php?tid=366916&extra=page%3D1%26amp%3Borderby%3Ddateline%26amp%3Bfilter%3D2592000,仅限今晚，招聘夫妻 ]
2020/02/29 00:50:[https://f.w24.rocks/viewthread.php?tid=366910&extra=page%3D1%26amp%3Borderby%3Ddateline%26amp%3Bfilter%3D2592000,做个天天交作业的好学生，南京交换。 ]
2020/02/29 00:51:[https://f.w24.rocks/viewthread.php?tid=366860&extra=page%3D1%26amp%3Borderby%3Ddateline%26amp%3Bfilter%3D2592000,新西兰南岛90后couple寻志同道合的朋友一起组织活动 ]
2020/02/29 00:51:[https://f.w24.rocks/viewthread.php?tid=366858&extra=page%3D1%26amp%3Borderby%3Ddateline%26amp%3Bfilter%3D2592000,网友投稿自己穿黑丝的老婆，希望得到大家羞辱 ]
2020/02/29 10:02:[https://f.w24.rocks/viewthread.php?tid=366948&extra=page%3D1%26amp%3Borderby%3Ddateline%26amp%3Bfilter%3D2592000,借助平台希望能交到五湖四海的夫妻和朋友 ]
2020/02/29 10:02:[https://f.w24.rocks/viewthread.php?tid=366947&extra=page%3D1%26amp%3Borderby%3Ddateline%26amp%3Bfilter%3D2592000,娇妻豹纹情趣大奶子。在帝都已基本解锁。同城狼友来吧 ]
2020/02/29 10:02:[https://f.w24.rocks/viewthread.php?tid=366941&extra=page%3D1%26amp%3Borderby%3Ddateline%26amp%3Bfilter%3D2592000,私拍模特睡衣篇 ]
2020/02/29 10:02:[https://f.w24.rocks/viewthread.php?tid=366929&extra=page%3D1%26amp%3Borderby%3Ddateline%26amp%3Bfilter%3D2592000,深圳四月活动交流保真 ]
2020/02/27 13:56:[https://f.w24.rocks/viewthread.php?tid=365432&extra=page%3D1%26amp%3Borderby%3Ddateline%26amp%3Bfilter%3D2592000,媳妇无意识的一句话，弄得我半夜没睡着。 ]
2020/02/27 13:56:[https://f.w24.rocks/viewthread.php?tid=365427&extra=page%3D1%26amp%3Borderby%3Ddateline%26amp%3Bfilter%3D2592000,删帖 ]
2020/02/27 13:56:[https://f.w24.rocks/viewthread.php?tid=365422&extra=page%3D1%26amp%3Borderby%3Ddateline%26amp%3Bfilter%3D2592000,通俗话题，真人真事，我上了我哥们女朋友。 ]
2020/02/27 13:56:[https://f.w24.rocks/viewthread.php?tid=365397&extra=page%3D1%26amp%3Borderby%3Ddateline%26amp%3Bfilter%3D2592000,0518夫妻 ]
2020/02/27 13:56:[https://f.w24.rocks/viewthread.php?tid=365369&extra=page%3D1%26amp%3Borderby%3Ddateline%26amp%3Bfilter%3D2592000,随拍 ]
2020/02/27 13:56:[https://f.w24.rocks/viewthread.php?tid=365358&extra=page%3D1%26amp%3Borderby%3Ddateline%26amp%3Bfilter%3D2592000,有经验的老哥们帮我看一眼这靠谱吗 ]
2020/02/27 13:56:[https://f.w24.rocks/viewthread.php?tid=365347&extra=page%3D1%26amp%3Borderby%3Ddateline%26amp%3Bfilter%3D2592000,020相约之后活动 ]
2020/02/27 13:57:[https://f.w24.rocks/viewthread.php?tid=365343&extra=page%3D1%26amp%3Borderby%3Ddateline%26amp%3Bfilter%3D2592000,骚妻欲火奔腾，日常端庄秀丽，床上风骚淫荡 ]
2020/02/27 13:58:[https://f.w24.rocks/viewthread.php?tid=365341&extra=page%3D1%26amp%3Borderby%3Ddateline%26amp%3Bfilter%3D2592000,0315想看媳妇被操 ]
2020/02/27 13:58:[https://f.w24.rocks/viewthread.php?tid=365334&extra=page%3D1%26amp%3Borderby%3Ddateline%26amp%3Bfilter%3D2592000,欢迎评论 淫妻母狗   露脸的可以交流 不分享无门槛 ]
2020/02/27 13:58:[https://f.w24.rocks/viewthread.php?tid=365331&extra=page%3D1%26amp%3Borderby%3Ddateline%26amp%3Bfilter%3D2592000,补记一次旅行，妻子朦胧而撩人的身影 ]
2020/02/27 13:59:[https://f.w24.rocks/viewthread.php?tid=365322&extra=page%3D1%26amp%3Borderby%3Ddateline%26amp%3Bfilter%3D2592000,老婆发来自拍1 ]
2020/02/27 13:59:[https://f.w24.rocks/viewthread.php?tid=365317&extra=page%3D1%26amp%3Borderby%3Ddateline%26amp%3Bfilter%3D2592000,none]
2020/02/27 13:59:[https://f.w24.rocks/viewthread.php?tid=365309&extra=page%3D2%26amp%3Borderby%3Ddateline%26amp%3Bfilter%3D2592000,0931妻子诱人的身体～搞点艺术，有喜欢的吗？ ]
2020/02/27 13:59:[https://f.w24.rocks/viewthread.php?tid=365306&extra=page%3D2%26amp%3Borderby%3Ddateline%26amp%3Bfilter%3D2592000,老哥们到这一步我应该怎么办？ ]
2020/02/27 13:59:[https://f.w24.rocks/viewthread.php?tid=365276&extra=page%3D2%26amp%3Borderby%3Ddateline%26amp%3Bfilter%3D2592000,好久没发了喜欢的狼友聊聊吧 ]
