2021/02/08 21:45:[https://f.w24.rocks/viewthread.php?tid=366426&extra=page%3D1%26amp%3Borderby%3Ddateline%26amp%3Bfilter%3D2592000,404]
2021/02/08 21:45:[https://f.w24.rocks/viewthread.php?tid=366348&extra=page%3D2%26amp%3Borderby%3Ddateline%26amp%3Bfilter%3D2592000,（0530寻奴）菏泽 反差婊，母畜，性瘾者，下贱骚货加我]
2021/02/08 21:45:[https://f.w24.rocks/viewthread.php?tid=366746&extra=page%3D1%26amp%3Borderby%3Ddateline%26amp%3Bfilter%3D2592000,404]
2021/02/08 21:45:[https://f.w24.rocks/viewthread.php?tid=366674&extra=page%3D1%26amp%3Borderby%3Ddateline%26amp%3Bfilter%3D2592000,天津夫妻单男或者情侣看过来]
2021/02/08 21:45:[https://f.w24.rocks/viewthread.php?tid=365432&extra=page%3D1%26amp%3Borderby%3Ddateline%26amp%3Bfilter%3D2592000,媳妇无意识的一句话，弄得我半夜没睡着。]
2021/02/08 21:45:[https://f.w24.rocks/viewthread.php?tid=365422&extra=page%3D1%26amp%3Borderby%3Ddateline%26amp%3Bfilter%3D2592000,通俗话题，真人真事，我上了我哥们女朋友。]
2021/02/08 21:45:[https://f.w24.rocks/viewthread.php?tid=365397&extra=page%3D1%26amp%3Borderby%3Ddateline%26amp%3Bfilter%3D2592000,0518夫妻]
2021/02/08 21:45:[https://f.w24.rocks/viewthread.php?tid=365369&extra=page%3D1%26amp%3Borderby%3Ddateline%26amp%3Bfilter%3D2592000,随拍]
2021/02/08 21:45:[https://f.w24.rocks/viewthread.php?tid=365347&extra=page%3D1%26amp%3Borderby%3Ddateline%26amp%3Bfilter%3D2592000,020相约之后活动]
2021/02/08 21:45:[https://f.w24.rocks/viewthread.php?tid=365317&extra=page%3D1%26amp%3Borderby%3Ddateline%26amp%3Bfilter%3D2592000,404]
2021/02/08 21:45:[https://f.w24.rocks/viewthread.php?tid=366803&extra=page%3D1%26amp%3Borderby%3Ddateline%26amp%3Bfilter%3D2592000,坐标呼市 分享长腿娇妻。疫情接受。。想活动了]
2021/02/08 21:45:[https://f.w24.rocks/viewthread.php?tid=366926&extra=page%3D1%26amp%3Borderby%3Ddateline%26amp%3Bfilter%3D2592000,404]
2021/02/08 21:45:[https://f.w24.rocks/viewthread.php?tid=366916&extra=page%3D1%26amp%3Borderby%3Ddateline%26amp%3Bfilter%3D2592000,404]
2021/02/08 21:45:[https://f.w24.rocks/viewthread.php?tid=367120&extra=page%3D1%26amp%3Borderby%3Ddateline%26amp%3Bfilter%3D2592000,404]
2021/02/08 21:45:[https://f.w24.rocks/viewthread.php?tid=367075&extra=page%3D1%26amp%3Borderby%3Ddateline%26amp%3Bfilter%3D2592000,老婆的大奶子，告诉我你想怎么操她]
2021/02/08 21:45:[https://f.w24.rocks/viewthread.php?tid=367049&extra=page%3D1%26amp%3Borderby%3Ddateline%26amp%3Bfilter%3D2592000,展示爱妻的干净小鲍鱼，太原夫妻，欢迎来撩、]
2021/02/08 21:45:[https://f.w24.rocks/viewthread.php?tid=367038&extra=page%3D1%26amp%3Borderby%3Ddateline%26amp%3Bfilter%3D2592000,老婆的小鲍鱼，水多毛少爱口交 坐标郑州 寻优质单男]
2021/02/08 21:45:[https://f.w24.rocks/viewthread.php?tid=367020&extra=page%3D2%26amp%3Borderby%3Ddateline%26amp%3Bfilter%3D2592000,兰州夫妻，分享骚妻的大号蜜桃臀 紧致丰满 西北狼在哪里]
2021/02/08 21:45:[https://f.w24.rocks/viewthread.php?tid=367002&extra=page%3D2%26amp%3Borderby%3Ddateline%26amp%3Bfilter%3D2592000,交广州深圳会玩的绿主朋友]
2021/02/08 21:45:[https://f.w24.rocks/viewthread.php?tid=367001&extra=page%3D2%26amp%3Borderby%3Ddateline%26amp%3Bfilter%3D2592000,广东潮汕肥熟老婆，欢迎本地同好交流]
2021/02/08 21:45:[https://f.w24.rocks/viewthread.php?tid=367678&extra=page%3D1%26amp%3Borderby%3Ddateline%26amp%3Bfilter%3D2592000,404]
2021/02/08 21:45:[https://f.w24.rocks/viewthread.php?tid=367632&extra=page%3D1%26amp%3Borderby%3Ddateline%26amp%3Bfilter%3D2592000,这样身材的老婆，会有人想干吗]
2021/02/08 21:45:[https://f.w24.rocks/viewthread.php?tid=367620&extra=page%3D1%26amp%3Borderby%3Ddateline%26amp%3Bfilter%3D2592000,厦门 0592 寻找情侣夫妻或单女]
2021/02/08 21:45:[https://f.w24.rocks/viewthread.php?tid=367612&extra=page%3D2%26amp%3Borderby%3Ddateline%26amp%3Bfilter%3D2592000,404]
2021/02/08 21:45:[https://f.w24.rocks/viewthread.php?tid=367564&extra=page%3D2%26amp%3Borderby%3Ddateline%26amp%3Bfilter%3D2592000,南京90后夫妻，真诚交友交流，活动]
2021/02/08 21:45:[https://f.w24.rocks/viewthread.php?tid=367559&extra=page%3D2%26amp%3Borderby%3Ddateline%26amp%3Bfilter%3D2592000,0991带你领略我的美娇妻寻单男]
2021/02/08 21:45:[https://f.w24.rocks/viewthread.php?tid=367541&extra=page%3D2%26amp%3Borderby%3Ddateline%26amp%3Bfilter%3D2592000,90后]
2021/02/08 21:45:[https://f.w24.rocks/viewthread.php?tid=367518&extra=page%3D2%26amp%3Borderby%3Ddateline%26amp%3Bfilter%3D2592000,404]
2021/02/08 21:45:[https://f.w24.rocks/viewthread.php?tid=367474&extra=page%3D2%26amp%3Borderby%3Ddateline%26amp%3Bfilter%3D2592000,女友的乳晕。。真的美。分享小女友。坐标杭州]
2021/02/08 21:45:[https://f.w24.rocks/viewthread.php?tid=367447&extra=page%3D2%26amp%3Borderby%3Ddateline%26amp%3Bfilter%3D2592000,银川夫妻老婆想尝试3P，交换，带美娇妻活动]
2021/02/08 21:45:[https://f.w24.rocks/viewthread.php?tid=367443&extra=page%3D2%26amp%3Borderby%3Ddateline%26amp%3Bfilter%3D2592000,这个菊花如何]
2021/02/08 21:45:[https://f.w24.rocks/viewthread.php?tid=367425&extra=page%3D3%26amp%3Borderby%3Ddateline%26amp%3Bfilter%3D2592000,老婆睡着了，偷拍一张]
2021/02/08 21:45:[https://f.w24.rocks/viewthread.php?tid=367348&extra=page%3D3%26amp%3Borderby%3Ddateline%26amp%3Bfilter%3D2592000,喜欢后入的骚妻]
2021/02/08 21:45:[https://f.w24.rocks/viewthread.php?tid=367335&extra=page%3D3%26amp%3Borderby%3Ddateline%26amp%3Bfilter%3D2592000,找能真心交流的夫妻这么难吗]
2021/02/08 21:45:[https://f.w24.rocks/viewthread.php?tid=367334&extra=page%3D3%26amp%3Borderby%3Ddateline%26amp%3Bfilter%3D2592000,404]
2021/02/08 21:45:[https://f.w24.rocks/viewthread.php?tid=367745&extra=page%3D1%26amp%3Borderby%3Ddateline%26amp%3Bfilter%3D2592000,404]
2021/02/08 21:45:[https://f.w24.rocks/viewthread.php?tid=367744&extra=page%3D1%26amp%3Borderby%3Ddateline%26amp%3Bfilter%3D2592000,广西桂林同学们]
2021/02/08 21:45:[https://f.w24.rocks/viewthread.php?tid=367780&extra=page%3D1%26amp%3Borderby%3Ddateline%26amp%3Bfilter%3D2592000,404]
2021/02/08 21:45:[https://f.w24.rocks/viewthread.php?tid=367348&extra=page%3D1%26amp%3Borderby%3Ddateline%26amp%3Bfilter%3D2592000,喜欢后入的骚妻]
2021/02/08 21:45:[https://f.w24.rocks/viewthread.php?tid=367335&extra=page%3D1%26amp%3Borderby%3Ddateline%26amp%3Bfilter%3D2592000,找能真心交流的夫妻这么难吗]
2021/02/08 21:45:[https://f.w24.rocks/viewthread.php?tid=367334&extra=page%3D1%26amp%3Borderby%3Ddateline%26amp%3Bfilter%3D2592000,404]
2021/02/08 21:45:[https://f.w24.rocks/viewthread.php?tid=367425&extra=page%3D1%26amp%3Borderby%3Ddateline%26amp%3Bfilter%3D2592000,老婆睡着了，偷拍一张]
2021/02/08 21:45:[https://f.w24.rocks/viewthread.php?tid=367482&extra=page%3D1%26amp%3Borderby%3Ddateline%26amp%3Bfilter%3D2592000,404]
2021/02/08 21:45:[https://f.w24.rocks/viewthread.php?tid=367443&extra=page%3D1%26amp%3Borderby%3Ddateline%26amp%3Bfilter%3D2592000,这个菊花如何]
2021/02/08 21:45:[https://f.w24.rocks/viewthread.php?tid=367518&extra=page%3D1%26amp%3Borderby%3Ddateline%26amp%3Bfilter%3D2592000,404]
2021/02/08 21:45:[https://f.w24.rocks/viewthread.php?tid=367837&extra=page%3D1%26amp%3Borderby%3Ddateline%26amp%3Bfilter%3D2592000,迷茫的探索之路]
2021/02/08 21:45:[https://f.w24.rocks/viewthread.php?tid=367833&extra=page%3D1%26amp%3Borderby%3Ddateline%26amp%3Bfilter%3D2592000,爱妻]
2021/02/08 21:45:[https://f.w24.rocks/viewthread.php?tid=367946&extra=page%3D1%26amp%3Borderby%3Ddateline%26amp%3Bfilter%3D2592000,022天津]
2021/02/08 21:45:[https://f.w24.rocks/viewthread.php?tid=367922&extra=page%3D1%26amp%3Borderby%3Ddateline%26amp%3Bfilter%3D2592000,404]
2021/02/08 21:45:[https://f.w24.rocks/viewthread.php?tid=367920&extra=page%3D1%26amp%3Borderby%3Ddateline%26amp%3Bfilter%3D2592000,沪交友 简单明了结交素质实力单]
2021/02/08 21:45:[https://f.w24.rocks/viewthread.php?tid=367992&extra=page%3D1%26amp%3Borderby%3Ddateline%26amp%3Bfilter%3D2592000,寻找一起意淫老婆的同好]
2021/02/08 21:45:[https://f.w24.rocks/viewthread.php?tid=367977&extra=page%3D1%26amp%3Borderby%3Ddateline%26amp%3Bfilter%3D2592000,404]
2021/02/08 21:45:[https://f.w24.rocks/viewthread.php?tid=367974&extra=page%3D1%26amp%3Borderby%3Ddateline%26amp%3Bfilter%3D2592000,404]
2021/02/08 21:45:[https://f.w24.rocks/viewthread.php?tid=368108&extra=page%3D1%26amp%3Borderby%3Ddateline%26amp%3Bfilter%3D2592000,024沈阳黑逼骚货夫妻求会嗨玩的夫妻活动能验证的来]
2021/02/08 21:45:[https://f.w24.rocks/viewthread.php?tid=368096&extra=page%3D1%26amp%3Borderby%3Ddateline%26amp%3Bfilter%3D2592000,404]
2021/02/08 21:45:[https://f.w24.rocks/viewthread.php?tid=368024&extra=page%3D1%26amp%3Borderby%3Ddateline%26amp%3Bfilter%3D2592000,哈市高颜值夫妻，我们玩的开，想结交同同城素质同好]
2021/02/08 21:45:[https://f.w24.rocks/viewthread.php?tid=368175&extra=page%3D1%26amp%3Borderby%3Ddateline%26amp%3Bfilter%3D2592000,404]
2021/02/08 21:45:[https://f.w24.rocks/viewthread.php?tid=368169&extra=page%3D1%26amp%3Borderby%3Ddateline%26amp%3Bfilter%3D2592000,404]
2021/02/08 21:45:[https://f.w24.rocks/viewthread.php?tid=368204&extra=page%3D1%26amp%3Borderby%3Ddateline%26amp%3Bfilter%3D2592000,404]
2021/02/08 21:45:[https://f.w24.rocks/viewthread.php?tid=368201&extra=page%3D1%26amp%3Borderby%3Ddateline%26amp%3Bfilter%3D2592000,无题]
2021/02/08 21:45:[https://f.w24.rocks/viewthread.php?tid=368254&extra=page%3D1%26amp%3Borderby%3Ddateline%26amp%3Bfilter%3D2592000,404]
2021/02/08 21:45:[https://f.w24.rocks/viewthread.php?tid=368242&extra=page%3D1%26amp%3Borderby%3Ddateline%26amp%3Bfilter%3D2592000,0539给情人寻找单男活动]
2021/02/08 21:45:[https://f.w24.rocks/viewthread.php?tid=368282&extra=page%3D1%26amp%3Borderby%3Ddateline%26amp%3Bfilter%3D2592000,册除了]
2021/02/08 21:45:[https://f.w24.rocks/viewthread.php?tid=368258&extra=page%3D1%26amp%3Borderby%3Ddateline%26amp%3Bfilter%3D2592000,代转发！替一位绿帽奴的老婆找素质单男]
2021/02/08 21:45:[https://f.w24.rocks/viewthread.php?tid=368318&extra=page%3D1%26amp%3Borderby%3Ddateline%26amp%3Bfilter%3D2592000,待宰羔羊]
2021/02/08 21:45:[https://f.w24.rocks/viewthread.php?tid=368389&extra=page%3D1%26amp%3Borderby%3Ddateline%26amp%3Bfilter%3D2592000,404]
2021/02/08 21:45:[https://f.w24.rocks/viewthread.php?tid=368318&extra=page%3D2%26amp%3Borderby%3Ddateline%26amp%3Bfilter%3D2592000,待宰羔羊]
2021/02/08 21:45:[https://f.w24.rocks/viewthread.php?tid=368286&extra=page%3D2%26amp%3Borderby%3Ddateline%26amp%3Bfilter%3D2592000,028成都这样最青春的时光，希望能与同道志和的你分享。]
2021/02/08 21:45:[https://f.w24.rocks/viewthread.php?tid=368258&extra=page%3D2%26amp%3Borderby%3Ddateline%26amp%3Bfilter%3D2592000,代转发！替一位绿帽奴的老婆找素质单男]
2021/02/08 21:45:[https://f.w24.rocks/viewthread.php?tid=368242&extra=page%3D2%26amp%3Borderby%3Ddateline%26amp%3Bfilter%3D2592000,0539给情人寻找单男活动]
2021/02/08 21:45:[https://f.w24.rocks/viewthread.php?tid=368201&extra=page%3D3%26amp%3Borderby%3Ddateline%26amp%3Bfilter%3D2592000,无题]
2021/02/08 21:45:[https://f.w24.rocks/viewthread.php?tid=368108&extra=page%3D3%26amp%3Borderby%3Ddateline%26amp%3Bfilter%3D2592000,024沈阳黑逼骚货夫妻求会嗨玩的夫妻活动能验证的来]
2021/02/08 21:45:[https://f.w24.rocks/viewthread.php?tid=368096&extra=page%3D3%26amp%3Borderby%3Ddateline%26amp%3Bfilter%3D2592000,404]
2021/02/08 21:45:[https://f.w24.rocks/viewthread.php?tid=368024&extra=page%3D4%26amp%3Borderby%3Ddateline%26amp%3Bfilter%3D2592000,哈市高颜值夫妻，我们玩的开，想结交同同城素质同好]
2021/02/08 21:45:[https://f.w24.rocks/viewthread.php?tid=368016&extra=page%3D4%26amp%3Borderby%3Ddateline%26amp%3Bfilter%3D2592000,404]
2021/02/08 21:45:[https://f.w24.rocks/viewthread.php?tid=368477&extra=page%3D1%26amp%3Borderby%3Ddateline%26amp%3Bfilter%3D2592000,郑州带你领略我的爱妻顺便寻单男]
2021/02/08 21:45:[https://f.w24.rocks/viewthread.php?tid=368476&extra=page%3D1%26amp%3Borderby%3Ddateline%26amp%3Bfilter%3D2592000,穿这身比脱了更爽哦，安徽亳州找换，找3P]
2021/02/08 21:45:[https://f.w24.rocks/viewthread.php?tid=368524&extra=page%3D1%26amp%3Borderby%3Ddateline%26amp%3Bfilter%3D2592000,404]
2021/02/08 21:45:[https://f.w24.rocks/viewthread.php?tid=368649&extra=page%3D1%26amp%3Borderby%3Ddateline%26amp%3Bfilter%3D2592000,宜昌夫妻可交流]
2021/02/08 21:45:[https://f.w24.rocks/viewthread.php?tid=368606&extra=page%3D1%26amp%3Borderby%3Ddateline%26amp%3Bfilter%3D2592000,焦灼的瘾&忍]
2021/02/08 21:45:[https://f.w24.rocks/viewthread.php?tid=368760&extra=page%3D1%26amp%3Borderby%3Ddateline%26amp%3Bfilter%3D2592000,，，，，]
2021/02/08 21:45:[https://f.w24.rocks/viewthread.php?tid=368735&extra=page%3D1%26amp%3Borderby%3Ddateline%26amp%3Bfilter%3D2592000,老婆比较保守 想找人调教一下]
2021/02/08 21:45:[https://f.w24.rocks/viewthread.php?tid=368730&extra=page%3D1%26amp%3Borderby%3Ddateline%26amp%3Bfilter%3D2592000,想解锁比如电影院、KTV，以及更多场景四川成都]
2021/02/08 21:45:[https://f.w24.rocks/viewthread.php?tid=368709&extra=page%3D1%26amp%3Borderby%3Ddateline%26amp%3Bfilter%3D2592000,404]
2021/02/08 21:45:[https://f.w24.rocks/viewthread.php?tid=368707&extra=page%3D1%26amp%3Borderby%3Ddateline%26amp%3Bfilter%3D2592000,404]
2021/02/08 21:45:[https://f.w24.rocks/viewthread.php?tid=368850&extra=page%3D1%26amp%3Borderby%3Ddateline%26amp%3Bfilter%3D2592000,028地区 找靠谱单男或者夫妻]
2021/02/08 21:45:[https://f.w24.rocks/viewthread.php?tid=368834&extra=page%3D1%26amp%3Borderby%3Ddateline%26amp%3Bfilter%3D2592000,寻找真实有缘夫妻]
2021/02/08 21:45:[https://f.w24.rocks/viewthread.php?tid=368817&extra=page%3D1%26amp%3Borderby%3Ddateline%26amp%3Bfilter%3D2592000,娇妻美臀]
2021/02/08 21:45:[https://f.w24.rocks/viewthread.php?tid=368961&extra=page%3D1%26amp%3Borderby%3Ddateline%26amp%3Bfilter%3D2592000,404]
2021/02/08 21:45:[https://f.w24.rocks/viewthread.php?tid=368956&extra=page%3D1%26amp%3Borderby%3Ddateline%26amp%3Bfilter%3D2592000,404]
2021/02/08 21:45:[https://f.w24.rocks/viewthread.php?tid=368919&extra=page%3D1%26amp%3Borderby%3Ddateline%26amp%3Bfilter%3D2592000,404]
2021/02/08 21:45:[https://f.w24.rocks/viewthread.php?tid=368981&extra=page%3D1%26amp%3Borderby%3Ddateline%26amp%3Bfilter%3D2592000,0517淮安周边地区交流]
2021/02/08 21:45:[https://f.w24.rocks/viewthread.php?tid=369266&extra=page%3D1%26amp%3Borderby%3Ddateline%26amp%3Bfilter%3D2592000,有没有互相偷看老婆的同好]
2021/02/08 21:45:[https://f.w24.rocks/viewthread.php?tid=369242&extra=page%3D1%26amp%3Borderby%3Ddateline%26amp%3Bfilter%3D2592000,日本东京圈有喜欢露出的朋友吗]
2021/02/08 21:45:[https://f.w24.rocks/viewthread.php?tid=369365&extra=page%3D1%26amp%3Borderby%3Ddateline%26amp%3Bfilter%3D2592000,这个是什么名堂的骚逼]
2021/02/08 21:45:[https://f.w24.rocks/viewthread.php?tid=369321&extra=page%3D1%26amp%3Borderby%3Ddateline%26amp%3Bfilter%3D2592000,茂密的森林]
2021/02/08 21:45:[https://f.w24.rocks/viewthread.php?tid=369453&extra=page%3D1%26amp%3Borderby%3Ddateline%26amp%3Bfilter%3D2592000,404]
2021/02/08 21:45:[https://f.w24.rocks/viewthread.php?tid=369452&extra=page%3D1%26amp%3Borderby%3Ddateline%26amp%3Bfilter%3D2592000,404]
2021/02/08 21:45:[https://f.w24.rocks/viewthread.php?tid=369489&extra=page%3D1%26amp%3Borderby%3Ddateline%26amp%3Bfilter%3D2592000,正点的奶子 老婆手感超强 淫妻]
2021/02/08 21:45:[https://f.w24.rocks/viewthread.php?tid=369476&extra=page%3D1%26amp%3Borderby%3Ddateline%26amp%3Bfilter%3D2592000,404]
2021/02/08 21:45:[https://f.w24.rocks/viewthread.php?tid=369573&extra=page%3D1%26amp%3Borderby%3Ddateline%26amp%3Bfilter%3D2592000,精准拍摄 唯美帮成都夫妻发贴]
2021/02/08 21:45:[https://f.w24.rocks/viewthread.php?tid=369555&extra=page%3D1%26amp%3Borderby%3Ddateline%26amp%3Bfilter%3D2592000,偷拍老婆洗澡]
2021/02/08 21:45:[https://f.w24.rocks/viewthread.php?tid=369641&extra=page%3D1%26amp%3Borderby%3Ddateline%26amp%3Bfilter%3D2592000,坐标0536潍坊夫妻寻有缘夫妻一起交流互换]
2021/02/08 21:45:[https://f.w24.rocks/viewthread.php?tid=369639&extra=page%3D1%26amp%3Borderby%3Ddateline%26amp%3Bfilter%3D2592000,日本东京夫妻露出爱好交流]
2021/02/08 21:45:[https://f.w24.rocks/viewthread.php?tid=369592&extra=page%3D2%26amp%3Borderby%3Ddateline%26amp%3Bfilter%3D2592000,80后青岛，不晓得有人喜欢80后的么，]
2021/02/08 21:45:[https://f.w24.rocks/viewthread.php?tid=369893&extra=page%3D1%26amp%3Borderby%3Ddateline%26amp%3Bfilter%3D2592000,027摄影师私房作品展示欢迎夫妻情侣约拍]
2021/02/08 21:45:[https://f.w24.rocks/viewthread.php?tid=369857&extra=page%3D2%26amp%3Borderby%3Ddateline%26amp%3Bfilter%3D2592000,新长的毛毛]
2021/02/08 21:45:[https://f.w24.rocks/viewthread.php?tid=370013&extra=page%3D1%26amp%3Borderby%3Ddateline%26amp%3Bfilter%3D2592000,不自夸妻子身材不错给大家欣赏一下 谢谢]
2021/02/08 21:45:[https://f.w24.rocks/viewthread.php?tid=369990&extra=page%3D1%26amp%3Borderby%3Ddateline%26amp%3Bfilter%3D2592000,老婆的口活不错]
2021/02/08 21:45:[https://f.w24.rocks/viewthread.php?tid=369983&extra=page%3D1%26amp%3Borderby%3Ddateline%26amp%3Bfilter%3D2592000,028]
2021/02/08 21:45:[https://f.w24.rocks/viewthread.php?tid=369961&extra=page%3D1%26amp%3Borderby%3Ddateline%26amp%3Bfilter%3D2592000,404]
2021/02/08 21:45:[https://f.w24.rocks/viewthread.php?tid=369956&extra=page%3D1%26amp%3Borderby%3Ddateline%26amp%3Bfilter%3D2592000,0755]
2021/02/08 21:45:[https://f.w24.rocks/viewthread.php?tid=370070&extra=page%3D1%26amp%3Borderby%3Ddateline%26amp%3Bfilter%3D2592000,404]
2021/02/08 21:45:[https://f.w24.rocks/viewthread.php?tid=370063&extra=page%3D1%26amp%3Borderby%3Ddateline%26amp%3Bfilter%3D2592000,终于看到有兄弟晒成果了]
2021/02/08 21:45:[https://f.w24.rocks/viewthread.php?tid=370031&extra=page%3D1%26amp%3Borderby%3Ddateline%26amp%3Bfilter%3D2592000,骚老婆又发骚了想人艹]
2021/02/08 21:45:[https://f.w24.rocks/viewthread.php?tid=370030&extra=page%3D2%26amp%3Borderby%3Ddateline%26amp%3Bfilter%3D2592000,湖南0731有没有约同房不换的情侣或者夫妻]
2021/02/08 21:45:[https://f.w24.rocks/viewthread.php?tid=370264&extra=page%3D1%26amp%3Borderby%3Ddateline%26amp%3Bfilter%3D2592000,丰满馒头穴]
2021/02/08 21:45:[https://f.w24.rocks/viewthread.php?tid=370237&extra=page%3D1%26amp%3Borderby%3Ddateline%26amp%3Bfilter%3D2592000,404]
2021/02/08 21:45:[https://f.w24.rocks/viewthread.php?tid=370438&extra=page%3D1%26amp%3Borderby%3Ddateline%26amp%3Bfilter%3D2592000,自己严重绿帽希望有高手调教]
2021/02/08 21:45:[https://f.w24.rocks/viewthread.php?tid=370413&extra=page%3D1%26amp%3Borderby%3Ddateline%26amp%3Bfilter%3D2592000,（自由客）首发投稿南京夫妻]
2021/02/08 21:45:[https://f.w24.rocks/viewthread.php?tid=370490&extra=page%3D1%26amp%3Borderby%3Ddateline%26amp%3Bfilter%3D2592000,404]
2021/02/08 21:45:[https://f.w24.rocks/viewthread.php?tid=370507&extra=page%3D1%26amp%3Borderby%3Ddateline%26amp%3Bfilter%3D2592000,404]
2021/02/08 21:45:[https://f.w24.rocks/viewthread.php?tid=370639&extra=page%3D1%26amp%3Borderby%3Ddateline%26amp%3Bfilter%3D2592000,404]
2021/02/08 21:45:[https://f.w24.rocks/viewthread.php?tid=370581&extra=page%3D2%26amp%3Borderby%3Ddateline%26amp%3Bfilter%3D2592000,携手夫妻4P活动照，我们在潍坊]
2021/02/08 21:45:[https://f.w24.rocks/viewthread.php?tid=370576&extra=page%3D2%26amp%3Borderby%3Ddateline%26amp%3Bfilter%3D2592000,404]
2021/02/08 21:45:[https://f.w24.rocks/viewthread.php?tid=370677&extra=page%3D1%26amp%3Borderby%3Ddateline%26amp%3Bfilter%3D2592000,寻男给看老婆丝袜]
2021/02/08 21:45:[https://f.w24.rocks/viewthread.php?tid=370643&extra=page%3D2%26amp%3Borderby%3Ddateline%26amp%3Bfilter%3D2592000,404]
2021/02/08 21:45:[https://f.w24.rocks/viewthread.php?tid=370820&extra=page%3D1%26amp%3Borderby%3Ddateline%26amp%3Bfilter%3D2592000,404]
2021/02/08 21:45:[https://f.w24.rocks/viewthread.php?tid=370808&extra=page%3D1%26amp%3Borderby%3Ddateline%26amp%3Bfilter%3D2592000,更新中]
2021/02/08 21:45:[https://f.w24.rocks/viewthread.php?tid=370805&extra=page%3D1%26amp%3Borderby%3Ddateline%26amp%3Bfilter%3D2592000,404]
2021/02/08 21:45:[https://f.w24.rocks/viewthread.php?tid=370854&extra=page%3D1%26amp%3Borderby%3Ddateline%26amp%3Bfilter%3D2592000,404]
2021/02/08 21:45:[https://f.w24.rocks/viewthread.php?tid=370853&extra=page%3D1%26amp%3Borderby%3Ddateline%26amp%3Bfilter%3D2592000,025夫妻同房不换交友]
2021/02/08 21:45:[https://f.w24.rocks/viewthread.php?tid=370956&extra=page%3D1%26amp%3Borderby%3Ddateline%26amp%3Bfilter%3D2592000,404]
2021/02/08 21:45:[https://f.w24.rocks/viewthread.php?tid=370942&extra=page%3D1%26amp%3Borderby%3Ddateline%26amp%3Bfilter%3D2592000,继续征单男]
2021/02/08 21:45:[https://f.w24.rocks/viewthread.php?tid=370906&extra=page%3D1%26amp%3Borderby%3Ddateline%26amp%3Bfilter%3D2592000,熟妇susex黑丝9]
2021/02/08 21:45:[https://f.w24.rocks/viewthread.php?tid=370868&extra=page%3D2%26amp%3Borderby%3Ddateline%26amp%3Bfilter%3D2592000,苏州真诚找情侣夫妻，自家保姆服献给大家]
2021/02/08 21:45:[https://f.w24.rocks/viewthread.php?tid=371125&extra=page%3D1%26amp%3Borderby%3Ddateline%26amp%3Bfilter%3D2592000,秀秀自家的]
2021/02/08 21:45:[https://f.w24.rocks/viewthread.php?tid=371066&extra=page%3D1%26amp%3Borderby%3Ddateline%26amp%3Bfilter%3D2592000,404]
2021/02/08 21:45:[https://f.w24.rocks/viewthread.php?tid=371161&extra=page%3D1%26amp%3Borderby%3Ddateline%26amp%3Bfilter%3D2592000,404]
2021/02/08 21:45:[https://f.w24.rocks/viewthread.php?tid=371153&extra=page%3D1%26amp%3Borderby%3Ddateline%26amp%3Bfilter%3D2592000,0755深圳夫妻寻夫妻情侣]
2021/02/08 21:45:[https://f.w24.rocks/viewthread.php?tid=371299&extra=page%3D1%26amp%3Borderby%3Ddateline%26amp%3Bfilter%3D2592000,404]
2021/02/08 21:45:[https://f.w24.rocks/viewthread.php?tid=371272&extra=page%3D1%26amp%3Borderby%3Ddateline%26amp%3Bfilter%3D2592000,青岛肥臀娇妻寻同好一起交流]
2021/02/08 21:45:[https://f.w24.rocks/viewthread.php?tid=371257&extra=page%3D1%26amp%3Borderby%3Ddateline%26amp%3Bfilter%3D2592000,给老婆单约单男用什么软件好]
2021/02/08 21:45:[https://f.w24.rocks/viewthread.php?tid=371245&extra=page%3D2%26amp%3Borderby%3Ddateline%26amp%3Bfilter%3D2592000,404]
2021/02/08 21:45:[https://f.w24.rocks/viewthread.php?tid=371221&extra=page%3D2%26amp%3Borderby%3Ddateline%26amp%3Bfilter%3D2592000,404]
2021/02/08 21:45:[https://f.w24.rocks/viewthread.php?tid=371208&extra=page%3D2%26amp%3Borderby%3Ddateline%26amp%3Bfilter%3D2592000,404]
2021/02/08 21:45:[https://f.w24.rocks/viewthread.php?tid=371364&extra=page%3D1%26amp%3Borderby%3Ddateline%26amp%3Bfilter%3D2592000,404]
2021/02/08 21:45:[https://f.w24.rocks/viewthread.php?tid=371353&extra=page%3D1%26amp%3Borderby%3Ddateline%26amp%3Bfilter%3D2592000,老婆驾校回来抱怨和教练独处]
2021/02/08 21:45:[https://f.w24.rocks/viewthread.php?tid=371352&extra=page%3D1%26amp%3Borderby%3Ddateline%26amp%3Bfilter%3D2592000,404]
2021/02/08 21:45:[https://f.w24.rocks/viewthread.php?tid=371309&extra=page%3D2%26amp%3Borderby%3Ddateline%26amp%3Bfilter%3D2592000,404]
2021/02/08 21:45:[https://f.w24.rocks/viewthread.php?tid=371425&extra=page%3D2%26amp%3Borderby%3Ddateline%26amp%3Bfilter%3D2592000,欢迎射屏]
2021/02/08 21:45:[https://f.w24.rocks/viewthread.php?tid=371590&extra=page%3D1%26amp%3Borderby%3Ddateline%26amp%3Bfilter%3D2592000,你老婆都为前任做过什么]
2021/02/08 21:45:[https://f.w24.rocks/viewthread.php?tid=371582&extra=page%3D1%26amp%3Borderby%3Ddateline%26amp%3Bfilter%3D2592000,青岛本周末可以活动的夫妻情侣来！]
2021/02/08 21:45:[https://f.w24.rocks/viewthread.php?tid=371568&extra=page%3D2%26amp%3Borderby%3Ddateline%26amp%3Bfilter%3D2592000,404]
2021/02/08 21:45:[https://f.w24.rocks/viewthread.php?tid=371551&extra=page%3D2%26amp%3Borderby%3Ddateline%26amp%3Bfilter%3D2592000,404]
2021/02/08 21:45:[https://f.w24.rocks/viewthread.php?tid=371736&extra=page%3D1%26amp%3Borderby%3Ddateline%26amp%3Bfilter%3D2592000,404]
2021/02/08 21:45:[https://f.w24.rocks/viewthread.php?tid=371723&extra=page%3D1%26amp%3Borderby%3Ddateline%26amp%3Bfilter%3D2592000,404]
2021/02/08 21:45:[https://f.w24.rocks/viewthread.php?tid=371704&extra=page%3D1%26amp%3Borderby%3Ddateline%26amp%3Bfilter%3D2592000,404]
2021/02/08 21:45:[https://f.w24.rocks/viewthread.php?tid=371646&extra=page%3D2%26amp%3Borderby%3Ddateline%26amp%3Bfilter%3D2592000,404]
2021/02/08 21:45:[https://f.w24.rocks/viewthread.php?tid=371857&extra=page%3D1%26amp%3Borderby%3Ddateline%26amp%3Bfilter%3D2592000,第一次发帖  老师们多多指教]
2021/02/08 21:45:[https://f.w24.rocks/viewthread.php?tid=371943&extra=page%3D2%26amp%3Borderby%3Ddateline%26amp%3Bfilter%3D2592000,0551的新手报道]
2021/02/08 21:45:[https://f.w24.rocks/viewthread.php?tid=371906&extra=page%3D3%26amp%3Borderby%3Ddateline%26amp%3Bfilter%3D2592000,帮天津夫妻发帖]
2021/02/08 21:45:[https://f.w24.rocks/viewthread.php?tid=372110&extra=page%3D1%26amp%3Borderby%3Ddateline%26amp%3Bfilter%3D2592000,帮河南夫妻发帖 他们可以多人 很素质]
2021/02/08 21:45:[https://f.w24.rocks/viewthread.php?tid=372345&extra=page%3D1%26amp%3Borderby%3Ddateline%26amp%3Bfilter%3D2592000,404]
2021/02/08 21:45:[https://f.w24.rocks/viewthread.php?tid=372344&extra=page%3D1%26amp%3Borderby%3Ddateline%26amp%3Bfilter%3D2592000,404]
2021/02/08 21:45:[https://f.w24.rocks/viewthread.php?tid=372327&extra=page%3D1%26amp%3Borderby%3Ddateline%26amp%3Bfilter%3D2592000,寻桐乡或者可以去桐乡的夫妻情侣]
2021/02/08 21:45:[https://f.w24.rocks/viewthread.php?tid=372281&extra=page%3D2%26amp%3Borderby%3Ddateline%26amp%3Bfilter%3D2592000,成都真实夫妻，成约单男，媳妇第一次接触这个。]
2021/02/08 21:45:[https://f.w24.rocks/viewthread.php?tid=372380&extra=page%3D2%26amp%3Borderby%3Ddateline%26amp%3Bfilter%3D2592000,分享一下]
2021/02/08 21:45:[https://f.w24.rocks/viewthread.php?tid=372365&extra=page%3D2%26amp%3Borderby%3Ddateline%26amp%3Bfilter%3D2592000,404]
2021/02/08 21:45:[https://f.w24.rocks/viewthread.php?tid=372664&extra=page%3D2%26amp%3Borderby%3Ddateline%26amp%3Bfilter%3D2592000,娇妻的各种小道具，带一张生活，云南昆明单男活动]
2021/02/08 21:45:[https://f.w24.rocks/viewthread.php?tid=372617&extra=page%3D3%26amp%3Borderby%3Ddateline%26amp%3Bfilter%3D2592000,404]
2021/02/08 21:45:[https://f.w24.rocks/viewthread.php?tid=372587&extra=page%3D3%26amp%3Borderby%3Ddateline%26amp%3Bfilter%3D2592000,404]
2021/02/08 21:45:[https://f.w24.rocks/viewthread.php?tid=372582&extra=page%3D3%26amp%3Borderby%3Ddateline%26amp%3Bfilter%3D2592000,我老婆这样的BB有人喜欢干吗]
2021/02/08 21:45:[https://f.w24.rocks/viewthread.php?tid=372569&extra=page%3D3%26amp%3Borderby%3Ddateline%26amp%3Bfilter%3D2592000,0538急寻spa男技师]
2021/02/08 21:45:[https://f.w24.rocks/viewthread.php?tid=372870&extra=page%3D1%26amp%3Borderby%3Ddateline%26amp%3Bfilter%3D2592000,404]
2021/02/08 21:45:[https://f.w24.rocks/viewthread.php?tid=372868&extra=page%3D1%26amp%3Borderby%3Ddateline%26amp%3Bfilter%3D2592000,404]
2021/02/08 21:45:[https://f.w24.rocks/viewthread.php?tid=372824&extra=page%3D2%26amp%3Borderby%3Ddateline%26amp%3Bfilter%3D2592000,404]
2021/02/08 21:45:[https://f.w24.rocks/viewthread.php?tid=372944&extra=page%3D1%26amp%3Borderby%3Ddateline%26amp%3Bfilter%3D2592000,404]
2021/02/08 21:45:[https://f.w24.rocks/viewthread.php?tid=372908&extra=page%3D2%26amp%3Borderby%3Ddateline%26amp%3Bfilter%3D2592000,骚妻想看你射屏，在线等  已找到封贴]
2021/02/08 21:45:[https://f.w24.rocks/viewthread.php?tid=373146&extra=page%3D1%26amp%3Borderby%3Ddateline%26amp%3Bfilter%3D2592000,寻长沙素质单男]
2021/02/08 21:45:[https://f.w24.rocks/viewthread.php?tid=373143&extra=page%3D1%26amp%3Borderby%3Ddateline%26amp%3Bfilter%3D2592000,分享篇，第一次车震]
2021/02/08 21:45:[https://f.w24.rocks/viewthread.php?tid=373095&extra=page%3D1%26amp%3Borderby%3Ddateline%26amp%3Bfilter%3D2592000,寻单男一位，坐标，山东日照，美图验证]
2021/02/08 21:45:[https://f.w24.rocks/viewthread.php?tid=373052&extra=page%3D2%26amp%3Borderby%3Ddateline%26amp%3Bfilter%3D2592000,天津022]
2021/02/08 21:45:[https://f.w24.rocks/viewthread.php?tid=373325&extra=page%3D1%26amp%3Borderby%3Ddateline%26amp%3Bfilter%3D2592000,404]
2021/02/08 21:45:[https://f.w24.rocks/viewthread.php?tid=373294&extra=page%3D1%26amp%3Borderby%3Ddateline%26amp%3Bfilter%3D2592000,北京小M一枚]
2021/02/08 21:45:[https://f.w24.rocks/viewthread.php?tid=373450&extra=page%3D1%26amp%3Borderby%3Ddateline%26amp%3Bfilter%3D2592000,404]
2021/02/08 21:45:[https://f.w24.rocks/viewthread.php?tid=373446&extra=page%3D1%26amp%3Borderby%3Ddateline%26amp%3Bfilter%3D2592000,95极品 白嫩 母狗骚妻，求男人羞辱 流水射屏]
2021/02/08 21:45:[https://f.w24.rocks/viewthread.php?tid=373445&extra=page%3D1%26amp%3Borderby%3Ddateline%26amp%3Bfilter%3D2592000,0457]
2021/02/08 21:45:[https://f.w24.rocks/viewthread.php?tid=373442&extra=page%3D1%26amp%3Borderby%3Ddateline%26amp%3Bfilter%3D2592000,90后夫妻招单男我们坐标027武汉娇妻想体验3P]
2021/02/08 21:45:[https://f.w24.rocks/viewthread.php?tid=373401&extra=page%3D2%26amp%3Borderby%3Ddateline%26amp%3Bfilter%3D2592000,魔都大二小女M一枚〜〜]
2021/02/08 21:45:[https://f.w24.rocks/viewthread.php?tid=373379&extra=page%3D2%26amp%3Borderby%3Ddateline%26amp%3Bfilter%3D2592000,404]
2021/02/08 21:45:[https://f.w24.rocks/viewthread.php?tid=373487&extra=page%3D1%26amp%3Borderby%3Ddateline%26amp%3Bfilter%3D2592000,404]
2021/02/08 21:45:[https://f.w24.rocks/viewthread.php?tid=373520&extra=page%3D2%26amp%3Borderby%3Ddateline%26amp%3Bfilter%3D2592000,404]
2021/02/08 21:45:[https://f.w24.rocks/viewthread.php?tid=373645&extra=page%3D1%26amp%3Borderby%3Ddateline%26amp%3Bfilter%3D2592000,404]
2021/02/08 21:45:[https://f.w24.rocks/viewthread.php?tid=373638&extra=page%3D1%26amp%3Borderby%3Ddateline%26amp%3Bfilter%3D2592000,老婆同意3P了，诚邀单男 0472]
2021/02/08 21:45:[https://f.w24.rocks/viewthread.php?tid=373661&extra=page%3D1%26amp%3Borderby%3Ddateline%26amp%3Bfilter%3D2592000,老婆五年之变化]
2021/02/08 21:45:[https://f.w24.rocks/viewthread.php?tid=373773&extra=page%3D1%26amp%3Borderby%3Ddateline%26amp%3Bfilter%3D2592000,404]
2021/02/08 21:45:[https://f.w24.rocks/viewthread.php?tid=373765&extra=page%3D1%26amp%3Borderby%3Ddateline%26amp%3Bfilter%3D2592000,404]
2021/02/08 21:45:[https://f.w24.rocks/viewthread.php?tid=373750&extra=page%3D1%26amp%3Borderby%3Ddateline%26amp%3Bfilter%3D2592000,杭州夫妻 寻夫妻交流]
2021/02/08 21:45:[https://f.w24.rocks/viewthread.php?tid=373902&extra=page%3D1%26amp%3Borderby%3Ddateline%26amp%3Bfilter%3D2592000,404]
2021/02/08 21:45:[https://f.w24.rocks/viewthread.php?tid=373899&extra=page%3D1%26amp%3Borderby%3Ddateline%26amp%3Bfilter%3D2592000,0571 寻夫妻朋友视频啪啪]
2021/02/08 21:45:[https://f.w24.rocks/viewthread.php?tid=373881&extra=page%3D1%26amp%3Borderby%3Ddateline%26amp%3Bfilter%3D2592000,老婆开发中]
2021/02/08 21:45:[https://f.w24.rocks/viewthread.php?tid=373877&extra=page%3D1%26amp%3Borderby%3Ddateline%26amp%3Bfilter%3D2592000,0871夫妻回归昆明]
2021/02/08 21:45:[https://f.w24.rocks/viewthread.php?tid=373846&extra=page%3D2%26amp%3Borderby%3Ddateline%26amp%3Bfilter%3D2592000,求一个网调高手开发我老婆]
2021/02/08 21:45:[https://f.w24.rocks/viewthread.php?tid=373839&extra=page%3D2%26amp%3Borderby%3Ddateline%26amp%3Bfilter%3D2592000,404]
2021/02/08 21:45:[https://f.w24.rocks/viewthread.php?tid=373816&extra=page%3D2%26amp%3Borderby%3Ddateline%26amp%3Bfilter%3D2592000,骚货妹妹寻高素质男网络调情]
2021/02/08 21:45:[https://f.w24.rocks/viewthread.php?tid=373809&extra=page%3D2%26amp%3Borderby%3Ddateline%26amp%3Bfilter%3D2592000,上市公司女高管驱车300公里求操]
2021/02/08 21:45:[https://f.w24.rocks/viewthread.php?tid=374076&extra=page%3D1%26amp%3Borderby%3Ddateline%26amp%3Bfilter%3D2592000,404]
2021/02/08 21:45:[https://f.w24.rocks/viewthread.php?tid=374070&extra=page%3D1%26amp%3Borderby%3Ddateline%26amp%3Bfilter%3D2592000,0310摄影师新招募到一名私房新手模特，近期开拍]
2021/02/08 21:45:[https://f.w24.rocks/viewthread.php?tid=374246&extra=page%3D1%26amp%3Borderby%3Ddateline%26amp%3Bfilter%3D2592000,寻找真实夫妻交换]
2021/02/08 21:45:[https://f.w24.rocks/viewthread.php?tid=374235&extra=page%3D1%26amp%3Borderby%3Ddateline%26amp%3Bfilter%3D2592000,404]
2021/02/08 21:45:[https://f.w24.rocks/viewthread.php?tid=374209&extra=page%3D1%26amp%3Borderby%3Ddateline%26amp%3Bfilter%3D2592000,404]
2021/02/08 21:45:[https://f.w24.rocks/viewthread.php?tid=374203&extra=page%3D1%26amp%3Borderby%3Ddateline%26amp%3Bfilter%3D2592000,关于代发]
2021/02/08 21:45:[https://f.w24.rocks/viewthread.php?tid=374399&extra=page%3D1%26amp%3Borderby%3Ddateline%26amp%3Bfilter%3D2592000,404]
2021/02/08 21:45:[https://f.w24.rocks/viewthread.php?tid=374356&extra=page%3D1%26amp%3Borderby%3Ddateline%26amp%3Bfilter%3D2592000,德州庆云夫妻交友]
2021/02/08 21:45:[https://f.w24.rocks/viewthread.php?tid=374596&extra=page%3D1%26amp%3Borderby%3Ddateline%26amp%3Bfilter%3D2592000,真实夫妻 自己在家拍着分享 辽]
2021/02/08 21:45:[https://f.w24.rocks/viewthread.php?tid=374713&extra=page%3D1%26amp%3Borderby%3Ddateline%26amp%3Bfilter%3D2592000,老图新发]
2021/02/08 21:45:[https://f.w24.rocks/viewthread.php?tid=374661&extra=page%3D2%26amp%3Borderby%3Ddateline%26amp%3Bfilter%3D2592000,广西的可以进来看一下]
2021/02/08 21:45:[https://f.w24.rocks/viewthread.php?tid=374630&extra=page%3D2%26amp%3Borderby%3Ddateline%26amp%3Bfilter%3D2592000,出轨]
2021/02/08 21:45:[https://f.w24.rocks/viewthread.php?tid=374616&extra=page%3D2%26amp%3Borderby%3Ddateline%26amp%3Bfilter%3D2592000,一说让别的大鸡吧插老婆！射的就特别快而且很兴奋！]
2021/02/08 21:45:[https://f.w24.rocks/viewthread.php?tid=374611&extra=page%3D2%26amp%3Borderby%3Ddateline%26amp%3Bfilter%3D2592000,原创烟火味良家生活照]
2021/02/08 21:45:[https://f.w24.rocks/viewthread.php?tid=374745&extra=page%3D1%26amp%3Borderby%3Ddateline%26amp%3Bfilter%3D2592000,通州真实夫妻]
2021/02/08 21:45:[https://f.w24.rocks/viewthread.php?tid=374737&extra=page%3D2%26amp%3Borderby%3Ddateline%26amp%3Bfilter%3D2592000,真实夫妻真诚交友朋友式交往水到渠成！]
2021/02/08 21:45:[https://f.w24.rocks/viewthread.php?tid=374914&extra=page%3D1%26amp%3Borderby%3Ddateline%26amp%3Bfilter%3D2592000,404]
2021/02/08 21:45:[https://f.w24.rocks/viewthread.php?tid=374893&extra=page%3D1%26amp%3Borderby%3Ddateline%26amp%3Bfilter%3D2592000,骚货的玩具]
2021/02/08 21:45:[https://f.w24.rocks/viewthread.php?tid=375035&extra=page%3D1%26amp%3Borderby%3Ddateline%26amp%3Bfilter%3D2592000,17  18号寻嘉兴夫妻或者情侣活动]
2021/02/08 21:45:[https://f.w24.rocks/viewthread.php?tid=374996&extra=page%3D1%26amp%3Borderby%3Ddateline%26amp%3Bfilter%3D2592000,广西夫妻，老公让我感受外拍的感觉好刺激哦]
2021/02/08 21:45:[https://f.w24.rocks/viewthread.php?tid=375080&extra=page%3D1%26amp%3Borderby%3Ddateline%26amp%3Bfilter%3D2592000,（0538）（0632）泰安夫妻活动分享，期待认识真诚的朋友]
2021/02/08 21:45:[https://f.w24.rocks/viewthread.php?tid=375078&extra=page%3D1%26amp%3Borderby%3Ddateline%26amp%3Bfilter%3D2592000,我们是泉州夫妻，有过活动经验，想认识同城同好]
2021/02/08 21:45:[https://f.w24.rocks/viewthread.php?tid=375075&extra=page%3D1%26amp%3Borderby%3Ddateline%26amp%3Bfilter%3D2592000,404]
2021/02/08 21:45:[https://f.w24.rocks/viewthread.php?tid=375065&extra=page%3D1%26amp%3Borderby%3Ddateline%26amp%3Bfilter%3D2592000,404]
2021/02/08 21:45:[https://f.w24.rocks/viewthread.php?tid=375055&extra=page%3D1%26amp%3Borderby%3Ddateline%26amp%3Bfilter%3D2592000,夫妻情侣图片视频交流]
2021/02/08 21:45:[https://f.w24.rocks/viewthread.php?tid=375054&extra=page%3D1%26amp%3Borderby%3Ddateline%26amp%3Bfilter%3D2592000,、、、、、、、、、、、、、、、、、、、]
2021/02/08 21:45:[https://f.w24.rocks/viewthread.php?tid=375162&extra=page%3D1%26amp%3Borderby%3Ddateline%26amp%3Bfilter%3D2592000,西安颜值情侣求高质量夫妻活动]
2021/02/08 21:45:[https://f.w24.rocks/viewthread.php?tid=375152&extra=page%3D2%26amp%3Borderby%3Ddateline%26amp%3Bfilter%3D2592000,广西]
2021/02/08 21:45:[https://f.w24.rocks/viewthread.php?tid=375142&extra=page%3D2%26amp%3Borderby%3Ddateline%26amp%3Bfilter%3D2592000,老婆的小骚逼]
2021/02/08 21:45:[https://f.w24.rocks/viewthread.php?tid=375337&extra=page%3D1%26amp%3Borderby%3Ddateline%26amp%3Bfilter%3D2592000,寻夫妻，情侣，单男，单女交流，对单男有要求]
2021/02/08 21:45:[https://f.w24.rocks/viewthread.php?tid=375429&extra=page%3D1%26amp%3Borderby%3Ddateline%26amp%3Bfilter%3D2592000,，，，，，，，，，，，]
2021/02/08 21:45:[https://f.w24.rocks/viewthread.php?tid=375373&extra=page%3D1%26amp%3Borderby%3Ddateline%26amp%3Bfilter%3D2592000,请教。请问这是什么b]
2021/02/08 21:45:[https://f.w24.rocks/viewthread.php?tid=375501&extra=page%3D1%26amp%3Borderby%3Ddateline%26amp%3Bfilter%3D2592000,北海的可以来看一下]
2021/02/08 21:45:[https://f.w24.rocks/viewthread.php?tid=375489&extra=page%3D1%26amp%3Borderby%3Ddateline%26amp%3Bfilter%3D2592000,临淄风花雪月单男纪实]
2021/02/08 21:45:[https://f.w24.rocks/viewthread.php?tid=375459&extra=page%3D2%26amp%3Borderby%3Ddateline%26amp%3Bfilter%3D2592000,老婆大屁股]
2021/02/08 21:45:[https://f.w24.rocks/viewthread.php?tid=375623&extra=page%3D1%26amp%3Borderby%3Ddateline%26amp%3Bfilter%3D2592000,模特母狗新拍的私房，期待优质有缘人，0310地区]
2021/02/08 21:45:[https://f.w24.rocks/viewthread.php?tid=375607&extra=page%3D1%26amp%3Borderby%3Ddateline%26amp%3Bfilter%3D2592000,撕开丝袜就开搞， 已经湿的不行了。上海同城M]
2021/02/08 21:45:[https://f.w24.rocks/viewthread.php?tid=375760&extra=page%3D1%26amp%3Borderby%3Ddateline%26amp%3Bfilter%3D2592000,存在于她的体内射精]
2021/02/08 21:45:[https://f.w24.rocks/viewthread.php?tid=375752&extra=page%3D1%26amp%3Borderby%3Ddateline%26amp%3Bfilter%3D2592000,青岛夫妻，情侣进来聊聊心声。]
2021/02/08 21:45:[https://f.w24.rocks/viewthread.php?tid=375683&extra=page%3D2%26amp%3Borderby%3Ddateline%26amp%3Bfilter%3D2592000,骚臀]
2021/02/08 21:45:[https://f.w24.rocks/viewthread.php?tid=375671&extra=page%3D2%26amp%3Borderby%3Ddateline%26amp%3Bfilter%3D2592000,404]
2021/02/08 21:45:[https://f.w24.rocks/viewthread.php?tid=375664&extra=page%3D2%26amp%3Borderby%3Ddateline%26amp%3Bfilter%3D2592000,0535大长腿，交友]
2021/02/08 21:45:[https://f.w24.rocks/viewthread.php?tid=375762&extra=page%3D1%26amp%3Borderby%3Ddateline%26amp%3Bfilter%3D2592000,湖州夫妻征单男（看仔细再加，谢谢！）]
2021/02/08 21:45:[https://f.w24.rocks/viewthread.php?tid=380474&extra=page%3D1%26amp%3Borderby%3Ddateline%26amp%3Bfilter%3D2592000,帝都美妻，终于接受我的淫妻爱好，探寻真诚有缘人]
2021/02/08 21:45:[https://f.w24.rocks/viewthread.php?tid=380455&extra=page%3D1%26amp%3Borderby%3Ddateline%26amp%3Bfilter%3D2592000,寻找江苏夫妻交友群]
2021/02/08 21:45:[https://f.w24.rocks/viewthread.php?tid=380434&extra=page%3D1%26amp%3Borderby%3Ddateline%26amp%3Bfilter%3D2592000,老婆的美胸、美足、美臀、美鲍，总有你喜欢的吧]
2021/02/08 21:45:[https://f.w24.rocks/viewthread.php?tid=380433&extra=page%3D1%26amp%3Borderby%3Ddateline%26amp%3Bfilter%3D2592000,新人交作业  欢迎戴帽]
2021/02/08 21:45:[https://f.w24.rocks/viewthread.php?tid=380387&extra=page%3D1%26amp%3Borderby%3Ddateline%26amp%3Bfilter%3D2592000,骚妻野外车上随拍]
2021/02/08 21:45:[https://f.w24.rocks/viewthread.php?tid=380383&extra=page%3D2%26amp%3Borderby%3Ddateline%26amp%3Bfilter%3D2592000,替老婆寻找西安周边帅气小哥哥小奶狗 一定要帅]
2021/02/08 21:45:[https://f.w24.rocks/viewthread.php?tid=380356&extra=page%3D2%26amp%3Borderby%3Ddateline%26amp%3Bfilter%3D2592000,睡前分享女友]
2021/02/08 21:45:[https://f.w24.rocks/viewthread.php?tid=380314&extra=page%3D2%26amp%3Borderby%3Ddateline%26amp%3Bfilter%3D2592000,404]
2021/02/08 21:45:[https://f.w24.rocks/viewthread.php?tid=380309&extra=page%3D2%26amp%3Borderby%3Ddateline%26amp%3Bfilter%3D2592000,0510暑假期间找大鸡巴或者健身教练，别穷，穷跟不上节奏]
2021/02/08 21:45:[https://f.w24.rocks/viewthread.php?tid=380718&extra=page%3D1%26amp%3Borderby%3Ddateline%26amp%3Bfilter%3D2592000,浙江湖州给老婆征单男]
2021/02/08 21:45:[https://f.w24.rocks/viewthread.php?tid=380698&extra=page%3D1%26amp%3Borderby%3Ddateline%26amp%3Bfilter%3D2592000,老婆的骚逼，有想操的吗]
2021/02/08 21:45:[https://f.w24.rocks/viewthread.php?tid=380677&extra=page%3D1%26amp%3Borderby%3Ddateline%26amp%3Bfilter%3D2592000,很多反差婊渴望“糟蹋”自己，人前高冷，人后淫荡]
2021/02/08 21:45:[https://f.w24.rocks/viewthread.php?tid=380591&extra=page%3D2%26amp%3Borderby%3Ddateline%26amp%3Bfilter%3D2592000,值得你拥有，重度淫妻欢迎，射射]
2021/02/08 21:45:[https://f.w24.rocks/viewthread.php?tid=380575&extra=page%3D2%26amp%3Borderby%3Ddateline%26amp%3Bfilter%3D2592000,新人入驻，优质，可尝、可门槛]
2021/02/08 21:45:[https://f.w24.rocks/viewthread.php?tid=380550&extra=page%3D2%26amp%3Borderby%3Ddateline%26amp%3Bfilter%3D2592000,立正，站住，别划走。新人报道]
2021/02/08 21:45:[https://f.w24.rocks/viewthread.php?tid=380486&extra=page%3D3%26amp%3Borderby%3Ddateline%26amp%3Bfilter%3D2592000,0731长沙，翘臀女神，这个屁股我给满分。。。]
2021/02/08 21:45:[https://f.w24.rocks/viewthread.php?tid=380480&extra=page%3D3%26amp%3Borderby%3Ddateline%26amp%3Bfilter%3D2592000,浙江湖州夫妻征单男]
2021/02/08 21:45:[https://f.w24.rocks/viewthread.php?tid=380797&extra=page%3D1%26amp%3Borderby%3Ddateline%26amp%3Bfilter%3D2592000,广州附近寻单男3p或夫妻情侣4p交换，只限7月份]
2021/02/08 21:45:[https://f.w24.rocks/viewthread.php?tid=380732&extra=page%3D2%26amp%3Borderby%3Ddateline%26amp%3Bfilter%3D2592000,第四波]
2021/02/08 21:45:[https://f.w24.rocks/viewthread.php?tid=381106&extra=page%3D1%26amp%3Borderby%3Ddateline%26amp%3Bfilter%3D2592000,夫妻找杭州及附近地区单男]
2021/02/08 21:45:[https://f.w24.rocks/viewthread.php?tid=381084&extra=page%3D1%26amp%3Borderby%3Ddateline%26amp%3Bfilter%3D2592000,我和老婆的sm生活，长篇连载小说，有附图。]
2021/02/08 21:45:[https://f.w24.rocks/viewthread.php?tid=381079&extra=page%3D1%26amp%3Borderby%3Ddateline%26amp%3Bfilter%3D2592000,老婆酒后同意拍照，寻有缘人调教3P，剧情意淫，欢迎射屏。]
2021/02/08 21:45:[https://f.w24.rocks/viewthread.php?tid=381050&extra=page%3D1%26amp%3Borderby%3Ddateline%26amp%3Bfilter%3D2592000,]
2021/02/08 21:45:[https://f.w24.rocks/viewthread.php?tid=381034&extra=page%3D1%26amp%3Borderby%3Ddateline%26amp%3Bfilter%3D2592000,骚妻分享，喜欢丝袜美腿的可以分享！]
2021/02/08 21:45:[https://f.w24.rocks/viewthread.php?tid=381014&extra=page%3D2%26amp%3Borderby%3Ddateline%26amp%3Bfilter%3D2592000,噢噢噢哦哦]
2021/02/08 21:45:[https://f.w24.rocks/viewthread.php?tid=380941&extra=page%3D2%26amp%3Borderby%3Ddateline%26amp%3Bfilter%3D2592000,南京合肥附近尝试找个单或者夫妻（已活动）]
2021/02/08 21:45:[https://f.w24.rocks/viewthread.php?tid=380927&extra=page%3D2%26amp%3Borderby%3Ddateline%26amp%3Bfilter%3D2592000,每个女人内心深处都有个淫荡的心，就看有多深]
2021/02/08 21:45:[https://f.w24.rocks/viewthread.php?tid=380913&extra=page%3D2%26amp%3Borderby%3Ddateline%26amp%3Bfilter%3D2592000,新人报道贴]
2021/02/08 21:45:[https://f.w24.rocks/viewthread.php?tid=381213&extra=page%3D1%26amp%3Borderby%3Ddateline%26amp%3Bfilter%3D2592000,新疆潮喷女教师寻一个聊骚阳光帅男。]
2021/02/08 21:45:[https://f.w24.rocks/viewthread.php?tid=381186&extra=page%3D1%26amp%3Borderby%3Ddateline%26amp%3Bfilter%3D2592000,我和老婆的sm生活]
2021/02/08 21:45:[https://f.w24.rocks/viewthread.php?tid=381321&extra=page%3D1%26amp%3Borderby%3Ddateline%26amp%3Bfilter%3D2592000,404]
2021/02/08 21:45:[https://f.w24.rocks/viewthread.php?tid=381315&extra=page%3D1%26amp%3Borderby%3Ddateline%26amp%3Bfilter%3D2592000,老婆的意外偷情]
2021/02/08 21:45:[https://f.w24.rocks/viewthread.php?tid=381301&extra=page%3D1%26amp%3Borderby%3Ddateline%26amp%3Bfilter%3D2592000,分享一张老婆的B给大家欣赏]
2021/02/08 21:45:[https://f.w24.rocks/viewthread.php?tid=381284&extra=page%3D1%26amp%3Borderby%3Ddateline%26amp%3Bfilter%3D2592000,夫妻找杭州及附近地区的单男]
2021/02/08 21:45:[https://f.w24.rocks/viewthread.php?tid=381360&extra=page%3D1%26amp%3Borderby%3Ddateline%26amp%3Bfilter%3D2592000,0315地区可以换可以交流]
2021/02/08 21:45:[https://f.w24.rocks/viewthread.php?tid=381332&extra=page%3D2%26amp%3Borderby%3Ddateline%26amp%3Bfilter%3D2592000,第四贴 曾将沧海难为水]
2021/02/08 21:45:[https://f.w24.rocks/viewthread.php?tid=381330&extra=page%3D2%26amp%3Borderby%3Ddateline%26amp%3Bfilter%3D2592000,有验证的帖子才真实，在家拍得更真实，教你识别假夫妻。]
2021/02/08 21:45:[https://f.w24.rocks/viewthread.php?tid=381591&extra=page%3D1%26amp%3Borderby%3Ddateline%26amp%3Bfilter%3D2592000,杭州夫妻找杭州及附近地区单男（717]
2021/02/08 21:45:[https://f.w24.rocks/viewthread.php?tid=381473&extra=page%3D2%26amp%3Borderby%3Ddateline%26amp%3Bfilter%3D2592000,夫妻找杭州及附近地区单男！！！]
2021/02/08 21:45:[https://f.w24.rocks/viewthread.php?tid=381719&extra=page%3D1%26amp%3Borderby%3Ddateline%26amp%3Bfilter%3D2592000,坐标杭州，夫妻找杭州及周边地区单男（717]
2021/02/08 21:45:[https://f.w24.rocks/viewthread.php?tid=381711&extra=page%3D1%26amp%3Borderby%3Ddateline%26amp%3Bfilter%3D2592000,佳木斯老婆露出动图]
2021/02/08 21:45:[https://f.w24.rocks/viewthread.php?tid=381671&extra=page%3D1%26amp%3Borderby%3Ddateline%26amp%3Bfilter%3D2592000,4p]
2021/02/08 21:45:[https://f.w24.rocks/viewthread.php?tid=381664&extra=page%3D1%26amp%3Borderby%3Ddateline%26amp%3Bfilter%3D2592000,桂林骚妻又自拍了，合适的夫妻朋友可以让她更骚！]
2021/02/08 21:45:[https://f.w24.rocks/viewthread.php?tid=381801&extra=page%3D1%26amp%3Borderby%3Ddateline%26amp%3Bfilter%3D2592000,坐标郑州 给老婆寻推油技师或单男]
2021/02/08 21:45:[https://f.w24.rocks/viewthread.php?tid=382066&extra=page%3D1%26amp%3Borderby%3Ddateline%26amp%3Bfilter%3D2592000,坐标杭州，夫妻找杭州及附近地区单男]
2021/02/08 21:45:[https://f.w24.rocks/viewthread.php?tid=382052&extra=page%3D1%26amp%3Borderby%3Ddateline%26amp%3Bfilter%3D2592000,寻找还在调教中的夫妻，交流露出野战经验]
2021/02/08 21:45:[https://f.w24.rocks/viewthread.php?tid=382049&extra=page%3D1%26amp%3Borderby%3Ddateline%26amp%3Bfilter%3D2592000,疫情结束，有没有曼谷普吉岛约旅游的夫妻同行]
2021/02/08 21:45:[https://f.w24.rocks/viewthread.php?tid=381969&extra=page%3D1%26amp%3Borderby%3Ddateline%26amp%3Bfilter%3D2592000,029地区 之前的小M接老板定制拍摄  另收M 七年资深S]
2021/02/08 21:45:[https://f.w24.rocks/viewthread.php?tid=381953&extra=page%3D1%26amp%3Borderby%3Ddateline%26amp%3Bfilter%3D2592000,来吧，展示]
2021/02/08 21:45:[https://f.w24.rocks/viewthread.php?tid=381948&extra=page%3D1%26amp%3Borderby%3Ddateline%26amp%3Bfilter%3D2592000,老婆还是喜欢大的，深度决定高潮的高度]
2021/02/08 21:45:[https://f.w24.rocks/viewthread.php?tid=382185&extra=page%3D1%26amp%3Borderby%3Ddateline%26amp%3Bfilter%3D2592000,淫妻交流]
2021/02/08 21:45:[https://f.w24.rocks/viewthread.php?tid=382133&extra=page%3D1%26amp%3Borderby%3Ddateline%26amp%3Bfilter%3D2592000,佳木斯老婆露出2]
2021/02/08 21:45:[https://f.w24.rocks/viewthread.php?tid=382127&extra=page%3D1%26amp%3Borderby%3Ddateline%26amp%3Bfilter%3D2592000,0991，寻帅气干净单男]
2021/02/08 21:45:[https://f.w24.rocks/viewthread.php?tid=382107&extra=page%3D2%26amp%3Borderby%3Ddateline%26amp%3Bfilter%3D2592000,025地区优质夫妻寻单女]
2021/02/08 21:45:[https://f.w24.rocks/viewthread.php?tid=382082&extra=page%3D2%26amp%3Borderby%3Ddateline%26amp%3Bfilter%3D2592000,来吧，展示]
2021/02/08 21:45:[https://f.w24.rocks/viewthread.php?tid=382081&extra=page%3D2%26amp%3Borderby%3Ddateline%26amp%3Bfilter%3D2592000,好久没登录，上来看看]
2021/02/08 21:45:[https://f.w24.rocks/viewthread.php?tid=382304&extra=page%3D1%26amp%3Borderby%3Ddateline%26amp%3Bfilter%3D2592000,404]
2021/02/08 21:45:[https://f.w24.rocks/viewthread.php?tid=382268&extra=page%3D1%26amp%3Borderby%3Ddateline%26amp%3Bfilter%3D2592000,大家看看这30岁的身材也老了！]
2021/02/08 21:45:[https://f.w24.rocks/viewthread.php?tid=382217&extra=page%3D1%26amp%3Borderby%3Ddateline%26amp%3Bfilter%3D2592000,请教，同房不换有意思吗]
2021/02/08 21:45:[https://f.w24.rocks/viewthread.php?tid=382386&extra=page%3D1%26amp%3Borderby%3Ddateline%26amp%3Bfilter%3D2592000,佛山分享骚妻，想找同城或者周边可以来佛山的单男]
2021/02/08 21:45:[https://f.w24.rocks/viewthread.php?tid=382333&extra=page%3D2%26amp%3Borderby%3Ddateline%26amp%3Bfilter%3D2592000,和老婆的情趣大战 010的情侣和夫妻看过来]
2021/02/08 21:45:[https://f.w24.rocks/viewthread.php?tid=382543&extra=page%3D1%26amp%3Borderby%3Ddateline%26amp%3Bfilter%3D2592000,404]
2021/02/08 21:45:[https://f.w24.rocks/viewthread.php?tid=382611&extra=page%3D1%26amp%3Borderby%3Ddateline%26amp%3Bfilter%3D2592000,厦门夫妻开放式婚姻，寻优质夫妻交友！单女可约！]
2021/02/08 21:45:[https://f.w24.rocks/viewthread.php?tid=382864&extra=page%3D1%26amp%3Borderby%3Ddateline%26amp%3Bfilter%3D2592000,预热，开局一张图，内容全靠猜  老K出品]
2021/02/08 21:45:[https://f.w24.rocks/viewthread.php?tid=382819&extra=page%3D1%26amp%3Borderby%3Ddateline%26amp%3Bfilter%3D2592000,55]
2021/02/08 21:45:[https://f.w24.rocks/viewthread.php?tid=382959&extra=page%3D1%26amp%3Borderby%3Ddateline%26amp%3Bfilter%3D2592000,筱柔子]
2021/02/08 21:45:[https://f.w24.rocks/viewthread.php?tid=382958&extra=page%3D1%26amp%3Borderby%3Ddateline%26amp%3Bfilter%3D2592000,佳木斯老婆露出6]
2021/02/08 21:45:[https://f.w24.rocks/viewthread.php?tid=382957&extra=page%3D1%26amp%3Borderby%3Ddateline%26amp%3Bfilter%3D2592000,佳木斯老婆露出5]
2021/02/08 21:45:[https://f.w24.rocks/viewthread.php?tid=383101&extra=page%3D1%26amp%3Borderby%3Ddateline%26amp%3Bfilter%3D2592000,老婆的肥逼  欢迎大家评论]
2021/02/08 21:45:[https://f.w24.rocks/viewthread.php?tid=383133&extra=page%3D1%26amp%3Borderby%3Ddateline%26amp%3Bfilter%3D2592000,准备给媳妇纹身，主要纹在胸前肚下面大家提提意见纹啥好]
2021/02/08 21:45:[https://f.w24.rocks/viewthread.php?tid=383184&extra=page%3D1%26amp%3Borderby%3Ddateline%26amp%3Bfilter%3D2592000,404]
2021/02/08 21:45:[https://f.w24.rocks/viewthread.php?tid=383169&extra=page%3D1%26amp%3Borderby%3Ddateline%26amp%3Bfilter%3D2592000,0532老婆剃毛白虎，想找同城或者周边可以来青岛的单男]
2021/02/08 21:45:[https://f.w24.rocks/viewthread.php?tid=383273&extra=page%3D1%26amp%3Borderby%3Ddateline%26amp%3Bfilter%3D2592000,赣州骚货淫妻，寻同城以及周边优质单男，3P]
2021/02/08 21:45:[https://f.w24.rocks/viewthread.php?tid=383272&extra=page%3D1%26amp%3Borderby%3Ddateline%26amp%3Bfilter%3D2592000,想多人和老婆出租屋里的情趣生活]
2021/02/08 21:45:[https://f.w24.rocks/viewthread.php?tid=383257&extra=page%3D1%26amp%3Borderby%3Ddateline%26amp%3Bfilter%3D2592000,小美眉刚长大]
2021/02/08 21:45:[https://f.w24.rocks/viewthread.php?tid=383252&extra=page%3D1%26amp%3Borderby%3Ddateline%26amp%3Bfilter%3D2592000,想给老婆征集个单男一起3p坐标广州珠三角地区都可]
2021/02/08 21:45:[https://f.w24.rocks/viewthread.php?tid=383416&extra=page%3D1%26amp%3Borderby%3Ddateline%26amp%3Bfilter%3D2592000,赤峰 轻熟女骚妻  赤峰同城同好欢迎交流活动]
2021/02/08 21:45:[https://f.w24.rocks/viewthread.php?tid=383404&extra=page%3D1%26amp%3Borderby%3Ddateline%26amp%3Bfilter%3D2592000,苏州，小骚货想找单男3P，诚寻优质单，同城或周边远的勿扰]
2021/02/08 21:45:[https://f.w24.rocks/viewthread.php?tid=383355&extra=page%3D1%26amp%3Borderby%3Ddateline%26amp%3Bfilter%3D2592000,帝都夫妻再分享大奶淫妻绿帽情节。近期想活动]
2021/02/08 21:45:[https://f.w24.rocks/viewthread.php?tid=383330&extra=page%3D2%26amp%3Borderby%3Ddateline%26amp%3Bfilter%3D2592000,合肥南京武汉大二小女生夏日暑假模式开启单女m]
2021/02/08 21:45:[https://f.w24.rocks/viewthread.php?tid=383295&extra=page%3D2%26amp%3Borderby%3Ddateline%26amp%3Bfilter%3D2592000,感觉媳妇有点性冷淡]
2021/02/08 21:45:[https://f.w24.rocks/viewthread.php?tid=383529&extra=page%3D1%26amp%3Borderby%3Ddateline%26amp%3Bfilter%3D2592000,娇妻的大阴唇丝袜捆绑秀。坐标衡阳同城及周边可活动]
2021/02/08 21:45:[https://f.w24.rocks/viewthread.php?tid=383520&extra=page%3D1%26amp%3Borderby%3Ddateline%26amp%3Bfilter%3D2592000,杭州90后情侣。女友嫩的能掐出水了]
2021/02/08 21:45:[https://f.w24.rocks/viewthread.php?tid=383465&extra=page%3D1%26amp%3Borderby%3Ddateline%26amp%3Bfilter%3D2592000,坐标027 分享老婆黑丝大长腿。最后足交单男一起享受淫妻]
2021/02/08 21:45:[https://f.w24.rocks/viewthread.php?tid=383457&extra=page%3D1%26amp%3Borderby%3Ddateline%26amp%3Bfilter%3D2592000,偷拍一下，媳妇儿还没同意]
2021/02/08 21:45:[https://f.w24.rocks/viewthread.php?tid=383448&extra=page%3D1%26amp%3Borderby%3Ddateline%26amp%3Bfilter%3D2592000,随手一拍]
2021/02/08 21:45:[https://f.w24.rocks/viewthread.php?tid=383641&extra=page%3D1%26amp%3Borderby%3Ddateline%26amp%3Bfilter%3D2592000,022 老婆尖尖的奶头。京津冀地区可约，这几天有点难耐]
2021/02/08 21:45:[https://f.w24.rocks/viewthread.php?tid=383620&extra=page%3D1%26amp%3Borderby%3Ddateline%26amp%3Bfilter%3D2592000,白嫩淫妻的水晶小玩具爱不释手 温州打算近期活动]
2021/02/08 21:45:[https://f.w24.rocks/viewthread.php?tid=383569&extra=page%3D2%26amp%3Borderby%3Ddateline%26amp%3Bfilter%3D2592000,021微胖淫妻爱吃鸡。老婆还没有3P过]
2021/02/08 21:45:[https://f.w24.rocks/viewthread.php?tid=383558&extra=page%3D2%26amp%3Borderby%3Ddateline%26amp%3Bfilter%3D2592000,网调一个良家少妇]
2021/02/08 21:45:[https://f.w24.rocks/viewthread.php?tid=383772&extra=page%3D1%26amp%3Borderby%3Ddateline%26amp%3Bfilter%3D2592000,安徽0557 老婆下班就开搞]
2021/02/08 21:45:[https://f.w24.rocks/viewthread.php?tid=383727&extra=page%3D1%26amp%3Borderby%3Ddateline%26amp%3Bfilter%3D2592000,洛阳优质夫妻 干净的逼长长的腿 寻优质单男可长期]
2021/02/08 21:45:[https://f.w24.rocks/viewthread.php?tid=383680&extra=page%3D1%26amp%3Borderby%3Ddateline%26amp%3Bfilter%3D2592000,北京95后情侣，女友白白胖胖，毛少比比嫩]
2021/02/08 21:45:[https://f.w24.rocks/viewthread.php?tid=383844&extra=page%3D1%26amp%3Borderby%3Ddateline%26amp%3Bfilter%3D2592000,404]
2021/02/08 21:45:[https://f.w24.rocks/viewthread.php?tid=383834&extra=page%3D1%26amp%3Borderby%3Ddateline%26amp%3Bfilter%3D2592000,404]
2021/02/08 21:45:[https://f.w24.rocks/viewthread.php?tid=383823&extra=page%3D1%26amp%3Borderby%3Ddateline%26amp%3Bfilter%3D2592000,如何开发媳妇]
2021/02/08 21:45:[https://f.w24.rocks/viewthread.php?tid=383948&extra=page%3D1%26amp%3Borderby%3Ddateline%26amp%3Bfilter%3D2592000,0516市区年纪40岁以上，想要情人的加我！]
2021/02/08 21:45:[https://f.w24.rocks/viewthread.php?tid=383933&extra=page%3D1%26amp%3Borderby%3Ddateline%26amp%3Bfilter%3D2592000,娇妻化身性感兔女郎。脸部薄码，坐标唐山]
2021/02/08 21:45:[https://f.w24.rocks/viewthread.php?tid=383988&extra=page%3D1%26amp%3Borderby%3Ddateline%26amp%3Bfilter%3D2592000,404]
2021/02/08 21:45:[https://f.w24.rocks/viewthread.php?tid=384847&extra=page%3D1%26amp%3Borderby%3Ddateline%26amp%3Bfilter%3D2592000,风骚老婆 等你来，真诚寻找临沂地区优质单男或夫妻]
2021/02/08 21:45:[https://f.w24.rocks/viewthread.php?tid=384835&extra=page%3D1%26amp%3Borderby%3Ddateline%26amp%3Bfilter%3D2592000,今天想约个单女，北京昌平附近]
2021/02/08 21:45:[https://f.w24.rocks/viewthread.php?tid=384823&extra=page%3D1%26amp%3Borderby%3Ddateline%26amp%3Bfilter%3D2592000,。。。。。。。。。。。。。。。。]
2021/02/08 21:45:[https://f.w24.rocks/viewthread.php?tid=384788&extra=page%3D2%26amp%3Borderby%3Ddateline%26amp%3Bfilter%3D2592000,作为一个资深的绿帽控的心声]
2021/02/08 21:45:[https://f.w24.rocks/viewthread.php?tid=384679&extra=page%3D2%26amp%3Borderby%3Ddateline%26amp%3Bfilter%3D2592000,（坐标上海）3P活动现场 招素质单男 一定要素质！！！]
2021/02/08 21:45:[https://f.w24.rocks/viewthread.php?tid=384670&extra=page%3D2%26amp%3Borderby%3Ddateline%26amp%3Bfilter%3D2592000,分享一下可爱娇妻的生活照反差照同好交流]
2021/02/08 21:45:[https://f.w24.rocks/viewthread.php?tid=384669&extra=page%3D2%26amp%3Borderby%3Ddateline%26amp%3Bfilter%3D2592000,！！]
2021/02/08 21:45:[https://f.w24.rocks/viewthread.php?tid=384645&extra=page%3D3%26amp%3Borderby%3Ddateline%26amp%3Bfilter%3D2592000,0755深圳腼腆害羞的嫂子，穿上情趣连续5次高潮]
2021/02/08 21:45:[https://f.w24.rocks/viewthread.php?tid=384583&extra=page%3D3%26amp%3Borderby%3Ddateline%26amp%3Bfilter%3D2592000,第一次上传，希望大家多多支持！]
2021/02/08 21:45:[https://f.w24.rocks/viewthread.php?tid=384576&extra=page%3D3%26amp%3Borderby%3Ddateline%26amp%3Bfilter%3D2592000,今晚活动，0319邢台市区！招实力单男！]
2021/02/08 21:45:[https://f.w24.rocks/viewthread.php?tid=384418&extra=page%3D4%26amp%3Borderby%3Ddateline%26amp%3Bfilter%3D2592000,合肥夫妻。想给老婆征集单男一起3p]
2021/02/08 21:45:[https://f.w24.rocks/viewthread.php?tid=384397&extra=page%3D4%26amp%3Borderby%3Ddateline%26amp%3Bfilter%3D2592000,山东0537，武汉夫妻交友]
2021/02/08 21:45:[https://f.w24.rocks/viewthread.php?tid=384374&extra=page%3D4%26amp%3Borderby%3Ddateline%26amp%3Bfilter%3D2592000,分享下爱妻 0755]
2021/02/08 21:45:[https://f.w24.rocks/viewthread.php?tid=384368&extra=page%3D4%26amp%3Borderby%3Ddateline%26amp%3Bfilter%3D2592000,404]
2021/02/08 21:45:[https://f.w24.rocks/viewthread.php?tid=385629&extra=page%3D2%26amp%3Borderby%3Ddateline%26amp%3Bfilter%3D2592000,两只小白兔 0531有意交流]
2021/02/08 21:45:[https://f.w24.rocks/viewthread.php?tid=385555&extra=page%3D2%26amp%3Borderby%3Ddateline%26amp%3Bfilter%3D2592000,在91十多年了，第一次发老婆]
2021/02/08 21:45:[https://f.w24.rocks/viewthread.php?tid=385543&extra=page%3D2%26amp%3Borderby%3Ddateline%26amp%3Bfilter%3D2592000,常德夫妻，老婆奶小，但是很嫩，皮肤很白。]
2021/02/08 21:45:[https://f.w24.rocks/viewthread.php?tid=385537&extra=page%3D2%26amp%3Borderby%3Ddateline%26amp%3Bfilter%3D2592000,代友发！！坐标徐州，夫妻找夫妻或情侣]
2021/02/08 21:45:[https://f.w24.rocks/viewthread.php?tid=385535&extra=page%3D2%26amp%3Borderby%3Ddateline%26amp%3Bfilter%3D2592000,有大同的朋友么]
2021/02/08 21:45:[https://f.w24.rocks/viewthread.php?tid=385491&extra=page%3D2%26amp%3Borderby%3Ddateline%26amp%3Bfilter%3D2592000,分享]
2021/02/08 21:45:[https://f.w24.rocks/viewthread.php?tid=385326&extra=page%3D4%26amp%3Borderby%3Ddateline%26amp%3Bfilter%3D2592000,豫北，冀南夫妻同房不换，同好请加。]
2021/02/08 21:45:[https://f.w24.rocks/viewthread.php?tid=385305&extra=page%3D4%26amp%3Borderby%3Ddateline%26amp%3Bfilter%3D2592000,长沙淫妻大长腿，近期打算活动，寻同城及周边地区同好]
2021/02/08 21:45:[https://f.w24.rocks/viewthread.php?tid=385287&extra=page%3D4%26amp%3Borderby%3Ddateline%26amp%3Bfilter%3D2592000,翘臀极品媳妇儿沐浴福利 欢迎各位看官评论]
2021/02/08 21:45:[https://f.w24.rocks/viewthread.php?tid=385284&extra=page%3D4%26amp%3Borderby%3Ddateline%26amp%3Bfilter%3D2592000,宁波高挑淫妻日益放荡，寻宁波或者周边优质男士]
2021/02/08 21:45:[https://f.w24.rocks/viewthread.php?tid=385276&extra=page%3D4%26amp%3Borderby%3Ddateline%26amp%3Bfilter%3D2592000,广州极品白皙D奶骚臀夫妻寻同爱好夫妻]
2021/02/08 21:45:[https://f.w24.rocks/viewthread.php?tid=385229&extra=page%3D4%26amp%3Borderby%3Ddateline%26amp%3Bfilter%3D2592000,jdirjcjeidjcjfiejdjcjducjf]
2021/02/08 21:45:[https://f.w24.rocks/viewthread.php?tid=385220&extra=page%3D4%26amp%3Borderby%3Ddateline%26amp%3Bfilter%3D2592000,山东日照40素质已婚单男招真诚长久的绿帽奴]
2021/02/08 21:45:[https://f.w24.rocks/viewthread.php?tid=385735&extra=page%3D1%26amp%3Borderby%3Ddateline%26amp%3Bfilter%3D2592000,重庆的朋友看过来]
2021/02/08 21:45:[https://f.w24.rocks/viewthread.php?tid=385855&extra=page%3D1%26amp%3Borderby%3Ddateline%26amp%3Bfilter%3D2592000,随拍]
2021/02/08 21:45:[https://f.w24.rocks/viewthread.php?tid=385834&extra=page%3D1%26amp%3Borderby%3Ddateline%26amp%3Bfilter%3D2592000,济南专业spa]
2021/02/08 21:45:[https://f.w24.rocks/viewthread.php?tid=385833&extra=page%3D1%26amp%3Borderby%3Ddateline%26amp%3Bfilter%3D2592000,北京，天津招募。夫妻同房活动，招募35]
2021/02/08 21:45:[https://f.w24.rocks/viewthread.php?tid=386336&extra=page%3D1%26amp%3Borderby%3Ddateline%26amp%3Bfilter%3D2592000,喜好淫妻多一些还是喜好淫别人老婆多一些]
2021/02/08 21:45:[https://f.w24.rocks/viewthread.php?tid=386296&extra=page%3D2%26amp%3Borderby%3Ddateline%26amp%3Bfilter%3D2592000,青岛硕士夫妻找夫妻 单男4p 多p 多人运动]
2021/02/08 21:45:[https://f.w24.rocks/viewthread.php?tid=386260&extra=page%3D2%26amp%3Borderby%3Ddateline%26amp%3Bfilter%3D2592000,0312来猛男]
2021/02/08 21:45:[https://f.w24.rocks/viewthread.php?tid=386205&extra=page%3D2%26amp%3Borderby%3Ddateline%26amp%3Bfilter%3D2592000,收集评论]
2021/02/08 21:45:[https://f.w24.rocks/viewthread.php?tid=386095&extra=page%3D3%26amp%3Borderby%3Ddateline%26amp%3Bfilter%3D2592000,上海认识加]
2021/02/08 21:45:[https://f.w24.rocks/viewthread.php?tid=386104&extra=page%3D3%26amp%3Borderby%3Ddateline%26amp%3Bfilter%3D2592000,夫妻投稿]
2021/02/08 21:45:[https://f.w24.rocks/viewthread.php?tid=386086&extra=page%3D3%26amp%3Borderby%3Ddateline%26amp%3Bfilter%3D2592000,给老婆找单男]
2021/02/08 21:45:[https://f.w24.rocks/viewthread.php?tid=386034&extra=page%3D3%26amp%3Borderby%3Ddateline%26amp%3Bfilter%3D2592000,记录我的和我的2个老公的性福生活]
2021/02/08 21:45:[https://f.w24.rocks/viewthread.php?tid=386030&extra=page%3D3%26amp%3Borderby%3Ddateline%26amp%3Bfilter%3D2592000,shanchu]
2021/02/08 21:45:[https://f.w24.rocks/viewthread.php?tid=385997&extra=page%3D4%26amp%3Borderby%3Ddateline%26amp%3Bfilter%3D2592000,肥臀]
2021/02/08 21:45:[https://f.w24.rocks/viewthread.php?tid=386555&extra=page%3D1%26amp%3Borderby%3Ddateline%26amp%3Bfilter%3D2592000,404]
2021/02/08 21:45:[https://f.w24.rocks/viewthread.php?tid=386620&extra=page%3D1%26amp%3Borderby%3Ddateline%26amp%3Bfilter%3D2592000,老婆这是怎么了]
2021/02/08 21:45:[https://f.w24.rocks/viewthread.php?tid=386583&extra=page%3D1%26amp%3Borderby%3Ddateline%26amp%3Bfilter%3D2592000,月底周六寻0531，高颜值夫妻]
2021/02/08 21:45:[https://f.w24.rocks/viewthread.php?tid=386582&extra=page%3D1%26amp%3Borderby%3Ddateline%26amp%3Bfilter%3D2592000,坐标0531及周边城市，优质夫妻寻交流]
2021/02/08 21:45:[https://f.w24.rocks/viewthread.php?tid=386663&extra=page%3D1%26amp%3Borderby%3Ddateline%26amp%3Bfilter%3D2592000,这个pp能卖多少 ，有喜欢的单男可以报价给她看看。]
2021/02/08 21:45:[https://f.w24.rocks/viewthread.php?tid=386653&extra=page%3D1%26amp%3Borderby%3Ddateline%26amp%3Bfilter%3D2592000,404]
2021/02/08 21:45:[https://f.w24.rocks/viewthread.php?tid=386651&extra=page%3D1%26amp%3Borderby%3Ddateline%26amp%3Bfilter%3D2592000,404]
2021/02/08 21:45:[https://f.w24.rocks/viewthread.php?tid=386640&extra=page%3D1%26amp%3Borderby%3Ddateline%26amp%3Bfilter%3D2592000,淫妻日常]
2021/02/08 21:45:[https://f.w24.rocks/viewthread.php?tid=386629&extra=page%3D2%26amp%3Borderby%3Ddateline%26amp%3Bfilter%3D2592000,浙江湖州及周边地区诚信交友，夫妻情侣单女均可。]
2021/02/08 21:45:[https://f.w24.rocks/viewthread.php?tid=387269&extra=page%3D1%26amp%3Borderby%3Ddateline%26amp%3Bfilter%3D2592000,随拍]
2021/02/08 21:45:[https://f.w24.rocks/viewthread.php?tid=387240&extra=page%3D2%26amp%3Borderby%3Ddateline%26amp%3Bfilter%3D2592000,0379找个喜欢服侍夫妻的丫鬟女m]
2021/02/08 21:45:[https://f.w24.rocks/viewthread.php?tid=387241&extra=page%3D2%26amp%3Borderby%3Ddateline%26amp%3Bfilter%3D2592000,91平台真正价值骚B每天边看帖子边自摸直到高潮]
2021/02/08 21:45:[https://f.w24.rocks/viewthread.php?tid=387230&extra=page%3D2%26amp%3Borderby%3Ddateline%26amp%3Bfilter%3D2592000,深圳淫妻有过3p经验，活好经验丰富。绝对的尤物]
2021/02/08 21:45:[https://f.w24.rocks/viewthread.php?tid=387226&extra=page%3D2%26amp%3Borderby%3Ddateline%26amp%3Bfilter%3D2592000,绿奴求羞辱]
2021/02/08 21:45:[https://f.w24.rocks/viewthread.php?tid=387121&extra=page%3D3%26amp%3Borderby%3Ddateline%26amp%3Bfilter%3D2592000,约炮，操女朋友，绿帽夫妻交友，我的前半生的性生活！]
2021/02/08 21:45:[https://f.w24.rocks/viewthread.php?tid=387124&extra=page%3D3%26amp%3Borderby%3Ddateline%26amp%3Bfilter%3D2592000,shanchu]
2021/02/08 21:45:[https://f.w24.rocks/viewthread.php?tid=387101&extra=page%3D3%26amp%3Borderby%3Ddateline%26amp%3Bfilter%3D2592000,欢迎第三场景的朋友联系]
2021/02/08 21:45:[https://f.w24.rocks/viewthread.php?tid=387089&extra=page%3D3%26amp%3Borderby%3Ddateline%26amp%3Bfilter%3D2592000,宿州小骚货日益放荡。想同城或者周边有素质的狼友]
2021/02/08 21:45:[https://f.w24.rocks/viewthread.php?tid=387022&extra=page%3D3%26amp%3Borderby%3Ddateline%26amp%3Bfilter%3D2592000,南通通州金沙同好交流]
2021/02/08 21:45:[https://f.w24.rocks/viewthread.php?tid=387005&extra=page%3D3%26amp%3Borderby%3Ddateline%26amp%3Bfilter%3D2592000,帝都骚妻寻靠谱大雕男]
2021/02/08 21:45:[https://f.w24.rocks/viewthread.php?tid=386986&extra=page%3D4%26amp%3Borderby%3Ddateline%26amp%3Bfilter%3D2592000,合肥骨感娇妻，长腿开档黑丝，想找优质男单，有3P想法]
2021/02/08 21:45:[https://f.w24.rocks/viewthread.php?tid=386969&extra=page%3D4%26amp%3Borderby%3Ddateline%26amp%3Bfilter%3D2592000,帮四川夫妻发]
2021/02/08 21:45:[https://f.w24.rocks/viewthread.php?tid=386967&extra=page%3D4%26amp%3Borderby%3Ddateline%26amp%3Bfilter%3D2592000,广州白皙大奶肥臀高素质夫妻情人节淫妻随拍]
2021/02/08 21:45:[https://f.w24.rocks/viewthread.php?tid=386963&extra=page%3D4%26amp%3Borderby%3Ddateline%26amp%3Bfilter%3D2592000,驻马店大奶小骚逼，口交深喉，我的大鸡鸡嘿嘿]
2021/02/08 21:45:[https://f.w24.rocks/viewthread.php?tid=386941&extra=page%3D4%26amp%3Borderby%3Ddateline%26amp%3Bfilter%3D2592000,七夕版]
2021/02/08 21:45:[https://f.w24.rocks/viewthread.php?tid=386935&extra=page%3D4%26amp%3Borderby%3Ddateline%26amp%3Bfilter%3D2592000,有没有来给我老婆打胶的]
2021/02/08 21:45:[https://f.w24.rocks/viewthread.php?tid=387501&extra=page%3D1%26amp%3Borderby%3Ddateline%26amp%3Bfilter%3D2592000,老婆日常生活照]
2021/02/08 21:45:[https://f.w24.rocks/viewthread.php?tid=387468&extra=page%3D2%26amp%3Borderby%3Ddateline%26amp%3Bfilter%3D2592000,我老婆屁股嫩不嫩]
2021/02/08 21:45:[https://f.w24.rocks/viewthread.php?tid=387420&extra=page%3D2%26amp%3Borderby%3Ddateline%26amp%3Bfilter%3D2592000,0571杭州帮老婆寻Spa师！]
2021/02/08 21:45:[https://f.w24.rocks/viewthread.php?tid=387425&extra=page%3D2%26amp%3Borderby%3Ddateline%26amp%3Bfilter%3D2592000,合肥长腿娇妻继续开档黑丝，学生装，装学生]
2021/02/08 21:45:[https://f.w24.rocks/viewthread.php?tid=387367&extra=page%3D2%26amp%3Borderby%3Ddateline%26amp%3Bfilter%3D2592000,0532下周末（956）随缘找夫妻情侣活动]
2021/02/08 21:45:[https://f.w24.rocks/viewthread.php?tid=387345&extra=page%3D2%26amp%3Borderby%3Ddateline%26amp%3Bfilter%3D2592000,安徽合肥附近找绿奴]
2021/02/08 21:45:[https://f.w24.rocks/viewthread.php?tid=388088&extra=page%3D2%26amp%3Borderby%3Ddateline%26amp%3Bfilter%3D2592000,随拍]
2021/02/08 21:45:[https://f.w24.rocks/viewthread.php?tid=388097&extra=page%3D2%26amp%3Borderby%3Ddateline%26amp%3Bfilter%3D2592000,你和女友老婆第一次做爱时扒开她的腿看过逼洞吗]
2021/02/08 21:45:[https://f.w24.rocks/viewthread.php?tid=388049&extra=page%3D2%26amp%3Borderby%3Ddateline%26amp%3Bfilter%3D2592000,豫北，冀南同房不换夫妻请进，非诚勿扰]
2021/02/08 21:45:[https://f.w24.rocks/viewthread.php?tid=388035&extra=page%3D2%26amp%3Borderby%3Ddateline%26amp%3Bfilter%3D2592000,单男在家操我老婆，临时找的单男，]
2021/02/08 21:45:[https://f.w24.rocks/viewthread.php?tid=387988&extra=page%3D3%26amp%3Borderby%3Ddateline%26amp%3Bfilter%3D2592000,寻重庆优质单男，素质会玩]
2021/02/08 21:45:[https://f.w24.rocks/viewthread.php?tid=387851&extra=page%3D4%26amp%3Borderby%3Ddateline%26amp%3Bfilter%3D2592000,今晚和老婆商量通过，打算约活动！夫妻单男单女看过来了]
2021/02/08 21:45:[https://f.w24.rocks/viewthread.php?tid=387765&extra=page%3D4%26amp%3Borderby%3Ddateline%26amp%3Bfilter%3D2592000,深圳夫妻找单男和夫妻交流]
2021/02/08 21:45:[https://f.w24.rocks/viewthread.php?tid=387755&extra=page%3D4%26amp%3Borderby%3Ddateline%26amp%3Bfilter%3D2592000,杭州绍兴地区的一起交流，需要相互验证]
2021/02/08 21:45:[https://f.w24.rocks/viewthread.php?tid=388255&extra=page%3D1%26amp%3Borderby%3Ddateline%26amp%3Bfilter%3D2592000,404]
2021/02/08 21:45:[https://f.w24.rocks/viewthread.php?tid=388332&extra=page%3D1%26amp%3Borderby%3Ddateline%26amp%3Bfilter%3D2592000,404]
2021/02/08 21:45:[https://f.w24.rocks/viewthread.php?tid=388329&extra=page%3D1%26amp%3Borderby%3Ddateline%26amp%3Bfilter%3D2592000,0755寻有趣的灵魂夫妻]
2021/02/08 21:45:[https://f.w24.rocks/viewthread.php?tid=388324&extra=page%3D1%26amp%3Borderby%3Ddateline%26amp%3Bfilter%3D2592000,404]
2021/02/08 21:45:[https://f.w24.rocks/viewthread.php?tid=388309&extra=page%3D1%26amp%3Borderby%3Ddateline%26amp%3Bfilter%3D2592000,0571 娇妻的大奶长腿长发及腰 红色床单很带感]
2021/02/08 21:45:[https://f.w24.rocks/viewthread.php?tid=388285&extra=page%3D1%26amp%3Borderby%3Ddateline%26amp%3Bfilter%3D2592000,什么鬼]
2021/02/08 21:45:[https://f.w24.rocks/viewthread.php?tid=388377&extra=page%3D1%26amp%3Borderby%3Ddateline%26amp%3Bfilter%3D2592000,0371夫妻求交流，求组织]
2021/02/08 21:45:[https://f.w24.rocks/viewthread.php?tid=388442&extra=page%3D1%26amp%3Borderby%3Ddateline%26amp%3Bfilter%3D2592000,黑丝骚妻分享]
2021/02/08 21:45:[https://f.w24.rocks/viewthread.php?tid=388444&extra=page%3D1%26amp%3Borderby%3Ddateline%26amp%3Bfilter%3D2592000,寻求绿帽爱好（25岁以上）]
2021/02/08 21:45:[https://f.w24.rocks/viewthread.php?tid=388462&extra=page%3D1%26amp%3Borderby%3Ddateline%26amp%3Bfilter%3D2592000,寻求绿帽爱好（25岁以上）]
2021/02/08 21:45:[https://f.w24.rocks/viewthread.php?tid=388533&extra=page%3D1%26amp%3Borderby%3Ddateline%26amp%3Bfilter%3D2592000,好好补补你那边vv]
2021/02/08 21:45:[https://f.w24.rocks/viewthread.php?tid=388489&extra=page%3D1%26amp%3Borderby%3Ddateline%26amp%3Bfilter%3D2592000,夫妻投稿，江苏连云港小穴展示。]
2021/02/08 21:45:[https://f.w24.rocks/viewthread.php?tid=388629&extra=page%3D1%26amp%3Borderby%3Ddateline%26amp%3Bfilter%3D2592000,招募优质京津冀单男]
2021/02/08 21:45:[https://f.w24.rocks/viewthread.php?tid=388632&extra=page%3D1%26amp%3Borderby%3Ddateline%26amp%3Bfilter%3D2592000,Re 夫妻交流]
2021/02/08 21:45:[https://f.w24.rocks/viewthread.php?tid=388601&extra=page%3D2%26amp%3Borderby%3Ddateline%26amp%3Bfilter%3D2592000,偷拍老婆！偷拍！偷拍]
2021/02/08 21:45:[https://f.w24.rocks/viewthread.php?tid=388588&extra=page%3D2%26amp%3Borderby%3Ddateline%26amp%3Bfilter%3D2592000,寻求绿帽爱好（25岁以上）]
2021/02/08 21:45:[https://f.w24.rocks/viewthread.php?tid=388724&extra=page%3D2%26amp%3Borderby%3Ddateline%26amp%3Bfilter%3D2592000,024地区老婆的丝袜腿]
2021/02/08 21:45:[https://f.w24.rocks/viewthread.php?tid=388658&extra=page%3D2%26amp%3Borderby%3Ddateline%26amp%3Bfilter%3D2592000,骚妻的骚逼（动图），交广佛地区真诚好友！]
2021/02/08 21:45:[https://f.w24.rocks/viewthread.php?tid=388992&extra=page%3D1%26amp%3Borderby%3Ddateline%26amp%3Bfilter%3D2592000,找到了]
2021/02/08 21:45:[https://f.w24.rocks/viewthread.php?tid=388955&extra=page%3D1%26amp%3Borderby%3Ddateline%26amp%3Bfilter%3D2592000,怎么又没了]
2021/02/08 21:45:[https://f.w24.rocks/viewthread.php?tid=388914&extra=page%3D2%26amp%3Borderby%3Ddateline%26amp%3Bfilter%3D2592000,本周五活动 有想法的夫妻来 0546地区]
2021/02/08 21:45:[https://f.w24.rocks/viewthread.php?tid=388912&extra=page%3D2%26amp%3Borderby%3Ddateline%26amp%3Bfilter%3D2592000,被姐夫操了，结果还内射了]
2021/02/08 21:45:[https://f.w24.rocks/viewthread.php?tid=388891&extra=page%3D2%26amp%3Borderby%3Ddateline%26amp%3Bfilter%3D2592000,0432家有骚妻，找优质单男，屌丝勿扰]
2021/02/08 21:45:[https://f.w24.rocks/viewthread.php?tid=388865&extra=page%3D2%26amp%3Borderby%3Ddateline%26amp%3Bfilter%3D2592000,发个我的情人]
2021/02/08 21:45:[https://f.w24.rocks/viewthread.php?tid=388842&extra=page%3D2%26amp%3Borderby%3Ddateline%26amp%3Bfilter%3D2592000,0575交友]
2021/02/08 21:45:[https://f.w24.rocks/viewthread.php?tid=388834&extra=page%3D2%26amp%3Borderby%3Ddateline%26amp%3Bfilter%3D2592000,清风箭，创意小相册（手写验证）]
2021/02/08 21:45:[https://f.w24.rocks/viewthread.php?tid=388826&extra=page%3D2%26amp%3Borderby%3Ddateline%26amp%3Bfilter%3D2592000,给老婆找素质单男]
2021/02/08 21:45:[https://f.w24.rocks/viewthread.php?tid=388832&extra=page%3D2%26amp%3Borderby%3Ddateline%26amp%3Bfilter%3D2592000,想修剪一下老婆的阴毛]
2021/02/08 21:45:[https://f.w24.rocks/viewthread.php?tid=389117&extra=page%3D1%26amp%3Borderby%3Ddateline%26amp%3Bfilter%3D2592000,404]
2021/02/08 21:45:[https://f.w24.rocks/viewthread.php?tid=389107&extra=page%3D1%26amp%3Borderby%3Ddateline%26amp%3Bfilter%3D2592000,0734萌新夫妻一起交流！]
2021/02/08 21:45:[https://f.w24.rocks/viewthread.php?tid=389098&extra=page%3D1%26amp%3Borderby%3Ddateline%26amp%3Bfilter%3D2592000,喜欢发骚的大二下贱母狗，爱好是被陌生人视奸和评论]
2021/02/08 21:45:[https://f.w24.rocks/viewthread.php?tid=389091&extra=page%3D1%26amp%3Borderby%3Ddateline%26amp%3Bfilter%3D2592000,老婆开3年了，一切准备就绪，求一个僚机]
2021/02/08 21:45:[https://f.w24.rocks/viewthread.php?tid=389083&extra=page%3D1%26amp%3Borderby%3Ddateline%26amp%3Bfilter%3D2592000,404]
2021/02/08 21:45:[https://f.w24.rocks/viewthread.php?tid=389087&extra=page%3D1%26amp%3Borderby%3Ddateline%26amp%3Bfilter%3D2592000,江苏无锡找注重生活的品质，懂得互相尊重的。]
2021/02/08 21:45:[https://f.w24.rocks/viewthread.php?tid=389060&extra=page%3D2%26amp%3Borderby%3Ddateline%26amp%3Bfilter%3D2592000,024寻夫妻，情侣 单男勿扰]
2021/02/08 21:45:[https://f.w24.rocks/viewthread.php?tid=389032&extra=page%3D2%26amp%3Borderby%3Ddateline%26amp%3Bfilter%3D2592000,老婆演练一下3P]
2021/02/08 21:45:[https://f.w24.rocks/viewthread.php?tid=388995&extra=page%3D2%26amp%3Borderby%3Ddateline%26amp%3Bfilter%3D2592000,南京最近寻找情侣夫妻同房，单男勿扰]
2021/02/08 21:45:[https://f.w24.rocks/viewthread.php?tid=389285&extra=page%3D1%26amp%3Borderby%3Ddateline%26amp%3Bfilter%3D2592000,封贴]
2021/02/08 21:45:[https://f.w24.rocks/viewthread.php?tid=389174&extra=page%3D2%26amp%3Borderby%3Ddateline%26amp%3Bfilter%3D2592000,福建的狼友集合啦，媳妇建群啦。]
2021/02/08 21:45:[https://f.w24.rocks/viewthread.php?tid=389342&extra=page%3D2%26amp%3Borderby%3Ddateline%26amp%3Bfilter%3D2592000,屏蔽]
2021/02/08 21:45:[https://f.w24.rocks/viewthread.php?tid=389468&extra=page%3D1%26amp%3Borderby%3Ddateline%26amp%3Bfilter%3D2592000,为了增添生活乐趣招一名单男，要长期的，河北周边。]
2021/02/08 21:45:[https://f.w24.rocks/viewthread.php?tid=389675&extra=page%3D1%26amp%3Borderby%3Ddateline%26amp%3Bfilter%3D2592000,豫北，冀南真诚夫妻夫妻请进，同房不换]
2021/02/08 21:45:[https://f.w24.rocks/viewthread.php?tid=389572&extra=page%3D2%26amp%3Borderby%3Ddateline%26amp%3Bfilter%3D2592000,上海新人]
2021/02/08 21:45:[https://f.w24.rocks/viewthread.php?tid=389567&extra=page%3D2%26amp%3Borderby%3Ddateline%26amp%3Bfilter%3D2592000,0377老婆嘴上同意了，优质素质单男和夫妻交流]
2021/02/08 21:45:[https://f.w24.rocks/viewthread.php?tid=389562&extra=page%3D2%26amp%3Borderby%3Ddateline%26amp%3Bfilter%3D2592000,0535夫妻找同好交流]
2021/02/08 21:45:[https://f.w24.rocks/viewthread.php?tid=389812&extra=page%3D1%26amp%3Borderby%3Ddateline%26amp%3Bfilter%3D2592000,山东聊城0635地区招优质单男，仅限周边，最好是在校大学生]
2021/02/08 21:45:[https://f.w24.rocks/viewthread.php?tid=389744&extra=page%3D2%26amp%3Borderby%3Ddateline%26amp%3Bfilter%3D2592000,有经验的兄弟交流下]
2021/02/08 21:45:[https://f.w24.rocks/viewthread.php?tid=389708&extra=page%3D2%26amp%3Borderby%3Ddateline%26amp%3Bfilter%3D2592000,喜欢玩精神出轨的人妻母狗收网调文爱聊骚M女]
2021/02/08 21:45:[https://f.w24.rocks/viewthread.php?tid=389719&extra=page%3D2%26amp%3Borderby%3Ddateline%26amp%3Bfilter%3D2592000,0575绍兴]
2021/02/08 21:45:[https://f.w24.rocks/viewthread.php?tid=389707&extra=page%3D2%26amp%3Borderby%3Ddateline%26amp%3Bfilter%3D2592000,0543滨州地区，寻夫妻单男，26号活动]
2021/02/08 21:45:[https://f.w24.rocks/viewthread.php?tid=389902&extra=page%3D1%26amp%3Borderby%3Ddateline%26amp%3Bfilter%3D2592000,找一对情侣去海南旅游，活动看情况。]
2021/02/08 21:45:[https://f.w24.rocks/viewthread.php?tid=389849&extra=page%3D2%26amp%3Borderby%3Ddateline%26amp%3Bfilter%3D2592000,同好交流下，放几张私照]
2021/02/08 21:45:[https://f.w24.rocks/viewthread.php?tid=390017&extra=page%3D1%26amp%3Borderby%3Ddateline%26amp%3Bfilter%3D2592000,找一对情侣去海南旅游，活动看情况]
2021/02/08 21:45:[https://f.w24.rocks/viewthread.php?tid=390224&extra=page%3D1%26amp%3Borderby%3Ddateline%26amp%3Bfilter%3D2592000,404]
2021/02/08 21:45:[https://f.w24.rocks/viewthread.php?tid=390220&extra=page%3D1%26amp%3Borderby%3Ddateline%26amp%3Bfilter%3D2592000,404]
2021/02/08 21:45:[https://f.w24.rocks/viewthread.php?tid=390209&extra=page%3D1%26amp%3Borderby%3Ddateline%26amp%3Bfilter%3D2592000,淫妻调教交流]
2021/02/08 21:45:[https://f.w24.rocks/viewthread.php?tid=390206&extra=page%3D1%26amp%3Borderby%3Ddateline%26amp%3Bfilter%3D2592000,晚上做爱时候自拍一张]
2021/02/08 21:45:[https://f.w24.rocks/viewthread.php?tid=390096&extra=page%3D2%26amp%3Borderby%3Ddateline%26amp%3Bfilter%3D2592000,夫妻找情侣或单女建群文字或语音]
2021/02/08 21:45:[https://f.w24.rocks/viewthread.php?tid=390089&extra=page%3D2%26amp%3Borderby%3Ddateline%26amp%3Bfilter%3D2592000,骚穴展示]
2021/02/08 21:45:[https://f.w24.rocks/viewthread.php?tid=390350&extra=page%3D1%26amp%3Borderby%3Ddateline%26amp%3Bfilter%3D2592000,404]
2021/02/08 21:45:[https://f.w24.rocks/viewthread.php?tid=390312&extra=page%3D1%26amp%3Borderby%3Ddateline%26amp%3Bfilter%3D2592000,老婆的大奶]
2021/02/08 21:45:[https://f.w24.rocks/viewthread.php?tid=390238&extra=page%3D2%26amp%3Borderby%3Ddateline%26amp%3Bfilter%3D2592000,爱好拍照的来交流，相互验证]
2021/02/08 21:45:[https://f.w24.rocks/viewthread.php?tid=390451&extra=page%3D1%26amp%3Borderby%3Ddateline%26amp%3Bfilter%3D2592000,义乌地区找素质单男玩多p]
2021/02/08 21:45:[https://f.w24.rocks/viewthread.php?tid=390374&extra=page%3D2%26amp%3Borderby%3Ddateline%26amp%3Bfilter%3D2592000,同好交流，不绿不虐不找单男]
2021/02/08 21:45:[https://f.w24.rocks/viewthread.php?tid=390312&extra=page%3D2%26amp%3Borderby%3Ddateline%26amp%3Bfilter%3D2592000,老婆的大奶]
2021/02/08 21:45:[https://f.w24.rocks/viewthread.php?tid=390607&extra=page%3D1%26amp%3Borderby%3Ddateline%26amp%3Bfilter%3D2592000,有喜欢大屁股的沧州人吗]
2021/02/08 21:45:[https://f.w24.rocks/viewthread.php?tid=390576&extra=page%3D1%26amp%3Borderby%3Ddateline%26amp%3Bfilter%3D2592000,0536人妻]
2021/02/08 21:45:[https://f.w24.rocks/viewthread.php?tid=390754&extra=page%3D1%26amp%3Borderby%3Ddateline%26amp%3Bfilter%3D2592000,404]
2021/02/08 21:45:[https://f.w24.rocks/viewthread.php?tid=390749&extra=page%3D1%26amp%3Borderby%3Ddateline%26amp%3Bfilter%3D2592000,025附近真实夫妻群]
2021/02/08 21:45:[https://f.w24.rocks/viewthread.php?tid=390702&extra=page%3D1%26amp%3Borderby%3Ddateline%26amp%3Bfilter%3D2592000,特别舒服]
2021/02/08 21:45:[https://f.w24.rocks/viewthread.php?tid=390641&extra=page%3D2%26amp%3Borderby%3Ddateline%26amp%3Bfilter%3D2592000,找帅气单男，找高端圈子]
2021/02/08 21:45:[https://f.w24.rocks/viewthread.php?tid=391032&extra=page%3D1%26amp%3Borderby%3Ddateline%26amp%3Bfilter%3D2592000,国庆期间本溪或者辽宁省内 同房不换]
2021/02/08 21:45:[https://f.w24.rocks/viewthread.php?tid=390958&extra=page%3D2%26amp%3Borderby%3Ddateline%26amp%3Bfilter%3D2592000,发一个几年前的炮友同时征0551地区小鲜肉]
2021/02/08 21:45:[https://f.w24.rocks/viewthread.php?tid=390957&extra=page%3D2%26amp%3Borderby%3Ddateline%26amp%3Bfilter%3D2592000,绿奴心里分析进阶之路～寻十一来沪绿奴夫妻]
2021/02/08 21:45:[https://f.w24.rocks/viewthread.php?tid=391097&extra=page%3D2%26amp%3Borderby%3Ddateline%26amp%3Bfilter%3D2592000,给自己来几张动图]
2021/02/08 21:45:[https://f.w24.rocks/viewthread.php?tid=391067&extra=page%3D2%26amp%3Borderby%3Ddateline%26amp%3Bfilter%3D2592000,0575绍兴夫妻交友]
2021/02/08 21:45:[https://f.w24.rocks/viewthread.php?tid=391242&extra=page%3D1%26amp%3Borderby%3Ddateline%26amp%3Bfilter%3D2592000,404]
2021/02/08 21:45:[https://f.w24.rocks/viewthread.php?tid=391238&extra=page%3D1%26amp%3Borderby%3Ddateline%26amp%3Bfilter%3D2592000,404]
2021/02/08 21:45:[https://f.w24.rocks/viewthread.php?tid=391239&extra=page%3D1%26amp%3Borderby%3Ddateline%26amp%3Bfilter%3D2592000,404]
2021/02/08 21:45:[https://f.w24.rocks/viewthread.php?tid=391427&extra=page%3D1%26amp%3Borderby%3Ddateline%26amp%3Bfilter%3D2592000,成都夫妻，招诚意单男]
2021/02/08 21:45:[https://f.w24.rocks/viewthread.php?tid=391426&extra=page%3D1%26amp%3Borderby%3Ddateline%26amp%3Bfilter%3D2592000,404]
2021/02/08 21:45:[https://f.w24.rocks/viewthread.php?tid=391423&extra=page%3D1%26amp%3Borderby%3Ddateline%26amp%3Bfilter%3D2592000,404]
2021/02/08 21:45:[https://f.w24.rocks/viewthread.php?tid=391382&extra=page%3D2%26amp%3Borderby%3Ddateline%26amp%3Bfilter%3D2592000,NP party 寻觅高知男女]
2021/02/08 21:45:[https://f.w24.rocks/viewthread.php?tid=391374&extra=page%3D2%26amp%3Borderby%3Ddateline%26amp%3Bfilter%3D2592000,这两天能来0883的，来聊聊。。]
2021/02/08 21:45:[https://f.w24.rocks/viewthread.php?tid=391344&extra=page%3D2%26amp%3Borderby%3Ddateline%26amp%3Bfilter%3D2592000,夫妻原创自拍交流]
2021/02/08 21:45:[https://f.w24.rocks/viewthread.php?tid=391324&extra=page%3D2%26amp%3Borderby%3Ddateline%26amp%3Bfilter%3D2592000,老婆是否出轨]
2021/02/08 21:45:[https://f.w24.rocks/viewthread.php?tid=391620&extra=page%3D1%26amp%3Borderby%3Ddateline%26amp%3Bfilter%3D2592000,404]
2021/02/08 21:45:[https://f.w24.rocks/viewthread.php?tid=391539&extra=page%3D2%26amp%3Borderby%3Ddateline%26amp%3Bfilter%3D2592000,成人秘密 party 寻觅高知 男女 诚者来]
2021/02/08 21:45:[https://f.w24.rocks/viewthread.php?tid=391507&extra=page%3D2%26amp%3Borderby%3Ddateline%26amp%3Bfilter%3D2592000,老婆自拍馒头逼勾引我]
2021/02/08 21:45:[https://f.w24.rocks/viewthread.php?tid=391476&extra=page%3D2%26amp%3Borderby%3Ddateline%26amp%3Bfilter%3D2592000,肉肉生活照极致露脸]
2021/02/08 21:45:[https://f.w24.rocks/viewthread.php?tid=391688&extra=page%3D1%26amp%3Borderby%3Ddateline%26amp%3Bfilter%3D2592000,。。。。。。。。]
2021/02/08 21:45:[https://f.w24.rocks/viewthread.php?tid=391626&extra=page%3D2%26amp%3Borderby%3Ddateline%26amp%3Bfilter%3D2592000,大家来给点意见呗！]
2021/02/08 21:45:[https://f.w24.rocks/viewthread.php?tid=391688&extra=page%3D2%26amp%3Borderby%3Ddateline%26amp%3Bfilter%3D2592000,。。。。。。。。]
